/Users/rohhithg/Desktop/meta_project/.venv/lib/python3.14/site-packages/torch/_subclasses/functional_tensor.py:307: UserWarning: Failed to initialize NumPy: No module named 'numpy' (Triggered internally at /Users/runner/work/pytorch/pytorch/pytorch/torch/csrc/utils/tensor_numpy.cpp:84.)
  cpu = _conversion_method_template(device=torch.device("cpu"))
Episode 001 | Reward:  -79.900 | Steps:  1 | Success: False | Epsilon: 1.000
Episode 002 | Reward:  -39.865 | Steps:  4 | Success: True | Epsilon: 0.996
Episode 003 | Reward: -697.222 | Steps: 19 | Success: True | Epsilon: 0.994
Episode 004 | Reward: -1156.336 | Steps: 26 | Success: True | Epsilon: 0.992
Episode 005 | Reward: -103.859 | Steps:  1 | Success: False | Epsilon: 0.989
Episode 006 | Reward: -110.783 | Steps:  1 | Success: False | Epsilon: 0.987
Episode 007 | Reward: -856.378 | Steps: 23 | Success: True | Epsilon: 0.985
Episode 008 | Reward:  -66.984 | Steps:  5 | Success: True | Epsilon: 0.983
Episode 009 | Reward: -497.279 | Steps:  7 | Success: False | Epsilon: 0.981
Episode 010 | Reward:  -26.190 | Steps:  3 | Success: True | Epsilon: 0.980
Episode 011 | Reward: -214.462 | Steps: 11 | Success: True | Epsilon: 0.978
Episode 012 | Reward: -755.021 | Steps: 24 | Success: True | Epsilon: 0.976
Episode 013 | Reward: -1157.012 | Steps: 29 | Success: True | Epsilon: 0.974
Episode 014 | Reward: -458.784 | Steps:  7 | Success: False | Epsilon: 0.973
Episode 015 | Reward: -792.453 | Steps: 21 | Success: True | Epsilon: 0.971
Episode 016 | Reward: -812.549 | Steps: 22 | Success: True | Epsilon: 0.969
Episode 017 | Reward: -1289.543 | Steps: 29 | Success: True | Epsilon: 0.968
Episode 018 | Reward: -127.713 | Steps:  8 | Success: True | Epsilon: 0.966
Episode 019 | Reward: -833.104 | Steps: 11 | Success: False | Epsilon: 0.965
Episode 020 | Reward: -393.958 | Steps:  6 | Success: False | Epsilon: 0.963
Episode 021 | Reward: -103.500 | Steps:  1 | Success: False | Epsilon: 0.961
Episode 022 | Reward: -103.500 | Steps:  1 | Success: False | Epsilon: 0.960
Episode 023 | Reward:  -41.476 | Steps:  4 | Success: True | Epsilon: 0.958
Episode 024 | Reward: -324.240 | Steps:  5 | Success: False | Epsilon: 0.957
Episode 025 | Reward: -849.762 | Steps: 25 | Success: True | Epsilon: 0.955
Validation | episode=25 success=0.00% recent_reward=-475.675
New best model saved. val_success=0.00% recent_reward=-475.675
Episode 026 | Reward: -178.278 | Steps:  8 | Success: True | Epsilon: 0.954
Episode 027 | Reward: -426.901 | Steps:  6 | Success: False | Epsilon: 0.952
Episode 028 | Reward: -103.861 | Steps:  1 | Success: False | Epsilon: 0.951
Episode 029 | Reward:  -81.242 | Steps:  1 | Success: False | Epsilon: 0.950
Episode 030 | Reward: -1066.689 | Steps: 27 | Success: True | Epsilon: 0.948
Episode 031 | Reward: -480.994 | Steps: 17 | Success: True | Epsilon: 0.947
Episode 032 | Reward: -1732.927 | Steps: 39 | Success: True | Epsilon: 0.945
Episode 033 | Reward: -408.243 | Steps: 16 | Success: True | Epsilon: 0.944
Episode 034 | Reward: -668.907 | Steps: 22 | Success: True | Epsilon: 0.942
Episode 035 | Reward: -428.736 | Steps:  6 | Success: False | Epsilon: 0.941
Episode 036 | Reward: -103.933 | Steps:  1 | Success: False | Epsilon: 0.940
Episode 037 | Reward: -486.301 | Steps:  7 | Success: False | Epsilon: 0.938
Episode 038 | Reward:  -26.679 | Steps:  3 | Success: True | Epsilon: 0.937
Episode 039 | Reward: -700.371 | Steps: 22 | Success: True | Epsilon: 0.936
Episode 040 | Reward: -931.575 | Steps: 25 | Success: True | Epsilon: 0.934
Episode 041 | Reward: -329.224 | Steps: 11 | Success: True | Epsilon: 0.933
Episode 042 | Reward: -110.658 | Steps:  1 | Success: False | Epsilon: 0.932
Episode 043 | Reward:  -26.130 | Steps:  3 | Success: True | Epsilon: 0.930
Episode 044 | Reward: -103.975 | Steps:  1 | Success: False | Epsilon: 0.929
Episode 045 | Reward: -1044.273 | Steps: 36 | Success: True | Epsilon: 0.928
Episode 046 | Reward:  -27.204 | Steps:  3 | Success: True | Epsilon: 0.926
Episode 047 | Reward: -474.362 | Steps: 17 | Success: True | Epsilon: 0.925
Episode 048 | Reward: -575.948 | Steps: 18 | Success: True | Epsilon: 0.924
Episode 049 | Reward: -621.723 | Steps: 20 | Success: True | Epsilon: 0.922
Episode 050 | Reward: -724.089 | Steps: 29 | Success: True | Epsilon: 0.921
Validation | episode=50 success=20.00% recent_reward=-442.857
New best model saved. val_success=20.00% recent_reward=-442.857
Episode 051 | Reward: -403.010 | Steps:  6 | Success: False | Epsilon: 0.920
Episode 052 | Reward:  -93.162 | Steps:  6 | Success: True | Epsilon: 0.919
Episode 053 | Reward: -110.253 | Steps:  1 | Success: False | Epsilon: 0.917
Episode 054 | Reward: -106.347 | Steps:  1 | Success: False | Epsilon: 0.916
Episode 055 | Reward: -468.045 | Steps:  7 | Success: False | Epsilon: 0.915
Episode 056 | Reward:  -40.460 | Steps:  4 | Success: True | Epsilon: 0.913
Episode 057 | Reward: -109.592 | Steps:  1 | Success: False | Epsilon: 0.912
Episode 058 | Reward: -109.773 | Steps:  1 | Success: False | Epsilon: 0.911
Episode 059 | Reward: -480.135 | Steps:  7 | Success: False | Epsilon: 0.910
Episode 060 | Reward: -932.875 | Steps: 23 | Success: True | Epsilon: 0.908
Episode 061 | Reward: -712.448 | Steps: 22 | Success: True | Epsilon: 0.907
Episode 062 | Reward: -290.358 | Steps: 12 | Success: True | Epsilon: 0.906
Episode 063 | Reward:  -66.891 | Steps:  6 | Success: True | Epsilon: 0.905
Episode 064 | Reward: -503.820 | Steps: 18 | Success: True | Epsilon: 0.904
Episode 065 | Reward: -394.645 | Steps: 13 | Success: True | Epsilon: 0.902
Episode 066 | Reward: -750.612 | Steps: 23 | Success: True | Epsilon: 0.901
Episode 067 | Reward: -103.500 | Steps:  1 | Success: False | Epsilon: 0.900
Episode 068 | Reward: -699.088 | Steps: 19 | Success: True | Epsilon: 0.899
Episode 069 | Reward:  -44.305 | Steps:  4 | Success: True | Epsilon: 0.897
Episode 070 | Reward: -516.233 | Steps: 20 | Success: True | Epsilon: 0.896
Episode 071 | Reward: -257.398 | Steps: 10 | Success: True | Epsilon: 0.895
Episode 072 | Reward: -914.012 | Steps: 22 | Success: True | Epsilon: 0.894
Episode 073 | Reward: -138.296 | Steps:  1 | Success: False | Epsilon: 0.893
Episode 074 | Reward: -120.009 | Steps:  6 | Success: True | Epsilon: 0.891
Episode 075 | Reward: -140.414 | Steps:  1 | Success: False | Epsilon: 0.890
Validation | episode=75 success=20.00% recent_reward=-364.300
New best model saved. val_success=20.00% recent_reward=-364.300
Episode 076 | Reward: -104.016 | Steps:  1 | Success: False | Epsilon: 0.889
Episode 077 | Reward: -103.762 | Steps:  1 | Success: False | Epsilon: 0.888
Episode 078 | Reward: -555.331 | Steps: 17 | Success: True | Epsilon: 0.887
Episode 079 | Reward: -1258.362 | Steps: 29 | Success: True | Epsilon: 0.886
Episode 080 | Reward: -122.591 | Steps:  6 | Success: True | Epsilon: 0.884
Episode 081 | Reward: -247.091 | Steps: 16 | Success: True | Epsilon: 0.883
Episode 082 | Reward: -1516.927 | Steps: 32 | Success: True | Epsilon: 0.882
Episode 083 | Reward: -501.330 | Steps: 27 | Success: True | Epsilon: 0.881
Episode 084 | Reward: -363.883 | Steps: 14 | Success: True | Epsilon: 0.880
Episode 085 | Reward: -109.722 | Steps:  1 | Success: False | Epsilon: 0.879
Episode 086 | Reward: -104.085 | Steps:  1 | Success: False | Epsilon: 0.877
Episode 087 | Reward: -934.038 | Steps: 22 | Success: True | Epsilon: 0.876
Episode 088 | Reward: -186.582 | Steps:  9 | Success: True | Epsilon: 0.875
Episode 089 | Reward: -103.500 | Steps:  1 | Success: False | Epsilon: 0.874
Episode 090 | Reward: -626.829 | Steps: 21 | Success: True | Epsilon: 0.873
Episode 091 | Reward: -496.799 | Steps:  7 | Success: False | Epsilon: 0.872
Episode 092 | Reward: -532.124 | Steps: 17 | Success: True | Epsilon: 0.871
Episode 093 | Reward:  -27.559 | Steps:  3 | Success: True | Epsilon: 0.869
Episode 094 | Reward: -783.766 | Steps: 19 | Success: True | Epsilon: 0.868
Episode 095 | Reward: -363.125 | Steps: 17 | Success: True | Epsilon: 0.867
Episode 096 | Reward: -761.086 | Steps: 25 | Success: True | Epsilon: 0.866
Episode 097 | Reward: -121.530 | Steps:  1 | Success: False | Epsilon: 0.865
Episode 098 | Reward: -371.358 | Steps: 27 | Success: True | Epsilon: 0.864
Episode 099 | Reward: -104.168 | Steps:  1 | Success: False | Epsilon: 0.863
Episode 100 | Reward: -103.872 | Steps:  1 | Success: False | Epsilon: 0.862
Validation | episode=100 success=20.00% recent_reward=-402.452
Episode 101 | Reward: -104.092 | Steps:  1 | Success: False | Epsilon: 0.860
Episode 102 | Reward: -661.440 | Steps: 22 | Success: True | Epsilon: 0.859
Episode 103 | Reward: -398.776 | Steps:  6 | Success: False | Epsilon: 0.858
Episode 104 | Reward: -149.741 | Steps:  7 | Success: True | Epsilon: 0.857
Episode 105 | Reward: -397.694 | Steps: 11 | Success: True | Epsilon: 0.856
Episode 106 | Reward: -1276.001 | Steps: 26 | Success: True | Epsilon: 0.855
Episode 107 | Reward: -140.398 | Steps:  1 | Success: False | Epsilon: 0.854
Episode 108 | Reward: -262.355 | Steps:  8 | Success: True | Epsilon: 0.853
Episode 109 | Reward:  -39.134 | Steps:  4 | Success: True | Epsilon: 0.852
Episode 110 | Reward:  -72.850 | Steps:  1 | Success: False | Epsilon: 0.850
Episode 111 | Reward: -164.746 | Steps:  7 | Success: True | Epsilon: 0.849
Episode 112 | Reward: -1002.484 | Steps: 26 | Success: True | Epsilon: 0.848
Episode 113 | Reward: -471.111 | Steps:  7 | Success: False | Epsilon: 0.847
Episode 114 | Reward: -103.500 | Steps:  1 | Success: False | Epsilon: 0.846
Episode 115 | Reward: -314.976 | Steps: 14 | Success: True | Epsilon: 0.845
Episode 116 | Reward: -335.498 | Steps: 11 | Success: True | Epsilon: 0.844
Episode 117 | Reward: -1105.895 | Steps: 27 | Success: True | Epsilon: 0.843
Episode 118 | Reward: -1076.059 | Steps: 25 | Success: True | Epsilon: 0.842
Episode 119 | Reward: -622.019 | Steps:  9 | Success: False | Epsilon: 0.841
Episode 120 | Reward: -103.500 | Steps:  1 | Success: False | Epsilon: 0.840
Episode 121 | Reward: -377.764 | Steps:  6 | Success: False | Epsilon: 0.838
Episode 122 | Reward: -730.729 | Steps: 21 | Success: True | Epsilon: 0.837
Episode 123 | Reward: -103.500 | Steps:  1 | Success: False | Epsilon: 0.836
Episode 124 | Reward: -104.540 | Steps:  1 | Success: False | Epsilon: 0.835
Episode 125 | Reward:  -41.683 | Steps:  4 | Success: True | Epsilon: 0.834
Validation | episode=125 success=30.00% recent_reward=-387.417
New best model saved. val_success=30.00% recent_reward=-387.417
Episode 126 | Reward: -160.739 | Steps:  9 | Success: True | Epsilon: 0.833
Episode 127 | Reward: -494.449 | Steps: 15 | Success: True | Epsilon: 0.832
Episode 128 | Reward: -284.194 | Steps: 11 | Success: True | Epsilon: 0.831
Episode 129 | Reward: -134.564 | Steps:  7 | Success: True | Epsilon: 0.830
Episode 130 | Reward: -832.333 | Steps: 24 | Success: True | Epsilon: 0.829
Episode 131 | Reward: -796.901 | Steps: 21 | Success: True | Epsilon: 0.828
Episode 132 | Reward: -540.660 | Steps: 15 | Success: True | Epsilon: 0.827
Episode 133 | Reward: -103.500 | Steps:  1 | Success: False | Epsilon: 0.826
Episode 134 | Reward: -605.540 | Steps:  8 | Success: False | Epsilon: 0.825
Episode 135 | Reward:  -42.291 | Steps:  4 | Success: True | Epsilon: 0.824
Episode 136 | Reward: -103.621 | Steps:  1 | Success: False | Epsilon: 0.823
Episode 137 | Reward: -533.316 | Steps: 21 | Success: True | Epsilon: 0.821
Episode 138 | Reward: -518.800 | Steps: 17 | Success: True | Epsilon: 0.820
Episode 139 | Reward: -103.898 | Steps:  1 | Success: False | Epsilon: 0.819
Episode 140 | Reward: -104.471 | Steps:  1 | Success: False | Epsilon: 0.818
Episode 141 | Reward: -352.577 | Steps:  5 | Success: False | Epsilon: 0.817
Episode 142 | Reward: -103.500 | Steps:  1 | Success: False | Epsilon: 0.816
Episode 143 | Reward: -916.120 | Steps: 13 | Success: False | Epsilon: 0.815
Episode 144 | Reward: -843.682 | Steps: 20 | Success: True | Epsilon: 0.814
Episode 145 | Reward:  -53.117 | Steps:  5 | Success: True | Epsilon: 0.813
Episode 146 | Reward: -212.315 | Steps:  8 | Success: True | Epsilon: 0.812
Episode 147 | Reward:  -44.179 | Steps:  4 | Success: True | Epsilon: 0.811
Episode 148 | Reward: -104.340 | Steps:  1 | Success: False | Epsilon: 0.810
Episode 149 | Reward:  -54.504 | Steps:  5 | Success: True | Epsilon: 0.809
Episode 150 | Reward: -714.237 | Steps: 32 | Success: True | Epsilon: 0.808
Validation | episode=150 success=20.00% recent_reward=-337.202
Episode 151 | Reward: -121.530 | Steps:  1 | Success: False | Epsilon: 0.807
Episode 152 | Reward: -1456.937 | Steps: 34 | Success: True | Epsilon: 0.806
Episode 153 | Reward:  -27.071 | Steps:  3 | Success: True | Epsilon: 0.805
Episode 154 | Reward: -103.905 | Steps:  1 | Success: False | Epsilon: 0.804
Episode 155 | Reward:  -83.894 | Steps:  5 | Success: True | Epsilon: 0.803
Episode 156 | Reward: -104.207 | Steps:  1 | Success: False | Epsilon: 0.802
Episode 157 | Reward:  -86.230 | Steps:  1 | Success: False | Epsilon: 0.801
Episode 158 | Reward: -500.871 | Steps: 33 | Success: True | Epsilon: 0.800
Episode 159 | Reward: -270.357 | Steps: 11 | Success: True | Epsilon: 0.799
Episode 160 | Reward: -524.619 | Steps: 16 | Success: True | Epsilon: 0.798
Episode 161 | Reward: -190.699 | Steps:  8 | Success: True | Epsilon: 0.797
Episode 162 | Reward: -742.131 | Steps: 25 | Success: True | Epsilon: 0.796
Episode 163 | Reward:  -41.987 | Steps:  4 | Success: True | Epsilon: 0.795
Episode 164 | Reward:  -78.674 | Steps:  7 | Success: True | Epsilon: 0.794
Episode 165 | Reward: -399.369 | Steps: 15 | Success: True | Epsilon: 0.793
Episode 166 | Reward: -338.381 | Steps: 12 | Success: True | Epsilon: 0.792
Episode 167 | Reward: -1486.979 | Steps: 30 | Success: True | Epsilon: 0.791
Episode 168 | Reward: -104.037 | Steps:  1 | Success: False | Epsilon: 0.790
Episode 169 | Reward: -655.197 | Steps: 20 | Success: True | Epsilon: 0.789
Episode 170 | Reward: -191.527 | Steps:  9 | Success: True | Epsilon: 0.788
Episode 171 | Reward: -209.836 | Steps:  8 | Success: True | Epsilon: 0.787
Episode 172 | Reward: -493.214 | Steps: 14 | Success: True | Epsilon: 0.786
Episode 173 | Reward: -250.258 | Steps: 12 | Success: True | Epsilon: 0.785
Episode 174 | Reward:  -81.201 | Steps:  7 | Success: True | Epsilon: 0.784
Episode 175 | Reward: -104.422 | Steps:  1 | Success: False | Epsilon: 0.783
Validation | episode=175 success=30.00% recent_reward=-325.904
New best model saved. val_success=30.00% recent_reward=-325.904
Episode 176 | Reward: -294.604 | Steps: 13 | Success: True | Epsilon: 0.782
Episode 177 | Reward: -350.603 | Steps:  5 | Success: False | Epsilon: 0.781
Episode 178 | Reward: -778.728 | Steps: 19 | Success: True | Epsilon: 0.780
Episode 179 | Reward: -627.798 | Steps: 20 | Success: True | Epsilon: 0.779
Episode 180 | Reward: -360.371 | Steps: 12 | Success: True | Epsilon: 0.778
Episode 181 | Reward: -1363.537 | Steps: 32 | Success: True | Epsilon: 0.777
Episode 182 | Reward: -185.889 | Steps:  9 | Success: True | Epsilon: 0.776
Episode 183 | Reward: -246.325 | Steps: 11 | Success: True | Epsilon: 0.775
Episode 184 | Reward:  -79.404 | Steps:  7 | Success: True | Epsilon: 0.774
Episode 185 | Reward: -581.941 | Steps: 18 | Success: True | Epsilon: 0.773
Episode 186 | Reward: -576.583 | Steps: 17 | Success: True | Epsilon: 0.772
Episode 187 | Reward: -136.348 | Steps:  7 | Success: True | Epsilon: 0.771
Episode 188 | Reward: -402.611 | Steps:  6 | Success: False | Epsilon: 0.770
Episode 189 | Reward: -243.385 | Steps: 12 | Success: True | Epsilon: 0.769
Episode 190 | Reward: -103.500 | Steps:  1 | Success: False | Epsilon: 0.768
Episode 191 | Reward: -739.296 | Steps: 17 | Success: True | Epsilon: 0.767
Episode 192 | Reward: -611.574 | Steps:  9 | Success: False | Epsilon: 0.766
Episode 193 | Reward: -103.735 | Steps:  1 | Success: False | Epsilon: 0.765
Episode 194 | Reward: -382.354 | Steps:  6 | Success: False | Epsilon: 0.764
Episode 195 | Reward: -103.500 | Steps:  1 | Success: False | Epsilon: 0.763
Episode 196 | Reward: -341.937 | Steps:  5 | Success: False | Epsilon: 0.762
Episode 197 | Reward: -103.875 | Steps:  1 | Success: False | Epsilon: 0.761
Episode 198 | Reward:  -85.952 | Steps:  1 | Success: False | Epsilon: 0.760
Episode 199 | Reward: -1036.570 | Steps: 30 | Success: True | Epsilon: 0.759
Episode 200 | Reward:  -92.522 | Steps:  6 | Success: True | Epsilon: 0.758
Validation | episode=200 success=30.00% recent_reward=-369.062
Episode 201 | Reward: -528.958 | Steps:  7 | Success: False | Epsilon: 0.757
Episode 202 | Reward: -834.342 | Steps: 22 | Success: True | Epsilon: 0.756
Episode 203 | Reward: -955.965 | Steps: 24 | Success: True | Epsilon: 0.755
Episode 204 | Reward: -374.948 | Steps: 15 | Success: True | Epsilon: 0.754
Episode 205 | Reward: -974.300 | Steps: 24 | Success: True | Epsilon: 0.753
Episode 206 | Reward: -581.829 | Steps: 20 | Success: True | Epsilon: 0.752
Episode 207 | Reward: -1170.282 | Steps: 26 | Success: True | Epsilon: 0.751
Episode 208 | Reward: -1111.030 | Steps: 24 | Success: True | Epsilon: 0.750
Episode 209 | Reward:  -41.883 | Steps:  4 | Success: True | Epsilon: 0.749
Episode 210 | Reward: -328.254 | Steps:  5 | Success: False | Epsilon: 0.748
Episode 211 | Reward: -321.521 | Steps:  5 | Success: False | Epsilon: 0.747
Episode 212 | Reward: -126.323 | Steps:  6 | Success: True | Epsilon: 0.746
Episode 213 | Reward: -576.451 | Steps: 24 | Success: True | Epsilon: 0.745
Episode 214 | Reward: -905.608 | Steps: 23 | Success: True | Epsilon: 0.744
Episode 215 | Reward:  -53.024 | Steps:  5 | Success: True | Epsilon: 0.743
Episode 216 | Reward: -169.200 | Steps:  7 | Success: True | Epsilon: 0.742
Episode 217 | Reward: -1026.589 | Steps: 23 | Success: True | Epsilon: 0.741
Episode 218 | Reward: -727.748 | Steps: 21 | Success: True | Epsilon: 0.741
Episode 219 | Reward:  -93.688 | Steps:  1 | Success: False | Epsilon: 0.740
Episode 220 | Reward: -354.107 | Steps: 13 | Success: True | Epsilon: 0.739
Episode 221 | Reward: -498.864 | Steps: 13 | Success: True | Epsilon: 0.738
Episode 222 | Reward: -115.430 | Steps:  7 | Success: True | Epsilon: 0.737
Episode 223 | Reward: -178.378 | Steps:  8 | Success: True | Epsilon: 0.736
Episode 224 | Reward:  -90.299 | Steps:  1 | Success: False | Epsilon: 0.735
Episode 225 | Reward: -128.579 | Steps:  7 | Success: True | Epsilon: 0.734
Validation | episode=225 success=20.00% recent_reward=-464.282
Episode 226 | Reward: -1362.990 | Steps: 32 | Success: True | Epsilon: 0.733
Episode 227 | Reward: -640.718 | Steps:  9 | Success: False | Epsilon: 0.732
Episode 228 | Reward: -404.120 | Steps:  6 | Success: False | Epsilon: 0.731
Episode 229 | Reward: -394.545 | Steps: 15 | Success: True | Epsilon: 0.730
Episode 230 | Reward: -417.160 | Steps:  6 | Success: False | Epsilon: 0.729
Episode 231 | Reward: -524.555 | Steps:  7 | Success: False | Epsilon: 0.728
Episode 232 | Reward: -1335.566 | Steps: 28 | Success: True | Epsilon: 0.727
Episode 233 | Reward:  -26.130 | Steps:  3 | Success: True | Epsilon: 0.726
Episode 234 | Reward: -662.829 | Steps:  9 | Success: False | Epsilon: 0.725
Episode 235 | Reward: -297.666 | Steps: 14 | Success: True | Epsilon: 0.724
Episode 236 | Reward: -105.500 | Steps:  1 | Success: False | Epsilon: 0.723
Episode 237 | Reward: -103.500 | Steps:  1 | Success: False | Epsilon: 0.723
Episode 238 | Reward: -227.431 | Steps:  9 | Success: True | Epsilon: 0.722
Episode 239 | Reward: -1104.930 | Steps: 25 | Success: True | Epsilon: 0.721
Episode 240 | Reward: -591.561 | Steps:  8 | Success: False | Epsilon: 0.720
Episode 241 | Reward: -103.500 | Steps:  1 | Success: False | Epsilon: 0.719
Episode 242 | Reward:  -26.130 | Steps:  3 | Success: True | Epsilon: 0.718
Episode 243 | Reward: -1091.844 | Steps: 25 | Success: True | Epsilon: 0.717
Episode 244 | Reward:  -39.616 | Steps:  4 | Success: True | Epsilon: 0.716
Episode 245 | Reward: -102.107 | Steps:  9 | Success: True | Epsilon: 0.715
Episode 246 | Reward: -109.707 | Steps:  1 | Success: False | Epsilon: 0.714
Episode 247 | Reward:  -27.001 | Steps:  3 | Success: True | Epsilon: 0.713
Episode 248 | Reward: -103.500 | Steps:  1 | Success: False | Epsilon: 0.712
Episode 249 | Reward: -491.912 | Steps: 18 | Success: True | Epsilon: 0.711
Episode 250 | Reward: -612.016 | Steps: 23 | Success: True | Epsilon: 0.710
Validation | episode=250 success=20.00% recent_reward=-397.269
Episode 251 | Reward: -292.333 | Steps: 11 | Success: True | Epsilon: 0.709
Episode 252 | Reward:  -53.325 | Steps:  5 | Success: True | Epsilon: 0.708
Episode 253 | Reward: -1092.575 | Steps: 24 | Success: True | Epsilon: 0.708
Episode 254 | Reward: -103.804 | Steps:  1 | Success: False | Epsilon: 0.707
Episode 255 | Reward: -1932.911 | Steps: 38 | Success: True | Epsilon: 0.706
Episode 256 | Reward:  -41.744 | Steps:  4 | Success: True | Epsilon: 0.705
Episode 257 | Reward: -959.408 | Steps: 25 | Success: True | Epsilon: 0.704
Episode 258 | Reward:  -90.027 | Steps:  1 | Success: False | Epsilon: 0.703
Episode 259 | Reward: -542.600 | Steps: 16 | Success: True | Epsilon: 0.702
Episode 260 | Reward:  -40.665 | Steps:  4 | Success: True | Epsilon: 0.701
Episode 261 | Reward: -545.645 | Steps: 23 | Success: True | Epsilon: 0.700
Episode 262 | Reward: -408.220 | Steps: 14 | Success: True | Epsilon: 0.699
Episode 263 | Reward:  -67.146 | Steps:  6 | Success: True | Epsilon: 0.698
Episode 264 | Reward: -1019.121 | Steps: 25 | Success: True | Epsilon: 0.697
Episode 265 | Reward: -158.684 | Steps:  2 | Success: False | Epsilon: 0.696
Episode 266 | Reward: -694.696 | Steps:  9 | Success: False | Epsilon: 0.696
Episode 267 | Reward:  -27.743 | Steps:  3 | Success: True | Epsilon: 0.695
Episode 268 | Reward: -326.893 | Steps:  5 | Success: False | Epsilon: 0.694
Episode 269 | Reward: -482.959 | Steps:  7 | Success: False | Epsilon: 0.693
Episode 270 | Reward: -877.289 | Steps: 23 | Success: True | Epsilon: 0.692
Episode 271 | Reward:  -89.176 | Steps:  1 | Success: False | Epsilon: 0.691
Episode 272 | Reward: -253.263 | Steps:  9 | Success: True | Epsilon: 0.690
Episode 273 | Reward: -104.076 | Steps:  1 | Success: False | Epsilon: 0.689
Episode 274 | Reward: -140.412 | Steps:  1 | Success: False | Epsilon: 0.688
Episode 275 | Reward: -110.468 | Steps:  1 | Success: False | Epsilon: 0.687
Validation | episode=275 success=30.00% recent_reward=-393.311
Episode 276 | Reward: -1077.981 | Steps: 15 | Success: False | Epsilon: 0.686
Episode 277 | Reward:  -40.385 | Steps:  4 | Success: True | Epsilon: 0.685
Episode 278 | Reward: -103.681 | Steps:  1 | Success: False | Epsilon: 0.685
Episode 279 | Reward: -104.301 | Steps:  1 | Success: False | Epsilon: 0.684
Episode 280 | Reward: -265.271 | Steps: 16 | Success: True | Epsilon: 0.683
Episode 281 | Reward:  -72.850 | Steps:  1 | Success: False | Epsilon: 0.682
Episode 282 | Reward: -607.796 | Steps:  9 | Success: False | Epsilon: 0.681
Episode 283 | Reward:  -42.043 | Steps:  4 | Success: True | Epsilon: 0.680
Episode 284 | Reward: -290.300 | Steps: 22 | Success: True | Epsilon: 0.679
Episode 285 | Reward:  -40.818 | Steps:  4 | Success: True | Epsilon: 0.678
Episode 286 | Reward:  -42.208 | Steps:  4 | Success: True | Epsilon: 0.677
Episode 287 | Reward: -326.802 | Steps: 21 | Success: True | Epsilon: 0.676
Episode 288 | Reward:  -78.935 | Steps:  7 | Success: True | Epsilon: 0.675
Episode 289 | Reward:  -41.944 | Steps:  4 | Success: True | Epsilon: 0.675
Episode 290 | Reward: -111.195 | Steps:  1 | Success: False | Epsilon: 0.674
Episode 291 | Reward: -431.229 | Steps:  6 | Success: False | Epsilon: 0.673
Episode 292 | Reward: -509.396 | Steps: 35 | Success: True | Epsilon: 0.672
Episode 293 | Reward: -145.026 | Steps:  1 | Success: False | Epsilon: 0.671
Episode 294 | Reward: -103.625 | Steps:  1 | Success: False | Epsilon: 0.670
Episode 295 | Reward:  -26.130 | Steps:  3 | Success: True | Epsilon: 0.669
Episode 296 | Reward:  -40.665 | Steps:  4 | Success: True | Epsilon: 0.668
Episode 297 | Reward: -109.907 | Steps:  1 | Success: False | Epsilon: 0.667
Episode 298 | Reward: -270.010 | Steps: 14 | Success: True | Epsilon: 0.666
Episode 299 | Reward: -146.929 | Steps:  7 | Success: True | Epsilon: 0.666
Episode 300 | Reward:  -41.204 | Steps:  4 | Success: True | Epsilon: 0.665
Validation | episode=300 success=30.00% recent_reward=-192.267
New best model saved. val_success=30.00% recent_reward=-192.267
Episode 301 | Reward: -101.500 | Steps:  1 | Success: False | Epsilon: 0.664
Episode 302 | Reward:  -72.380 | Steps:  5 | Success: True | Epsilon: 0.663
Episode 303 | Reward:  -42.683 | Steps:  4 | Success: True | Epsilon: 0.662
Episode 304 | Reward: -347.672 | Steps:  5 | Success: False | Epsilon: 0.661
Episode 305 | Reward: -140.417 | Steps:  1 | Success: False | Epsilon: 0.660
Episode 306 | Reward: -724.861 | Steps: 10 | Success: False | Epsilon: 0.659
Episode 307 | Reward:  -83.727 | Steps:  6 | Success: True | Epsilon: 0.658
Episode 308 | Reward: -503.913 | Steps: 40 | Success: False | Epsilon: 0.658
Episode 309 | Reward: -183.601 | Steps:  8 | Success: True | Epsilon: 0.657
Episode 310 | Reward: -950.556 | Steps: 22 | Success: True | Epsilon: 0.656
Episode 311 | Reward: -761.854 | Steps: 21 | Success: True | Epsilon: 0.655
Episode 312 | Reward:  -86.061 | Steps:  1 | Success: False | Epsilon: 0.654
Episode 313 | Reward: -616.522 | Steps: 23 | Success: True | Epsilon: 0.653
Episode 314 | Reward:  -26.130 | Steps:  3 | Success: True | Epsilon: 0.652
Episode 315 | Reward: -360.023 | Steps: 10 | Success: True | Epsilon: 0.651
Episode 316 | Reward: -103.500 | Steps:  1 | Success: False | Epsilon: 0.650
Episode 317 | Reward:  -67.048 | Steps:  6 | Success: True | Epsilon: 0.650
Episode 318 | Reward: -201.042 | Steps: 13 | Success: True | Epsilon: 0.649
Episode 319 | Reward: -1246.770 | Steps: 26 | Success: True | Epsilon: 0.648
Episode 320 | Reward: -250.414 | Steps: 20 | Success: True | Epsilon: 0.647
Episode 321 | Reward: -1232.847 | Steps: 29 | Success: True | Epsilon: 0.646
Episode 322 | Reward:  -26.861 | Steps:  3 | Success: True | Epsilon: 0.645
Episode 323 | Reward: -1122.821 | Steps: 30 | Success: True | Epsilon: 0.644
Episode 324 | Reward:  -85.899 | Steps:  5 | Success: True | Epsilon: 0.643
Episode 325 | Reward: -306.874 | Steps: 14 | Success: True | Epsilon: 0.642
Validation | episode=325 success=50.00% recent_reward=-341.823
New best model saved. val_success=50.00% recent_reward=-341.823
Episode 326 | Reward:  -41.982 | Steps:  4 | Success: True | Epsilon: 0.642
Episode 327 | Reward: -499.731 | Steps: 22 | Success: True | Epsilon: 0.641
Episode 328 | Reward: -127.410 | Steps:  1 | Success: False | Epsilon: 0.640
Episode 329 | Reward: -201.131 | Steps: 12 | Success: True | Epsilon: 0.639
Episode 330 | Reward: -448.710 | Steps: 18 | Success: True | Epsilon: 0.638
Episode 331 | Reward: -387.821 | Steps: 25 | Success: True | Epsilon: 0.637
Episode 332 | Reward: -406.326 | Steps:  6 | Success: False | Epsilon: 0.636
Episode 333 | Reward: -295.877 | Steps: 19 | Success: True | Epsilon: 0.635
Episode 334 | Reward:  -73.153 | Steps:  1 | Success: False | Epsilon: 0.635
Episode 335 | Reward:  -46.506 | Steps:  4 | Success: True | Epsilon: 0.634
Episode 336 | Reward:  -55.778 | Steps:  5 | Success: True | Epsilon: 0.633
Episode 337 | Reward:  -91.421 | Steps:  8 | Success: True | Epsilon: 0.632
Episode 338 | Reward: -115.724 | Steps:  1 | Success: False | Epsilon: 0.631
Episode 339 | Reward: -405.431 | Steps:  6 | Success: False | Epsilon: 0.630
Episode 340 | Reward: -236.513 | Steps: 18 | Success: True | Epsilon: 0.629
Episode 341 | Reward: -110.900 | Steps:  6 | Success: True | Epsilon: 0.628
Episode 342 | Reward: -115.734 | Steps:  1 | Success: False | Epsilon: 0.627
Episode 343 | Reward: -400.241 | Steps:  6 | Success: False | Epsilon: 0.627
Episode 344 | Reward: -104.279 | Steps:  1 | Success: False | Epsilon: 0.626
Episode 345 | Reward: -154.883 | Steps:  8 | Success: True | Epsilon: 0.625
Episode 346 | Reward:  -54.872 | Steps:  4 | Success: True | Epsilon: 0.624
Episode 347 | Reward: -961.934 | Steps: 40 | Success: False | Epsilon: 0.623
Episode 348 | Reward: -228.208 | Steps:  9 | Success: True | Epsilon: 0.622
Episode 349 | Reward: -1097.782 | Steps: 26 | Success: True | Epsilon: 0.621
Episode 350 | Reward: -711.322 | Steps: 28 | Success: True | Epsilon: 0.621
Validation | episode=350 success=20.00% recent_reward=-338.299
Episode 351 | Reward:  -37.652 | Steps:  4 | Success: True | Epsilon: 0.620
Episode 352 | Reward:  -28.096 | Steps:  3 | Success: True | Epsilon: 0.619
Episode 353 | Reward: -500.353 | Steps: 14 | Success: True | Epsilon: 0.618
Episode 354 | Reward: -314.572 | Steps: 14 | Success: True | Epsilon: 0.617
Episode 355 | Reward: -280.541 | Steps: 16 | Success: True | Epsilon: 0.616
Episode 356 | Reward: -138.311 | Steps:  1 | Success: False | Epsilon: 0.615
Episode 357 | Reward: -299.186 | Steps: 12 | Success: True | Epsilon: 0.614
Episode 358 | Reward: -1202.906 | Steps: 28 | Success: True | Epsilon: 0.614
Episode 359 | Reward: -391.319 | Steps:  6 | Success: False | Epsilon: 0.613
Episode 360 | Reward: -1124.910 | Steps: 23 | Success: True | Epsilon: 0.612
Episode 361 | Reward: -122.295 | Steps:  1 | Success: False | Epsilon: 0.611
Episode 362 | Reward: -855.211 | Steps: 21 | Success: True | Epsilon: 0.610
Episode 363 | Reward: -103.500 | Steps:  1 | Success: False | Epsilon: 0.609
Episode 364 | Reward: -452.213 | Steps: 17 | Success: True | Epsilon: 0.608
Episode 365 | Reward:  -92.620 | Steps:  1 | Success: False | Epsilon: 0.608
Episode 366 | Reward: -339.891 | Steps: 15 | Success: True | Epsilon: 0.607
Episode 367 | Reward:  -69.614 | Steps:  5 | Success: True | Epsilon: 0.606
Episode 368 | Reward:  -85.090 | Steps:  1 | Success: False | Epsilon: 0.605
Episode 369 | Reward: -856.964 | Steps: 23 | Success: True | Epsilon: 0.604
Episode 370 | Reward: -636.753 | Steps:  9 | Success: False | Epsilon: 0.603
Episode 371 | Reward: -311.250 | Steps: 14 | Success: True | Epsilon: 0.602
Episode 372 | Reward: -305.978 | Steps: 14 | Success: True | Epsilon: 0.602
Episode 373 | Reward: -592.636 | Steps:  8 | Success: False | Epsilon: 0.601
Episode 374 | Reward: -103.713 | Steps:  1 | Success: False | Epsilon: 0.600
Episode 375 | Reward: -111.281 | Steps:  1 | Success: False | Epsilon: 0.599
Validation | episode=375 success=50.00% recent_reward=-413.699
Episode 376 | Reward: -241.244 | Steps:  9 | Success: True | Epsilon: 0.598
Episode 377 | Reward: -1236.427 | Steps: 28 | Success: True | Epsilon: 0.597
Episode 378 | Reward:  -27.349 | Steps:  3 | Success: True | Epsilon: 0.596
Episode 379 | Reward:  -41.439 | Steps:  4 | Success: True | Epsilon: 0.595
Episode 380 | Reward: -1416.055 | Steps: 30 | Success: True | Epsilon: 0.595
Episode 381 | Reward: -227.006 | Steps: 14 | Success: True | Epsilon: 0.594
Episode 382 | Reward: -516.126 | Steps: 19 | Success: True | Epsilon: 0.593
Episode 383 | Reward:  -41.604 | Steps:  4 | Success: True | Epsilon: 0.592
Episode 384 | Reward: -244.142 | Steps: 12 | Success: True | Epsilon: 0.591
Episode 385 | Reward: -541.547 | Steps: 25 | Success: True | Epsilon: 0.590
Episode 386 | Reward: -205.763 | Steps: 14 | Success: True | Epsilon: 0.590
Episode 387 | Reward: -1230.741 | Steps: 31 | Success: True | Epsilon: 0.589
Episode 388 | Reward: -891.192 | Steps: 21 | Success: True | Epsilon: 0.588
Episode 389 | Reward: -1046.043 | Steps: 23 | Success: True | Epsilon: 0.587
Episode 390 | Reward:  -42.286 | Steps:  4 | Success: True | Epsilon: 0.586
Episode 391 | Reward: -104.189 | Steps:  1 | Success: False | Epsilon: 0.585
Episode 392 | Reward: -587.625 | Steps: 39 | Success: True | Epsilon: 0.584
Episode 393 | Reward: -222.942 | Steps: 11 | Success: True | Epsilon: 0.584
Episode 394 | Reward: -1814.639 | Steps: 33 | Success: True | Epsilon: 0.583
Episode 395 | Reward:  -66.713 | Steps:  5 | Success: True | Epsilon: 0.582
Episode 396 | Reward: -623.804 | Steps: 18 | Success: True | Epsilon: 0.581
Episode 397 | Reward: -372.478 | Steps: 16 | Success: True | Epsilon: 0.580
Episode 398 | Reward:  -41.039 | Steps:  4 | Success: True | Epsilon: 0.579
Episode 399 | Reward: -122.374 | Steps: 11 | Success: True | Epsilon: 0.578
Episode 400 | Reward:  -26.257 | Steps:  3 | Success: True | Epsilon: 0.578
Validation | episode=400 success=20.00% recent_reward=-445.196
Episode 401 | Reward:  -69.982 | Steps:  4 | Success: True | Epsilon: 0.577
Episode 402 | Reward:  -74.996 | Steps:  5 | Success: True | Epsilon: 0.576
Episode 403 | Reward: -214.569 | Steps: 10 | Success: True | Epsilon: 0.575
Episode 404 | Reward: -1505.593 | Steps: 36 | Success: True | Epsilon: 0.574
Episode 405 | Reward:  -28.380 | Steps:  3 | Success: True | Epsilon: 0.573
Episode 406 | Reward: -235.961 | Steps: 15 | Success: True | Epsilon: 0.573
Episode 407 | Reward: -103.500 | Steps:  1 | Success: False | Epsilon: 0.572
Episode 408 | Reward: -874.722 | Steps: 19 | Success: True | Epsilon: 0.571
Episode 409 | Reward: -393.274 | Steps:  6 | Success: False | Epsilon: 0.570
Episode 410 | Reward: -104.151 | Steps:  1 | Success: False | Epsilon: 0.569
Episode 411 | Reward: -431.496 | Steps:  6 | Success: False | Epsilon: 0.568
Episode 412 | Reward:  -51.164 | Steps:  4 | Success: True | Epsilon: 0.567
Episode 413 | Reward:  -26.792 | Steps:  3 | Success: True | Epsilon: 0.567
Episode 414 | Reward: -340.234 | Steps: 24 | Success: True | Epsilon: 0.566
Episode 415 | Reward: -1285.378 | Steps: 28 | Success: True | Epsilon: 0.565
Episode 416 | Reward:  -79.346 | Steps:  7 | Success: True | Epsilon: 0.564
Episode 417 | Reward:  -85.333 | Steps:  1 | Success: False | Epsilon: 0.563
Episode 418 | Reward: -239.823 | Steps:  9 | Success: True | Epsilon: 0.562
Episode 419 | Reward:  -42.640 | Steps:  4 | Success: True | Epsilon: 0.562
Episode 420 | Reward: -785.417 | Steps: 20 | Success: True | Epsilon: 0.561
Episode 421 | Reward:  -90.878 | Steps:  1 | Success: False | Epsilon: 0.560
Episode 422 | Reward:  -41.063 | Steps:  4 | Success: True | Epsilon: 0.559
Episode 423 | Reward: -839.441 | Steps: 19 | Success: True | Epsilon: 0.558
Episode 424 | Reward: -679.037 | Steps: 40 | Success: False | Epsilon: 0.557
Episode 425 | Reward: -987.020 | Steps: 24 | Success: True | Epsilon: 0.557
Validation | episode=425 success=40.00% recent_reward=-359.871
Episode 426 | Reward: -545.762 | Steps: 17 | Success: True | Epsilon: 0.556
Episode 427 | Reward: -611.324 | Steps:  8 | Success: False | Epsilon: 0.555
Episode 428 | Reward: -323.797 | Steps:  5 | Success: False | Epsilon: 0.554
Episode 429 | Reward: -653.000 | Steps: 20 | Success: True | Epsilon: 0.553
Episode 430 | Reward: -104.443 | Steps:  1 | Success: False | Epsilon: 0.552
Episode 431 | Reward: -103.500 | Steps:  1 | Success: False | Epsilon: 0.552
Episode 432 | Reward: -513.508 | Steps: 16 | Success: True | Epsilon: 0.551
Episode 433 | Reward: -951.065 | Steps: 24 | Success: True | Epsilon: 0.550
Episode 434 | Reward:  -43.136 | Steps:  4 | Success: True | Epsilon: 0.549
Episode 435 | Reward: -1101.061 | Steps: 30 | Success: True | Epsilon: 0.548
Episode 436 | Reward: -1003.364 | Steps: 28 | Success: True | Epsilon: 0.547
Episode 437 | Reward: -1392.261 | Steps: 34 | Success: True | Epsilon: 0.547
Episode 438 | Reward:  -90.414 | Steps:  1 | Success: False | Epsilon: 0.546
Episode 439 | Reward: -848.587 | Steps: 25 | Success: True | Epsilon: 0.545
Episode 440 | Reward:  -97.760 | Steps:  6 | Success: True | Epsilon: 0.544
Episode 441 | Reward: -952.272 | Steps: 23 | Success: True | Epsilon: 0.543
Episode 442 | Reward: -110.287 | Steps:  1 | Success: False | Epsilon: 0.542
Episode 443 | Reward: -565.474 | Steps:  8 | Success: False | Epsilon: 0.542
Episode 444 | Reward: -1644.311 | Steps: 38 | Success: True | Epsilon: 0.541
Episode 445 | Reward: -329.752 | Steps: 28 | Success: True | Epsilon: 0.540
Episode 446 | Reward: -262.135 | Steps: 13 | Success: True | Epsilon: 0.539
Episode 447 | Reward: -372.079 | Steps: 25 | Success: True | Epsilon: 0.538
Episode 448 | Reward: -1041.353 | Steps: 23 | Success: True | Epsilon: 0.537
Episode 449 | Reward:  -64.427 | Steps:  4 | Success: True | Epsilon: 0.537
Episode 450 | Reward:  -40.369 | Steps:  4 | Success: True | Epsilon: 0.536
Validation | episode=450 success=20.00% recent_reward=-546.763
Episode 451 | Reward:  -39.862 | Steps:  4 | Success: True | Epsilon: 0.535
Episode 452 | Reward: -132.030 | Steps:  1 | Success: False | Epsilon: 0.534
Episode 453 | Reward:  -27.836 | Steps:  3 | Success: True | Epsilon: 0.533
Episode 454 | Reward:  -27.504 | Steps:  3 | Success: True | Epsilon: 0.532
Episode 455 | Reward: -1122.981 | Steps: 28 | Success: True | Epsilon: 0.532
Episode 456 | Reward: -1715.881 | Steps: 35 | Success: True | Epsilon: 0.531
Episode 457 | Reward: -501.601 | Steps:  7 | Success: False | Epsilon: 0.530
Episode 458 | Reward:  -41.170 | Steps:  4 | Success: True | Epsilon: 0.529
Episode 459 | Reward: -104.279 | Steps:  1 | Success: False | Epsilon: 0.528
Episode 460 | Reward:  -93.025 | Steps:  1 | Success: False | Epsilon: 0.528
Episode 461 | Reward: -803.747 | Steps: 20 | Success: True | Epsilon: 0.527
Episode 462 | Reward:  -97.400 | Steps:  1 | Success: False | Epsilon: 0.526
Episode 463 | Reward:  -27.755 | Steps:  3 | Success: True | Epsilon: 0.525
Episode 464 | Reward: -103.888 | Steps:  1 | Success: False | Epsilon: 0.524
Episode 465 | Reward: -110.100 | Steps:  1 | Success: False | Epsilon: 0.523
Episode 466 | Reward: -121.530 | Steps:  1 | Success: False | Epsilon: 0.523
Episode 467 | Reward: -437.449 | Steps:  6 | Success: False | Epsilon: 0.522
Episode 468 | Reward:  -53.024 | Steps:  5 | Success: True | Epsilon: 0.521
Episode 469 | Reward: -438.502 | Steps: 40 | Success: False | Epsilon: 0.520
Episode 470 | Reward: -1412.028 | Steps: 27 | Success: True | Epsilon: 0.519
Episode 471 | Reward: -127.139 | Steps:  6 | Success: True | Epsilon: 0.518
Episode 472 | Reward:  -56.509 | Steps:  5 | Success: True | Epsilon: 0.518
Episode 473 | Reward: -531.693 | Steps: 19 | Success: True | Epsilon: 0.517
Episode 474 | Reward: -657.611 | Steps: 40 | Success: False | Epsilon: 0.516
Episode 475 | Reward:  -68.294 | Steps:  6 | Success: True | Epsilon: 0.515
Validation | episode=475 success=20.00% recent_reward=-354.440
Episode 476 | Reward: -1801.465 | Steps: 37 | Success: True | Epsilon: 0.514
Episode 477 | Reward: -806.001 | Steps: 25 | Success: True | Epsilon: 0.514
Episode 478 | Reward: -112.205 | Steps: 10 | Success: True | Epsilon: 0.513
Episode 479 | Reward:  -40.665 | Steps:  4 | Success: True | Epsilon: 0.512
Episode 480 | Reward: -836.524 | Steps: 20 | Success: True | Epsilon: 0.511
Episode 481 | Reward: -328.177 | Steps: 26 | Success: True | Epsilon: 0.510
Episode 482 | Reward:  -27.556 | Steps:  3 | Success: True | Epsilon: 0.509
Episode 483 | Reward: -611.898 | Steps: 35 | Success: True | Epsilon: 0.509
Episode 484 | Reward: -348.809 | Steps: 11 | Success: True | Epsilon: 0.508
Episode 485 | Reward: -871.881 | Steps: 22 | Success: True | Epsilon: 0.507
Episode 486 | Reward:  -39.301 | Steps:  4 | Success: True | Epsilon: 0.506
Episode 487 | Reward:  -69.279 | Steps:  6 | Success: True | Epsilon: 0.505
Episode 488 | Reward: -198.007 | Steps: 17 | Success: True | Epsilon: 0.505
Episode 489 | Reward:  -55.157 | Steps:  5 | Success: True | Epsilon: 0.504
Episode 490 | Reward: -115.694 | Steps:  1 | Success: False | Epsilon: 0.503
Episode 491 | Reward: -665.673 | Steps:  9 | Success: False | Epsilon: 0.502
Episode 492 | Reward:  -80.918 | Steps:  7 | Success: True | Epsilon: 0.501
Episode 493 | Reward: -779.059 | Steps: 21 | Success: True | Epsilon: 0.501
Episode 494 | Reward: -103.814 | Steps:  1 | Success: False | Epsilon: 0.500
Episode 495 | Reward: -993.081 | Steps: 23 | Success: True | Epsilon: 0.499
Episode 496 | Reward: -114.277 | Steps: 10 | Success: True | Epsilon: 0.498
Episode 497 | Reward: -606.670 | Steps: 20 | Success: True | Epsilon: 0.497
Episode 498 | Reward: -571.015 | Steps:  8 | Success: False | Epsilon: 0.496
Episode 499 | Reward: -118.378 | Steps:  6 | Success: True | Epsilon: 0.496
Episode 500 | Reward:  -64.674 | Steps:  5 | Success: True | Epsilon: 0.495
Validation | episode=500 success=30.00% recent_reward=-393.381
Episode 501 | Reward: -2337.969 | Steps: 40 | Success: False | Epsilon: 0.494
Episode 502 | Reward: -996.969 | Steps: 22 | Success: True | Epsilon: 0.493
Episode 503 | Reward: -949.414 | Steps: 26 | Success: True | Epsilon: 0.492
Episode 504 | Reward: -1881.945 | Steps: 40 | Success: False | Epsilon: 0.492
Episode 505 | Reward: -925.880 | Steps: 24 | Success: True | Epsilon: 0.491
Episode 506 | Reward: -103.630 | Steps:  1 | Success: False | Epsilon: 0.490
Episode 507 | Reward: -156.186 | Steps:  8 | Success: True | Epsilon: 0.489
Episode 508 | Reward: -103.500 | Steps:  1 | Success: False | Epsilon: 0.488
Episode 509 | Reward:  -39.865 | Steps:  4 | Success: True | Epsilon: 0.488
Episode 510 | Reward: -833.247 | Steps: 20 | Success: True | Epsilon: 0.487
Episode 511 | Reward: -410.028 | Steps:  6 | Success: False | Epsilon: 0.486
Episode 512 | Reward:  -36.697 | Steps:  4 | Success: True | Epsilon: 0.485
Episode 513 | Reward: -400.567 | Steps: 17 | Success: True | Epsilon: 0.484
Episode 514 | Reward: -408.091 | Steps: 14 | Success: True | Epsilon: 0.484
Episode 515 | Reward:  -27.037 | Steps:  3 | Success: True | Epsilon: 0.483
Episode 516 | Reward: -194.279 | Steps: 10 | Success: True | Epsilon: 0.482
Episode 517 | Reward: -103.500 | Steps:  1 | Success: False | Epsilon: 0.481
Episode 518 | Reward:  -54.825 | Steps:  5 | Success: True | Epsilon: 0.480
Episode 519 | Reward: -1443.096 | Steps: 35 | Success: True | Epsilon: 0.480
Episode 520 | Reward: -124.632 | Steps: 11 | Success: True | Epsilon: 0.479
Episode 521 | Reward:  -55.825 | Steps:  5 | Success: True | Epsilon: 0.478
Episode 522 | Reward:  -82.331 | Steps:  5 | Success: True | Epsilon: 0.477
Episode 523 | Reward: -1329.802 | Steps: 30 | Success: True | Epsilon: 0.476
Episode 524 | Reward: -473.659 | Steps:  7 | Success: False | Epsilon: 0.476
Episode 525 | Reward: -1166.096 | Steps: 26 | Success: True | Epsilon: 0.475
Validation | episode=525 success=20.00% recent_reward=-537.136
Episode 526 | Reward: -104.186 | Steps:  1 | Success: False | Epsilon: 0.474
Episode 527 | Reward: -103.596 | Steps:  1 | Success: False | Epsilon: 0.473
Episode 528 | Reward: -319.531 | Steps:  5 | Success: False | Epsilon: 0.472
Episode 529 | Reward: -412.070 | Steps:  6 | Success: False | Epsilon: 0.472
Episode 530 | Reward: -217.137 | Steps: 17 | Success: True | Epsilon: 0.471
Episode 531 | Reward:  -71.201 | Steps:  5 | Success: True | Epsilon: 0.470
Episode 532 | Reward: -100.372 | Steps:  1 | Success: False | Epsilon: 0.469
Episode 533 | Reward: -193.267 | Steps:  8 | Success: True | Epsilon: 0.468
Episode 534 | Reward: -1484.947 | Steps: 33 | Success: True | Epsilon: 0.468
Episode 535 | Reward: -107.161 | Steps:  1 | Success: False | Epsilon: 0.467
Episode 536 | Reward: -131.231 | Steps:  7 | Success: True | Epsilon: 0.466
Episode 537 | Reward:  -26.415 | Steps:  3 | Success: True | Epsilon: 0.465
Episode 538 | Reward:  -87.168 | Steps:  1 | Success: False | Epsilon: 0.464
Episode 539 | Reward:  -92.743 | Steps:  1 | Success: False | Epsilon: 0.464
Episode 540 | Reward: -198.546 | Steps: 10 | Success: True | Epsilon: 0.463
Episode 541 | Reward: -103.500 | Steps:  1 | Success: False | Epsilon: 0.462
Episode 542 | Reward: -408.322 | Steps:  6 | Success: False | Epsilon: 0.461
Episode 543 | Reward: -370.764 | Steps: 22 | Success: True | Epsilon: 0.460
Episode 544 | Reward:  -41.017 | Steps:  4 | Success: True | Epsilon: 0.460
Episode 545 | Reward: -335.206 | Steps: 20 | Success: True | Epsilon: 0.459
Episode 546 | Reward: -457.063 | Steps:  7 | Success: False | Epsilon: 0.458
Episode 547 | Reward:  -42.674 | Steps:  4 | Success: True | Epsilon: 0.457
Episode 548 | Reward:  -53.824 | Steps:  5 | Success: True | Epsilon: 0.456
Episode 549 | Reward: -475.044 | Steps:  7 | Success: False | Epsilon: 0.456
Episode 550 | Reward:  -40.846 | Steps:  4 | Success: True | Epsilon: 0.455
Validation | episode=550 success=20.00% recent_reward=-302.851
Episode 551 | Reward: -750.571 | Steps: 24 | Success: True | Epsilon: 0.454
Episode 552 | Reward: -977.869 | Steps: 24 | Success: True | Epsilon: 0.453
Episode 553 | Reward: -115.733 | Steps:  1 | Success: False | Epsilon: 0.452
Episode 554 | Reward: -109.585 | Steps:  1 | Success: False | Epsilon: 0.452
Episode 555 | Reward: -719.265 | Steps: 18 | Success: True | Epsilon: 0.451
Episode 556 | Reward: -493.870 | Steps:  7 | Success: False | Epsilon: 0.450
Episode 557 | Reward: -173.308 | Steps: 10 | Success: True | Epsilon: 0.449
Episode 558 | Reward: -151.617 | Steps:  8 | Success: True | Epsilon: 0.448
Episode 559 | Reward: -103.750 | Steps:  1 | Success: False | Epsilon: 0.448
Episode 560 | Reward: -1201.662 | Steps: 27 | Success: True | Epsilon: 0.447
Episode 561 | Reward: -140.749 | Steps:  8 | Success: True | Epsilon: 0.446
Episode 562 | Reward: -103.621 | Steps:  1 | Success: False | Epsilon: 0.445
Episode 563 | Reward: -145.005 | Steps:  1 | Success: False | Epsilon: 0.444
Episode 564 | Reward:  -26.130 | Steps:  3 | Success: True | Epsilon: 0.444
Episode 565 | Reward: -950.983 | Steps: 23 | Success: True | Epsilon: 0.443
Episode 566 | Reward: -735.362 | Steps: 20 | Success: True | Epsilon: 0.442
Episode 567 | Reward: -260.748 | Steps: 17 | Success: True | Epsilon: 0.441
Episode 568 | Reward: -131.610 | Steps:  1 | Success: False | Epsilon: 0.441
Episode 569 | Reward:  -41.213 | Steps:  4 | Success: True | Epsilon: 0.440
Episode 570 | Reward: -1329.140 | Steps: 33 | Success: True | Epsilon: 0.439
Episode 571 | Reward: -231.780 | Steps: 11 | Success: True | Epsilon: 0.438
Episode 572 | Reward:  -40.761 | Steps:  4 | Success: True | Epsilon: 0.437
Episode 573 | Reward: -485.982 | Steps:  7 | Success: False | Epsilon: 0.437
Episode 574 | Reward:  -41.040 | Steps:  4 | Success: True | Epsilon: 0.436
Episode 575 | Reward: -801.658 | Steps: 20 | Success: True | Epsilon: 0.435
Validation | episode=575 success=20.00% recent_reward=-377.749
Episode 576 | Reward: -253.443 | Steps: 20 | Success: True | Epsilon: 0.434
Episode 577 | Reward: -1099.850 | Steps: 23 | Success: True | Epsilon: 0.433
Episode 578 | Reward: -1041.597 | Steps: 28 | Success: True | Epsilon: 0.433
Episode 579 | Reward: -104.547 | Steps:  1 | Success: False | Epsilon: 0.432
Episode 580 | Reward: -208.106 | Steps:  9 | Success: True | Epsilon: 0.431
Episode 581 | Reward: -613.349 | Steps:  9 | Success: False | Epsilon: 0.430
Episode 582 | Reward: -2057.205 | Steps: 35 | Success: True | Epsilon: 0.429
Episode 583 | Reward: -110.510 | Steps:  6 | Success: True | Epsilon: 0.429
Episode 584 | Reward: -561.008 | Steps:  7 | Success: False | Epsilon: 0.428
Episode 585 | Reward: -425.005 | Steps: 18 | Success: True | Epsilon: 0.427
Episode 586 | Reward: -255.881 | Steps:  9 | Success: True | Epsilon: 0.426
Episode 587 | Reward: -1067.014 | Steps: 26 | Success: True | Epsilon: 0.426
Episode 588 | Reward: -569.355 | Steps:  8 | Success: False | Epsilon: 0.425
Episode 589 | Reward: -1198.611 | Steps: 30 | Success: True | Epsilon: 0.424
Episode 590 | Reward:  -71.875 | Steps:  5 | Success: True | Epsilon: 0.423
Episode 591 | Reward: -491.961 | Steps: 16 | Success: True | Epsilon: 0.422
Episode 592 | Reward: -478.701 | Steps: 16 | Success: True | Epsilon: 0.422
Episode 593 | Reward: -146.223 | Steps:  8 | Success: True | Epsilon: 0.421
Episode 594 | Reward: -358.431 | Steps: 35 | Success: True | Epsilon: 0.420
Episode 595 | Reward: -447.203 | Steps: 40 | Success: False | Epsilon: 0.419
Episode 596 | Reward: -151.897 | Steps:  7 | Success: True | Epsilon: 0.419
Episode 597 | Reward: -208.931 | Steps: 15 | Success: True | Epsilon: 0.418
Episode 598 | Reward: -919.627 | Steps: 14 | Success: False | Epsilon: 0.417
Episode 599 | Reward: -465.629 | Steps: 24 | Success: True | Epsilon: 0.416
Episode 600 | Reward: -989.116 | Steps: 37 | Success: True | Epsilon: 0.415
Validation | episode=600 success=50.00% recent_reward=-529.877
Episode 601 | Reward: -103.793 | Steps:  1 | Success: False | Epsilon: 0.415
Episode 602 | Reward: -134.059 | Steps:  1 | Success: False | Epsilon: 0.414
Episode 603 | Reward: -760.796 | Steps: 22 | Success: True | Epsilon: 0.413
Episode 604 | Reward: -213.529 | Steps:  8 | Success: True | Epsilon: 0.412
Episode 605 | Reward: -188.131 | Steps: 15 | Success: True | Epsilon: 0.411
Episode 606 | Reward: -312.689 | Steps: 11 | Success: True | Epsilon: 0.411
Episode 607 | Reward:  -42.610 | Steps:  4 | Success: True | Epsilon: 0.410
Episode 608 | Reward:  -88.000 | Steps:  1 | Success: False | Epsilon: 0.409
Episode 609 | Reward: -328.923 | Steps:  5 | Success: False | Epsilon: 0.408
Episode 610 | Reward: -2173.211 | Steps: 40 | Success: False | Epsilon: 0.408
Episode 611 | Reward:  -69.485 | Steps:  5 | Success: True | Epsilon: 0.407
Episode 612 | Reward:  -98.126 | Steps:  1 | Success: False | Epsilon: 0.406
Episode 613 | Reward:  -69.633 | Steps:  5 | Success: True | Epsilon: 0.405
Episode 614 | Reward: -972.483 | Steps: 26 | Success: True | Epsilon: 0.404
Episode 615 | Reward: -310.520 | Steps: 19 | Success: True | Epsilon: 0.404
Episode 616 | Reward: -483.675 | Steps:  7 | Success: False | Epsilon: 0.403
Episode 617 | Reward: -105.909 | Steps:  1 | Success: False | Epsilon: 0.402
Episode 618 | Reward:  -63.899 | Steps:  5 | Success: True | Epsilon: 0.401
Episode 619 | Reward: -267.778 | Steps: 24 | Success: True | Epsilon: 0.401
Episode 620 | Reward:  -27.657 | Steps:  3 | Success: True | Epsilon: 0.400
Episode 621 | Reward: -360.987 | Steps:  5 | Success: False | Epsilon: 0.399
Episode 622 | Reward: -808.517 | Steps: 25 | Success: True | Epsilon: 0.398
Episode 623 | Reward: -419.915 | Steps: 14 | Success: True | Epsilon: 0.397
Episode 624 | Reward: -145.005 | Steps:  1 | Success: False | Epsilon: 0.397
Episode 625 | Reward: -397.303 | Steps: 15 | Success: True | Epsilon: 0.396
Validation | episode=625 success=20.00% recent_reward=-389.394
Episode 626 | Reward: -1042.049 | Steps: 23 | Success: True | Epsilon: 0.395
Episode 627 | Reward: -103.849 | Steps:  1 | Success: False | Epsilon: 0.394
Episode 628 | Reward: -273.206 | Steps: 23 | Success: True | Epsilon: 0.394
Episode 629 | Reward: -254.483 | Steps: 22 | Success: True | Epsilon: 0.393
Episode 630 | Reward: -871.918 | Steps: 21 | Success: True | Epsilon: 0.392
Episode 631 | Reward: -273.635 | Steps: 23 | Success: True | Epsilon: 0.391
Episode 632 | Reward: -189.941 | Steps: 16 | Success: True | Epsilon: 0.391
Episode 633 | Reward:  -41.820 | Steps:  4 | Success: True | Epsilon: 0.390
Episode 634 | Reward:  -27.429 | Steps:  3 | Success: True | Epsilon: 0.389
Episode 635 | Reward: -323.106 | Steps: 11 | Success: True | Epsilon: 0.388
Episode 636 | Reward: -431.500 | Steps:  6 | Success: False | Epsilon: 0.387
Episode 637 | Reward: -1395.854 | Steps: 32 | Success: True | Epsilon: 0.387
Episode 638 | Reward:  -39.960 | Steps:  4 | Success: True | Epsilon: 0.386
Episode 639 | Reward: -171.736 | Steps: 15 | Success: True | Epsilon: 0.385
Episode 640 | Reward: -622.676 | Steps: 36 | Success: True | Epsilon: 0.384
Episode 641 | Reward: -754.037 | Steps: 19 | Success: True | Epsilon: 0.384
Episode 642 | Reward: -138.313 | Steps:  1 | Success: False | Epsilon: 0.383
Episode 643 | Reward: -740.969 | Steps: 21 | Success: True | Epsilon: 0.382
Episode 644 | Reward:  -41.071 | Steps:  4 | Success: True | Epsilon: 0.381
Episode 645 | Reward: -485.496 | Steps:  7 | Success: False | Epsilon: 0.381
Episode 646 | Reward: -185.287 | Steps:  9 | Success: True | Epsilon: 0.380
Episode 647 | Reward: -103.500 | Steps:  1 | Success: False | Epsilon: 0.379
Episode 648 | Reward: -265.690 | Steps: 12 | Success: True | Epsilon: 0.378
Episode 649 | Reward: -1008.586 | Steps: 16 | Success: False | Epsilon: 0.377
Episode 650 | Reward: -250.686 | Steps: 16 | Success: True | Epsilon: 0.377
Validation | episode=650 success=30.00% recent_reward=-405.617
Episode 651 | Reward:  -38.828 | Steps:  4 | Success: True | Epsilon: 0.376
Episode 652 | Reward:  -27.965 | Steps:  3 | Success: True | Epsilon: 0.375
Episode 653 | Reward: -407.893 | Steps: 13 | Success: True | Epsilon: 0.374
Episode 654 | Reward:  -85.055 | Steps:  6 | Success: True | Epsilon: 0.374
Episode 655 | Reward: -402.333 | Steps:  6 | Success: False | Epsilon: 0.373
Episode 656 | Reward: -1466.940 | Steps: 31 | Success: True | Epsilon: 0.372
Episode 657 | Reward: -377.016 | Steps: 34 | Success: True | Epsilon: 0.371
Episode 658 | Reward:  -27.604 | Steps:  3 | Success: True | Epsilon: 0.371
Episode 659 | Reward:  -73.526 | Steps:  1 | Success: False | Epsilon: 0.370
Episode 660 | Reward: -818.768 | Steps: 19 | Success: True | Epsilon: 0.369
Episode 661 | Reward:  -26.901 | Steps:  3 | Success: True | Epsilon: 0.368
Episode 662 | Reward: -1186.204 | Steps: 24 | Success: True | Epsilon: 0.367
Episode 663 | Reward:  -41.807 | Steps:  4 | Success: True | Epsilon: 0.367
Episode 664 | Reward: -338.767 | Steps: 24 | Success: True | Epsilon: 0.366
Episode 665 | Reward: -1070.171 | Steps: 27 | Success: True | Epsilon: 0.365
Episode 666 | Reward: -470.550 | Steps:  7 | Success: False | Epsilon: 0.364
Episode 667 | Reward:  -28.903 | Steps:  3 | Success: True | Epsilon: 0.364
Episode 668 | Reward:  -37.669 | Steps:  4 | Success: True | Epsilon: 0.363
Episode 669 | Reward: -918.473 | Steps: 24 | Success: True | Epsilon: 0.362
Episode 670 | Reward:  -97.179 | Steps:  1 | Success: False | Epsilon: 0.361
Episode 671 | Reward:  -42.161 | Steps:  4 | Success: True | Epsilon: 0.361
Episode 672 | Reward: -222.657 | Steps: 17 | Success: True | Epsilon: 0.360
Episode 673 | Reward: -110.721 | Steps:  1 | Success: False | Epsilon: 0.359
Episode 674 | Reward: -867.383 | Steps: 40 | Success: False | Epsilon: 0.358
Episode 675 | Reward:  -27.132 | Steps:  3 | Success: True | Epsilon: 0.358
Validation | episode=675 success=20.00% recent_reward=-367.545
Episode 676 | Reward:  -40.640 | Steps:  4 | Success: True | Epsilon: 0.357
Episode 677 | Reward: -409.330 | Steps:  6 | Success: False | Epsilon: 0.356
Episode 678 | Reward: -408.569 | Steps:  6 | Success: False | Epsilon: 0.355
Episode 679 | Reward: -433.426 | Steps:  6 | Success: False | Epsilon: 0.354
Episode 680 | Reward:  -37.485 | Steps:  4 | Success: True | Epsilon: 0.354
Episode 681 | Reward: -241.082 | Steps:  3 | Success: False | Epsilon: 0.353
Episode 682 | Reward: -929.462 | Steps: 24 | Success: True | Epsilon: 0.352
Episode 683 | Reward: -309.365 | Steps: 29 | Success: True | Epsilon: 0.351
Episode 684 | Reward: -1090.275 | Steps: 26 | Success: True | Epsilon: 0.351
Episode 685 | Reward: -109.726 | Steps:  1 | Success: False | Epsilon: 0.350
Episode 686 | Reward: -836.508 | Steps: 21 | Success: True | Epsilon: 0.349
Episode 687 | Reward: -631.530 | Steps:  9 | Success: False | Epsilon: 0.348
Episode 688 | Reward:  -72.967 | Steps:  1 | Success: False | Epsilon: 0.348
Episode 689 | Reward: -135.849 | Steps: 10 | Success: True | Epsilon: 0.347
Episode 690 | Reward: -529.130 | Steps:  7 | Success: False | Epsilon: 0.346
Episode 691 | Reward: -182.735 | Steps: 15 | Success: True | Epsilon: 0.345
Episode 692 | Reward: -137.779 | Steps:  8 | Success: True | Epsilon: 0.345
Episode 693 | Reward:  -40.926 | Steps:  4 | Success: True | Epsilon: 0.344
Episode 694 | Reward: -319.873 | Steps: 14 | Success: True | Epsilon: 0.343
Episode 695 | Reward: -1768.590 | Steps: 40 | Success: True | Epsilon: 0.342
Episode 696 | Reward: -704.002 | Steps: 10 | Success: False | Epsilon: 0.342
Episode 697 | Reward: -1767.339 | Steps: 38 | Success: True | Epsilon: 0.341
Episode 698 | Reward: -1068.095 | Steps: 28 | Success: True | Epsilon: 0.340
Episode 699 | Reward:  -72.961 | Steps:  1 | Success: False | Epsilon: 0.339
Episode 700 | Reward: -141.346 | Steps:  8 | Success: True | Epsilon: 0.339
Validation | episode=700 success=20.00% recent_reward=-456.301
Episode 701 | Reward: -351.033 | Steps: 24 | Success: True | Epsilon: 0.338
Episode 702 | Reward: -138.311 | Steps:  1 | Success: False | Epsilon: 0.337
Episode 703 | Reward:  -85.783 | Steps:  6 | Success: True | Epsilon: 0.336
Episode 704 | Reward:  -26.130 | Steps:  3 | Success: True | Epsilon: 0.336
Episode 705 | Reward: -1761.696 | Steps: 33 | Success: True | Epsilon: 0.335
Episode 706 | Reward:  -26.130 | Steps:  3 | Success: True | Epsilon: 0.334
Episode 707 | Reward:  -26.297 | Steps:  3 | Success: True | Epsilon: 0.333
Episode 708 | Reward:  -40.707 | Steps:  4 | Success: True | Epsilon: 0.332
Episode 709 | Reward:  -40.706 | Steps:  4 | Success: True | Epsilon: 0.332
Episode 710 | Reward: -2138.814 | Steps: 40 | Success: False | Epsilon: 0.331
Episode 711 | Reward: -140.355 | Steps:  1 | Success: False | Epsilon: 0.330
Episode 712 | Reward: -1178.826 | Steps: 31 | Success: True | Epsilon: 0.329
Episode 713 | Reward: -583.979 | Steps:  8 | Success: False | Epsilon: 0.329
Episode 714 | Reward: -135.193 | Steps:  8 | Success: True | Epsilon: 0.328
Episode 715 | Reward:  -27.037 | Steps:  3 | Success: True | Epsilon: 0.327
Episode 716 | Reward: -488.239 | Steps:  7 | Success: False | Epsilon: 0.326
Episode 717 | Reward: -554.753 | Steps:  8 | Success: False | Epsilon: 0.326
Episode 718 | Reward:  -27.493 | Steps:  3 | Success: True | Epsilon: 0.325
Episode 719 | Reward:  -24.625 | Steps:  3 | Success: True | Epsilon: 0.324
Episode 720 | Reward: -131.610 | Steps:  1 | Success: False | Epsilon: 0.323
Episode 721 | Reward: -239.517 | Steps: 17 | Success: True | Epsilon: 0.323
Episode 722 | Reward: -299.429 | Steps: 19 | Success: True | Epsilon: 0.322
Episode 723 | Reward: -418.121 | Steps:  5 | Success: False | Epsilon: 0.321
Episode 724 | Reward: -283.268 | Steps: 21 | Success: True | Epsilon: 0.320
Episode 725 | Reward: -814.431 | Steps: 25 | Success: True | Epsilon: 0.320
Validation | episode=725 success=40.00% recent_reward=-457.874
Episode 726 | Reward: -253.565 | Steps: 17 | Success: True | Epsilon: 0.319
Episode 727 | Reward:  -84.021 | Steps:  6 | Success: True | Epsilon: 0.318
Episode 728 | Reward: -1145.429 | Steps: 27 | Success: True | Epsilon: 0.317
Episode 729 | Reward: -418.558 | Steps:  6 | Success: False | Epsilon: 0.317
Episode 730 | Reward:  -80.887 | Steps:  6 | Success: True | Epsilon: 0.316
Episode 731 | Reward: -494.760 | Steps:  7 | Success: False | Epsilon: 0.315
Episode 732 | Reward: -1290.212 | Steps: 34 | Success: True | Epsilon: 0.314
Episode 733 | Reward:  -42.253 | Steps:  4 | Success: True | Epsilon: 0.314
Episode 734 | Reward: -1437.516 | Steps: 29 | Success: True | Epsilon: 0.313
Episode 735 | Reward:  -84.750 | Steps:  1 | Success: False | Epsilon: 0.312
Episode 736 | Reward: -460.893 | Steps:  6 | Success: False | Epsilon: 0.311
Episode 737 | Reward: -1565.483 | Steps: 40 | Success: False | Epsilon: 0.311
Episode 738 | Reward: -565.214 | Steps:  8 | Success: False | Epsilon: 0.310
Episode 739 | Reward: -104.128 | Steps:  1 | Success: False | Epsilon: 0.309
Episode 740 | Reward: -110.072 | Steps:  1 | Success: False | Epsilon: 0.308
Episode 741 | Reward:  -42.568 | Steps:  4 | Success: True | Epsilon: 0.308
Episode 742 | Reward:  -85.561 | Steps:  1 | Success: False | Epsilon: 0.307
Episode 743 | Reward: -840.757 | Steps: 19 | Success: True | Epsilon: 0.306
Episode 744 | Reward: -813.370 | Steps: 11 | Success: False | Epsilon: 0.305
Episode 745 | Reward: -2177.923 | Steps: 40 | Success: False | Epsilon: 0.305
Episode 746 | Reward:  -42.534 | Steps:  4 | Success: True | Epsilon: 0.304
Episode 747 | Reward: -504.292 | Steps: 16 | Success: True | Epsilon: 0.303
Episode 748 | Reward: -481.250 | Steps:  7 | Success: False | Epsilon: 0.302
Episode 749 | Reward: -487.957 | Steps:  7 | Success: False | Epsilon: 0.302
Episode 750 | Reward:  -41.724 | Steps:  4 | Success: True | Epsilon: 0.301
Validation | episode=750 success=20.00% recent_reward=-523.682
Episode 751 | Reward:  -40.399 | Steps:  4 | Success: True | Epsilon: 0.300
Episode 752 | Reward: -481.127 | Steps:  7 | Success: False | Epsilon: 0.299
Episode 753 | Reward:  -27.279 | Steps:  3 | Success: True | Epsilon: 0.299
Episode 754 | Reward:  -26.627 | Steps:  3 | Success: True | Epsilon: 0.298
Episode 755 | Reward:  -72.850 | Steps:  1 | Success: False | Epsilon: 0.297
Episode 756 | Reward: -2420.126 | Steps: 40 | Success: False | Epsilon: 0.296
Episode 757 | Reward: -474.707 | Steps: 24 | Success: True | Epsilon: 0.296
Episode 758 | Reward: -841.524 | Steps: 26 | Success: True | Epsilon: 0.295
Episode 759 | Reward:  -58.978 | Steps:  5 | Success: True | Epsilon: 0.294
Episode 760 | Reward: -1337.997 | Steps: 34 | Success: True | Epsilon: 0.293
Episode 761 | Reward: -1127.677 | Steps: 24 | Success: True | Epsilon: 0.293
Episode 762 | Reward: -115.720 | Steps:  1 | Success: False | Epsilon: 0.292
Episode 763 | Reward: -294.489 | Steps: 10 | Success: True | Epsilon: 0.291
Episode 764 | Reward:  -39.912 | Steps:  4 | Success: True | Epsilon: 0.291
Episode 765 | Reward:  -77.916 | Steps:  1 | Success: False | Epsilon: 0.290
Episode 766 | Reward: -559.422 | Steps:  8 | Success: False | Epsilon: 0.289
Episode 767 | Reward:  -42.856 | Steps:  4 | Success: True | Epsilon: 0.288
Episode 768 | Reward: -103.500 | Steps:  1 | Success: False | Epsilon: 0.288
Episode 769 | Reward: -233.613 | Steps:  9 | Success: True | Epsilon: 0.287
Episode 770 | Reward: -271.517 | Steps: 17 | Success: True | Epsilon: 0.286
Episode 771 | Reward:  -26.896 | Steps:  3 | Success: True | Epsilon: 0.285
Episode 772 | Reward: -941.725 | Steps: 27 | Success: True | Epsilon: 0.285
Episode 773 | Reward: -390.981 | Steps:  6 | Success: False | Epsilon: 0.284
Episode 774 | Reward: -241.565 | Steps: 19 | Success: True | Epsilon: 0.283
Episode 775 | Reward: -241.809 | Steps: 20 | Success: True | Epsilon: 0.282
Validation | episode=775 success=20.00% recent_reward=-401.632
Episode 776 | Reward: -642.118 | Steps:  9 | Success: False | Epsilon: 0.282
Episode 777 | Reward:  -27.164 | Steps:  3 | Success: True | Epsilon: 0.281
Episode 778 | Reward: -579.610 | Steps:  8 | Success: False | Epsilon: 0.280
Episode 779 | Reward: -294.269 | Steps: 30 | Success: True | Epsilon: 0.279
Episode 780 | Reward: -307.032 | Steps: 14 | Success: True | Epsilon: 0.279
Episode 781 | Reward: -447.305 | Steps: 22 | Success: True | Epsilon: 0.278
Episode 782 | Reward: -1892.623 | Steps: 38 | Success: True | Epsilon: 0.277
Episode 783 | Reward: -390.321 | Steps: 33 | Success: True | Epsilon: 0.276
Episode 784 | Reward:  -27.340 | Steps:  3 | Success: True | Epsilon: 0.276
Episode 785 | Reward:  -26.881 | Steps:  3 | Success: True | Epsilon: 0.275
Episode 786 | Reward: -270.419 | Steps: 22 | Success: True | Epsilon: 0.274
Episode 787 | Reward:  -81.730 | Steps:  1 | Success: False | Epsilon: 0.273
Episode 788 | Reward: -116.735 | Steps:  7 | Success: True | Epsilon: 0.273
Episode 789 | Reward:  -40.665 | Steps:  4 | Success: True | Epsilon: 0.272
Episode 790 | Reward: -103.787 | Steps:  1 | Success: False | Epsilon: 0.271
Episode 791 | Reward: -1243.760 | Steps: 27 | Success: True | Epsilon: 0.270
Episode 792 | Reward: -482.943 | Steps:  7 | Success: False | Epsilon: 0.270
Episode 793 | Reward: -790.488 | Steps: 23 | Success: True | Epsilon: 0.269
Episode 794 | Reward: -104.078 | Steps:  1 | Success: False | Epsilon: 0.268
Episode 795 | Reward: -1296.582 | Steps: 28 | Success: True | Epsilon: 0.268
Episode 796 | Reward: -238.095 | Steps:  3 | Success: False | Epsilon: 0.267
Episode 797 | Reward: -2156.258 | Steps: 40 | Success: False | Epsilon: 0.266
Episode 798 | Reward: -120.774 | Steps:  9 | Success: True | Epsilon: 0.265
Episode 799 | Reward:  -67.832 | Steps:  5 | Success: True | Epsilon: 0.265
Episode 800 | Reward: -622.245 | Steps:  9 | Success: False | Epsilon: 0.264
Validation | episode=800 success=20.00% recent_reward=-473.801
Episode 801 | Reward: -1094.062 | Steps: 29 | Success: True | Epsilon: 0.263
Episode 802 | Reward: -1753.798 | Steps: 38 | Success: True | Epsilon: 0.262
Episode 803 | Reward: -941.398 | Steps: 13 | Success: False | Epsilon: 0.262
Episode 804 | Reward: -487.207 | Steps: 33 | Success: True | Epsilon: 0.261
Episode 805 | Reward: -214.049 | Steps: 18 | Success: True | Epsilon: 0.260
Episode 806 | Reward: -473.046 | Steps:  7 | Success: False | Epsilon: 0.259
Episode 807 | Reward: -443.605 | Steps: 28 | Success: True | Epsilon: 0.259
Episode 808 | Reward: -127.410 | Steps:  1 | Success: False | Epsilon: 0.258
Episode 809 | Reward:  -97.400 | Steps:  1 | Success: False | Epsilon: 0.257
Episode 810 | Reward:  -65.820 | Steps:  4 | Success: True | Epsilon: 0.256
Episode 811 | Reward:  -42.119 | Steps:  4 | Success: True | Epsilon: 0.256
Episode 812 | Reward:  -97.238 | Steps:  1 | Success: False | Epsilon: 0.255
Episode 813 | Reward: -534.516 | Steps:  8 | Success: False | Epsilon: 0.254
Episode 814 | Reward:  -41.498 | Steps:  4 | Success: True | Epsilon: 0.254
Episode 815 | Reward: -530.225 | Steps:  8 | Success: False | Epsilon: 0.253
Episode 816 | Reward: -417.514 | Steps:  6 | Success: False | Epsilon: 0.252
Episode 817 | Reward: -104.631 | Steps:  1 | Success: False | Epsilon: 0.251
Episode 818 | Reward: -499.461 | Steps: 20 | Success: True | Epsilon: 0.251
Episode 819 | Reward: -1763.115 | Steps: 35 | Success: True | Epsilon: 0.250
Episode 820 | Reward: -2442.900 | Steps: 40 | Success: False | Epsilon: 0.249
Episode 821 | Reward: -106.766 | Steps:  1 | Success: False | Epsilon: 0.248
Episode 822 | Reward: -131.610 | Steps:  1 | Success: False | Epsilon: 0.248
Episode 823 | Reward: -1994.919 | Steps: 40 | Success: True | Epsilon: 0.247
Episode 824 | Reward:  -26.853 | Steps:  3 | Success: True | Epsilon: 0.246
Episode 825 | Reward: -1583.501 | Steps: 36 | Success: True | Epsilon: 0.245
Validation | episode=825 success=30.00% recent_reward=-640.662
Episode 826 | Reward: -640.819 | Steps: 21 | Success: True | Epsilon: 0.245
Episode 827 | Reward: -581.004 | Steps:  8 | Success: False | Epsilon: 0.244
Episode 828 | Reward: -1649.356 | Steps: 32 | Success: True | Epsilon: 0.243
Episode 829 | Reward: -157.382 | Steps:  2 | Success: False | Epsilon: 0.243
Episode 830 | Reward: -553.039 | Steps:  8 | Success: False | Epsilon: 0.242
Episode 831 | Reward:  -26.787 | Steps:  3 | Success: True | Epsilon: 0.241
Episode 832 | Reward:  -27.273 | Steps:  3 | Success: True | Epsilon: 0.240
Episode 833 | Reward:  -40.671 | Steps:  4 | Success: True | Epsilon: 0.240
Episode 834 | Reward:  -26.130 | Steps:  3 | Success: True | Epsilon: 0.239
Episode 835 | Reward: -328.025 | Steps: 23 | Success: True | Epsilon: 0.238
Episode 836 | Reward: -317.034 | Steps: 19 | Success: True | Epsilon: 0.237
Episode 837 | Reward: -472.658 | Steps:  7 | Success: False | Epsilon: 0.237
Episode 838 | Reward:  -66.987 | Steps:  5 | Success: True | Epsilon: 0.236
Episode 839 | Reward:  -88.000 | Steps:  1 | Success: False | Epsilon: 0.235
Episode 840 | Reward:  -41.046 | Steps:  4 | Success: True | Epsilon: 0.235
Episode 841 | Reward: -308.532 | Steps: 26 | Success: True | Epsilon: 0.234
Episode 842 | Reward: -629.912 | Steps:  9 | Success: False | Epsilon: 0.233
Episode 843 | Reward: -138.331 | Steps:  1 | Success: False | Epsilon: 0.232
Episode 844 | Reward: -852.571 | Steps: 24 | Success: True | Epsilon: 0.232
Episode 845 | Reward: -479.385 | Steps:  7 | Success: False | Epsilon: 0.231
Episode 846 | Reward: -474.092 | Steps: 21 | Success: True | Epsilon: 0.230
Episode 847 | Reward: -1565.622 | Steps: 34 | Success: True | Epsilon: 0.229
Episode 848 | Reward: -771.811 | Steps: 40 | Success: False | Epsilon: 0.229
Episode 849 | Reward: -441.695 | Steps: 40 | Success: False | Epsilon: 0.228
Episode 850 | Reward: -598.224 | Steps: 33 | Success: True | Epsilon: 0.227
Validation | episode=850 success=20.00% recent_reward=-504.001
Episode 851 | Reward: -103.881 | Steps:  1 | Success: False | Epsilon: 0.226
Episode 852 | Reward: -2248.423 | Steps: 40 | Success: False | Epsilon: 0.226
Episode 853 | Reward: -210.115 | Steps:  9 | Success: True | Epsilon: 0.225
Episode 854 | Reward: -254.263 | Steps: 12 | Success: True | Epsilon: 0.224
Episode 855 | Reward: -102.339 | Steps:  1 | Success: False | Epsilon: 0.224
Episode 856 | Reward: -102.502 | Steps:  1 | Success: False | Epsilon: 0.223
Episode 857 | Reward:  -24.215 | Steps:  3 | Success: True | Epsilon: 0.222
Episode 858 | Reward:  -26.838 | Steps:  3 | Success: True | Epsilon: 0.221
Episode 859 | Reward: -181.091 | Steps:  9 | Success: True | Epsilon: 0.221
Episode 860 | Reward: -2626.206 | Steps: 40 | Success: False | Epsilon: 0.220
Episode 861 | Reward: -126.899 | Steps:  7 | Success: True | Epsilon: 0.219
Episode 862 | Reward: -103.500 | Steps:  1 | Success: False | Epsilon: 0.219
Episode 863 | Reward: -229.676 | Steps: 13 | Success: True | Epsilon: 0.218
Episode 864 | Reward: -555.152 | Steps: 20 | Success: True | Epsilon: 0.217
Episode 865 | Reward: -2155.117 | Steps: 40 | Success: False | Epsilon: 0.216
Episode 866 | Reward:  -26.397 | Steps:  3 | Success: True | Epsilon: 0.216
Episode 867 | Reward: -492.951 | Steps:  7 | Success: False | Epsilon: 0.215
Episode 868 | Reward: -201.444 | Steps: 14 | Success: True | Epsilon: 0.214
Episode 869 | Reward: -635.566 | Steps:  9 | Success: False | Epsilon: 0.213
Episode 870 | Reward: -170.495 | Steps: 16 | Success: True | Epsilon: 0.213
Episode 871 | Reward: -379.514 | Steps:  6 | Success: False | Epsilon: 0.212
Episode 872 | Reward: -557.018 | Steps:  8 | Success: False | Epsilon: 0.211
Episode 873 | Reward:  -41.649 | Steps:  4 | Success: True | Epsilon: 0.211
Episode 874 | Reward: -353.115 | Steps: 31 | Success: True | Epsilon: 0.210
Episode 875 | Reward: -648.442 | Steps:  9 | Success: False | Epsilon: 0.209
Validation | episode=875 success=20.00% recent_reward=-546.942
Episode 876 | Reward: -811.124 | Steps: 24 | Success: True | Epsilon: 0.208
Episode 877 | Reward:  -26.949 | Steps:  3 | Success: True | Epsilon: 0.208
Episode 878 | Reward:  -42.058 | Steps:  4 | Success: True | Epsilon: 0.207
Episode 879 | Reward: -533.439 | Steps: 40 | Success: False | Epsilon: 0.206
Episode 880 | Reward: -622.840 | Steps: 25 | Success: True | Epsilon: 0.205
Episode 881 | Reward: -313.900 | Steps: 15 | Success: True | Epsilon: 0.205
Episode 882 | Reward: -635.298 | Steps:  9 | Success: False | Epsilon: 0.204
Episode 883 | Reward: -328.580 | Steps: 34 | Success: True | Epsilon: 0.203
Episode 884 | Reward:  -40.665 | Steps:  4 | Success: True | Epsilon: 0.203
Episode 885 | Reward: -232.153 | Steps: 15 | Success: True | Epsilon: 0.202
Episode 886 | Reward: -188.761 | Steps: 15 | Success: True | Epsilon: 0.201
Episode 887 | Reward: -2404.199 | Steps: 40 | Success: False | Epsilon: 0.200
Episode 888 | Reward: -734.639 | Steps: 10 | Success: False | Epsilon: 0.200
Episode 889 | Reward:  -54.823 | Steps:  5 | Success: True | Epsilon: 0.199
Episode 890 | Reward: -2191.730 | Steps: 40 | Success: False | Epsilon: 0.198
Episode 891 | Reward: -355.196 | Steps: 31 | Success: True | Epsilon: 0.198
Episode 892 | Reward: -1516.078 | Steps: 35 | Success: True | Epsilon: 0.197
Episode 893 | Reward: -103.210 | Steps:  1 | Success: False | Epsilon: 0.196
Episode 894 | Reward: -1141.074 | Steps: 28 | Success: True | Epsilon: 0.195
Episode 895 | Reward: -199.325 | Steps: 12 | Success: True | Epsilon: 0.195
Episode 896 | Reward: -2508.573 | Steps: 38 | Success: False | Epsilon: 0.194
Episode 897 | Reward:  -28.199 | Steps:  3 | Success: True | Epsilon: 0.193
Episode 898 | Reward:  -26.130 | Steps:  3 | Success: True | Epsilon: 0.192
Episode 899 | Reward: -107.984 | Steps:  1 | Success: False | Epsilon: 0.192
Episode 900 | Reward: -488.171 | Steps:  7 | Success: False | Epsilon: 0.191
Validation | episode=900 success=20.00% recent_reward=-587.161
Episode 901 | Reward: -621.481 | Steps:  9 | Success: False | Epsilon: 0.190
Episode 902 | Reward: -1382.971 | Steps: 26 | Success: True | Epsilon: 0.190
Episode 903 | Reward: -1593.640 | Steps: 35 | Success: True | Epsilon: 0.189
Episode 904 | Reward: -440.794 | Steps:  7 | Success: False | Epsilon: 0.188
Episode 905 | Reward: -207.398 | Steps: 14 | Success: True | Epsilon: 0.187
Episode 906 | Reward:  -26.590 | Steps:  3 | Success: True | Epsilon: 0.187
Episode 907 | Reward: -1095.555 | Steps: 39 | Success: True | Epsilon: 0.186
Episode 908 | Reward: -2393.823 | Steps: 40 | Success: False | Epsilon: 0.185
Episode 909 | Reward: -138.328 | Steps:  1 | Success: False | Epsilon: 0.185
Episode 910 | Reward: -352.020 | Steps: 29 | Success: True | Epsilon: 0.184
Episode 911 | Reward: -244.392 | Steps: 18 | Success: True | Epsilon: 0.183
Episode 912 | Reward: -140.381 | Steps:  1 | Success: False | Epsilon: 0.182
Episode 913 | Reward:  -41.170 | Steps:  4 | Success: True | Epsilon: 0.182
Episode 914 | Reward: -240.959 | Steps: 20 | Success: True | Epsilon: 0.181
Episode 915 | Reward:  -27.512 | Steps:  3 | Success: True | Epsilon: 0.180
Episode 916 | Reward: -2167.889 | Steps: 40 | Success: False | Epsilon: 0.180
Episode 917 | Reward: -839.157 | Steps: 12 | Success: False | Epsilon: 0.179
Episode 918 | Reward: -661.976 | Steps:  9 | Success: False | Epsilon: 0.178
Episode 919 | Reward:  -41.969 | Steps:  4 | Success: True | Epsilon: 0.177
Episode 920 | Reward: -401.742 | Steps:  6 | Success: False | Epsilon: 0.177
Episode 921 | Reward:  -27.195 | Steps:  3 | Success: True | Epsilon: 0.176
Episode 922 | Reward:  -26.749 | Steps:  3 | Success: True | Epsilon: 0.175
Episode 923 | Reward:  -27.695 | Steps:  3 | Success: True | Epsilon: 0.175
Episode 924 | Reward: -552.157 | Steps:  8 | Success: False | Epsilon: 0.174
Episode 925 | Reward:  -27.127 | Steps:  3 | Success: True | Epsilon: 0.173
Validation | episode=925 success=20.00% recent_reward=-562.658
Episode 926 | Reward: -2365.198 | Steps: 40 | Success: False | Epsilon: 0.172
Episode 927 | Reward: -103.500 | Steps:  1 | Success: False | Epsilon: 0.172
Episode 928 | Reward: -2396.702 | Steps: 40 | Success: False | Epsilon: 0.171
Episode 929 | Reward:  -78.475 | Steps:  1 | Success: False | Epsilon: 0.170
Episode 930 | Reward:  -41.445 | Steps:  4 | Success: True | Epsilon: 0.170
Episode 931 | Reward:  -88.000 | Steps:  1 | Success: False | Epsilon: 0.169
Episode 932 | Reward:  -28.021 | Steps:  3 | Success: True | Epsilon: 0.168
Episode 933 | Reward: -461.127 | Steps:  7 | Success: False | Epsilon: 0.167
Episode 934 | Reward:  -42.321 | Steps:  4 | Success: True | Epsilon: 0.167
Episode 935 | Reward:  -41.515 | Steps:  4 | Success: True | Epsilon: 0.166
Episode 936 | Reward: -510.434 | Steps: 38 | Success: True | Epsilon: 0.165
Episode 937 | Reward: -1795.047 | Steps: 40 | Success: False | Epsilon: 0.165
Episode 938 | Reward: -124.837 | Steps: 11 | Success: True | Epsilon: 0.164
Episode 939 | Reward: -390.717 | Steps: 15 | Success: True | Epsilon: 0.163
Episode 940 | Reward: -562.450 | Steps:  8 | Success: False | Epsilon: 0.162
Episode 941 | Reward:  -27.220 | Steps:  3 | Success: True | Epsilon: 0.162
Episode 942 | Reward: -355.743 | Steps: 37 | Success: True | Epsilon: 0.161
Episode 943 | Reward: -557.757 | Steps:  8 | Success: False | Epsilon: 0.160
Episode 944 | Reward: -295.716 | Steps: 24 | Success: True | Epsilon: 0.160
Episode 945 | Reward:  -40.846 | Steps:  4 | Success: True | Epsilon: 0.159
Episode 946 | Reward: -103.500 | Steps:  1 | Success: False | Epsilon: 0.158
Episode 947 | Reward: -392.830 | Steps: 20 | Success: True | Epsilon: 0.157
Episode 948 | Reward:  -41.209 | Steps:  4 | Success: True | Epsilon: 0.157
Episode 949 | Reward:  -93.695 | Steps:  1 | Success: False | Epsilon: 0.156
Episode 950 | Reward: -479.148 | Steps: 16 | Success: True | Epsilon: 0.155
Validation | episode=950 success=20.00% recent_reward=-402.613
Episode 951 | Reward:  -40.665 | Steps:  4 | Success: True | Epsilon: 0.155
Episode 952 | Reward: -582.487 | Steps:  8 | Success: False | Epsilon: 0.154
Episode 953 | Reward: -573.008 | Steps: 40 | Success: False | Epsilon: 0.153
Episode 954 | Reward: -548.943 | Steps:  8 | Success: False | Epsilon: 0.152
Episode 955 | Reward: -2060.874 | Steps: 40 | Success: True | Epsilon: 0.152
Episode 956 | Reward:  -26.506 | Steps:  3 | Success: True | Epsilon: 0.151
Episode 957 | Reward:  -26.510 | Steps:  3 | Success: True | Epsilon: 0.150
Episode 958 | Reward: -249.146 | Steps: 21 | Success: True | Epsilon: 0.150
Episode 959 | Reward: -618.829 | Steps:  9 | Success: False | Epsilon: 0.149
Episode 960 | Reward: -835.501 | Steps: 37 | Success: True | Epsilon: 0.148
Episode 961 | Reward: -946.133 | Steps: 28 | Success: True | Epsilon: 0.147
Episode 962 | Reward: -443.388 | Steps: 40 | Success: False | Epsilon: 0.147
Episode 963 | Reward: -418.883 | Steps: 40 | Success: False | Epsilon: 0.146
Episode 964 | Reward: -377.512 | Steps: 33 | Success: True | Epsilon: 0.145
Episode 965 | Reward:  -27.009 | Steps:  3 | Success: True | Epsilon: 0.145
Episode 966 | Reward: -101.531 | Steps:  1 | Success: False | Epsilon: 0.144
Episode 967 | Reward:  -28.028 | Steps:  3 | Success: True | Epsilon: 0.143
Episode 968 | Reward: -550.002 | Steps:  8 | Success: False | Epsilon: 0.142
Episode 969 | Reward: -585.425 | Steps: 40 | Success: False | Epsilon: 0.142
Episode 970 | Reward: -712.470 | Steps: 40 | Success: False | Epsilon: 0.141
Episode 971 | Reward: -575.097 | Steps:  8 | Success: False | Epsilon: 0.140
Episode 972 | Reward: -103.500 | Steps:  1 | Success: False | Epsilon: 0.140
Episode 973 | Reward: -149.841 | Steps:  9 | Success: True | Epsilon: 0.139
Episode 974 | Reward: -439.950 | Steps: 40 | Success: False | Epsilon: 0.138
Episode 975 | Reward: -1683.076 | Steps: 40 | Success: False | Epsilon: 0.137
Validation | episode=975 success=20.00% recent_reward=-460.490
Episode 976 | Reward: -450.971 | Steps: 40 | Success: False | Epsilon: 0.137
Episode 977 | Reward: -622.630 | Steps: 22 | Success: True | Epsilon: 0.136
Episode 978 | Reward: -464.115 | Steps:  7 | Success: False | Epsilon: 0.135
Episode 979 | Reward: -140.414 | Steps:  1 | Success: False | Epsilon: 0.135
Episode 980 | Reward: -649.799 | Steps: 40 | Success: False | Epsilon: 0.134
Episode 981 | Reward:  -40.665 | Steps:  4 | Success: True | Epsilon: 0.133
Episode 982 | Reward: -2223.198 | Steps: 40 | Success: False | Epsilon: 0.133
Episode 983 | Reward: -553.054 | Steps:  8 | Success: False | Epsilon: 0.132
Episode 984 | Reward: -959.572 | Steps: 26 | Success: True | Epsilon: 0.131
Episode 985 | Reward: -332.134 | Steps: 20 | Success: True | Epsilon: 0.130
Episode 986 | Reward: -1519.505 | Steps: 40 | Success: False | Epsilon: 0.130
Episode 987 | Reward: -550.355 | Steps:  8 | Success: False | Epsilon: 0.129
Episode 988 | Reward: -175.207 | Steps: 17 | Success: True | Epsilon: 0.128
Episode 989 | Reward: -121.530 | Steps:  1 | Success: False | Epsilon: 0.128
Episode 990 | Reward: -239.035 | Steps:  3 | Success: False | Epsilon: 0.127
Episode 991 | Reward: -240.354 | Steps: 10 | Success: True | Epsilon: 0.126
Episode 992 | Reward: -397.162 | Steps:  6 | Success: False | Epsilon: 0.125
Episode 993 | Reward: -473.492 | Steps:  7 | Success: False | Epsilon: 0.125
Episode 994 | Reward:  -26.892 | Steps:  3 | Success: True | Epsilon: 0.124
Episode 995 | Reward: -546.670 | Steps:  8 | Success: False | Epsilon: 0.123
Episode 996 | Reward: -2166.163 | Steps: 40 | Success: False | Epsilon: 0.123
Episode 997 | Reward: -2443.512 | Steps: 40 | Success: False | Epsilon: 0.122
Episode 998 | Reward: -353.928 | Steps: 16 | Success: True | Epsilon: 0.121
Episode 999 | Reward: -560.806 | Steps:  8 | Success: False | Epsilon: 0.121
Episode 1000 | Reward:  -27.090 | Steps:  3 | Success: True | Epsilon: 0.120
Validation | episode=1000 success=20.00% recent_reward=-640.991
Episode 1001 | Reward: -110.062 | Steps:  1 | Success: False | Epsilon: 0.119
Episode 1002 | Reward: -103.500 | Steps:  1 | Success: False | Epsilon: 0.118
Episode 1003 | Reward: -2193.613 | Steps: 40 | Success: False | Epsilon: 0.118
Episode 1004 | Reward: -1919.147 | Steps: 40 | Success: False | Epsilon: 0.117
Episode 1005 | Reward: -103.500 | Steps:  1 | Success: False | Epsilon: 0.116
Episode 1006 | Reward: -430.728 | Steps: 40 | Success: False | Epsilon: 0.116
Episode 1007 | Reward: -103.875 | Steps:  1 | Success: False | Epsilon: 0.115
Episode 1008 | Reward: -330.986 | Steps:  4 | Success: False | Epsilon: 0.114
Episode 1009 | Reward: -1300.857 | Steps: 32 | Success: True | Epsilon: 0.113
Episode 1010 | Reward: -697.610 | Steps: 40 | Success: False | Epsilon: 0.113
Episode 1011 | Reward:  -40.860 | Steps:  4 | Success: True | Epsilon: 0.112
Episode 1012 | Reward: -513.541 | Steps: 40 | Success: False | Epsilon: 0.111
Episode 1013 | Reward: -444.972 | Steps:  7 | Success: False | Epsilon: 0.111
Episode 1014 | Reward: -406.340 | Steps: 20 | Success: True | Epsilon: 0.110
Episode 1015 | Reward: -370.826 | Steps: 20 | Success: True | Epsilon: 0.109
Episode 1016 | Reward:  -28.049 | Steps:  3 | Success: True | Epsilon: 0.109
Episode 1017 | Reward: -1908.262 | Steps: 40 | Success: False | Epsilon: 0.108
Episode 1018 | Reward: -243.390 | Steps:  3 | Success: False | Epsilon: 0.107
Episode 1019 | Reward: -552.361 | Steps:  8 | Success: False | Epsilon: 0.106
Episode 1020 | Reward: -127.410 | Steps:  1 | Success: False | Epsilon: 0.106
Episode 1021 | Reward: -573.991 | Steps:  8 | Success: False | Epsilon: 0.105
Episode 1022 | Reward: -622.572 | Steps:  9 | Success: False | Epsilon: 0.104
Episode 1023 | Reward: -1287.547 | Steps: 40 | Success: False | Epsilon: 0.104
Episode 1024 | Reward: -478.370 | Steps:  7 | Success: False | Epsilon: 0.103
Episode 1025 | Reward: -2660.301 | Steps: 40 | Success: False | Epsilon: 0.102
Validation | episode=1025 success=20.00% recent_reward=-770.139
Episode 1026 | Reward: -480.687 | Steps:  7 | Success: False | Epsilon: 0.102
Episode 1027 | Reward: -103.500 | Steps:  1 | Success: False | Epsilon: 0.101
Episode 1028 | Reward:  -28.509 | Steps:  3 | Success: True | Epsilon: 0.100
Episode 1029 | Reward: -444.864 | Steps: 40 | Success: False | Epsilon: 0.099
Episode 1030 | Reward: -1113.496 | Steps: 27 | Success: True | Epsilon: 0.099
Episode 1031 | Reward: -458.609 | Steps:  7 | Success: False | Epsilon: 0.098
Episode 1032 | Reward: -2098.734 | Steps: 40 | Success: False | Epsilon: 0.097
Episode 1033 | Reward:  -98.666 | Steps:  1 | Success: False | Epsilon: 0.097
Episode 1034 | Reward: -540.577 | Steps:  8 | Success: False | Epsilon: 0.096
Episode 1035 | Reward: -834.273 | Steps: 40 | Success: False | Epsilon: 0.095
Episode 1036 | Reward: -150.200 | Steps: 14 | Success: True | Epsilon: 0.095
Episode 1037 | Reward: -443.881 | Steps: 40 | Success: False | Epsilon: 0.094
Episode 1038 | Reward: -952.173 | Steps: 27 | Success: True | Epsilon: 0.093
Episode 1039 | Reward:  -27.743 | Steps:  3 | Success: True | Epsilon: 0.092
Episode 1040 | Reward: -477.051 | Steps:  7 | Success: False | Epsilon: 0.092
Episode 1041 | Reward: -491.741 | Steps: 40 | Success: False | Epsilon: 0.091
Episode 1042 | Reward: -814.557 | Steps: 40 | Success: False | Epsilon: 0.090
Episode 1043 | Reward:  -28.006 | Steps:  3 | Success: True | Epsilon: 0.090
Episode 1044 | Reward: -649.149 | Steps:  9 | Success: False | Epsilon: 0.089
Episode 1045 | Reward: -304.043 | Steps: 20 | Success: True | Epsilon: 0.088
Episode 1046 | Reward: -926.996 | Steps: 16 | Success: False | Epsilon: 0.088
Episode 1047 | Reward: -140.377 | Steps:  1 | Success: False | Epsilon: 0.087
Episode 1048 | Reward: -946.773 | Steps: 16 | Success: False | Epsilon: 0.086
Episode 1049 | Reward: -956.079 | Steps: 28 | Success: True | Epsilon: 0.085
Episode 1050 | Reward: -589.786 | Steps:  8 | Success: False | Epsilon: 0.085
Validation | episode=1050 success=20.00% recent_reward=-657.442
Episode 1051 | Reward: -546.708 | Steps:  8 | Success: False | Epsilon: 0.084
Episode 1052 | Reward: -137.955 | Steps:  1 | Success: False | Epsilon: 0.083
Episode 1053 | Reward: -514.671 | Steps: 40 | Success: False | Epsilon: 0.083
Episode 1054 | Reward: -500.094 | Steps: 40 | Success: False | Epsilon: 0.082
Episode 1055 | Reward:  -54.527 | Steps:  5 | Success: True | Epsilon: 0.081
Episode 1056 | Reward: -561.833 | Steps:  8 | Success: False | Epsilon: 0.081
Episode 1057 | Reward: -457.656 | Steps:  7 | Success: False | Epsilon: 0.080
Episode 1058 | Reward: -477.914 | Steps:  7 | Success: False | Epsilon: 0.079
Episode 1059 | Reward: -282.866 | Steps: 25 | Success: True | Epsilon: 0.078
Episode 1060 | Reward: -1669.744 | Steps: 38 | Success: True | Epsilon: 0.078
Episode 1061 | Reward: -141.094 | Steps: 13 | Success: True | Epsilon: 0.077
Episode 1062 | Reward: -437.995 | Steps: 23 | Success: True | Epsilon: 0.076
Episode 1063 | Reward: -1768.578 | Steps: 39 | Success: True | Epsilon: 0.076
Episode 1064 | Reward: -571.209 | Steps:  8 | Success: False | Epsilon: 0.075
Episode 1065 | Reward: -706.617 | Steps: 10 | Success: False | Epsilon: 0.074
Episode 1066 | Reward: -490.222 | Steps: 35 | Success: True | Epsilon: 0.074
Episode 1067 | Reward: -835.379 | Steps: 40 | Success: False | Epsilon: 0.073
Episode 1068 | Reward: -114.183 | Steps: 10 | Success: True | Epsilon: 0.072
Episode 1069 | Reward: -640.357 | Steps: 19 | Success: True | Epsilon: 0.071
Episode 1070 | Reward: -2042.761 | Steps: 29 | Success: False | Epsilon: 0.071
Episode 1071 | Reward: -479.882 | Steps: 33 | Success: True | Epsilon: 0.070
Episode 1072 | Reward: -246.883 | Steps: 19 | Success: True | Epsilon: 0.069
Episode 1073 | Reward: -127.410 | Steps:  1 | Success: False | Epsilon: 0.069
Episode 1074 | Reward: -1109.816 | Steps: 16 | Success: False | Epsilon: 0.068
Episode 1075 | Reward: -2298.114 | Steps: 40 | Success: False | Epsilon: 0.067
Validation | episode=1075 success=20.00% recent_reward=-692.483
Episode 1076 | Reward:  -26.553 | Steps:  3 | Success: True | Epsilon: 0.067
Episode 1077 | Reward: -140.408 | Steps:  1 | Success: False | Epsilon: 0.066
Episode 1078 | Reward: -176.815 | Steps: 17 | Success: True | Epsilon: 0.065
Episode 1079 | Reward: -560.508 | Steps:  8 | Success: False | Epsilon: 0.065
Episode 1080 | Reward: -423.316 | Steps: 13 | Success: True | Epsilon: 0.064
Episode 1081 | Reward: -101.524 | Steps:  9 | Success: True | Epsilon: 0.063
Episode 1082 | Reward: -351.010 | Steps: 30 | Success: True | Epsilon: 0.062
Episode 1083 | Reward:  -26.870 | Steps:  3 | Success: True | Epsilon: 0.062
Episode 1084 | Reward: -1464.561 | Steps: 24 | Success: False | Epsilon: 0.061
Episode 1085 | Reward: -382.070 | Steps: 40 | Success: False | Epsilon: 0.060
Episode 1086 | Reward: -1153.166 | Steps: 40 | Success: False | Epsilon: 0.060
Episode 1087 | Reward:  -26.507 | Steps:  3 | Success: True | Epsilon: 0.059
Episode 1088 | Reward: -536.292 | Steps:  8 | Success: False | Epsilon: 0.058
Episode 1089 | Reward: -2413.950 | Steps: 40 | Success: False | Epsilon: 0.058
Episode 1090 | Reward: -230.796 | Steps: 18 | Success: True | Epsilon: 0.057
Episode 1091 | Reward: -123.182 | Steps: 11 | Success: True | Epsilon: 0.056
Episode 1092 | Reward: -327.397 | Steps:  4 | Success: False | Epsilon: 0.056
Episode 1093 | Reward: -465.061 | Steps: 40 | Success: False | Epsilon: 0.055
Episode 1094 | Reward: -736.348 | Steps: 24 | Success: True | Epsilon: 0.054
Episode 1095 | Reward: -529.815 | Steps:  8 | Success: False | Epsilon: 0.053
Episode 1096 | Reward:  -28.165 | Steps:  3 | Success: True | Epsilon: 0.053
Episode 1097 | Reward: -546.233 | Steps:  8 | Success: False | Epsilon: 0.052
Episode 1098 | Reward: -166.297 | Steps: 16 | Success: True | Epsilon: 0.051
Episode 1099 | Reward:  -86.449 | Steps:  1 | Success: False | Epsilon: 0.051
Episode 1100 | Reward: -2433.627 | Steps: 40 | Success: False | Epsilon: 0.050
Validation | episode=1100 success=30.00% recent_reward=-590.634

Training summary
Average reward (last 20 episodes): -606.466
Total success count: 674
Success rate: 61.27%
Average training loss (last 100): 70.8709
Best validation success: 50.00%
