/Users/rohhithg/Desktop/meta_project/.venv/lib/python3.14/site-packages/torch/_subclasses/functional_tensor.py:307: UserWarning: Failed to initialize NumPy: No module named 'numpy' (Triggered internally at /Users/runner/work/pytorch/pytorch/pytorch/torch/csrc/utils/tensor_numpy.cpp:84.)
  cpu = _conversion_method_template(device=torch.device("cpu"))
Episode 001 | Reward:    8.000 | Steps:  2 | Success: True | Epsilon: 1.000
New best model saved. Avg(last 1)=8.000
Episode 002 | Reward: -136.000 | Steps: 40 | Success: False | Epsilon: 0.999
Episode 003 | Reward:  -93.000 | Steps: 40 | Success: False | Epsilon: 0.998
Episode 004 | Reward:    8.000 | Steps:  2 | Success: True | Epsilon: 0.996
Episode 005 | Reward:   40.000 | Steps: 40 | Success: False | Epsilon: 0.995
Episode 006 | Reward:   12.000 | Steps: 13 | Success: True | Epsilon: 0.994
Episode 007 | Reward:    8.000 | Steps:  2 | Success: True | Epsilon: 0.993
Episode 008 | Reward:    5.000 | Steps: 22 | Success: True | Epsilon: 0.992
Episode 009 | Reward:  -10.000 | Steps: 38 | Success: True | Epsilon: 0.990
Episode 010 | Reward:  -56.000 | Steps: 40 | Success: False | Epsilon: 0.989
Episode 011 | Reward:   30.000 | Steps: 25 | Success: True | Epsilon: 0.988
Episode 012 | Reward:   22.000 | Steps: 17 | Success: True | Epsilon: 0.987
Episode 013 | Reward:   14.000 | Steps:  2 | Success: True | Epsilon: 0.986
Episode 014 | Reward:   14.000 | Steps: 11 | Success: True | Epsilon: 0.985
Episode 015 | Reward:  -14.000 | Steps:  1 | Success: False | Epsilon: 0.983
Episode 016 | Reward:    8.000 | Steps:  2 | Success: True | Epsilon: 0.982
Episode 017 | Reward:    8.000 | Steps:  2 | Success: True | Epsilon: 0.981
Episode 018 | Reward:   20.000 | Steps: 16 | Success: True | Epsilon: 0.980
Episode 019 | Reward:   11.000 | Steps: 22 | Success: True | Epsilon: 0.979
Episode 020 | Reward:    8.000 | Steps:  2 | Success: True | Epsilon: 0.977
Episode 021 | Reward:    8.000 | Steps:  2 | Success: True | Epsilon: 0.976
Episode 022 | Reward:    8.000 | Steps:  2 | Success: True | Epsilon: 0.975
Episode 023 | Reward:  -44.000 | Steps: 40 | Success: False | Epsilon: 0.974
Episode 024 | Reward:  -44.000 | Steps: 40 | Success: False | Epsilon: 0.973
Episode 025 | Reward: -114.000 | Steps: 29 | Success: False | Epsilon: 0.971
Episode 026 | Reward:   42.000 | Steps: 34 | Success: True | Epsilon: 0.970
Episode 027 | Reward:    8.000 | Steps:  2 | Success: True | Epsilon: 0.969
Episode 028 | Reward: -164.000 | Steps: 40 | Success: False | Epsilon: 0.968
Episode 029 | Reward:    8.000 | Steps:  2 | Success: True | Epsilon: 0.967
Episode 030 | Reward:   18.000 | Steps: 25 | Success: True | Epsilon: 0.966
Episode 031 | Reward:   40.000 | Steps: 40 | Success: False | Epsilon: 0.964
Episode 032 | Reward:   36.000 | Steps: 25 | Success: True | Epsilon: 0.963
Episode 033 | Reward:   28.000 | Steps: 21 | Success: True | Epsilon: 0.962
Episode 034 | Reward:    8.000 | Steps:  2 | Success: True | Epsilon: 0.961
Episode 035 | Reward: -174.000 | Steps: 40 | Success: False | Epsilon: 0.960
Episode 036 | Reward: -112.000 | Steps: 30 | Success: False | Epsilon: 0.958
Episode 037 | Reward:  -50.000 | Steps: 40 | Success: False | Epsilon: 0.957
Episode 038 | Reward:   18.000 | Steps: 25 | Success: True | Epsilon: 0.956
Episode 039 | Reward:   14.000 | Steps: 26 | Success: True | Epsilon: 0.955
Episode 040 | Reward:  -32.000 | Steps:  5 | Success: False | Epsilon: 0.954
Episode 041 | Reward: -142.000 | Steps: 40 | Success: False | Epsilon: 0.952
Episode 042 | Reward:    8.000 | Steps:  2 | Success: True | Epsilon: 0.951
Episode 043 | Reward:   56.000 | Steps: 26 | Success: True | Epsilon: 0.950
Episode 044 | Reward:   16.000 | Steps: 12 | Success: True | Epsilon: 0.949
Episode 045 | Reward:   18.000 | Steps: 17 | Success: True | Epsilon: 0.948
Episode 046 | Reward:   38.000 | Steps: 26 | Success: True | Epsilon: 0.946
Episode 047 | Reward:   48.000 | Steps: 22 | Success: True | Epsilon: 0.945
Episode 048 | Reward: -168.000 | Steps: 40 | Success: False | Epsilon: 0.944
Episode 049 | Reward:   40.000 | Steps: 40 | Success: False | Epsilon: 0.943
Episode 050 | Reward:    0.000 | Steps: 40 | Success: False | Epsilon: 0.942
Episode 051 | Reward:   36.000 | Steps: 28 | Success: True | Epsilon: 0.941
Episode 052 | Reward:   46.000 | Steps: 33 | Success: True | Epsilon: 0.939
Episode 053 | Reward:   40.000 | Steps: 27 | Success: True | Epsilon: 0.938
Episode 054 | Reward:    8.000 | Steps:  2 | Success: True | Epsilon: 0.937
Episode 055 | Reward:   26.000 | Steps: 31 | Success: True | Epsilon: 0.936
Episode 056 | Reward:   -2.000 | Steps: 39 | Success: True | Epsilon: 0.935
Episode 057 | Reward:   34.000 | Steps: 24 | Success: True | Epsilon: 0.933
Episode 058 | Reward:   18.000 | Steps: 22 | Success: True | Epsilon: 0.932
Episode 059 | Reward:   26.000 | Steps: 23 | Success: True | Epsilon: 0.931
Episode 060 | Reward:   21.000 | Steps: 21 | Success: True | Epsilon: 0.930
New best model saved. Avg(last 20)=8.350
Episode 061 | Reward:   38.000 | Steps: 26 | Success: True | Epsilon: 0.929
New best model saved. Avg(last 20)=17.350
Episode 062 | Reward:   13.000 | Steps: 26 | Success: True | Epsilon: 0.927
New best model saved. Avg(last 20)=17.600
Episode 063 | Reward: -138.000 | Steps: 40 | Success: False | Epsilon: 0.926
Episode 064 | Reward:   18.000 | Steps:  4 | Success: True | Epsilon: 0.925
Episode 065 | Reward:    6.000 | Steps: 21 | Success: True | Epsilon: 0.924
Episode 066 | Reward:    2.000 | Steps: 21 | Success: True | Epsilon: 0.923
Episode 067 | Reward:   15.000 | Steps: 27 | Success: True | Epsilon: 0.922
Episode 068 | Reward: -168.000 | Steps: 40 | Success: False | Epsilon: 0.920
Episode 069 | Reward:   54.000 | Steps: 25 | Success: True | Epsilon: 0.919
Episode 070 | Reward:   16.000 | Steps: 27 | Success: True | Epsilon: 0.918
Episode 071 | Reward: -146.000 | Steps: 40 | Success: False | Epsilon: 0.917
Episode 072 | Reward: -144.000 | Steps: 40 | Success: False | Epsilon: 0.916
Episode 073 | Reward:   18.000 | Steps: 28 | Success: True | Epsilon: 0.914
Episode 074 | Reward:  -14.000 | Steps:  1 | Success: False | Epsilon: 0.913
Episode 075 | Reward: -104.000 | Steps: 40 | Success: False | Epsilon: 0.912
Episode 076 | Reward:  -32.000 | Steps:  5 | Success: False | Epsilon: 0.911
Episode 077 | Reward:  -32.000 | Steps: 40 | Success: False | Epsilon: 0.910
Episode 078 | Reward:   34.000 | Steps: 24 | Success: True | Epsilon: 0.908
Episode 079 | Reward:   36.000 | Steps: 16 | Success: True | Epsilon: 0.907
Episode 080 | Reward:   14.000 | Steps: 38 | Success: True | Epsilon: 0.906
Episode 081 | Reward:   46.000 | Steps: 21 | Success: True | Epsilon: 0.905
Episode 082 | Reward:   -3.000 | Steps: 40 | Success: False | Epsilon: 0.904
Episode 083 | Reward:    7.000 | Steps: 29 | Success: True | Epsilon: 0.903
Episode 084 | Reward:   32.000 | Steps: 23 | Success: True | Epsilon: 0.901
Episode 085 | Reward:  -34.000 | Steps:  6 | Success: False | Epsilon: 0.900
Episode 086 | Reward:   -2.000 | Steps: 22 | Success: True | Epsilon: 0.899
Episode 087 | Reward:   66.000 | Steps: 31 | Success: True | Epsilon: 0.898
Episode 088 | Reward:    8.000 | Steps:  2 | Success: True | Epsilon: 0.897
Episode 089 | Reward:   38.000 | Steps: 26 | Success: True | Epsilon: 0.895
Episode 090 | Reward:   16.000 | Steps:  6 | Success: True | Epsilon: 0.894
Episode 091 | Reward: -118.000 | Steps: 40 | Success: False | Epsilon: 0.893
Episode 092 | Reward:    2.000 | Steps: 25 | Success: True | Epsilon: 0.892
Episode 093 | Reward:   56.000 | Steps: 32 | Success: True | Epsilon: 0.891
Episode 094 | Reward:    8.000 | Steps:  2 | Success: True | Epsilon: 0.889
Episode 095 | Reward:  -26.000 | Steps: 40 | Success: False | Epsilon: 0.888
Episode 096 | Reward:   20.000 | Steps: 26 | Success: True | Epsilon: 0.887
Episode 097 | Reward:   -4.000 | Steps: 36 | Success: True | Epsilon: 0.886
Episode 098 | Reward:    8.000 | Steps:  2 | Success: True | Epsilon: 0.885
Episode 099 | Reward:    8.000 | Steps:  2 | Success: True | Epsilon: 0.883
Episode 100 | Reward:   18.000 | Steps: 25 | Success: True | Epsilon: 0.882
Episode 101 | Reward:   13.000 | Steps: 29 | Success: True | Epsilon: 0.881
Episode 102 | Reward:   38.000 | Steps: 33 | Success: True | Epsilon: 0.880
Episode 103 | Reward:   24.000 | Steps: 13 | Success: True | Epsilon: 0.879
Episode 104 | Reward:   34.000 | Steps: 27 | Success: True | Epsilon: 0.878
Episode 105 | Reward:   39.000 | Steps: 33 | Success: True | Epsilon: 0.876
Episode 106 | Reward:   30.000 | Steps: 25 | Success: True | Epsilon: 0.875
Episode 107 | Reward:    8.000 | Steps:  2 | Success: True | Epsilon: 0.874
Episode 108 | Reward:  -34.000 | Steps: 40 | Success: False | Epsilon: 0.873
Episode 109 | Reward:  -14.000 | Steps:  1 | Success: False | Epsilon: 0.872
Episode 110 | Reward:   24.000 | Steps: 33 | Success: True | Epsilon: 0.870
Episode 111 | Reward:   14.000 | Steps:  2 | Success: True | Epsilon: 0.869
Episode 112 | Reward: -168.000 | Steps: 40 | Success: False | Epsilon: 0.868
Episode 113 | Reward:   38.000 | Steps: 26 | Success: True | Epsilon: 0.867
Episode 114 | Reward:    8.000 | Steps:  2 | Success: True | Epsilon: 0.866
Episode 115 | Reward:   20.000 | Steps: 27 | Success: True | Epsilon: 0.864
Episode 116 | Reward:   36.000 | Steps: 28 | Success: True | Epsilon: 0.863
Episode 117 | Reward:   -8.000 | Steps:  1 | Success: False | Epsilon: 0.862
Episode 118 | Reward:  -63.000 | Steps: 40 | Success: False | Epsilon: 0.861
Episode 119 | Reward:   42.000 | Steps: 28 | Success: True | Epsilon: 0.860
Episode 120 | Reward:  -14.000 | Steps:  1 | Success: False | Epsilon: 0.859
Episode 121 | Reward:   42.000 | Steps: 31 | Success: True | Epsilon: 0.857
Episode 122 | Reward:   14.000 | Steps:  2 | Success: True | Epsilon: 0.856
Episode 123 | Reward:    8.000 | Steps: 29 | Success: True | Epsilon: 0.855
Episode 124 | Reward:  -46.000 | Steps: 40 | Success: False | Epsilon: 0.854
Episode 125 | Reward:   11.000 | Steps: 25 | Success: True | Epsilon: 0.853
Episode 126 | Reward:   28.000 | Steps: 21 | Success: True | Epsilon: 0.851
Episode 127 | Reward: -134.000 | Steps: 40 | Success: False | Epsilon: 0.850
Episode 128 | Reward:   34.000 | Steps: 27 | Success: True | Epsilon: 0.849
Episode 129 | Reward:  -51.000 | Steps: 40 | Success: False | Epsilon: 0.848
Episode 130 | Reward:  -14.000 | Steps:  1 | Success: False | Epsilon: 0.847
Episode 131 | Reward:   32.000 | Steps: 23 | Success: True | Epsilon: 0.845
Episode 132 | Reward:    8.000 | Steps:  2 | Success: True | Epsilon: 0.844
Episode 133 | Reward:    8.000 | Steps:  2 | Success: True | Epsilon: 0.843
Episode 134 | Reward:  -18.000 | Steps: 21 | Success: True | Epsilon: 0.842
Episode 135 | Reward:   16.000 | Steps:  3 | Success: True | Epsilon: 0.841
Episode 136 | Reward:    8.000 | Steps:  2 | Success: True | Epsilon: 0.839
Episode 137 | Reward:   21.000 | Steps: 40 | Success: False | Epsilon: 0.838
Episode 138 | Reward:    8.000 | Steps:  2 | Success: True | Epsilon: 0.837
Episode 139 | Reward:    0.000 | Steps: 20 | Success: True | Epsilon: 0.836
Episode 140 | Reward:    8.000 | Steps:  2 | Success: True | Epsilon: 0.835
Episode 141 | Reward:    8.000 | Steps:  2 | Success: True | Epsilon: 0.834
Episode 142 | Reward:    8.000 | Steps:  2 | Success: True | Epsilon: 0.832
Episode 143 | Reward:   16.000 | Steps:  3 | Success: True | Epsilon: 0.831
Episode 144 | Reward:   35.000 | Steps: 19 | Success: True | Epsilon: 0.830
Episode 145 | Reward:   32.000 | Steps: 23 | Success: True | Epsilon: 0.829
Episode 146 | Reward:    3.000 | Steps: 40 | Success: False | Epsilon: 0.828
Episode 147 | Reward:   30.000 | Steps: 22 | Success: True | Epsilon: 0.826
Episode 148 | Reward:    8.000 | Steps:  2 | Success: True | Epsilon: 0.825
Episode 149 | Reward:  -58.000 | Steps: 40 | Success: False | Epsilon: 0.824
Episode 150 | Reward: -156.000 | Steps: 40 | Success: False | Epsilon: 0.823
Episode 151 | Reward:   26.000 | Steps: 38 | Success: True | Epsilon: 0.822
Episode 152 | Reward:   24.000 | Steps: 33 | Success: True | Epsilon: 0.820
Episode 153 | Reward:   24.000 | Steps: 10 | Success: True | Epsilon: 0.819
Episode 154 | Reward:   12.000 | Steps: 29 | Success: True | Epsilon: 0.818
Episode 155 | Reward:  -14.000 | Steps:  1 | Success: False | Epsilon: 0.817
Episode 156 | Reward:    8.000 | Steps:  2 | Success: True | Epsilon: 0.816
Episode 157 | Reward:   17.000 | Steps: 25 | Success: True | Epsilon: 0.815
Episode 158 | Reward:  -38.000 | Steps:  6 | Success: False | Epsilon: 0.813
Episode 159 | Reward:  -14.000 | Steps:  1 | Success: False | Epsilon: 0.812
Episode 160 | Reward:  -48.000 | Steps: 40 | Success: False | Epsilon: 0.811
Episode 161 | Reward:   30.000 | Steps: 26 | Success: True | Epsilon: 0.810
Episode 162 | Reward:    8.000 | Steps:  2 | Success: True | Epsilon: 0.809
Episode 163 | Reward:   26.000 | Steps: 20 | Success: True | Epsilon: 0.807
Episode 164 | Reward:   18.000 | Steps: 25 | Success: True | Epsilon: 0.806
Episode 165 | Reward:    8.000 | Steps:  2 | Success: True | Epsilon: 0.805
Episode 166 | Reward:   20.000 | Steps:  8 | Success: True | Epsilon: 0.804
Episode 167 | Reward:   32.000 | Steps: 28 | Success: True | Epsilon: 0.803
Episode 168 | Reward:  -14.000 | Steps: 25 | Success: True | Epsilon: 0.801
Episode 169 | Reward:   14.000 | Steps:  2 | Success: True | Epsilon: 0.800
Episode 170 | Reward:   14.000 | Steps: 26 | Success: True | Epsilon: 0.799
Episode 171 | Reward:  -81.000 | Steps: 40 | Success: False | Epsilon: 0.798
Episode 172 | Reward:    8.000 | Steps:  2 | Success: True | Epsilon: 0.797
Episode 173 | Reward:   -2.000 | Steps: 40 | Success: False | Epsilon: 0.795
Episode 174 | Reward:   30.000 | Steps: 22 | Success: True | Epsilon: 0.794
Episode 175 | Reward:   34.000 | Steps: 24 | Success: True | Epsilon: 0.793
Episode 176 | Reward:    8.000 | Steps:  2 | Success: True | Epsilon: 0.792
Episode 177 | Reward:    8.000 | Steps:  2 | Success: True | Epsilon: 0.791
Episode 178 | Reward:   34.000 | Steps: 28 | Success: True | Epsilon: 0.790
Episode 179 | Reward:   14.000 | Steps: 20 | Success: True | Epsilon: 0.788
Episode 180 | Reward:  -34.000 | Steps:  5 | Success: False | Epsilon: 0.787
Episode 181 | Reward:   21.000 | Steps: 28 | Success: True | Epsilon: 0.786
Episode 182 | Reward:  -59.000 | Steps: 40 | Success: False | Epsilon: 0.785
Episode 183 | Reward:   34.000 | Steps: 15 | Success: True | Epsilon: 0.784
Episode 184 | Reward: -116.000 | Steps: 40 | Success: False | Epsilon: 0.782
Episode 185 | Reward:    8.000 | Steps:  2 | Success: True | Epsilon: 0.781
Episode 186 | Reward:   37.000 | Steps: 29 | Success: True | Epsilon: 0.780
Episode 187 | Reward:   39.000 | Steps: 30 | Success: True | Epsilon: 0.779
Episode 188 | Reward:   32.000 | Steps: 14 | Success: True | Epsilon: 0.778
Episode 189 | Reward:    8.000 | Steps:  2 | Success: True | Epsilon: 0.776
Episode 190 | Reward:  -59.000 | Steps: 40 | Success: False | Epsilon: 0.775
Episode 191 | Reward:  -15.000 | Steps:  1 | Success: False | Epsilon: 0.774
Episode 192 | Reward:  -36.000 | Steps:  6 | Success: False | Epsilon: 0.773
Episode 193 | Reward:  -65.000 | Steps: 40 | Success: False | Epsilon: 0.772
Episode 194 | Reward:    8.000 | Steps:  2 | Success: True | Epsilon: 0.771
Episode 195 | Reward:  -14.000 | Steps:  1 | Success: False | Epsilon: 0.769
Episode 196 | Reward:   32.000 | Steps: 23 | Success: True | Epsilon: 0.768
Episode 197 | Reward:  -87.000 | Steps: 40 | Success: False | Epsilon: 0.767
Episode 198 | Reward:  -82.000 | Steps: 40 | Success: False | Epsilon: 0.766
Episode 199 | Reward:  -62.000 | Steps: 40 | Success: False | Epsilon: 0.765
Episode 200 | Reward:   12.000 | Steps:  4 | Success: True | Epsilon: 0.763
Episode 201 | Reward:  -94.000 | Steps: 40 | Success: False | Epsilon: 0.762
Episode 202 | Reward:    8.000 | Steps:  2 | Success: True | Epsilon: 0.761
Episode 203 | Reward:   19.000 | Steps: 28 | Success: True | Epsilon: 0.760
Episode 204 | Reward:   41.000 | Steps: 19 | Success: True | Epsilon: 0.759
Episode 205 | Reward: -110.000 | Steps: 40 | Success: False | Epsilon: 0.757
Episode 206 | Reward:   16.000 | Steps: 27 | Success: True | Epsilon: 0.756
Episode 207 | Reward:  -14.000 | Steps:  1 | Success: False | Epsilon: 0.755
Episode 208 | Reward:  -22.000 | Steps: 40 | Success: False | Epsilon: 0.754
Episode 209 | Reward:   18.000 | Steps: 25 | Success: True | Epsilon: 0.753
Episode 210 | Reward:  -70.000 | Steps: 40 | Success: False | Epsilon: 0.752
Episode 211 | Reward:   33.000 | Steps: 24 | Success: True | Epsilon: 0.750
Episode 212 | Reward:  -22.000 | Steps: 40 | Success: False | Epsilon: 0.749
Episode 213 | Reward:   22.000 | Steps: 23 | Success: True | Epsilon: 0.748
Episode 214 | Reward:   18.000 | Steps: 10 | Success: True | Epsilon: 0.747
Episode 215 | Reward:    8.000 | Steps:  2 | Success: True | Epsilon: 0.746
Episode 216 | Reward:   18.000 | Steps:  4 | Success: True | Epsilon: 0.744
Episode 217 | Reward:  -70.000 | Steps: 40 | Success: False | Epsilon: 0.743
Episode 218 | Reward:  -63.000 | Steps: 40 | Success: False | Epsilon: 0.742
Episode 219 | Reward: -134.000 | Steps: 40 | Success: False | Epsilon: 0.741
Episode 220 | Reward:   16.000 | Steps:  6 | Success: True | Epsilon: 0.740
Episode 221 | Reward:   52.000 | Steps: 40 | Success: False | Epsilon: 0.738
Episode 222 | Reward:   10.000 | Steps:  3 | Success: True | Epsilon: 0.737
Episode 223 | Reward:   18.000 | Steps: 25 | Success: True | Epsilon: 0.736
Episode 224 | Reward:  -32.000 | Steps:  5 | Success: False | Epsilon: 0.735
Episode 225 | Reward:   23.000 | Steps: 34 | Success: True | Epsilon: 0.734
Episode 226 | Reward:   42.000 | Steps: 31 | Success: True | Epsilon: 0.732
Episode 227 | Reward:    8.000 | Steps:  2 | Success: True | Epsilon: 0.731
Episode 228 | Reward:  -20.000 | Steps: 40 | Success: False | Epsilon: 0.730
Episode 229 | Reward:   30.000 | Steps: 30 | Success: True | Epsilon: 0.729
Episode 230 | Reward:  -14.000 | Steps:  1 | Success: False | Epsilon: 0.728
Episode 231 | Reward:    8.000 | Steps:  2 | Success: True | Epsilon: 0.727
Episode 232 | Reward:  -64.000 | Steps: 40 | Success: False | Epsilon: 0.725
Episode 233 | Reward:    8.000 | Steps:  2 | Success: True | Epsilon: 0.724
Episode 234 | Reward:   18.000 | Steps:  4 | Success: True | Epsilon: 0.723
Episode 235 | Reward:   15.000 | Steps: 18 | Success: True | Epsilon: 0.722
Episode 236 | Reward:  -14.000 | Steps:  1 | Success: False | Epsilon: 0.721
Episode 237 | Reward:  -34.000 | Steps:  6 | Success: False | Epsilon: 0.719
Episode 238 | Reward:   28.000 | Steps: 24 | Success: True | Epsilon: 0.718
Episode 239 | Reward: -144.000 | Steps: 40 | Success: False | Epsilon: 0.717
Episode 240 | Reward:   11.000 | Steps: 30 | Success: True | Epsilon: 0.716
Episode 241 | Reward:  -92.000 | Steps: 40 | Success: False | Epsilon: 0.715
Episode 242 | Reward:  -58.000 | Steps: 40 | Success: False | Epsilon: 0.713
Episode 243 | Reward:   16.000 | Steps:  3 | Success: True | Epsilon: 0.712
Episode 244 | Reward:    8.000 | Steps:  2 | Success: True | Epsilon: 0.711
Episode 245 | Reward:   18.000 | Steps:  7 | Success: True | Epsilon: 0.710
Episode 246 | Reward:  -34.000 | Steps:  5 | Success: False | Epsilon: 0.709
Episode 247 | Reward:   52.000 | Steps: 40 | Success: False | Epsilon: 0.708
Episode 248 | Reward:    8.000 | Steps:  2 | Success: True | Epsilon: 0.706
Episode 249 | Reward:   14.000 | Steps: 30 | Success: True | Epsilon: 0.705
Episode 250 | Reward:  -14.000 | Steps:  1 | Success: False | Epsilon: 0.704
Episode 251 | Reward:   32.000 | Steps: 23 | Success: True | Epsilon: 0.703
Episode 252 | Reward:   36.000 | Steps: 25 | Success: True | Epsilon: 0.702
Episode 253 | Reward:    8.000 | Steps:  2 | Success: True | Epsilon: 0.700
Episode 254 | Reward:   14.000 | Steps:  2 | Success: True | Epsilon: 0.699
Episode 255 | Reward:  -41.000 | Steps:  7 | Success: False | Epsilon: 0.698
Episode 256 | Reward:  -15.000 | Steps:  1 | Success: False | Epsilon: 0.697
Episode 257 | Reward:  -36.000 | Steps:  6 | Success: False | Epsilon: 0.696
Episode 258 | Reward:  -95.000 | Steps: 40 | Success: False | Epsilon: 0.694
Episode 259 | Reward:  -64.000 | Steps: 40 | Success: False | Epsilon: 0.693
Episode 260 | Reward:  -64.000 | Steps: 40 | Success: False | Epsilon: 0.692
Episode 261 | Reward:  -39.000 | Steps: 40 | Success: False | Epsilon: 0.691
Episode 262 | Reward:   32.000 | Steps: 23 | Success: True | Epsilon: 0.690
Episode 263 | Reward:   31.000 | Steps: 26 | Success: True | Epsilon: 0.688
Episode 264 | Reward:  -10.000 | Steps: 36 | Success: True | Epsilon: 0.687
Episode 265 | Reward:   48.000 | Steps: 22 | Success: True | Epsilon: 0.686
Episode 266 | Reward:  -32.000 | Steps: 40 | Success: False | Epsilon: 0.685
Episode 267 | Reward:   27.000 | Steps: 30 | Success: True | Epsilon: 0.684
Episode 268 | Reward:   46.000 | Steps: 24 | Success: True | Epsilon: 0.683
Episode 269 | Reward:    8.000 | Steps:  2 | Success: True | Epsilon: 0.681
Episode 270 | Reward:  -63.000 | Steps: 40 | Success: False | Epsilon: 0.680
Episode 271 | Reward:   27.000 | Steps: 21 | Success: True | Epsilon: 0.679
Episode 272 | Reward: -118.000 | Steps: 29 | Success: False | Epsilon: 0.678
Episode 273 | Reward:   20.000 | Steps: 22 | Success: True | Epsilon: 0.677
Episode 274 | Reward:   18.000 | Steps:  7 | Success: True | Epsilon: 0.675
Episode 275 | Reward:   32.000 | Steps: 23 | Success: True | Epsilon: 0.674
Episode 276 | Reward:    8.000 | Steps:  2 | Success: True | Epsilon: 0.673
Episode 277 | Reward:   38.000 | Steps: 22 | Success: True | Epsilon: 0.672
Episode 278 | Reward:    8.000 | Steps:  2 | Success: True | Epsilon: 0.671
Episode 279 | Reward:   24.000 | Steps: 28 | Success: True | Epsilon: 0.669
Episode 280 | Reward:   40.000 | Steps: 21 | Success: True | Epsilon: 0.668
Episode 281 | Reward:  -70.000 | Steps: 40 | Success: False | Epsilon: 0.667
Episode 282 | Reward:  -50.000 | Steps: 40 | Success: False | Epsilon: 0.666
Episode 283 | Reward:   -3.000 | Steps: 40 | Success: False | Epsilon: 0.665
Episode 284 | Reward:  -34.000 | Steps:  6 | Success: False | Epsilon: 0.664
Episode 285 | Reward:   40.000 | Steps: 33 | Success: True | Epsilon: 0.662
Episode 286 | Reward:  -14.000 | Steps: 20 | Success: True | Epsilon: 0.661
Episode 287 | Reward:   26.000 | Steps: 20 | Success: True | Epsilon: 0.660
Episode 288 | Reward:    2.000 | Steps: 20 | Success: True | Epsilon: 0.659
Episode 289 | Reward:  -56.000 | Steps: 40 | Success: False | Epsilon: 0.658
Episode 290 | Reward:    7.000 | Steps: 27 | Success: True | Epsilon: 0.656
Episode 291 | Reward:    8.000 | Steps:  2 | Success: True | Epsilon: 0.655
Episode 292 | Reward:   34.000 | Steps: 31 | Success: True | Epsilon: 0.654
Episode 293 | Reward:  -15.000 | Steps:  1 | Success: False | Epsilon: 0.653
Episode 294 | Reward:   18.000 | Steps: 25 | Success: True | Epsilon: 0.652
Episode 295 | Reward:   26.000 | Steps: 26 | Success: True | Epsilon: 0.650
Episode 296 | Reward:   -8.000 | Steps:  1 | Success: False | Epsilon: 0.649
Episode 297 | Reward:   29.000 | Steps: 25 | Success: True | Epsilon: 0.648
Episode 298 | Reward:    8.000 | Steps:  2 | Success: True | Epsilon: 0.647
Episode 299 | Reward:  -11.000 | Steps: 40 | Success: False | Epsilon: 0.646
Episode 300 | Reward:   20.000 | Steps: 12 | Success: True | Epsilon: 0.644
Episode 301 | Reward:  -14.000 | Steps:  1 | Success: False | Epsilon: 0.643
Episode 302 | Reward:   30.000 | Steps: 26 | Success: True | Epsilon: 0.642
Episode 303 | Reward:    8.000 | Steps:  2 | Success: True | Epsilon: 0.641
Episode 304 | Reward:    8.000 | Steps:  2 | Success: True | Epsilon: 0.640
Episode 305 | Reward: -110.000 | Steps: 40 | Success: False | Epsilon: 0.639
Episode 306 | Reward:   18.000 | Steps:  4 | Success: True | Epsilon: 0.637
Episode 307 | Reward:    8.000 | Steps:  2 | Success: True | Epsilon: 0.636
Episode 308 | Reward:  -30.000 | Steps:  6 | Success: False | Epsilon: 0.635
Episode 309 | Reward:   33.000 | Steps: 24 | Success: True | Epsilon: 0.634
Episode 310 | Reward:    8.000 | Steps:  2 | Success: True | Epsilon: 0.633
Episode 311 | Reward:  -45.000 | Steps: 40 | Success: False | Epsilon: 0.631
Episode 312 | Reward:    8.000 | Steps:  2 | Success: True | Epsilon: 0.630
Episode 313 | Reward:    8.000 | Steps:  2 | Success: True | Epsilon: 0.629
Episode 314 | Reward:  -32.000 | Steps:  5 | Success: False | Epsilon: 0.628
Episode 315 | Reward:   17.000 | Steps: 35 | Success: True | Epsilon: 0.627
Episode 316 | Reward:   18.000 | Steps: 31 | Success: True | Epsilon: 0.625
Episode 317 | Reward:   16.000 | Steps: 18 | Success: True | Epsilon: 0.624
Episode 318 | Reward:   23.000 | Steps: 29 | Success: True | Epsilon: 0.623
Episode 319 | Reward:  -65.000 | Steps: 40 | Success: False | Epsilon: 0.622
Episode 320 | Reward:    8.000 | Steps:  2 | Success: True | Epsilon: 0.621
Episode 321 | Reward:  -15.000 | Steps:  1 | Success: False | Epsilon: 0.620
Episode 322 | Reward:  -30.000 | Steps:  5 | Success: False | Epsilon: 0.618
Episode 323 | Reward:   16.000 | Steps: 27 | Success: True | Epsilon: 0.617
Episode 324 | Reward:    8.000 | Steps:  2 | Success: True | Epsilon: 0.616
Episode 325 | Reward:  -30.000 | Steps:  5 | Success: False | Epsilon: 0.615
Episode 326 | Reward: -158.000 | Steps: 40 | Success: False | Epsilon: 0.614
Episode 327 | Reward:   46.000 | Steps: 30 | Success: True | Epsilon: 0.612
Episode 328 | Reward:  -69.000 | Steps: 40 | Success: False | Epsilon: 0.611
Episode 329 | Reward:    8.000 | Steps:  2 | Success: True | Epsilon: 0.610
Episode 330 | Reward:   18.000 | Steps: 13 | Success: True | Epsilon: 0.609
Episode 331 | Reward:    5.000 | Steps: 20 | Success: True | Epsilon: 0.608
Episode 332 | Reward:   28.000 | Steps: 24 | Success: True | Epsilon: 0.606
Episode 333 | Reward:    8.000 | Steps:  2 | Success: True | Epsilon: 0.605
Episode 334 | Reward:  -57.000 | Steps: 40 | Success: False | Epsilon: 0.604
Episode 335 | Reward:   26.000 | Steps: 30 | Success: True | Epsilon: 0.603
Episode 336 | Reward:  -30.000 | Steps:  5 | Success: False | Epsilon: 0.602
Episode 337 | Reward:   26.000 | Steps: 31 | Success: True | Epsilon: 0.601
Episode 338 | Reward:  -58.000 | Steps: 40 | Success: False | Epsilon: 0.599
Episode 339 | Reward:   16.000 | Steps:  3 | Success: True | Epsilon: 0.598
Episode 340 | Reward:   10.000 | Steps:  3 | Success: True | Epsilon: 0.597
Episode 341 | Reward: -136.000 | Steps: 36 | Success: False | Epsilon: 0.596
Episode 342 | Reward:    8.000 | Steps:  2 | Success: True | Epsilon: 0.595
Episode 343 | Reward:  -76.000 | Steps: 40 | Success: False | Epsilon: 0.593
Episode 344 | Reward:    8.000 | Steps:  2 | Success: True | Epsilon: 0.592
Episode 345 | Reward:   14.000 | Steps:  5 | Success: True | Epsilon: 0.591
Episode 346 | Reward:   34.000 | Steps: 15 | Success: True | Epsilon: 0.590
Episode 347 | Reward:   16.000 | Steps:  3 | Success: True | Epsilon: 0.589
Episode 348 | Reward:  -38.000 | Steps: 40 | Success: False | Epsilon: 0.587
Episode 349 | Reward:   11.000 | Steps: 25 | Success: True | Epsilon: 0.586
Episode 350 | Reward:  -15.000 | Steps:  1 | Success: False | Epsilon: 0.585
Episode 351 | Reward:    8.000 | Steps:  2 | Success: True | Epsilon: 0.584
Episode 352 | Reward:    6.000 | Steps: 35 | Success: True | Epsilon: 0.583
Episode 353 | Reward:  -30.000 | Steps:  5 | Success: False | Epsilon: 0.581
Episode 354 | Reward: -164.000 | Steps: 40 | Success: False | Epsilon: 0.580
Episode 355 | Reward:    8.000 | Steps:  2 | Success: True | Epsilon: 0.579
Episode 356 | Reward:    8.000 | Steps:  2 | Success: True | Epsilon: 0.578
Episode 357 | Reward:   12.000 | Steps: 28 | Success: True | Epsilon: 0.577
Episode 358 | Reward:  -46.000 | Steps: 40 | Success: False | Epsilon: 0.576
Episode 359 | Reward:  -26.000 | Steps: 40 | Success: False | Epsilon: 0.574
Episode 360 | Reward:    8.000 | Steps:  2 | Success: True | Epsilon: 0.573
Episode 361 | Reward: -142.000 | Steps: 40 | Success: False | Epsilon: 0.572
Episode 362 | Reward:  -37.000 | Steps:  6 | Success: False | Epsilon: 0.571
Episode 363 | Reward:    8.000 | Steps:  2 | Success: True | Epsilon: 0.570
Episode 364 | Reward:    8.000 | Steps:  2 | Success: True | Epsilon: 0.568
Episode 365 | Reward:  -58.000 | Steps: 40 | Success: False | Epsilon: 0.567
Episode 366 | Reward:  -14.000 | Steps:  1 | Success: False | Epsilon: 0.566
Episode 367 | Reward:   18.000 | Steps:  4 | Success: True | Epsilon: 0.565
Episode 368 | Reward:  -51.000 | Steps: 40 | Success: False | Epsilon: 0.564
Episode 369 | Reward:  -14.000 | Steps:  1 | Success: False | Epsilon: 0.562
Episode 370 | Reward:  -30.000 | Steps:  6 | Success: False | Epsilon: 0.561
Episode 371 | Reward:   28.000 | Steps: 27 | Success: True | Epsilon: 0.560
Episode 372 | Reward:  -95.000 | Steps: 40 | Success: False | Epsilon: 0.559
Episode 373 | Reward: -102.000 | Steps: 40 | Success: False | Epsilon: 0.558
Episode 374 | Reward: -107.000 | Steps: 40 | Success: False | Epsilon: 0.557
Episode 375 | Reward:   17.000 | Steps: 28 | Success: True | Epsilon: 0.555
Episode 376 | Reward:    8.000 | Steps:  2 | Success: True | Epsilon: 0.554
Episode 377 | Reward:   33.000 | Steps: 30 | Success: True | Epsilon: 0.553
Episode 378 | Reward:    8.000 | Steps:  2 | Success: True | Epsilon: 0.552
Episode 379 | Reward:  -46.000 | Steps:  9 | Success: False | Epsilon: 0.551
Episode 380 | Reward:   14.000 | Steps:  2 | Success: True | Epsilon: 0.549
Episode 381 | Reward:  -34.000 | Steps:  6 | Success: False | Epsilon: 0.548
Episode 382 | Reward:    8.000 | Steps:  2 | Success: True | Epsilon: 0.547
Episode 383 | Reward:    8.000 | Steps:  2 | Success: True | Epsilon: 0.546
Episode 384 | Reward:   24.000 | Steps: 25 | Success: True | Epsilon: 0.545
Episode 385 | Reward:  -30.000 | Steps:  5 | Success: False | Epsilon: 0.543
Episode 386 | Reward:   10.000 | Steps: 40 | Success: False | Epsilon: 0.542
Episode 387 | Reward:   18.000 | Steps: 31 | Success: True | Epsilon: 0.541
Episode 388 | Reward:    8.000 | Steps:  2 | Success: True | Epsilon: 0.540
Episode 389 | Reward:   18.000 | Steps: 25 | Success: True | Epsilon: 0.539
Episode 390 | Reward:  -35.000 | Steps:  6 | Success: False | Epsilon: 0.537
Episode 391 | Reward:    8.000 | Steps:  2 | Success: True | Epsilon: 0.536
Episode 392 | Reward:   14.000 | Steps: 27 | Success: True | Epsilon: 0.535
Episode 393 | Reward:  -35.000 | Steps:  6 | Success: False | Epsilon: 0.534
Episode 394 | Reward:  -35.000 | Steps:  6 | Success: False | Epsilon: 0.533
Episode 395 | Reward:  -37.000 | Steps:  7 | Success: False | Epsilon: 0.532
Episode 396 | Reward:   34.000 | Steps: 27 | Success: True | Epsilon: 0.530
Episode 397 | Reward:    8.000 | Steps:  2 | Success: True | Epsilon: 0.529
Episode 398 | Reward:  -16.000 | Steps: 34 | Success: True | Epsilon: 0.528
Episode 399 | Reward:  -42.000 | Steps:  7 | Success: False | Epsilon: 0.527
Episode 400 | Reward:   16.000 | Steps:  3 | Success: True | Epsilon: 0.526
Episode 401 | Reward:    8.000 | Steps:  2 | Success: True | Epsilon: 0.524
Episode 402 | Reward:    8.000 | Steps:  2 | Success: True | Epsilon: 0.523
Episode 403 | Reward:    8.000 | Steps:  2 | Success: True | Epsilon: 0.522
Episode 404 | Reward:    8.000 | Steps:  2 | Success: True | Epsilon: 0.521
Episode 405 | Reward:   34.000 | Steps: 29 | Success: True | Epsilon: 0.520
Episode 406 | Reward:    8.000 | Steps:  2 | Success: True | Epsilon: 0.518
Episode 407 | Reward:    8.000 | Steps:  2 | Success: True | Epsilon: 0.517
Episode 408 | Reward:   23.000 | Steps: 20 | Success: True | Epsilon: 0.516
Episode 409 | Reward:   33.000 | Steps: 27 | Success: True | Epsilon: 0.515
Episode 410 | Reward:    8.000 | Steps: 36 | Success: True | Epsilon: 0.514
Episode 411 | Reward:    8.000 | Steps:  8 | Success: True | Epsilon: 0.513
Episode 412 | Reward:    8.000 | Steps:  2 | Success: True | Epsilon: 0.511
Episode 413 | Reward:   12.000 | Steps: 25 | Success: True | Epsilon: 0.510
Episode 414 | Reward:   14.000 | Steps:  5 | Success: True | Epsilon: 0.509
Episode 415 | Reward:   -8.000 | Steps:  1 | Success: False | Epsilon: 0.508
Episode 416 | Reward:    0.000 | Steps: 17 | Success: True | Epsilon: 0.507
Episode 417 | Reward:   10.000 | Steps:  3 | Success: True | Epsilon: 0.505
Episode 418 | Reward:    8.000 | Steps:  2 | Success: True | Epsilon: 0.504
Episode 419 | Reward:    8.000 | Steps:  2 | Success: True | Epsilon: 0.503
Episode 420 | Reward:    8.000 | Steps:  2 | Success: True | Epsilon: 0.502
Episode 421 | Reward:    8.000 | Steps:  2 | Success: True | Epsilon: 0.501
Episode 422 | Reward:  -10.000 | Steps: 40 | Success: True | Epsilon: 0.499
Episode 423 | Reward:   16.000 | Steps:  6 | Success: True | Epsilon: 0.498
Episode 424 | Reward:    8.000 | Steps:  2 | Success: True | Epsilon: 0.497
Episode 425 | Reward:    8.000 | Steps:  2 | Success: True | Epsilon: 0.496
Episode 426 | Reward:    8.000 | Steps:  2 | Success: True | Epsilon: 0.495
Episode 427 | Reward:    8.000 | Steps:  2 | Success: True | Epsilon: 0.493
Episode 428 | Reward:   14.000 | Steps: 26 | Success: True | Epsilon: 0.492
Episode 429 | Reward:    8.000 | Steps:  2 | Success: True | Epsilon: 0.491
Episode 430 | Reward:  -38.000 | Steps:  6 | Success: False | Epsilon: 0.490
Episode 431 | Reward:    8.000 | Steps:  2 | Success: True | Epsilon: 0.489
Episode 432 | Reward:   14.000 | Steps:  5 | Success: True | Epsilon: 0.488
Episode 433 | Reward:    8.000 | Steps:  2 | Success: True | Epsilon: 0.486
Episode 434 | Reward:   28.000 | Steps: 24 | Success: True | Epsilon: 0.485
Episode 435 | Reward:  -34.000 | Steps:  6 | Success: False | Epsilon: 0.484
Episode 436 | Reward:  -36.000 | Steps:  6 | Success: False | Epsilon: 0.483
Episode 437 | Reward:    8.000 | Steps:  2 | Success: True | Epsilon: 0.482
Episode 438 | Reward:   18.000 | Steps: 25 | Success: True | Epsilon: 0.480
Episode 439 | Reward:    8.000 | Steps:  2 | Success: True | Epsilon: 0.479
Episode 440 | Reward:   10.000 | Steps:  3 | Success: True | Epsilon: 0.478
Episode 441 | Reward:  -39.000 | Steps:  7 | Success: False | Epsilon: 0.477
Episode 442 | Reward:   18.000 | Steps: 25 | Success: True | Epsilon: 0.476
Episode 443 | Reward:   16.000 | Steps:  6 | Success: True | Epsilon: 0.474
Episode 444 | Reward:  -94.000 | Steps: 40 | Success: False | Epsilon: 0.473
Episode 445 | Reward:    8.000 | Steps:  2 | Success: True | Epsilon: 0.472
Episode 446 | Reward:  -39.000 | Steps:  7 | Success: False | Epsilon: 0.471
Episode 447 | Reward:   30.000 | Steps: 22 | Success: True | Epsilon: 0.470
Episode 448 | Reward:   26.000 | Steps: 26 | Success: True | Epsilon: 0.469
Episode 449 | Reward:    8.000 | Steps:  2 | Success: True | Epsilon: 0.467
Episode 450 | Reward:    8.000 | Steps:  2 | Success: True | Epsilon: 0.466
Episode 451 | Reward:  -32.000 | Steps:  5 | Success: False | Epsilon: 0.465
Episode 452 | Reward:  -37.000 | Steps:  6 | Success: False | Epsilon: 0.464
Episode 453 | Reward:    8.000 | Steps:  2 | Success: True | Epsilon: 0.463
Episode 454 | Reward:  -97.000 | Steps: 40 | Success: False | Epsilon: 0.461
Episode 455 | Reward:   32.000 | Steps: 14 | Success: True | Epsilon: 0.460
Episode 456 | Reward:  -95.000 | Steps: 40 | Success: False | Epsilon: 0.459
Episode 457 | Reward:   36.000 | Steps: 19 | Success: True | Epsilon: 0.458
Episode 458 | Reward:   40.000 | Steps: 34 | Success: True | Epsilon: 0.457
Episode 459 | Reward:  -36.000 | Steps: 36 | Success: True | Epsilon: 0.455
Episode 460 | Reward:   16.000 | Steps: 33 | Success: True | Epsilon: 0.454
Episode 461 | Reward:  -99.000 | Steps: 40 | Success: False | Epsilon: 0.453
Episode 462 | Reward:  -37.000 | Steps:  6 | Success: False | Epsilon: 0.452
Episode 463 | Reward:   52.000 | Steps: 40 | Success: False | Epsilon: 0.451
Episode 464 | Reward:   32.000 | Steps: 26 | Success: True | Epsilon: 0.449
Episode 465 | Reward:    8.000 | Steps:  2 | Success: True | Epsilon: 0.448
Episode 466 | Reward:    8.000 | Steps:  2 | Success: True | Epsilon: 0.447
Episode 467 | Reward:  -46.000 | Steps:  9 | Success: False | Epsilon: 0.446
Episode 468 | Reward:    8.000 | Steps:  2 | Success: True | Epsilon: 0.445
Episode 469 | Reward:   27.000 | Steps: 24 | Success: True | Epsilon: 0.444
Episode 470 | Reward:   18.000 | Steps: 31 | Success: True | Epsilon: 0.442
Episode 471 | Reward:  -44.000 | Steps:  7 | Success: False | Epsilon: 0.441
Episode 472 | Reward:   26.000 | Steps: 32 | Success: True | Epsilon: 0.440
Episode 473 | Reward:  -53.000 | Steps: 40 | Success: False | Epsilon: 0.439
Episode 474 | Reward:   22.000 | Steps: 30 | Success: True | Epsilon: 0.438
Episode 475 | Reward:   17.000 | Steps: 28 | Success: True | Epsilon: 0.436
Episode 476 | Reward:    8.000 | Steps:  2 | Success: True | Epsilon: 0.435
Episode 477 | Reward:    8.000 | Steps:  2 | Success: True | Epsilon: 0.434
Episode 478 | Reward:    8.000 | Steps:  2 | Success: True | Epsilon: 0.433
Episode 479 | Reward:    7.000 | Steps:  2 | Success: True | Epsilon: 0.432
Episode 480 | Reward:   -8.000 | Steps:  1 | Success: False | Epsilon: 0.430
Episode 481 | Reward:   -8.000 | Steps: 40 | Success: False | Epsilon: 0.429
Episode 482 | Reward:    8.000 | Steps:  2 | Success: True | Epsilon: 0.428
Episode 483 | Reward:    8.000 | Steps:  2 | Success: True | Epsilon: 0.427
Episode 484 | Reward:    8.000 | Steps:  2 | Success: True | Epsilon: 0.426
Episode 485 | Reward:    8.000 | Steps:  2 | Success: True | Epsilon: 0.425
Episode 486 | Reward: -101.000 | Steps: 40 | Success: False | Epsilon: 0.423
Episode 487 | Reward:    8.000 | Steps:  2 | Success: True | Epsilon: 0.422
Episode 488 | Reward:  -35.000 | Steps:  6 | Success: False | Epsilon: 0.421
Episode 489 | Reward:  -88.000 | Steps: 40 | Success: False | Epsilon: 0.420
Episode 490 | Reward:  -30.000 | Steps:  5 | Success: False | Epsilon: 0.419
Episode 491 | Reward:    8.000 | Steps:  2 | Success: True | Epsilon: 0.417
Episode 492 | Reward:   22.000 | Steps: 21 | Success: True | Epsilon: 0.416
Episode 493 | Reward:  -14.000 | Steps:  1 | Success: False | Epsilon: 0.415
Episode 494 | Reward:   18.000 | Steps: 30 | Success: True | Epsilon: 0.414
Episode 495 | Reward:    8.000 | Steps:  2 | Success: True | Epsilon: 0.413
Episode 496 | Reward:  -38.000 | Steps:  8 | Success: False | Epsilon: 0.411
Episode 497 | Reward:    8.000 | Steps:  2 | Success: True | Epsilon: 0.410
Episode 498 | Reward:    8.000 | Steps:  2 | Success: True | Epsilon: 0.409
Episode 499 | Reward:    8.000 | Steps:  2 | Success: True | Epsilon: 0.408
Episode 500 | Reward:  -56.000 | Steps: 11 | Success: False | Epsilon: 0.407
Episode 501 | Reward:    8.000 | Steps:  2 | Success: True | Epsilon: 0.406
Episode 502 | Reward:  -43.000 | Steps:  7 | Success: False | Epsilon: 0.404
Episode 503 | Reward: -102.000 | Steps: 40 | Success: False | Epsilon: 0.403
Episode 504 | Reward:    8.000 | Steps:  2 | Success: True | Epsilon: 0.402
Episode 505 | Reward:    8.000 | Steps:  2 | Success: True | Epsilon: 0.401
Episode 506 | Reward:    7.000 | Steps:  2 | Success: True | Epsilon: 0.400
Episode 507 | Reward:    8.000 | Steps:  2 | Success: True | Epsilon: 0.398
Episode 508 | Reward:   16.000 | Steps: 27 | Success: True | Epsilon: 0.397
Episode 509 | Reward: -144.000 | Steps: 40 | Success: False | Epsilon: 0.396
Episode 510 | Reward:  -14.000 | Steps:  1 | Success: False | Epsilon: 0.395
Episode 511 | Reward:  -94.000 | Steps: 40 | Success: False | Epsilon: 0.394
Episode 512 | Reward:    8.000 | Steps:  2 | Success: True | Epsilon: 0.392
Episode 513 | Reward:    8.000 | Steps:  2 | Success: True | Epsilon: 0.391
Episode 514 | Reward:   16.000 | Steps:  3 | Success: True | Epsilon: 0.390
Episode 515 | Reward:  -14.000 | Steps:  1 | Success: False | Epsilon: 0.389
Episode 516 | Reward: -106.000 | Steps: 40 | Success: False | Epsilon: 0.388
Episode 517 | Reward:  -35.000 | Steps:  6 | Success: False | Epsilon: 0.386
Episode 518 | Reward:  -39.000 | Steps:  7 | Success: False | Epsilon: 0.385
Episode 519 | Reward:    8.000 | Steps:  2 | Success: True | Epsilon: 0.384
Episode 520 | Reward:  -96.000 | Steps: 40 | Success: False | Epsilon: 0.383
Episode 521 | Reward:  -89.000 | Steps: 40 | Success: False | Epsilon: 0.382
Episode 522 | Reward:    8.000 | Steps:  2 | Success: True | Epsilon: 0.381
Episode 523 | Reward:   14.000 | Steps:  2 | Success: True | Epsilon: 0.379
Episode 524 | Reward:    8.000 | Steps:  2 | Success: True | Epsilon: 0.378
Episode 525 | Reward:   25.000 | Steps: 35 | Success: True | Epsilon: 0.377
Episode 526 | Reward:    8.000 | Steps:  2 | Success: True | Epsilon: 0.376
Episode 527 | Reward:   14.000 | Steps: 39 | Success: True | Epsilon: 0.375
Episode 528 | Reward:    8.000 | Steps:  2 | Success: True | Epsilon: 0.373
Episode 529 | Reward:    8.000 | Steps:  2 | Success: True | Epsilon: 0.372
Episode 530 | Reward:   12.000 | Steps:  4 | Success: True | Epsilon: 0.371
Episode 531 | Reward:    6.000 | Steps:  4 | Success: True | Epsilon: 0.370
Episode 532 | Reward:  -36.000 | Steps:  6 | Success: False | Epsilon: 0.369
Episode 533 | Reward:   -8.000 | Steps:  1 | Success: False | Epsilon: 0.367
Episode 534 | Reward:    8.000 | Steps:  2 | Success: True | Epsilon: 0.366
Episode 535 | Reward:  -43.000 | Steps:  7 | Success: False | Epsilon: 0.365
Episode 536 | Reward:   16.000 | Steps: 33 | Success: True | Epsilon: 0.364
Episode 537 | Reward:    8.000 | Steps:  2 | Success: True | Epsilon: 0.363
Episode 538 | Reward:   10.000 | Steps:  3 | Success: True | Epsilon: 0.362
Episode 539 | Reward:   23.000 | Steps: 28 | Success: True | Epsilon: 0.360
Episode 540 | Reward:    8.000 | Steps:  2 | Success: True | Epsilon: 0.359
Episode 541 | Reward:    8.000 | Steps:  2 | Success: True | Epsilon: 0.358
Episode 542 | Reward:  -60.000 | Steps: 40 | Success: False | Epsilon: 0.357
Episode 543 | Reward:  -89.000 | Steps: 40 | Success: False | Epsilon: 0.356
Episode 544 | Reward:   27.000 | Steps: 36 | Success: True | Epsilon: 0.354
Episode 545 | Reward:  -42.000 | Steps:  7 | Success: False | Epsilon: 0.353
Episode 546 | Reward:   18.000 | Steps: 31 | Success: True | Epsilon: 0.352
Episode 547 | Reward:  -81.000 | Steps: 40 | Success: False | Epsilon: 0.351
Episode 548 | Reward:  -63.000 | Steps: 40 | Success: False | Epsilon: 0.350
Episode 549 | Reward:  -42.000 | Steps:  7 | Success: False | Epsilon: 0.348
Episode 550 | Reward:   16.000 | Steps: 24 | Success: True | Epsilon: 0.347
Episode 551 | Reward:    8.000 | Steps:  2 | Success: True | Epsilon: 0.346
Episode 552 | Reward:  -43.000 | Steps:  7 | Success: False | Epsilon: 0.345
Episode 553 | Reward:   35.000 | Steps: 38 | Success: True | Epsilon: 0.344
Episode 554 | Reward:  -39.000 | Steps:  7 | Success: False | Epsilon: 0.342
Episode 555 | Reward:    8.000 | Steps:  2 | Success: True | Epsilon: 0.341
Episode 556 | Reward:  -71.000 | Steps: 40 | Success: False | Epsilon: 0.340
Episode 557 | Reward:    8.000 | Steps:  2 | Success: True | Epsilon: 0.339
Episode 558 | Reward:    8.000 | Steps:  2 | Success: True | Epsilon: 0.338
Episode 559 | Reward:    8.000 | Steps:  2 | Success: True | Epsilon: 0.337
Episode 560 | Reward:  -89.000 | Steps: 40 | Success: False | Epsilon: 0.335
Episode 561 | Reward:  -88.000 | Steps: 40 | Success: False | Epsilon: 0.334
Episode 562 | Reward: -101.000 | Steps: 40 | Success: False | Epsilon: 0.333
Episode 563 | Reward: -100.000 | Steps: 40 | Success: False | Epsilon: 0.332
Episode 564 | Reward:    7.000 | Steps:  2 | Success: True | Epsilon: 0.331
Episode 565 | Reward:    8.000 | Steps:  2 | Success: True | Epsilon: 0.329
Episode 566 | Reward:  -38.000 | Steps:  6 | Success: False | Epsilon: 0.328
Episode 567 | Reward: -107.000 | Steps: 40 | Success: False | Epsilon: 0.327
Episode 568 | Reward:  -83.000 | Steps: 40 | Success: False | Epsilon: 0.326
Episode 569 | Reward:    6.000 | Steps: 23 | Success: True | Epsilon: 0.325
Episode 570 | Reward:    7.000 | Steps:  2 | Success: True | Epsilon: 0.323
Episode 571 | Reward:    7.000 | Steps:  2 | Success: True | Epsilon: 0.322
Episode 572 | Reward: -109.000 | Steps: 40 | Success: False | Epsilon: 0.321
Episode 573 | Reward:    8.000 | Steps:  2 | Success: True | Epsilon: 0.320
Episode 574 | Reward:    8.000 | Steps:  2 | Success: True | Epsilon: 0.319
Episode 575 | Reward:    8.000 | Steps:  2 | Success: True | Epsilon: 0.318
Episode 576 | Reward:   22.000 | Steps: 40 | Success: False | Epsilon: 0.316
Episode 577 | Reward:    9.000 | Steps: 18 | Success: True | Epsilon: 0.315
Episode 578 | Reward:    7.000 | Steps:  2 | Success: True | Epsilon: 0.314
Episode 579 | Reward:   13.000 | Steps: 26 | Success: True | Epsilon: 0.313
Episode 580 | Reward:  -35.000 | Steps:  6 | Success: False | Epsilon: 0.312
Episode 581 | Reward:    8.000 | Steps:  2 | Success: True | Epsilon: 0.310
Episode 582 | Reward:   16.000 | Steps: 18 | Success: True | Epsilon: 0.309
Episode 583 | Reward:    7.000 | Steps:  2 | Success: True | Epsilon: 0.308
Episode 584 | Reward:    4.000 | Steps: 22 | Success: True | Epsilon: 0.307
Episode 585 | Reward:    8.000 | Steps:  2 | Success: True | Epsilon: 0.306
Episode 586 | Reward:   22.000 | Steps: 40 | Success: False | Epsilon: 0.304
Episode 587 | Reward:    8.000 | Steps:  2 | Success: True | Epsilon: 0.303
Episode 588 | Reward:  -95.000 | Steps: 40 | Success: False | Epsilon: 0.302
Episode 589 | Reward: -121.000 | Steps: 40 | Success: False | Epsilon: 0.301
Episode 590 | Reward:    8.000 | Steps:  2 | Success: True | Epsilon: 0.300
Episode 591 | Reward:    8.000 | Steps:  2 | Success: True | Epsilon: 0.298
Episode 592 | Reward:  -98.000 | Steps: 40 | Success: False | Epsilon: 0.297
Episode 593 | Reward:  -14.000 | Steps:  1 | Success: False | Epsilon: 0.296
Episode 594 | Reward: -131.000 | Steps: 40 | Success: False | Epsilon: 0.295
Episode 595 | Reward: -133.000 | Steps: 40 | Success: False | Epsilon: 0.294
Episode 596 | Reward:  -36.000 | Steps:  6 | Success: False | Epsilon: 0.293
Episode 597 | Reward: -140.000 | Steps: 40 | Success: False | Epsilon: 0.291
Episode 598 | Reward:  -92.000 | Steps: 40 | Success: False | Epsilon: 0.290
Episode 599 | Reward:    8.000 | Steps:  2 | Success: True | Epsilon: 0.289
Episode 600 | Reward:   16.000 | Steps:  3 | Success: True | Epsilon: 0.288
Episode 601 | Reward:   12.000 | Steps: 34 | Success: True | Epsilon: 0.287
Episode 602 | Reward:    8.000 | Steps:  2 | Success: True | Epsilon: 0.285
Episode 603 | Reward:  -42.000 | Steps:  7 | Success: False | Epsilon: 0.284
Episode 604 | Reward:  -47.000 | Steps:  9 | Success: False | Epsilon: 0.283
Episode 605 | Reward:   14.000 | Steps: 26 | Success: True | Epsilon: 0.282
Episode 606 | Reward:  -22.000 | Steps: 40 | Success: False | Epsilon: 0.281
Episode 607 | Reward:  -46.000 | Steps:  8 | Success: False | Epsilon: 0.279
Episode 608 | Reward:  -35.000 | Steps:  7 | Success: False | Epsilon: 0.278
Episode 609 | Reward:  -32.000 | Steps:  5 | Success: False | Epsilon: 0.277
Episode 610 | Reward: -129.000 | Steps: 40 | Success: False | Epsilon: 0.276
Episode 611 | Reward:    8.000 | Steps:  2 | Success: True | Epsilon: 0.275
Episode 612 | Reward:    8.000 | Steps:  2 | Success: True | Epsilon: 0.274
Episode 613 | Reward: -131.000 | Steps: 40 | Success: False | Epsilon: 0.272
Episode 614 | Reward:   18.000 | Steps: 26 | Success: True | Epsilon: 0.271
Episode 615 | Reward:  -44.000 | Steps: 40 | Success: False | Epsilon: 0.270
Episode 616 | Reward:  -41.000 | Steps:  7 | Success: False | Epsilon: 0.269
Episode 617 | Reward:  -48.000 | Steps:  9 | Success: False | Epsilon: 0.268
Episode 618 | Reward:   -8.000 | Steps:  1 | Success: False | Epsilon: 0.266
Episode 619 | Reward:    8.000 | Steps:  2 | Success: True | Epsilon: 0.265
Episode 620 | Reward: -139.000 | Steps: 40 | Success: False | Epsilon: 0.264
Episode 621 | Reward: -123.000 | Steps: 40 | Success: False | Epsilon: 0.263
Episode 622 | Reward:    8.000 | Steps:  2 | Success: True | Epsilon: 0.262
Episode 623 | Reward: -146.000 | Steps: 40 | Success: False | Epsilon: 0.260
Episode 624 | Reward:  -36.000 | Steps:  6 | Success: False | Epsilon: 0.259
Episode 625 | Reward:  -59.000 | Steps: 12 | Success: False | Epsilon: 0.258
Episode 626 | Reward:  -14.000 | Steps:  1 | Success: False | Epsilon: 0.257
Episode 627 | Reward:    8.000 | Steps:  2 | Success: True | Epsilon: 0.256
Episode 628 | Reward:  -15.000 | Steps:  1 | Success: False | Epsilon: 0.255
Episode 629 | Reward:    8.000 | Steps:  2 | Success: True | Epsilon: 0.253
Episode 630 | Reward:    8.000 | Steps:  2 | Success: True | Epsilon: 0.252
Episode 631 | Reward:  -34.000 | Steps:  6 | Success: False | Epsilon: 0.251
Episode 632 | Reward:   41.000 | Steps: 40 | Success: True | Epsilon: 0.250
Episode 633 | Reward:   -8.000 | Steps:  1 | Success: False | Epsilon: 0.249
Episode 634 | Reward:  -37.000 | Steps:  7 | Success: False | Epsilon: 0.247
Episode 635 | Reward:    8.000 | Steps:  2 | Success: True | Epsilon: 0.246
Episode 636 | Reward:    8.000 | Steps:  2 | Success: True | Epsilon: 0.245
Episode 637 | Reward: -117.000 | Steps: 40 | Success: False | Epsilon: 0.244
Episode 638 | Reward:    7.000 | Steps:  2 | Success: True | Epsilon: 0.243
Episode 639 | Reward:  -32.000 | Steps:  5 | Success: False | Epsilon: 0.241
Episode 640 | Reward: -145.000 | Steps: 40 | Success: False | Epsilon: 0.240
Episode 641 | Reward:   -1.000 | Steps: 34 | Success: True | Epsilon: 0.239
Episode 642 | Reward:    8.000 | Steps:  2 | Success: True | Epsilon: 0.238
Episode 643 | Reward:    8.000 | Steps:  2 | Success: True | Epsilon: 0.237
Episode 644 | Reward:   36.000 | Steps: 33 | Success: True | Epsilon: 0.235
Episode 645 | Reward:  -39.000 | Steps:  8 | Success: False | Epsilon: 0.234
Episode 646 | Reward: -118.000 | Steps: 40 | Success: False | Epsilon: 0.233
Episode 647 | Reward:  -15.000 | Steps:  1 | Success: False | Epsilon: 0.232
Episode 648 | Reward:  -90.000 | Steps: 40 | Success: False | Epsilon: 0.231
Episode 649 | Reward:  -36.000 | Steps:  6 | Success: False | Epsilon: 0.230
Episode 650 | Reward:  -53.000 | Steps: 40 | Success: False | Epsilon: 0.228
Episode 651 | Reward: -142.000 | Steps: 40 | Success: False | Epsilon: 0.227
Episode 652 | Reward:  -77.000 | Steps: 40 | Success: False | Epsilon: 0.226
Episode 653 | Reward:    7.000 | Steps:  2 | Success: True | Epsilon: 0.225
Episode 654 | Reward:   -8.000 | Steps:  1 | Success: False | Epsilon: 0.224
Episode 655 | Reward:   18.000 | Steps: 34 | Success: True | Epsilon: 0.222
Episode 656 | Reward: -140.000 | Steps: 40 | Success: False | Epsilon: 0.221
Episode 657 | Reward: -147.000 | Steps: 40 | Success: False | Epsilon: 0.220
Episode 658 | Reward:    8.000 | Steps:  2 | Success: True | Epsilon: 0.219
Episode 659 | Reward:  -59.000 | Steps: 40 | Success: False | Epsilon: 0.218
Episode 660 | Reward: -118.000 | Steps: 40 | Success: False | Epsilon: 0.216
Episode 661 | Reward:  -30.000 | Steps:  5 | Success: False | Epsilon: 0.215
Episode 662 | Reward:  -32.000 | Steps:  5 | Success: False | Epsilon: 0.214
Episode 663 | Reward:   18.000 | Steps: 31 | Success: True | Epsilon: 0.213
Episode 664 | Reward:  -35.000 | Steps:  6 | Success: False | Epsilon: 0.212
Episode 665 | Reward:   -1.000 | Steps: 16 | Success: True | Epsilon: 0.211
Episode 666 | Reward:    7.000 | Steps:  2 | Success: True | Epsilon: 0.209
Episode 667 | Reward:    8.000 | Steps:  2 | Success: True | Epsilon: 0.208
Episode 668 | Reward:  -47.000 | Steps:  8 | Success: False | Epsilon: 0.207
Episode 669 | Reward:    0.000 | Steps: 40 | Success: False | Epsilon: 0.206
Episode 670 | Reward:  -78.000 | Steps: 40 | Success: False | Epsilon: 0.205
Episode 671 | Reward:   14.000 | Steps: 29 | Success: True | Epsilon: 0.203
Episode 672 | Reward:  -44.000 | Steps:  8 | Success: False | Epsilon: 0.202
Episode 673 | Reward:  -43.000 | Steps:  9 | Success: False | Epsilon: 0.201
Episode 674 | Reward:  -45.000 | Steps:  9 | Success: False | Epsilon: 0.200
Episode 675 | Reward:   -8.000 | Steps:  1 | Success: False | Epsilon: 0.199
Episode 676 | Reward: -134.000 | Steps: 40 | Success: False | Epsilon: 0.197
Episode 677 | Reward: -104.000 | Steps: 40 | Success: False | Epsilon: 0.196
Episode 678 | Reward: -138.000 | Steps: 40 | Success: False | Epsilon: 0.195
Episode 679 | Reward:  -15.000 | Steps:  1 | Success: False | Epsilon: 0.194
Episode 680 | Reward:  -15.000 | Steps:  1 | Success: False | Epsilon: 0.193
Episode 681 | Reward:   18.000 | Steps: 25 | Success: True | Epsilon: 0.191
Episode 682 | Reward:  -45.000 | Steps:  8 | Success: False | Epsilon: 0.190
Episode 683 | Reward:  -46.000 | Steps:  9 | Success: False | Epsilon: 0.189
Episode 684 | Reward:  -65.000 | Steps: 18 | Success: False | Epsilon: 0.188
Episode 685 | Reward:  -51.000 | Steps: 40 | Success: False | Epsilon: 0.187
Episode 686 | Reward:  -37.000 | Steps:  6 | Success: False | Epsilon: 0.186
Episode 687 | Reward:   14.000 | Steps:  2 | Success: True | Epsilon: 0.184
Episode 688 | Reward:  -46.000 | Steps:  8 | Success: False | Epsilon: 0.183
Episode 689 | Reward: -130.000 | Steps: 40 | Success: False | Epsilon: 0.182
Episode 690 | Reward: -129.000 | Steps: 40 | Success: False | Epsilon: 0.181
Episode 691 | Reward:    8.000 | Steps:  2 | Success: True | Epsilon: 0.180
Episode 692 | Reward: -128.000 | Steps: 40 | Success: False | Epsilon: 0.178
Episode 693 | Reward: -141.000 | Steps: 40 | Success: False | Epsilon: 0.177
Episode 694 | Reward:  -38.000 | Steps:  6 | Success: False | Epsilon: 0.176
Episode 695 | Reward:    8.000 | Steps:  2 | Success: True | Epsilon: 0.175
Episode 696 | Reward: -100.000 | Steps: 40 | Success: False | Epsilon: 0.174
Episode 697 | Reward:  -38.000 | Steps:  7 | Success: False | Epsilon: 0.172
Episode 698 | Reward:  -34.000 | Steps:  5 | Success: False | Epsilon: 0.171
Episode 699 | Reward:  -30.000 | Steps:  5 | Success: False | Epsilon: 0.170
Episode 700 | Reward:  -30.000 | Steps:  5 | Success: False | Epsilon: 0.169
Episode 701 | Reward:    8.000 | Steps:  2 | Success: True | Epsilon: 0.168
Episode 702 | Reward: -134.000 | Steps: 40 | Success: False | Epsilon: 0.167
Episode 703 | Reward: -115.000 | Steps: 40 | Success: False | Epsilon: 0.165
Episode 704 | Reward:  -70.000 | Steps: 40 | Success: False | Epsilon: 0.164
Episode 705 | Reward:    8.000 | Steps:  2 | Success: True | Epsilon: 0.163
Episode 706 | Reward:  -55.000 | Steps: 40 | Success: False | Epsilon: 0.162
Episode 707 | Reward:    8.000 | Steps:  2 | Success: True | Epsilon: 0.161
Episode 708 | Reward:  -48.000 | Steps:  9 | Success: False | Epsilon: 0.159
Episode 709 | Reward:  -32.000 | Steps:  5 | Success: False | Epsilon: 0.158
Episode 710 | Reward: -115.000 | Steps: 40 | Success: False | Epsilon: 0.157
Episode 711 | Reward:    8.000 | Steps:  2 | Success: True | Epsilon: 0.156
Episode 712 | Reward:    7.000 | Steps:  2 | Success: True | Epsilon: 0.155
Episode 713 | Reward:  -42.000 | Steps:  8 | Success: False | Epsilon: 0.153
Episode 714 | Reward:  -54.000 | Steps: 13 | Success: False | Epsilon: 0.152
Episode 715 | Reward:    8.000 | Steps:  2 | Success: True | Epsilon: 0.151
Episode 716 | Reward: -116.000 | Steps: 40 | Success: False | Epsilon: 0.150
Episode 717 | Reward: -134.000 | Steps: 40 | Success: False | Epsilon: 0.149
Episode 718 | Reward: -102.000 | Steps: 40 | Success: False | Epsilon: 0.147
Episode 719 | Reward:    7.000 | Steps:  2 | Success: True | Epsilon: 0.146
Episode 720 | Reward: -110.000 | Steps: 40 | Success: False | Epsilon: 0.145
Episode 721 | Reward:  -40.000 | Steps:  7 | Success: False | Epsilon: 0.144
Episode 722 | Reward:    8.000 | Steps:  2 | Success: True | Epsilon: 0.143
Episode 723 | Reward:   11.000 | Steps: 13 | Success: True | Epsilon: 0.142
Episode 724 | Reward: -141.000 | Steps: 40 | Success: False | Epsilon: 0.140
Episode 725 | Reward:  -40.000 | Steps:  7 | Success: False | Epsilon: 0.139
Episode 726 | Reward: -146.000 | Steps: 40 | Success: False | Epsilon: 0.138
Episode 727 | Reward:  -38.000 | Steps:  6 | Success: False | Epsilon: 0.137
Episode 728 | Reward: -131.000 | Steps: 40 | Success: False | Epsilon: 0.136
Episode 729 | Reward:    7.000 | Steps:  2 | Success: True | Epsilon: 0.134
Episode 730 | Reward: -146.000 | Steps: 40 | Success: False | Epsilon: 0.133
Episode 731 | Reward:  -76.000 | Steps: 21 | Success: False | Epsilon: 0.132
Episode 732 | Reward:   -7.000 | Steps: 31 | Success: True | Epsilon: 0.131
Episode 733 | Reward: -121.000 | Steps: 40 | Success: False | Epsilon: 0.130
Episode 734 | Reward:  -14.000 | Steps:  1 | Success: False | Epsilon: 0.128
Episode 735 | Reward:   -8.000 | Steps:  1 | Success: False | Epsilon: 0.127
Episode 736 | Reward: -147.000 | Steps: 40 | Success: False | Epsilon: 0.126
Episode 737 | Reward:  -30.000 | Steps:  5 | Success: False | Epsilon: 0.125
Episode 738 | Reward:    8.000 | Steps:  2 | Success: True | Epsilon: 0.124
Episode 739 | Reward:  -14.000 | Steps:  1 | Success: False | Epsilon: 0.123
Episode 740 | Reward:  -36.000 | Steps:  7 | Success: False | Epsilon: 0.121
Episode 741 | Reward:  -33.000 | Steps:  7 | Success: False | Epsilon: 0.120
Episode 742 | Reward:  -39.000 | Steps:  6 | Success: False | Epsilon: 0.119
Episode 743 | Reward:    8.000 | Steps:  2 | Success: True | Epsilon: 0.118
Episode 744 | Reward:    8.000 | Steps:  2 | Success: True | Epsilon: 0.117
Episode 745 | Reward:  -15.000 | Steps:  1 | Success: False | Epsilon: 0.115
Episode 746 | Reward:  -50.000 | Steps: 11 | Success: False | Epsilon: 0.114
Episode 747 | Reward:    8.000 | Steps:  2 | Success: True | Epsilon: 0.113
Episode 748 | Reward:  -88.000 | Steps: 40 | Success: False | Epsilon: 0.112
Episode 749 | Reward:  -44.000 | Steps: 40 | Success: False | Epsilon: 0.111
Episode 750 | Reward: -110.000 | Steps: 40 | Success: False | Epsilon: 0.109
Episode 751 | Reward:    8.000 | Steps:  2 | Success: True | Epsilon: 0.108
Episode 752 | Reward:  -24.000 | Steps: 21 | Success: True | Epsilon: 0.107
Episode 753 | Reward:  -48.000 | Steps: 40 | Success: False | Epsilon: 0.106
Episode 754 | Reward:  -43.000 | Steps:  8 | Success: False | Epsilon: 0.105
Episode 755 | Reward:  -73.000 | Steps: 20 | Success: False | Epsilon: 0.104
Episode 756 | Reward:  -38.000 | Steps:  8 | Success: False | Epsilon: 0.102
Episode 757 | Reward: -140.000 | Steps: 40 | Success: False | Epsilon: 0.101
Episode 758 | Reward:  -26.000 | Steps: 40 | Success: False | Epsilon: 0.100
Episode 759 | Reward:    8.000 | Steps:  2 | Success: True | Epsilon: 0.099
Episode 760 | Reward:  -14.000 | Steps:  1 | Success: False | Epsilon: 0.098
Episode 761 | Reward:  -21.000 | Steps: 25 | Success: True | Epsilon: 0.096
Episode 762 | Reward:    8.000 | Steps:  2 | Success: True | Epsilon: 0.095
Episode 763 | Reward: -116.000 | Steps: 40 | Success: False | Epsilon: 0.094
Episode 764 | Reward:    8.000 | Steps:  2 | Success: True | Epsilon: 0.093
Episode 765 | Reward: -121.000 | Steps: 40 | Success: False | Epsilon: 0.092
Episode 766 | Reward:  -14.000 | Steps:  1 | Success: False | Epsilon: 0.090
Episode 767 | Reward:  -46.000 | Steps:  7 | Success: False | Epsilon: 0.089
Episode 768 | Reward:  -34.000 | Steps:  5 | Success: False | Epsilon: 0.088
Episode 769 | Reward: -182.000 | Steps: 37 | Success: False | Epsilon: 0.087
Episode 770 | Reward:  -14.000 | Steps:  1 | Success: False | Epsilon: 0.086
Episode 771 | Reward:  -46.000 | Steps:  8 | Success: False | Epsilon: 0.084
Episode 772 | Reward:  -38.000 | Steps:  6 | Success: False | Epsilon: 0.083
Episode 773 | Reward:  -30.000 | Steps:  5 | Success: False | Epsilon: 0.082
Episode 774 | Reward:  -79.000 | Steps: 36 | Success: True | Epsilon: 0.081
Episode 775 | Reward:    8.000 | Steps:  2 | Success: True | Epsilon: 0.080
Episode 776 | Reward: -107.000 | Steps: 40 | Success: False | Epsilon: 0.079
Episode 777 | Reward: -140.000 | Steps: 32 | Success: False | Epsilon: 0.077
Episode 778 | Reward:    8.000 | Steps:  2 | Success: True | Epsilon: 0.076
Episode 779 | Reward: -142.000 | Steps: 40 | Success: False | Epsilon: 0.075
Episode 780 | Reward:  -56.000 | Steps: 15 | Success: False | Epsilon: 0.074
Episode 781 | Reward:  -43.000 | Steps:  9 | Success: False | Epsilon: 0.073
Episode 782 | Reward:  -36.000 | Steps:  6 | Success: False | Epsilon: 0.071
Episode 783 | Reward:  -45.000 | Steps:  8 | Success: False | Epsilon: 0.070
Episode 784 | Reward: -141.000 | Steps: 40 | Success: False | Epsilon: 0.069
Episode 785 | Reward:  -46.000 | Steps:  8 | Success: False | Epsilon: 0.068
Episode 786 | Reward:    8.000 | Steps:  2 | Success: True | Epsilon: 0.067
Episode 787 | Reward: -147.000 | Steps: 40 | Success: False | Epsilon: 0.065
Episode 788 | Reward:  -64.000 | Steps: 15 | Success: False | Epsilon: 0.064
Episode 789 | Reward: -111.000 | Steps: 40 | Success: False | Epsilon: 0.063
Episode 790 | Reward:  -63.000 | Steps: 14 | Success: False | Epsilon: 0.062
Episode 791 | Reward: -146.000 | Steps: 40 | Success: False | Epsilon: 0.061
Episode 792 | Reward: -124.000 | Steps: 40 | Success: False | Epsilon: 0.060
Episode 793 | Reward:  -65.000 | Steps: 21 | Success: False | Epsilon: 0.058
Episode 794 | Reward:  -75.000 | Steps: 15 | Success: False | Epsilon: 0.057
Episode 795 | Reward: -116.000 | Steps: 40 | Success: False | Epsilon: 0.056
Episode 796 | Reward:  -22.000 | Steps:  3 | Success: False | Epsilon: 0.055
Episode 797 | Reward: -141.000 | Steps: 40 | Success: False | Epsilon: 0.054
Episode 798 | Reward:    8.000 | Steps:  2 | Success: True | Epsilon: 0.052
Episode 799 | Reward: -134.000 | Steps: 40 | Success: False | Epsilon: 0.051
Episode 800 | Reward:    8.000 | Steps:  2 | Success: True | Epsilon: 0.050

Training summary
Average reward (last 20 episodes): -74.750
Total success count: 447
Success rate: 55.88%
Best average reward (rolling 20): 17.600
