[START] task=easy_traffic_spike_recovery
[STEP] step=1 action=3 score=0.2112
[STEP] step=2 action=2 score=0.3251
[STEP] step=3 action=4 score=0.3856
[STEP] step=4 action=5 score=0.4129
[STEP] step=5 action=5 score=0.4405
[STEP] step=6 action=5 score=0.4667
[STEP] step=7 action=5 score=0.4823
[STEP] step=8 action=5 score=0.4917
[STEP] step=9 action=5 score=0.7978
[STEP] step=10 action=5 score=0.8038
[STEP] step=11 action=5 score=0.8098
[STEP] step=12 action=5 score=0.8159
[STEP] step=13 action=5 score=0.8219
[STEP] step=14 action=5 score=0.828
[STEP] step=15 action=5 score=0.834
[STEP] step=16 action=5 score=0.8379
[STEP] step=17 action=5 score=0.8412
[STEP] step=18 action=5 score=0.8445
[STEP] step=19 action=5 score=0.8478
[STEP] step=20 action=5 score=0.8478
[STEP] step=21 action=5 score=0.8478
[STEP] step=22 action=5 score=0.8478
[STEP] step=23 action=5 score=0.8478
[STEP] step=24 action=5 score=0.8478
[END] final_score=0.8478 steps=24
[START] task=medium_db_failure_recovery
[STEP] step=1 action=3 score=0.2133
[STEP] step=2 action=2 score=0.3065
[STEP] step=3 action=4 score=0.371
[STEP] step=4 action=5 score=0.3934
[STEP] step=5 action=5 score=0.416
[STEP] step=6 action=5 score=0.4374
[STEP] step=7 action=5 score=0.4501
[STEP] step=8 action=5 score=0.4578
[STEP] step=9 action=5 score=0.4628
[STEP] step=10 action=5 score=0.4677
[STEP] step=11 action=5 score=0.4727
[STEP] step=12 action=5 score=0.4776
[STEP] step=13 action=5 score=0.4826
[STEP] step=14 action=5 score=0.4875
[STEP] step=15 action=5 score=0.4925
[STEP] step=16 action=5 score=0.4956
[STEP] step=17 action=5 score=0.4983
[STEP] step=18 action=5 score=0.501
[STEP] step=19 action=5 score=0.5037
[STEP] step=20 action=5 score=0.5037
[STEP] step=21 action=5 score=0.5037
[STEP] step=22 action=5 score=0.5037
[STEP] step=23 action=5 score=0.5037
[STEP] step=24 action=5 score=0.5037
[STEP] step=25 action=5 score=0.5037
[STEP] step=26 action=5 score=0.5037
[STEP] step=27 action=5 score=0.5037
[STEP] step=28 action=5 score=0.5037
[STEP] step=29 action=5 score=0.5037
[STEP] step=30 action=5 score=0.5037
[END] final_score=0.5037 steps=30
[START] task=hard_multi_failure_recovery
[STEP] step=1 action=3 score=0.2378
[STEP] step=2 action=2 score=0.3206
[STEP] step=3 action=4 score=0.3646
[STEP] step=4 action=5 score=0.3895
[STEP] step=5 action=5 score=0.412
[STEP] step=6 action=5 score=0.4337
[STEP] step=7 action=5 score=0.4464
[STEP] step=8 action=5 score=0.4547
[STEP] step=9 action=5 score=0.4602
[STEP] step=10 action=5 score=0.465
[STEP] step=11 action=5 score=0.4698
[STEP] step=12 action=5 score=0.4746
[STEP] step=13 action=5 score=0.4791
[STEP] step=14 action=5 score=0.4836
[STEP] step=15 action=5 score=0.4881
[STEP] step=16 action=5 score=0.491
[STEP] step=17 action=5 score=0.4935
[STEP] step=18 action=5 score=0.4959
[STEP] step=19 action=5 score=0.4983
[STEP] step=20 action=5 score=0.4984
[STEP] step=21 action=5 score=0.4984
[STEP] step=22 action=5 score=0.4984
[STEP] step=23 action=5 score=0.4984
[STEP] step=24 action=5 score=0.4984
[STEP] step=25 action=5 score=0.4984
[STEP] step=26 action=5 score=0.4984
[STEP] step=27 action=5 score=0.4984
[STEP] step=28 action=5 score=0.4984
[STEP] step=29 action=5 score=0.4984
[STEP] step=30 action=5 score=0.4984
[STEP] step=31 action=5 score=0.4984
[STEP] step=32 action=5 score=0.4984
[STEP] step=33 action=5 score=0.4984
[STEP] step=34 action=5 score=0.4984
[STEP] step=35 action=5 score=0.4984
[STEP] step=36 action=5 score=0.4984
[STEP] step=37 action=5 score=0.4984
[STEP] step=38 action=5 score=0.4984
[STEP] step=39 action=5 score=0.4984
[STEP] step=40 action=5 score=0.4984
[END] final_score=0.4984 steps=40
