Episode 001 | Reward:  -31.068 | Steps:  1 | Success: False | Epsilon: 1.000
Episode 002 | Reward:  -26.543 | Steps:  1 | Success: False | Epsilon: 0.996
Episode 003 | Reward:  -52.754 | Steps: 12 | Success: True | Epsilon: 0.994
Episode 004 | Reward:  -30.108 | Steps:  1 | Success: False | Epsilon: 0.992
Episode 005 | Reward: -292.288 | Steps: 26 | Success: True | Epsilon: 0.989
Episode 006 | Reward:  -27.950 | Steps:  1 | Success: False | Epsilon: 0.987
Episode 007 | Reward: -108.369 | Steps:  7 | Success: False | Epsilon: 0.985
Episode 008 | Reward:   -4.150 | Steps:  5 | Success: True | Epsilon: 0.983
Episode 009 | Reward:  -26.643 | Steps:  1 | Success: False | Epsilon: 0.981
Episode 010 | Reward:  -78.144 | Steps: 12 | Success: True | Epsilon: 0.980
Episode 011 | Reward: -124.861 | Steps: 18 | Success: True | Epsilon: 0.978
Episode 012 | Reward:  -23.449 | Steps:  1 | Success: False | Epsilon: 0.976
Episode 013 | Reward:  -32.842 | Steps:  1 | Success: False | Epsilon: 0.974
Episode 014 | Reward:  -28.774 | Steps:  1 | Success: False | Epsilon: 0.973
Episode 015 | Reward:  -90.827 | Steps:  6 | Success: False | Epsilon: 0.971
Episode 016 | Reward:  -14.691 | Steps:  5 | Success: True | Epsilon: 0.969
Episode 017 | Reward:  -63.906 | Steps: 18 | Success: True | Epsilon: 0.968
Episode 018 | Reward:  -26.595 | Steps:  1 | Success: False | Epsilon: 0.966
Episode 019 | Reward:  -26.440 | Steps:  1 | Success: False | Epsilon: 0.965
Episode 020 | Reward:  -96.450 | Steps:  6 | Success: False | Epsilon: 0.963
Episode 021 | Reward:  -26.296 | Steps:  1 | Success: False | Epsilon: 0.961
Episode 022 | Reward: -339.376 | Steps: 28 | Success: True | Epsilon: 0.960
Episode 023 | Reward:  -39.155 | Steps: 10 | Success: True | Epsilon: 0.958
Episode 024 | Reward: -124.632 | Steps:  8 | Success: False | Epsilon: 0.957
Episode 025 | Reward:  -92.257 | Steps:  6 | Success: False | Epsilon: 0.955
Validation | episode=25 success=6.00% recent_reward=-73.143
New best model saved. val_success=6.00% recent_reward=-73.143
Episode 026 | Reward:  -26.200 | Steps:  1 | Success: False | Epsilon: 0.954
Episode 027 | Reward:  -27.998 | Steps:  8 | Success: True | Epsilon: 0.952
Episode 028 | Reward:  -35.719 | Steps: 13 | Success: True | Epsilon: 0.951
Episode 029 | Reward:  -28.920 | Steps:  8 | Success: True | Epsilon: 0.950
Episode 030 | Reward:  -59.036 | Steps: 10 | Success: True | Epsilon: 0.948
Episode 031 | Reward:   -5.782 | Steps:  4 | Success: True | Epsilon: 0.947
Episode 032 | Reward: -138.704 | Steps: 21 | Success: True | Epsilon: 0.945
Episode 033 | Reward: -140.964 | Steps: 27 | Success: True | Epsilon: 0.944
Episode 034 | Reward:  -36.459 | Steps:  2 | Success: False | Epsilon: 0.942
Episode 035 | Reward: -131.396 | Steps: 15 | Success: True | Epsilon: 0.941
Episode 036 | Reward:  -26.296 | Steps:  1 | Success: False | Epsilon: 0.940
Episode 037 | Reward:  -99.421 | Steps:  6 | Success: False | Epsilon: 0.938
Episode 038 | Reward:  -26.440 | Steps:  1 | Success: False | Epsilon: 0.937
Episode 039 | Reward:    2.907 | Steps:  3 | Success: True | Epsilon: 0.936
Episode 040 | Reward: -226.039 | Steps: 20 | Success: True | Epsilon: 0.934
Episode 041 | Reward:  -26.494 | Steps:  1 | Success: False | Epsilon: 0.933
Episode 042 | Reward:  -92.892 | Steps:  6 | Success: False | Epsilon: 0.932
Episode 043 | Reward:  -26.426 | Steps:  1 | Success: False | Epsilon: 0.930
Episode 044 | Reward: -183.331 | Steps: 11 | Success: False | Epsilon: 0.929
Episode 045 | Reward: -354.077 | Steps: 29 | Success: True | Epsilon: 0.928
Episode 046 | Reward: -109.458 | Steps: 17 | Success: True | Epsilon: 0.926
Episode 047 | Reward:  -27.967 | Steps:  1 | Success: False | Epsilon: 0.925
Episode 048 | Reward:  -26.200 | Steps:  1 | Success: False | Epsilon: 0.924
Episode 049 | Reward:  -31.068 | Steps:  1 | Success: False | Epsilon: 0.922
Episode 050 | Reward:  -26.095 | Steps:  6 | Success: True | Epsilon: 0.921
Validation | episode=50 success=52.00% recent_reward=-84.406
New best model saved. val_success=52.00% recent_reward=-84.406
Episode 051 | Reward:  -13.232 | Steps:  6 | Success: True | Epsilon: 0.920
Episode 052 | Reward:  -32.833 | Steps:  1 | Success: False | Epsilon: 0.919
Episode 053 | Reward: -142.446 | Steps:  9 | Success: False | Epsilon: 0.917
Episode 054 | Reward: -142.144 | Steps: 17 | Success: True | Epsilon: 0.916
Episode 055 | Reward:  -77.728 | Steps: 24 | Success: True | Epsilon: 0.915
Episode 056 | Reward: -187.872 | Steps: 11 | Success: False | Epsilon: 0.913
Episode 057 | Reward:  -75.128 | Steps: 14 | Success: True | Epsilon: 0.912
Episode 058 | Reward: -111.358 | Steps: 15 | Success: True | Epsilon: 0.911
Episode 059 | Reward: -117.870 | Steps: 15 | Success: True | Epsilon: 0.910
Episode 060 | Reward:  -26.429 | Steps:  1 | Success: False | Epsilon: 0.908
Episode 061 | Reward:  -12.652 | Steps:  6 | Success: True | Epsilon: 0.907
Episode 062 | Reward: -222.642 | Steps: 22 | Success: True | Epsilon: 0.906
Episode 063 | Reward:  -76.445 | Steps:  5 | Success: False | Epsilon: 0.905
Episode 064 | Reward:  -24.178 | Steps:  1 | Success: False | Epsilon: 0.904
Episode 065 | Reward: -252.042 | Steps: 26 | Success: True | Epsilon: 0.902
Episode 066 | Reward:  -27.884 | Steps:  1 | Success: False | Epsilon: 0.901
Episode 067 | Reward:  -37.798 | Steps: 10 | Success: True | Epsilon: 0.900
Episode 068 | Reward: -255.692 | Steps: 15 | Success: False | Epsilon: 0.899
Episode 069 | Reward:  -14.963 | Steps:  6 | Success: True | Epsilon: 0.897
Episode 070 | Reward:  -26.440 | Steps:  1 | Success: False | Epsilon: 0.896
Episode 071 | Reward:  -32.831 | Steps:  1 | Success: False | Epsilon: 0.895
Episode 072 | Reward: -145.170 | Steps: 19 | Success: True | Epsilon: 0.894
Episode 073 | Reward:  -26.440 | Steps:  1 | Success: False | Epsilon: 0.893
Episode 074 | Reward: -182.304 | Steps: 20 | Success: True | Epsilon: 0.891
Episode 075 | Reward:  -26.440 | Steps:  1 | Success: False | Epsilon: 0.890
Validation | episode=75 success=38.00% recent_reward=-83.725
Episode 076 | Reward:  -27.928 | Steps:  1 | Success: False | Epsilon: 0.889
Episode 077 | Reward:  -26.645 | Steps:  9 | Success: True | Epsilon: 0.888
Episode 078 | Reward:   -4.808 | Steps:  5 | Success: True | Epsilon: 0.887
Episode 079 | Reward:  -27.752 | Steps:  1 | Success: False | Epsilon: 0.886
Episode 080 | Reward:  -19.361 | Steps:  7 | Success: True | Epsilon: 0.884
Episode 081 | Reward:  -44.017 | Steps: 12 | Success: True | Epsilon: 0.883
Episode 082 | Reward:  -32.077 | Steps:  7 | Success: True | Epsilon: 0.882
Episode 083 | Reward:  -69.348 | Steps: 12 | Success: True | Epsilon: 0.881
Episode 084 | Reward:  -97.124 | Steps:  6 | Success: False | Epsilon: 0.880
Episode 085 | Reward:  -26.200 | Steps:  1 | Success: False | Epsilon: 0.879
Episode 086 | Reward: -111.150 | Steps:  7 | Success: False | Epsilon: 0.877
Episode 087 | Reward:  -26.486 | Steps:  1 | Success: False | Epsilon: 0.876
Episode 088 | Reward: -139.222 | Steps: 19 | Success: True | Epsilon: 0.875
Episode 089 | Reward:   -8.816 | Steps:  5 | Success: True | Epsilon: 0.874
Episode 090 | Reward: -128.946 | Steps:  8 | Success: False | Epsilon: 0.873
Episode 091 | Reward:  -94.701 | Steps: 33 | Success: True | Epsilon: 0.872
Episode 092 | Reward:   -8.115 | Steps:  5 | Success: True | Epsilon: 0.871
Episode 093 | Reward:  -59.359 | Steps: 25 | Success: True | Epsilon: 0.869
Episode 094 | Reward:  -27.773 | Steps:  1 | Success: False | Epsilon: 0.868
Episode 095 | Reward:  -26.599 | Steps:  1 | Success: False | Epsilon: 0.867
Episode 096 | Reward:  -93.642 | Steps:  6 | Success: False | Epsilon: 0.866
Episode 097 | Reward:  -25.407 | Steps:  7 | Success: True | Epsilon: 0.865
Episode 098 | Reward:  -32.815 | Steps:  1 | Success: False | Epsilon: 0.864
Episode 099 | Reward:   -0.170 | Steps:  4 | Success: True | Epsilon: 0.863
Episode 100 | Reward:  -49.994 | Steps: 11 | Success: True | Epsilon: 0.862
Validation | episode=100 success=26.00% recent_reward=-54.055
Episode 101 | Reward:  -26.519 | Steps:  1 | Success: False | Epsilon: 0.860
Episode 102 | Reward:  -21.191 | Steps:  7 | Success: True | Epsilon: 0.859
Episode 103 | Reward:  -30.359 | Steps:  1 | Success: False | Epsilon: 0.858
Episode 104 | Reward:  -27.923 | Steps:  1 | Success: False | Epsilon: 0.857
Episode 105 | Reward:  -24.115 | Steps:  1 | Success: False | Epsilon: 0.856
Episode 106 | Reward:  -27.162 | Steps:  1 | Success: False | Epsilon: 0.855
Episode 107 | Reward:  -44.928 | Steps: 11 | Success: True | Epsilon: 0.854
Episode 108 | Reward:  -33.263 | Steps:  1 | Success: False | Epsilon: 0.853
Episode 109 | Reward: -154.260 | Steps:  9 | Success: False | Epsilon: 0.852
Episode 110 | Reward:   -7.481 | Steps:  5 | Success: True | Epsilon: 0.850
Episode 111 | Reward:  -28.072 | Steps:  1 | Success: False | Epsilon: 0.849
Episode 112 | Reward:  -86.608 | Steps: 13 | Success: True | Epsilon: 0.848
Episode 113 | Reward:   -9.371 | Steps:  5 | Success: True | Epsilon: 0.847
Episode 114 | Reward: -223.345 | Steps: 23 | Success: True | Epsilon: 0.846
Episode 115 | Reward: -453.958 | Steps: 40 | Success: True | Epsilon: 0.845
Episode 116 | Reward:  -28.494 | Steps:  6 | Success: True | Epsilon: 0.844
Episode 117 | Reward: -112.023 | Steps: 21 | Success: True | Epsilon: 0.843
Episode 118 | Reward:  -76.703 | Steps:  5 | Success: False | Epsilon: 0.842
Episode 119 | Reward:  -39.731 | Steps:  9 | Success: True | Epsilon: 0.841
Episode 120 | Reward: -177.276 | Steps: 21 | Success: True | Epsilon: 0.840
Episode 121 | Reward: -106.477 | Steps: 14 | Success: True | Epsilon: 0.838
Episode 122 | Reward:  -26.531 | Steps:  1 | Success: False | Epsilon: 0.837
Episode 123 | Reward:  -26.444 | Steps:  1 | Success: False | Epsilon: 0.836
Episode 124 | Reward:  -22.672 | Steps:  1 | Success: False | Epsilon: 0.835
Episode 125 | Reward:  -27.722 | Steps:  1 | Success: False | Epsilon: 0.834
Validation | episode=125 success=26.00% recent_reward=-68.155
Episode 126 | Reward:  -75.522 | Steps: 20 | Success: True | Epsilon: 0.833
Episode 127 | Reward:  -84.159 | Steps: 16 | Success: True | Epsilon: 0.832
Episode 128 | Reward:  -26.296 | Steps:  1 | Success: False | Epsilon: 0.831
Episode 129 | Reward:  -91.568 | Steps:  6 | Success: False | Epsilon: 0.830
Episode 130 | Reward:  -22.619 | Steps:  1 | Success: False | Epsilon: 0.829
Episode 131 | Reward: -158.622 | Steps: 10 | Success: False | Epsilon: 0.828
Episode 132 | Reward: -114.211 | Steps:  7 | Success: False | Epsilon: 0.827
Episode 133 | Reward:   -0.979 | Steps:  4 | Success: True | Epsilon: 0.826
Episode 134 | Reward: -139.582 | Steps: 17 | Success: True | Epsilon: 0.825
Episode 135 | Reward: -166.152 | Steps: 20 | Success: True | Epsilon: 0.824
Episode 136 | Reward:  -27.975 | Steps:  1 | Success: False | Epsilon: 0.823
Episode 137 | Reward:   -0.771 | Steps:  4 | Success: True | Epsilon: 0.821
Episode 138 | Reward:    2.962 | Steps:  3 | Success: True | Epsilon: 0.820
Episode 139 | Reward: -172.845 | Steps: 22 | Success: True | Epsilon: 0.819
Episode 140 | Reward:    2.669 | Steps:  3 | Success: True | Epsilon: 0.818
Episode 141 | Reward: -266.163 | Steps: 24 | Success: True | Epsilon: 0.817
Episode 142 | Reward:  -92.382 | Steps:  6 | Success: False | Epsilon: 0.816
Episode 143 | Reward:  -44.175 | Steps: 10 | Success: True | Epsilon: 0.815
Episode 144 | Reward:  -26.450 | Steps:  1 | Success: False | Epsilon: 0.814
Episode 145 | Reward: -344.943 | Steps: 39 | Success: True | Epsilon: 0.813
Episode 146 | Reward:  -29.603 | Steps:  7 | Success: True | Epsilon: 0.812
Episode 147 | Reward:    3.066 | Steps:  3 | Success: True | Epsilon: 0.811
Episode 148 | Reward:  -10.431 | Steps:  5 | Success: True | Epsilon: 0.810
Episode 149 | Reward:  -26.200 | Steps:  1 | Success: False | Epsilon: 0.809
Episode 150 | Reward: -110.510 | Steps:  7 | Success: False | Epsilon: 0.808
Validation | episode=150 success=16.00% recent_reward=-74.443
Episode 151 | Reward: -198.451 | Steps: 23 | Success: True | Epsilon: 0.807
Episode 152 | Reward:  -49.470 | Steps: 11 | Success: True | Epsilon: 0.806
Episode 153 | Reward:  -75.318 | Steps:  5 | Success: False | Epsilon: 0.805
Episode 154 | Reward: -131.457 | Steps: 19 | Success: True | Epsilon: 0.804
Episode 155 | Reward:    2.919 | Steps:  3 | Success: True | Epsilon: 0.803
Episode 156 | Reward: -106.705 | Steps:  7 | Success: False | Epsilon: 0.802
Episode 157 | Reward: -185.837 | Steps: 20 | Success: True | Epsilon: 0.801
Episode 158 | Reward: -116.592 | Steps:  7 | Success: False | Epsilon: 0.800
Episode 159 | Reward:  -33.261 | Steps:  1 | Success: False | Epsilon: 0.799
Episode 160 | Reward:  -26.581 | Steps:  1 | Success: False | Epsilon: 0.798
Episode 161 | Reward:  -66.595 | Steps: 12 | Success: True | Epsilon: 0.797
Episode 162 | Reward:  -26.296 | Steps:  1 | Success: False | Epsilon: 0.796
Episode 163 | Reward:  -94.826 | Steps:  6 | Success: False | Epsilon: 0.795
Episode 164 | Reward:  -26.501 | Steps:  1 | Success: False | Epsilon: 0.794
Episode 165 | Reward:  -55.282 | Steps: 12 | Success: True | Epsilon: 0.793
Episode 166 | Reward:  -92.322 | Steps:  6 | Success: False | Epsilon: 0.792
Episode 167 | Reward: -114.304 | Steps:  7 | Success: False | Epsilon: 0.791
Episode 168 | Reward:  -75.749 | Steps:  5 | Success: False | Epsilon: 0.790
Episode 169 | Reward:  -96.416 | Steps:  6 | Success: False | Epsilon: 0.789
Episode 170 | Reward:  -33.299 | Steps:  1 | Success: False | Epsilon: 0.788
Episode 171 | Reward:  -22.386 | Steps:  1 | Success: False | Epsilon: 0.787
Episode 172 | Reward:   -9.797 | Steps:  5 | Success: True | Epsilon: 0.786
Episode 173 | Reward:  -76.348 | Steps: 21 | Success: True | Epsilon: 0.785
Episode 174 | Reward: -320.191 | Steps: 34 | Success: True | Epsilon: 0.784
Episode 175 | Reward:    3.068 | Steps:  3 | Success: True | Epsilon: 0.783
Validation | episode=175 success=24.00% recent_reward=-73.389
Episode 176 | Reward: -127.851 | Steps:  8 | Success: False | Epsilon: 0.782
Episode 177 | Reward: -134.373 | Steps:  8 | Success: False | Epsilon: 0.781
Episode 178 | Reward:    3.068 | Steps:  3 | Success: True | Epsilon: 0.780
Episode 179 | Reward:  -40.775 | Steps: 14 | Success: True | Epsilon: 0.779
Episode 180 | Reward:  -21.341 | Steps:  1 | Success: False | Epsilon: 0.778
Episode 181 | Reward:  -36.713 | Steps:  2 | Success: False | Epsilon: 0.777
Episode 182 | Reward: -152.450 | Steps:  9 | Success: False | Epsilon: 0.776
Episode 183 | Reward: -141.829 | Steps:  9 | Success: False | Epsilon: 0.775
Episode 184 | Reward:  -32.124 | Steps:  1 | Success: False | Epsilon: 0.774
Episode 185 | Reward: -247.781 | Steps: 26 | Success: True | Epsilon: 0.773
Episode 186 | Reward: -141.226 | Steps:  9 | Success: False | Epsilon: 0.772
Episode 187 | Reward:  -40.725 | Steps:  8 | Success: True | Epsilon: 0.771
Episode 188 | Reward:  -94.686 | Steps: 16 | Success: True | Epsilon: 0.770
Episode 189 | Reward: -180.395 | Steps: 18 | Success: True | Epsilon: 0.769
Episode 190 | Reward:  -53.343 | Steps: 14 | Success: True | Epsilon: 0.768
Episode 191 | Reward:  -26.669 | Steps:  1 | Success: False | Epsilon: 0.767
Episode 192 | Reward:  -26.431 | Steps:  1 | Success: False | Epsilon: 0.766
Episode 193 | Reward: -123.465 | Steps:  8 | Success: False | Epsilon: 0.765
Episode 194 | Reward:  -33.280 | Steps:  1 | Success: False | Epsilon: 0.764
Episode 195 | Reward: -192.840 | Steps: 21 | Success: True | Epsilon: 0.763
Episode 196 | Reward:  -50.429 | Steps: 11 | Success: True | Epsilon: 0.762
Episode 197 | Reward:   -1.218 | Steps:  4 | Success: True | Epsilon: 0.761
Episode 198 | Reward:   -0.740 | Steps:  4 | Success: True | Epsilon: 0.760
Episode 199 | Reward:   -0.274 | Steps:  4 | Success: True | Epsilon: 0.759
Episode 200 | Reward: -219.221 | Steps: 24 | Success: True | Epsilon: 0.758
Validation | episode=200 success=24.00% recent_reward=-84.759
Episode 201 | Reward:   -0.907 | Steps:  4 | Success: True | Epsilon: 0.757
Episode 202 | Reward:  -26.296 | Steps:  1 | Success: False | Epsilon: 0.756
Episode 203 | Reward:   -3.955 | Steps:  5 | Success: True | Epsilon: 0.755
Episode 204 | Reward:   -1.062 | Steps:  4 | Success: True | Epsilon: 0.754
Episode 205 | Reward:  -58.503 | Steps: 12 | Success: True | Epsilon: 0.753
Episode 206 | Reward:  -31.164 | Steps:  1 | Success: False | Epsilon: 0.752
Episode 207 | Reward:  -17.537 | Steps:  6 | Success: True | Epsilon: 0.751
Episode 208 | Reward:    3.099 | Steps:  3 | Success: True | Epsilon: 0.750
Episode 209 | Reward:  -21.721 | Steps:  1 | Success: False | Epsilon: 0.749
Episode 210 | Reward:  -26.434 | Steps:  1 | Success: False | Epsilon: 0.748
Episode 211 | Reward:  -27.789 | Steps:  1 | Success: False | Epsilon: 0.747
Episode 212 | Reward:   -0.716 | Steps:  4 | Success: True | Epsilon: 0.746
Episode 213 | Reward:  -26.308 | Steps:  1 | Success: False | Epsilon: 0.745
Episode 214 | Reward:  -89.468 | Steps: 13 | Success: True | Epsilon: 0.744
Episode 215 | Reward: -144.686 | Steps:  9 | Success: False | Epsilon: 0.743
Episode 216 | Reward:  -22.713 | Steps:  7 | Success: True | Epsilon: 0.742
Episode 217 | Reward:   -7.173 | Steps:  6 | Success: True | Epsilon: 0.741
Episode 218 | Reward:   -7.421 | Steps:  6 | Success: True | Epsilon: 0.741
Episode 219 | Reward:  -45.153 | Steps: 10 | Success: True | Epsilon: 0.740
Episode 220 | Reward:  -26.200 | Steps:  1 | Success: False | Epsilon: 0.739
Episode 221 | Reward:  -57.760 | Steps: 12 | Success: True | Epsilon: 0.738
Episode 222 | Reward:  -26.550 | Steps:  1 | Success: False | Epsilon: 0.737
Episode 223 | Reward:    2.959 | Steps:  3 | Success: True | Epsilon: 0.736
Episode 224 | Reward:  -37.651 | Steps:  9 | Success: True | Epsilon: 0.735
Episode 225 | Reward: -204.917 | Steps: 23 | Success: True | Epsilon: 0.734
Validation | episode=225 success=46.00% recent_reward=-39.264
Episode 226 | Reward:   -7.567 | Steps:  6 | Success: True | Epsilon: 0.733
Episode 227 | Reward:  -52.018 | Steps: 11 | Success: True | Epsilon: 0.732
Episode 228 | Reward:  -28.319 | Steps:  8 | Success: True | Epsilon: 0.731
Episode 229 | Reward:  -26.628 | Steps:  1 | Success: False | Epsilon: 0.730
Episode 230 | Reward:  -28.025 | Steps:  1 | Success: False | Epsilon: 0.729
Episode 231 | Reward:   -4.794 | Steps:  4 | Success: True | Epsilon: 0.728
Episode 232 | Reward: -122.859 | Steps: 40 | Success: True | Epsilon: 0.727
Episode 233 | Reward:  -22.530 | Steps:  1 | Success: False | Epsilon: 0.726
Episode 234 | Reward:  -23.826 | Steps:  1 | Success: False | Epsilon: 0.725
Episode 235 | Reward:  -89.182 | Steps:  6 | Success: False | Epsilon: 0.724
Episode 236 | Reward:  -50.558 | Steps: 13 | Success: True | Epsilon: 0.723
Episode 237 | Reward:  -28.675 | Steps:  7 | Success: True | Epsilon: 0.723
Episode 238 | Reward:  -18.712 | Steps:  1 | Success: False | Epsilon: 0.722
Episode 239 | Reward: -131.410 | Steps:  8 | Success: False | Epsilon: 0.721
Episode 240 | Reward: -262.573 | Steps: 28 | Success: True | Epsilon: 0.720
Episode 241 | Reward:    3.068 | Steps:  3 | Success: True | Epsilon: 0.719
Episode 242 | Reward:  -77.711 | Steps:  5 | Success: False | Epsilon: 0.718
Episode 243 | Reward:  -22.282 | Steps:  1 | Success: False | Epsilon: 0.717
Episode 244 | Reward:    1.165 | Steps:  4 | Success: True | Epsilon: 0.716
Episode 245 | Reward:  -26.471 | Steps:  1 | Success: False | Epsilon: 0.715
Episode 246 | Reward:   -8.107 | Steps:  5 | Success: True | Epsilon: 0.714
Episode 247 | Reward:  -26.524 | Steps:  1 | Success: False | Epsilon: 0.713
Episode 248 | Reward:  -33.287 | Steps:  1 | Success: False | Epsilon: 0.712
Episode 249 | Reward:  -23.051 | Steps:  1 | Success: False | Epsilon: 0.711
Episode 250 | Reward:  -26.296 | Steps:  1 | Success: False | Epsilon: 0.710
Validation | episode=250 success=20.00% recent_reward=-48.703
Episode 251 | Reward:  -15.639 | Steps:  6 | Success: True | Epsilon: 0.709
Episode 252 | Reward:  -26.435 | Steps:  1 | Success: False | Epsilon: 0.708
Episode 253 | Reward: -148.965 | Steps: 25 | Success: True | Epsilon: 0.708
Episode 254 | Reward:  -27.955 | Steps:  1 | Success: False | Epsilon: 0.707
Episode 255 | Reward:  -13.158 | Steps:  6 | Success: True | Epsilon: 0.706
Episode 256 | Reward:    2.803 | Steps:  3 | Success: True | Epsilon: 0.705
Episode 257 | Reward:  -23.570 | Steps:  1 | Success: False | Epsilon: 0.704
Episode 258 | Reward:  -26.440 | Steps:  8 | Success: True | Epsilon: 0.703
Episode 259 | Reward:   -1.446 | Steps:  4 | Success: True | Epsilon: 0.702
Episode 260 | Reward: -147.011 | Steps: 19 | Success: True | Epsilon: 0.701
Episode 261 | Reward:  -28.011 | Steps:  1 | Success: False | Epsilon: 0.700
Episode 262 | Reward: -126.508 | Steps:  8 | Success: False | Epsilon: 0.699
Episode 263 | Reward:  -78.017 | Steps:  5 | Success: False | Epsilon: 0.698
Episode 264 | Reward:  -22.634 | Steps:  1 | Success: False | Epsilon: 0.697
Episode 265 | Reward: -118.269 | Steps: 17 | Success: True | Epsilon: 0.696
Episode 266 | Reward:  -21.862 | Steps:  6 | Success: True | Epsilon: 0.696
Episode 267 | Reward:   -1.321 | Steps:  4 | Success: True | Epsilon: 0.695
Episode 268 | Reward:  -16.153 | Steps:  6 | Success: True | Epsilon: 0.694
Episode 269 | Reward: -205.468 | Steps: 12 | Success: False | Epsilon: 0.693
Episode 270 | Reward:  -56.521 | Steps:  3 | Success: False | Epsilon: 0.692
Episode 271 | Reward:  -26.304 | Steps:  1 | Success: False | Epsilon: 0.691
Episode 272 | Reward:  -76.701 | Steps:  4 | Success: False | Epsilon: 0.690
Episode 273 | Reward:  -80.557 | Steps: 17 | Success: True | Epsilon: 0.689
Episode 274 | Reward:  -37.053 | Steps:  9 | Success: True | Epsilon: 0.688
Episode 275 | Reward:  -79.956 | Steps: 13 | Success: True | Epsilon: 0.687
Validation | episode=275 success=24.00% recent_reward=-50.681
Episode 276 | Reward:  -27.078 | Steps:  1 | Success: False | Epsilon: 0.686
Episode 277 | Reward:   -0.183 | Steps:  4 | Success: True | Epsilon: 0.685
Episode 278 | Reward: -411.027 | Steps: 40 | Success: True | Epsilon: 0.685
Episode 279 | Reward:   -9.802 | Steps:  7 | Success: True | Epsilon: 0.684
Episode 280 | Reward: -100.978 | Steps: 17 | Success: True | Epsilon: 0.683
Episode 281 | Reward:  -68.166 | Steps: 12 | Success: True | Epsilon: 0.682
Episode 282 | Reward:  -67.044 | Steps: 10 | Success: True | Epsilon: 0.681
Episode 283 | Reward: -131.381 | Steps:  8 | Success: False | Epsilon: 0.680
Episode 284 | Reward:  -26.492 | Steps:  1 | Success: False | Epsilon: 0.679
Episode 285 | Reward: -111.769 | Steps:  7 | Success: False | Epsilon: 0.678
Episode 286 | Reward: -122.155 | Steps:  8 | Success: False | Epsilon: 0.677
Episode 287 | Reward:  -53.809 | Steps: 11 | Success: True | Epsilon: 0.676
Episode 288 | Reward:  -26.363 | Steps:  1 | Success: False | Epsilon: 0.675
Episode 289 | Reward:  -44.090 | Steps:  9 | Success: True | Epsilon: 0.675
Episode 290 | Reward:   -8.669 | Steps:  5 | Success: True | Epsilon: 0.674
Episode 291 | Reward: -136.634 | Steps: 17 | Success: True | Epsilon: 0.673
Episode 292 | Reward:  -76.876 | Steps:  5 | Success: False | Epsilon: 0.672
Episode 293 | Reward:  -62.865 | Steps: 25 | Success: True | Epsilon: 0.671
Episode 294 | Reward:  -10.013 | Steps:  5 | Success: True | Epsilon: 0.670
Episode 295 | Reward:   -0.375 | Steps:  4 | Success: True | Epsilon: 0.669
Episode 296 | Reward:  -26.463 | Steps:  1 | Success: False | Epsilon: 0.668
Episode 297 | Reward:  -62.930 | Steps: 12 | Success: True | Epsilon: 0.667
Episode 298 | Reward:  -17.328 | Steps:  1 | Success: False | Epsilon: 0.666
Episode 299 | Reward: -303.734 | Steps: 35 | Success: True | Epsilon: 0.666
Episode 300 | Reward:  -26.608 | Steps:  1 | Success: False | Epsilon: 0.665
Validation | episode=300 success=56.00% recent_reward=-74.447
New best model saved. val_success=56.00% recent_reward=-74.447
Episode 301 | Reward:  -27.867 | Steps:  1 | Success: False | Epsilon: 0.664
Episode 302 | Reward:  -95.867 | Steps:  6 | Success: False | Epsilon: 0.663
Episode 303 | Reward:  -26.314 | Steps:  1 | Success: False | Epsilon: 0.662
Episode 304 | Reward:  -25.241 | Steps:  1 | Success: False | Epsilon: 0.661
Episode 305 | Reward: -122.524 | Steps: 20 | Success: True | Epsilon: 0.660
Episode 306 | Reward:  -25.297 | Steps:  1 | Success: False | Epsilon: 0.659
Episode 307 | Reward:  -87.112 | Steps: 26 | Success: True | Epsilon: 0.658
Episode 308 | Reward:  -33.299 | Steps:  1 | Success: False | Epsilon: 0.658
Episode 309 | Reward:  -26.352 | Steps:  1 | Success: False | Epsilon: 0.657
Episode 310 | Reward: -226.350 | Steps: 23 | Success: True | Epsilon: 0.656
Episode 311 | Reward:  -98.967 | Steps: 14 | Success: True | Epsilon: 0.655
Episode 312 | Reward: -115.686 | Steps:  7 | Success: False | Epsilon: 0.654
Episode 313 | Reward: -197.522 | Steps: 32 | Success: True | Epsilon: 0.653
Episode 314 | Reward: -302.864 | Steps: 30 | Success: True | Epsilon: 0.652
Episode 315 | Reward: -117.176 | Steps: 16 | Success: True | Epsilon: 0.651
Episode 316 | Reward:  -93.957 | Steps: 13 | Success: True | Epsilon: 0.650
Episode 317 | Reward:    3.130 | Steps:  3 | Success: True | Epsilon: 0.650
Episode 318 | Reward:  -18.980 | Steps:  1 | Success: False | Epsilon: 0.649
Episode 319 | Reward:  -99.701 | Steps: 18 | Success: True | Epsilon: 0.648
Episode 320 | Reward: -126.628 | Steps:  8 | Success: False | Epsilon: 0.647
Episode 321 | Reward:  -16.681 | Steps:  6 | Success: True | Epsilon: 0.646
Episode 322 | Reward: -103.400 | Steps: 18 | Success: True | Epsilon: 0.645
Episode 323 | Reward: -214.176 | Steps: 26 | Success: True | Epsilon: 0.644
Episode 324 | Reward: -161.707 | Steps: 24 | Success: True | Epsilon: 0.643
Episode 325 | Reward:  -82.860 | Steps: 13 | Success: True | Epsilon: 0.642
Validation | episode=325 success=52.00% recent_reward=-96.015
Episode 326 | Reward:  -26.435 | Steps:  7 | Success: True | Epsilon: 0.642
Episode 327 | Reward: -363.879 | Steps: 39 | Success: True | Epsilon: 0.641
Episode 328 | Reward: -127.579 | Steps: 40 | Success: True | Epsilon: 0.640
Episode 329 | Reward: -338.772 | Steps: 34 | Success: True | Epsilon: 0.639
Episode 330 | Reward:  -26.440 | Steps:  1 | Success: False | Epsilon: 0.638
Episode 331 | Reward:  -22.163 | Steps:  1 | Success: False | Epsilon: 0.637
Episode 332 | Reward: -257.099 | Steps: 25 | Success: True | Epsilon: 0.636
Episode 333 | Reward:    3.194 | Steps:  3 | Success: True | Epsilon: 0.635
Episode 334 | Reward:  -26.440 | Steps:  1 | Success: False | Epsilon: 0.635
Episode 335 | Reward:  -26.453 | Steps:  1 | Success: False | Epsilon: 0.634
Episode 336 | Reward:  -28.060 | Steps:  1 | Success: False | Epsilon: 0.633
Episode 337 | Reward:   -1.106 | Steps:  4 | Success: True | Epsilon: 0.632
Episode 338 | Reward:  -13.945 | Steps:  7 | Success: True | Epsilon: 0.631
Episode 339 | Reward: -188.412 | Steps: 26 | Success: True | Epsilon: 0.630
Episode 340 | Reward:    3.266 | Steps:  3 | Success: True | Epsilon: 0.629
Episode 341 | Reward:  -67.290 | Steps: 14 | Success: True | Epsilon: 0.628
Episode 342 | Reward:  -28.091 | Steps:  1 | Success: False | Epsilon: 0.627
Episode 343 | Reward:  -41.063 | Steps: 10 | Success: True | Epsilon: 0.627
Episode 344 | Reward:  -10.219 | Steps:  7 | Success: True | Epsilon: 0.626
Episode 345 | Reward: -134.775 | Steps: 17 | Success: True | Epsilon: 0.625
Episode 346 | Reward:  -17.004 | Steps: 10 | Success: True | Epsilon: 0.624
Episode 347 | Reward:  -28.118 | Steps:  7 | Success: True | Epsilon: 0.623
Episode 348 | Reward:  -84.340 | Steps: 14 | Success: True | Epsilon: 0.622
Episode 349 | Reward: -123.655 | Steps:  8 | Success: False | Epsilon: 0.621
Episode 350 | Reward:  -45.842 | Steps: 13 | Success: True | Epsilon: 0.621
Validation | episode=350 success=26.00% recent_reward=-86.651
Episode 351 | Reward: -108.368 | Steps:  7 | Success: False | Epsilon: 0.620
Episode 352 | Reward: -117.493 | Steps:  7 | Success: False | Epsilon: 0.619
Episode 353 | Reward: -110.745 | Steps: 18 | Success: True | Epsilon: 0.618
Episode 354 | Reward:  -17.515 | Steps:  6 | Success: True | Epsilon: 0.617
Episode 355 | Reward:   -4.147 | Steps:  5 | Success: True | Epsilon: 0.616
Episode 356 | Reward:  -18.975 | Steps:  6 | Success: True | Epsilon: 0.615
Episode 357 | Reward:    3.338 | Steps:  3 | Success: True | Epsilon: 0.614
Episode 358 | Reward:  -22.430 | Steps:  6 | Success: True | Epsilon: 0.614
Episode 359 | Reward:  -52.229 | Steps: 15 | Success: True | Epsilon: 0.613
Episode 360 | Reward:  -65.103 | Steps: 11 | Success: True | Epsilon: 0.612
Episode 361 | Reward:  -27.761 | Steps:  1 | Success: False | Epsilon: 0.611
Episode 362 | Reward:  -78.778 | Steps: 16 | Success: True | Epsilon: 0.610
Episode 363 | Reward:   -1.357 | Steps:  4 | Success: True | Epsilon: 0.609
Episode 364 | Reward:  -18.035 | Steps:  6 | Success: True | Epsilon: 0.608
Episode 365 | Reward:  -27.616 | Steps:  1 | Success: False | Epsilon: 0.608
Episode 366 | Reward: -129.699 | Steps:  8 | Success: False | Epsilon: 0.607
Episode 367 | Reward:  -27.766 | Steps:  1 | Success: False | Epsilon: 0.606
Episode 368 | Reward:  -26.398 | Steps:  1 | Success: False | Epsilon: 0.605
Episode 369 | Reward: -102.982 | Steps: 14 | Success: True | Epsilon: 0.604
Episode 370 | Reward:  -18.447 | Steps:  6 | Success: True | Epsilon: 0.603
Episode 371 | Reward: -174.306 | Steps: 11 | Success: False | Epsilon: 0.602
Episode 372 | Reward: -334.678 | Steps: 35 | Success: True | Epsilon: 0.602
Episode 373 | Reward:  -57.306 | Steps: 11 | Success: True | Epsilon: 0.601
Episode 374 | Reward:  -26.440 | Steps:  1 | Success: False | Epsilon: 0.600
Episode 375 | Reward:  -19.351 | Steps:  1 | Success: False | Epsilon: 0.599
Validation | episode=375 success=32.00% recent_reward=-62.785
Episode 376 | Reward:   -9.495 | Steps:  7 | Success: True | Epsilon: 0.598
Episode 377 | Reward:  -27.928 | Steps:  1 | Success: False | Epsilon: 0.597
Episode 378 | Reward:  -17.539 | Steps:  1 | Success: False | Epsilon: 0.596
Episode 379 | Reward:  -26.683 | Steps:  1 | Success: False | Epsilon: 0.595
Episode 380 | Reward: -118.953 | Steps: 40 | Success: True | Epsilon: 0.595
Episode 381 | Reward: -113.932 | Steps:  7 | Success: False | Epsilon: 0.594
Episode 382 | Reward: -192.863 | Steps: 12 | Success: False | Epsilon: 0.593
Episode 383 | Reward:    2.982 | Steps:  3 | Success: True | Epsilon: 0.592
Episode 384 | Reward:  -95.130 | Steps: 15 | Success: True | Epsilon: 0.591
Episode 385 | Reward: -205.159 | Steps: 13 | Success: False | Epsilon: 0.590
Episode 386 | Reward:  -26.296 | Steps:  1 | Success: False | Epsilon: 0.590
Episode 387 | Reward:  -28.042 | Steps:  1 | Success: False | Epsilon: 0.589
Episode 388 | Reward:  -26.676 | Steps:  1 | Success: False | Epsilon: 0.588
Episode 389 | Reward: -186.123 | Steps: 23 | Success: True | Epsilon: 0.587
Episode 390 | Reward: -155.811 | Steps: 19 | Success: True | Epsilon: 0.586
Episode 391 | Reward:   -1.101 | Steps:  4 | Success: True | Epsilon: 0.585
Episode 392 | Reward:  -22.875 | Steps:  1 | Success: False | Epsilon: 0.584
Episode 393 | Reward: -101.062 | Steps: 15 | Success: True | Epsilon: 0.584
Episode 394 | Reward:  -32.415 | Steps:  8 | Success: True | Epsilon: 0.583
Episode 395 | Reward:  -30.108 | Steps:  1 | Success: False | Epsilon: 0.582
Episode 396 | Reward:  -26.351 | Steps:  1 | Success: False | Epsilon: 0.581
Episode 397 | Reward:  -59.288 | Steps: 14 | Success: True | Epsilon: 0.580
Episode 398 | Reward:  -22.440 | Steps:  1 | Success: False | Epsilon: 0.579
Episode 399 | Reward: -159.459 | Steps: 17 | Success: True | Epsilon: 0.578
Episode 400 | Reward:   -1.148 | Steps:  4 | Success: True | Epsilon: 0.578
Validation | episode=400 success=30.00% recent_reward=-76.532
Episode 401 | Reward:    3.000 | Steps:  3 | Success: True | Epsilon: 0.577
Episode 402 | Reward:  -13.218 | Steps:  8 | Success: True | Epsilon: 0.576
Episode 403 | Reward: -113.491 | Steps:  7 | Success: False | Epsilon: 0.575
Episode 404 | Reward: -268.537 | Steps: 26 | Success: True | Epsilon: 0.574
Episode 405 | Reward:  -27.791 | Steps:  1 | Success: False | Epsilon: 0.573
Episode 406 | Reward:    2.262 | Steps:  3 | Success: True | Epsilon: 0.573
Episode 407 | Reward: -149.264 | Steps: 10 | Success: False | Epsilon: 0.572
Episode 408 | Reward:  -85.770 | Steps: 17 | Success: True | Epsilon: 0.571
Episode 409 | Reward:  -26.380 | Steps:  1 | Success: False | Epsilon: 0.570
Episode 410 | Reward:   -0.977 | Steps:  4 | Success: True | Epsilon: 0.569
Episode 411 | Reward:  -89.492 | Steps: 15 | Success: True | Epsilon: 0.568
Episode 412 | Reward: -199.549 | Steps: 24 | Success: True | Epsilon: 0.567
Episode 413 | Reward:   -5.075 | Steps:  4 | Success: True | Epsilon: 0.567
Episode 414 | Reward: -124.084 | Steps:  8 | Success: False | Epsilon: 0.566
Episode 415 | Reward:    3.043 | Steps:  3 | Success: True | Epsilon: 0.565
Episode 416 | Reward:   -7.290 | Steps:  6 | Success: True | Epsilon: 0.564
Episode 417 | Reward:   -1.201 | Steps:  4 | Success: True | Epsilon: 0.563
Episode 418 | Reward: -131.206 | Steps: 18 | Success: True | Epsilon: 0.562
Episode 419 | Reward:  -27.913 | Steps:  1 | Success: False | Epsilon: 0.562
Episode 420 | Reward:  -70.057 | Steps: 13 | Success: True | Epsilon: 0.561
Episode 421 | Reward:  -65.323 | Steps: 25 | Success: True | Epsilon: 0.560
Episode 422 | Reward:   -0.866 | Steps:  4 | Success: True | Epsilon: 0.559
Episode 423 | Reward:  -92.840 | Steps:  6 | Success: False | Epsilon: 0.558
Episode 424 | Reward: -176.781 | Steps: 11 | Success: False | Epsilon: 0.557
Episode 425 | Reward: -107.911 | Steps:  7 | Success: False | Epsilon: 0.557
Validation | episode=425 success=28.00% recent_reward=-68.180
Episode 426 | Reward:  -26.651 | Steps:  1 | Success: False | Epsilon: 0.556
Episode 427 | Reward: -228.121 | Steps: 21 | Success: True | Epsilon: 0.555
Episode 428 | Reward:   -0.834 | Steps:  4 | Success: True | Epsilon: 0.554
Episode 429 | Reward:  -82.562 | Steps: 19 | Success: True | Epsilon: 0.553
Episode 430 | Reward:  -26.336 | Steps:  1 | Success: False | Epsilon: 0.552
Episode 431 | Reward: -178.111 | Steps: 21 | Success: True | Epsilon: 0.552
Episode 432 | Reward: -176.767 | Steps: 11 | Success: False | Epsilon: 0.551
Episode 433 | Reward:  -26.440 | Steps:  1 | Success: False | Epsilon: 0.550
Episode 434 | Reward:  -18.712 | Steps:  1 | Success: False | Epsilon: 0.549
Episode 435 | Reward:  -22.095 | Steps:  1 | Success: False | Epsilon: 0.548
Episode 436 | Reward:  -27.331 | Steps:  1 | Success: False | Epsilon: 0.547
Episode 437 | Reward:  -24.452 | Steps:  1 | Success: False | Epsilon: 0.547
Episode 438 | Reward:  -96.055 | Steps:  6 | Success: False | Epsilon: 0.546
Episode 439 | Reward: -158.479 | Steps: 10 | Success: False | Epsilon: 0.545
Episode 440 | Reward:  -95.038 | Steps:  6 | Success: False | Epsilon: 0.544
Episode 441 | Reward: -464.784 | Steps: 40 | Success: False | Epsilon: 0.543
Episode 442 | Reward:  -29.579 | Steps:  7 | Success: True | Epsilon: 0.542
Episode 443 | Reward:  -33.509 | Steps:  8 | Success: True | Epsilon: 0.542
Episode 444 | Reward:  -28.016 | Steps:  1 | Success: False | Epsilon: 0.541
Episode 445 | Reward: -188.904 | Steps: 40 | Success: False | Epsilon: 0.540
Episode 446 | Reward: -231.798 | Steps: 24 | Success: True | Epsilon: 0.539
Episode 447 | Reward:  -60.432 | Steps: 19 | Success: True | Epsilon: 0.538
Episode 448 | Reward: -321.629 | Steps: 33 | Success: True | Epsilon: 0.537
Episode 449 | Reward:  -41.937 | Steps:  9 | Success: True | Epsilon: 0.537
Episode 450 | Reward:   -2.432 | Steps:  4 | Success: True | Epsilon: 0.536
Validation | episode=450 success=26.00% recent_reward=-101.157
Episode 451 | Reward:  -26.431 | Steps:  1 | Success: False | Epsilon: 0.535
Episode 452 | Reward: -192.542 | Steps: 24 | Success: True | Epsilon: 0.534
Episode 453 | Reward:   -4.372 | Steps:  5 | Success: True | Epsilon: 0.533
Episode 454 | Reward:  -19.704 | Steps:  6 | Success: True | Epsilon: 0.532
Episode 455 | Reward:  -19.984 | Steps:  1 | Success: False | Epsilon: 0.532
Episode 456 | Reward:   -2.895 | Steps:  4 | Success: True | Epsilon: 0.531
Episode 457 | Reward: -145.178 | Steps:  9 | Success: False | Epsilon: 0.530
Episode 458 | Reward: -172.481 | Steps: 11 | Success: False | Epsilon: 0.529
Episode 459 | Reward:    2.831 | Steps:  3 | Success: True | Epsilon: 0.528
Episode 460 | Reward:  -20.346 | Steps:  1 | Success: False | Epsilon: 0.528
Episode 461 | Reward:   -0.890 | Steps:  4 | Success: True | Epsilon: 0.527
Episode 462 | Reward: -124.881 | Steps:  8 | Success: False | Epsilon: 0.526
Episode 463 | Reward:  -27.964 | Steps:  7 | Success: True | Epsilon: 0.525
Episode 464 | Reward:  -26.486 | Steps:  1 | Success: False | Epsilon: 0.524
Episode 465 | Reward: -518.879 | Steps: 40 | Success: False | Epsilon: 0.523
Episode 466 | Reward:  -91.285 | Steps: 25 | Success: True | Epsilon: 0.523
Episode 467 | Reward:  -53.674 | Steps: 10 | Success: True | Epsilon: 0.522
Episode 468 | Reward: -137.564 | Steps:  9 | Success: False | Epsilon: 0.521
Episode 469 | Reward:    2.932 | Steps:  3 | Success: True | Epsilon: 0.520
Episode 470 | Reward:  -26.334 | Steps:  1 | Success: False | Epsilon: 0.519
Episode 471 | Reward:   -1.069 | Steps:  4 | Success: True | Epsilon: 0.518
Episode 472 | Reward: -102.388 | Steps: 21 | Success: True | Epsilon: 0.518
Episode 473 | Reward:  -79.502 | Steps: 14 | Success: True | Epsilon: 0.517
Episode 474 | Reward:   -3.773 | Steps:  4 | Success: True | Epsilon: 0.516
Episode 475 | Reward:  -25.063 | Steps:  1 | Success: False | Epsilon: 0.515
Validation | episode=475 success=22.00% recent_reward=-82.538
Episode 476 | Reward:  -69.460 | Steps: 12 | Success: True | Epsilon: 0.514
Episode 477 | Reward: -423.891 | Steps: 40 | Success: True | Epsilon: 0.514
Episode 478 | Reward: -493.588 | Steps: 40 | Success: False | Epsilon: 0.513
Episode 479 | Reward:  -29.193 | Steps:  9 | Success: True | Epsilon: 0.512
Episode 480 | Reward:   -3.374 | Steps:  5 | Success: True | Epsilon: 0.511
Episode 481 | Reward: -185.167 | Steps: 23 | Success: True | Epsilon: 0.510
Episode 482 | Reward: -124.773 | Steps:  8 | Success: False | Epsilon: 0.509
Episode 483 | Reward: -110.817 | Steps:  7 | Success: False | Epsilon: 0.509
Episode 484 | Reward: -126.133 | Steps:  8 | Success: False | Epsilon: 0.508
Episode 485 | Reward:  -75.181 | Steps: 16 | Success: True | Epsilon: 0.507
Episode 486 | Reward:   -1.246 | Steps:  4 | Success: True | Epsilon: 0.506
Episode 487 | Reward: -109.278 | Steps:  7 | Success: False | Epsilon: 0.505
Episode 488 | Reward:  -28.052 | Steps:  1 | Success: False | Epsilon: 0.505
Episode 489 | Reward:  -53.727 | Steps:  9 | Success: True | Epsilon: 0.504
Episode 490 | Reward:   -1.195 | Steps:  4 | Success: True | Epsilon: 0.503
Episode 491 | Reward: -146.889 | Steps: 33 | Success: True | Epsilon: 0.502
Episode 492 | Reward: -274.044 | Steps: 18 | Success: False | Epsilon: 0.501
Episode 493 | Reward:  -41.107 | Steps: 10 | Success: True | Epsilon: 0.501
Episode 494 | Reward:  -92.284 | Steps: 17 | Success: True | Epsilon: 0.500
Episode 495 | Reward: -131.292 | Steps: 20 | Success: True | Epsilon: 0.499
Episode 496 | Reward: -119.628 | Steps: 22 | Success: True | Epsilon: 0.498
Episode 497 | Reward:  -91.717 | Steps: 15 | Success: True | Epsilon: 0.497
Episode 498 | Reward:  -10.406 | Steps:  7 | Success: True | Epsilon: 0.496
Episode 499 | Reward: -182.202 | Steps: 23 | Success: True | Epsilon: 0.496
Episode 500 | Reward:  -27.511 | Steps:  1 | Success: False | Epsilon: 0.495
Validation | episode=500 success=28.00% recent_reward=-105.465
Episode 501 | Reward: -172.226 | Steps: 11 | Success: False | Epsilon: 0.494
Episode 502 | Reward: -423.045 | Steps: 40 | Success: True | Epsilon: 0.493
Episode 503 | Reward: -221.334 | Steps: 25 | Success: True | Epsilon: 0.492
Episode 504 | Reward:  -55.469 | Steps:  3 | Success: False | Epsilon: 0.492
Episode 505 | Reward: -226.686 | Steps: 24 | Success: True | Epsilon: 0.491
Episode 506 | Reward: -109.631 | Steps: 20 | Success: True | Epsilon: 0.490
Episode 507 | Reward: -112.851 | Steps:  7 | Success: False | Epsilon: 0.489
Episode 508 | Reward: -243.224 | Steps: 29 | Success: True | Epsilon: 0.488
Episode 509 | Reward:  -22.542 | Steps:  1 | Success: False | Epsilon: 0.488
Episode 510 | Reward:  -22.798 | Steps:  1 | Success: False | Epsilon: 0.487
Episode 511 | Reward:  -33.270 | Steps:  1 | Success: False | Epsilon: 0.486
Episode 512 | Reward:   -1.368 | Steps:  4 | Success: True | Epsilon: 0.485
Episode 513 | Reward:  -91.578 | Steps: 31 | Success: True | Epsilon: 0.484
Episode 514 | Reward: -211.315 | Steps: 13 | Success: False | Epsilon: 0.484
Episode 515 | Reward:  -26.369 | Steps:  1 | Success: False | Epsilon: 0.483
Episode 516 | Reward:  -26.440 | Steps:  1 | Success: False | Epsilon: 0.482
Episode 517 | Reward: -106.502 | Steps:  7 | Success: False | Epsilon: 0.481
Episode 518 | Reward:    3.033 | Steps:  3 | Success: True | Epsilon: 0.480
Episode 519 | Reward:  -27.817 | Steps:  1 | Success: False | Epsilon: 0.480
Episode 520 | Reward:  -35.095 | Steps:  9 | Success: True | Epsilon: 0.479
Episode 521 | Reward:    2.946 | Steps:  3 | Success: True | Epsilon: 0.478
Episode 522 | Reward:   -1.012 | Steps:  4 | Success: True | Epsilon: 0.477
Episode 523 | Reward:  -59.754 | Steps: 15 | Success: True | Epsilon: 0.476
Episode 524 | Reward:  -26.588 | Steps:  1 | Success: False | Epsilon: 0.476
Episode 525 | Reward: -131.506 | Steps:  8 | Success: False | Epsilon: 0.475
Validation | episode=525 success=26.00% recent_reward=-93.797
Episode 526 | Reward:   -1.084 | Steps:  4 | Success: True | Epsilon: 0.474
Episode 527 | Reward: -220.622 | Steps: 27 | Success: True | Epsilon: 0.473
Episode 528 | Reward: -110.279 | Steps:  7 | Success: False | Epsilon: 0.472
Episode 529 | Reward:  -26.615 | Steps:  1 | Success: False | Epsilon: 0.472
Episode 530 | Reward: -199.477 | Steps: 22 | Success: True | Epsilon: 0.471
Episode 531 | Reward:  -63.679 | Steps: 10 | Success: True | Epsilon: 0.470
Episode 532 | Reward:  -27.073 | Steps:  1 | Success: False | Epsilon: 0.469
Episode 533 | Reward:  -26.596 | Steps:  1 | Success: False | Epsilon: 0.468
Episode 534 | Reward:  -51.169 | Steps: 10 | Success: True | Epsilon: 0.468
Episode 535 | Reward: -136.927 | Steps:  9 | Success: False | Epsilon: 0.467
Episode 536 | Reward:   -1.229 | Steps:  4 | Success: True | Epsilon: 0.466
Episode 537 | Reward:  -84.229 | Steps: 16 | Success: True | Epsilon: 0.465
Episode 538 | Reward: -110.403 | Steps:  7 | Success: False | Epsilon: 0.464
Episode 539 | Reward:  -21.127 | Steps:  1 | Success: False | Epsilon: 0.464
Episode 540 | Reward:  -28.764 | Steps:  1 | Success: False | Epsilon: 0.463
Episode 541 | Reward: -340.236 | Steps: 32 | Success: True | Epsilon: 0.462
Episode 542 | Reward:  -40.725 | Steps: 12 | Success: True | Epsilon: 0.461
Episode 543 | Reward:   -7.574 | Steps:  5 | Success: True | Epsilon: 0.460
Episode 544 | Reward:  -28.061 | Steps:  1 | Success: False | Epsilon: 0.460
Episode 545 | Reward:  -83.885 | Steps: 14 | Success: True | Epsilon: 0.459
Episode 546 | Reward: -109.064 | Steps: 27 | Success: True | Epsilon: 0.458
Episode 547 | Reward:    2.811 | Steps:  3 | Success: True | Epsilon: 0.457
Episode 548 | Reward: -145.417 | Steps:  9 | Success: False | Epsilon: 0.456
Episode 549 | Reward: -106.993 | Steps:  7 | Success: False | Epsilon: 0.456
Episode 550 | Reward:   -1.488 | Steps:  4 | Success: True | Epsilon: 0.455
Validation | episode=550 success=34.00% recent_reward=-72.861
Episode 551 | Reward:  -18.762 | Steps:  7 | Success: True | Epsilon: 0.454
Episode 552 | Reward:  -27.509 | Steps:  1 | Success: False | Epsilon: 0.453
Episode 553 | Reward: -124.877 | Steps:  8 | Success: False | Epsilon: 0.452
Episode 554 | Reward: -111.687 | Steps: 25 | Success: True | Epsilon: 0.452
Episode 555 | Reward:  -91.543 | Steps:  6 | Success: False | Epsilon: 0.451
Episode 556 | Reward: -149.350 | Steps: 18 | Success: True | Epsilon: 0.450
Episode 557 | Reward: -133.307 | Steps: 15 | Success: True | Epsilon: 0.449
Episode 558 | Reward:  -29.208 | Steps:  8 | Success: True | Epsilon: 0.448
Episode 559 | Reward: -231.887 | Steps: 30 | Success: True | Epsilon: 0.448
Episode 560 | Reward:    2.669 | Steps:  3 | Success: True | Epsilon: 0.447
Episode 561 | Reward:   -1.023 | Steps:  4 | Success: True | Epsilon: 0.446
Episode 562 | Reward: -109.887 | Steps:  7 | Success: False | Epsilon: 0.445
Episode 563 | Reward:    2.869 | Steps:  3 | Success: True | Epsilon: 0.444
Episode 564 | Reward:   -1.016 | Steps:  4 | Success: True | Epsilon: 0.444
Episode 565 | Reward: -197.989 | Steps: 25 | Success: True | Epsilon: 0.443
Episode 566 | Reward:  -26.686 | Steps:  1 | Success: False | Epsilon: 0.442
Episode 567 | Reward:   -0.784 | Steps:  4 | Success: True | Epsilon: 0.441
Episode 568 | Reward: -137.862 | Steps:  9 | Success: False | Epsilon: 0.441
Episode 569 | Reward:   -9.813 | Steps:  5 | Success: True | Epsilon: 0.440
Episode 570 | Reward: -109.379 | Steps:  7 | Success: False | Epsilon: 0.439
Episode 571 | Reward:    2.823 | Steps:  3 | Success: True | Epsilon: 0.438
Episode 572 | Reward:  -26.666 | Steps:  1 | Success: False | Epsilon: 0.437
Episode 573 | Reward: -141.024 | Steps:  9 | Success: False | Epsilon: 0.437
Episode 574 | Reward:  -18.712 | Steps:  1 | Success: False | Epsilon: 0.436
Episode 575 | Reward:   -1.398 | Steps:  4 | Success: True | Epsilon: 0.435
Validation | episode=575 success=28.00% recent_reward=-68.405
Episode 576 | Reward: -187.699 | Steps: 23 | Success: True | Epsilon: 0.434
Episode 577 | Reward:  -25.184 | Steps:  8 | Success: True | Epsilon: 0.433
Episode 578 | Reward:  -32.812 | Steps:  1 | Success: False | Epsilon: 0.433
Episode 579 | Reward: -108.717 | Steps:  7 | Success: False | Epsilon: 0.432
Episode 580 | Reward:   -1.054 | Steps:  4 | Success: True | Epsilon: 0.431
Episode 581 | Reward:  -79.053 | Steps: 14 | Success: True | Epsilon: 0.430
Episode 582 | Reward:  -22.713 | Steps:  1 | Success: False | Epsilon: 0.429
Episode 583 | Reward:  -29.834 | Steps:  7 | Success: True | Epsilon: 0.429
Episode 584 | Reward: -112.128 | Steps:  7 | Success: False | Epsilon: 0.428
Episode 585 | Reward:  -26.440 | Steps:  1 | Success: False | Epsilon: 0.427
Episode 586 | Reward:   -8.771 | Steps:  5 | Success: True | Epsilon: 0.426
Episode 587 | Reward:  -68.633 | Steps: 17 | Success: True | Epsilon: 0.426
Episode 588 | Reward:  -44.755 | Steps:  9 | Success: True | Epsilon: 0.425
Episode 589 | Reward: -107.378 | Steps:  7 | Success: False | Epsilon: 0.424
Episode 590 | Reward:  -70.352 | Steps: 14 | Success: True | Epsilon: 0.423
Episode 591 | Reward: -436.396 | Steps: 40 | Success: False | Epsilon: 0.422
Episode 592 | Reward:  -26.296 | Steps:  1 | Success: False | Epsilon: 0.422
Episode 593 | Reward: -266.389 | Steps: 16 | Success: False | Epsilon: 0.421
Episode 594 | Reward:  -92.438 | Steps:  6 | Success: False | Epsilon: 0.420
Episode 595 | Reward:  -26.322 | Steps:  1 | Success: False | Epsilon: 0.419
Episode 596 | Reward:  -23.861 | Steps:  1 | Success: False | Epsilon: 0.419
Episode 597 | Reward: -134.135 | Steps: 25 | Success: True | Epsilon: 0.418
Episode 598 | Reward:  -76.432 | Steps:  5 | Success: False | Epsilon: 0.417
Episode 599 | Reward:  -27.825 | Steps:  1 | Success: False | Epsilon: 0.416
Episode 600 | Reward:  -18.712 | Steps:  1 | Success: False | Epsilon: 0.415
Validation | episode=600 success=20.00% recent_reward=-74.644
Episode 601 | Reward: -125.766 | Steps: 25 | Success: True | Epsilon: 0.415
Episode 602 | Reward:   -1.515 | Steps:  4 | Success: True | Epsilon: 0.414
Episode 603 | Reward: -126.354 | Steps:  8 | Success: False | Epsilon: 0.413
Episode 604 | Reward:  -22.805 | Steps:  6 | Success: True | Epsilon: 0.412
Episode 605 | Reward:  -22.698 | Steps:  1 | Success: False | Epsilon: 0.411
Episode 606 | Reward: -164.846 | Steps: 40 | Success: False | Epsilon: 0.411
Episode 607 | Reward:   -1.260 | Steps:  4 | Success: True | Epsilon: 0.410
Episode 608 | Reward:  -26.499 | Steps:  1 | Success: False | Epsilon: 0.409
Episode 609 | Reward: -121.567 | Steps:  8 | Success: False | Epsilon: 0.408
Episode 610 | Reward: -175.317 | Steps: 22 | Success: True | Epsilon: 0.408
Episode 611 | Reward:  -67.470 | Steps: 32 | Success: True | Epsilon: 0.407
Episode 612 | Reward:  -32.849 | Steps:  1 | Success: False | Epsilon: 0.406
Episode 613 | Reward:   -0.749 | Steps:  4 | Success: True | Epsilon: 0.405
Episode 614 | Reward:  -45.199 | Steps:  9 | Success: True | Epsilon: 0.404
Episode 615 | Reward:   -8.462 | Steps:  5 | Success: True | Epsilon: 0.404
Episode 616 | Reward:  -99.187 | Steps: 15 | Success: True | Epsilon: 0.403
Episode 617 | Reward:  -87.236 | Steps: 15 | Success: True | Epsilon: 0.402
Episode 618 | Reward: -144.615 | Steps:  9 | Success: False | Epsilon: 0.401
Episode 619 | Reward:  -22.628 | Steps:  1 | Success: False | Epsilon: 0.401
Episode 620 | Reward:  -24.170 | Steps:  1 | Success: False | Epsilon: 0.400
Episode 621 | Reward:  -31.733 | Steps:  8 | Success: True | Epsilon: 0.399
Episode 622 | Reward: -102.161 | Steps: 29 | Success: True | Epsilon: 0.398
Episode 623 | Reward: -361.179 | Steps: 36 | Success: True | Epsilon: 0.397
Episode 624 | Reward:  -22.673 | Steps:  1 | Success: False | Epsilon: 0.397
Episode 625 | Reward:    2.952 | Steps:  3 | Success: True | Epsilon: 0.396
Validation | episode=625 success=22.00% recent_reward=-70.565
Episode 626 | Reward:  -71.926 | Steps: 18 | Success: True | Epsilon: 0.395
Episode 627 | Reward:   -0.174 | Steps:  4 | Success: True | Epsilon: 0.394
Episode 628 | Reward: -482.504 | Steps: 40 | Success: False | Epsilon: 0.394
Episode 629 | Reward: -112.597 | Steps:  7 | Success: False | Epsilon: 0.393
Episode 630 | Reward:  -87.530 | Steps:  6 | Success: False | Epsilon: 0.392
Episode 631 | Reward:  -78.239 | Steps:  5 | Success: False | Epsilon: 0.391
Episode 632 | Reward: -164.986 | Steps: 10 | Success: False | Epsilon: 0.391
Episode 633 | Reward: -412.221 | Steps: 40 | Success: True | Epsilon: 0.390
Episode 634 | Reward:   -6.466 | Steps:  5 | Success: True | Epsilon: 0.389
Episode 635 | Reward:  -17.571 | Steps:  1 | Success: False | Epsilon: 0.388
Episode 636 | Reward: -135.666 | Steps:  8 | Success: False | Epsilon: 0.387
Episode 637 | Reward: -151.721 | Steps: 10 | Success: False | Epsilon: 0.387
Episode 638 | Reward:  -22.600 | Steps:  1 | Success: False | Epsilon: 0.386
Episode 639 | Reward: -391.307 | Steps: 32 | Success: True | Epsilon: 0.385
Episode 640 | Reward:  -21.991 | Steps:  1 | Success: False | Epsilon: 0.384
Episode 641 | Reward:  -34.355 | Steps:  8 | Success: True | Epsilon: 0.384
Episode 642 | Reward:   -6.557 | Steps:  6 | Success: True | Epsilon: 0.383
Episode 643 | Reward:    3.059 | Steps:  3 | Success: True | Epsilon: 0.382
Episode 644 | Reward:  -97.549 | Steps: 26 | Success: True | Epsilon: 0.381
Episode 645 | Reward: -124.041 | Steps: 17 | Success: True | Epsilon: 0.381
Episode 646 | Reward:  -23.360 | Steps:  7 | Success: True | Epsilon: 0.380
Episode 647 | Reward: -251.238 | Steps: 35 | Success: True | Epsilon: 0.379
Episode 648 | Reward:  -26.440 | Steps:  1 | Success: False | Epsilon: 0.378
Episode 649 | Reward:   -0.863 | Steps:  4 | Success: True | Epsilon: 0.377
Episode 650 | Reward:  -27.677 | Steps:  1 | Success: False | Epsilon: 0.377
Validation | episode=650 success=26.00% recent_reward=-108.711
Episode 651 | Reward:  -92.634 | Steps:  6 | Success: False | Epsilon: 0.376
Episode 652 | Reward: -108.972 | Steps:  7 | Success: False | Epsilon: 0.375
Episode 653 | Reward:  -33.307 | Steps:  1 | Success: False | Epsilon: 0.374
Episode 654 | Reward:  -66.529 | Steps:  4 | Success: False | Epsilon: 0.374
Episode 655 | Reward:  -47.120 | Steps: 13 | Success: True | Epsilon: 0.373
Episode 656 | Reward:  -92.928 | Steps:  6 | Success: False | Epsilon: 0.372
Episode 657 | Reward:    3.240 | Steps:  3 | Success: True | Epsilon: 0.371
Episode 658 | Reward:  -26.395 | Steps:  1 | Success: False | Epsilon: 0.371
Episode 659 | Reward:    2.902 | Steps:  3 | Success: True | Epsilon: 0.370
Episode 660 | Reward: -487.953 | Steps: 40 | Success: False | Epsilon: 0.369
Episode 661 | Reward:  -37.227 | Steps:  2 | Success: False | Epsilon: 0.368
Episode 662 | Reward:  -13.114 | Steps:  8 | Success: True | Epsilon: 0.367
Episode 663 | Reward:  -92.731 | Steps:  6 | Success: False | Epsilon: 0.367
Episode 664 | Reward:  -26.472 | Steps:  1 | Success: False | Epsilon: 0.366
Episode 665 | Reward: -473.373 | Steps: 34 | Success: False | Epsilon: 0.365
Episode 666 | Reward:  -43.935 | Steps:  9 | Success: True | Epsilon: 0.364
Episode 667 | Reward:  -26.440 | Steps:  1 | Success: False | Epsilon: 0.364
Episode 668 | Reward:    3.106 | Steps:  3 | Success: True | Epsilon: 0.363
Episode 669 | Reward:   -4.360 | Steps:  5 | Success: True | Epsilon: 0.362
Episode 670 | Reward:  -27.429 | Steps:  1 | Success: False | Epsilon: 0.361
Episode 671 | Reward:  -26.636 | Steps:  1 | Success: False | Epsilon: 0.361
Episode 672 | Reward:  -26.649 | Steps:  1 | Success: False | Epsilon: 0.360
Episode 673 | Reward: -123.457 | Steps:  8 | Success: False | Epsilon: 0.359
Episode 674 | Reward:  -23.048 | Steps:  1 | Success: False | Epsilon: 0.358
Episode 675 | Reward:  -27.848 | Steps:  1 | Success: False | Epsilon: 0.358
Validation | episode=675 success=26.00% recent_reward=-74.963
Episode 676 | Reward:    3.052 | Steps:  3 | Success: True | Epsilon: 0.357
Episode 677 | Reward:   -1.011 | Steps:  4 | Success: True | Epsilon: 0.356
Episode 678 | Reward:  -26.451 | Steps:  1 | Success: False | Epsilon: 0.355
Episode 679 | Reward: -147.368 | Steps: 20 | Success: True | Epsilon: 0.354
Episode 680 | Reward:  -95.858 | Steps: 16 | Success: True | Epsilon: 0.354
Episode 681 | Reward: -142.139 | Steps:  9 | Success: False | Epsilon: 0.353
Episode 682 | Reward: -126.841 | Steps:  8 | Success: False | Epsilon: 0.352
Episode 683 | Reward: -124.740 | Steps:  8 | Success: False | Epsilon: 0.351
Episode 684 | Reward:  -78.756 | Steps:  5 | Success: False | Epsilon: 0.351
Episode 685 | Reward:    2.796 | Steps:  3 | Success: True | Epsilon: 0.350
Episode 686 | Reward:  -25.873 | Steps:  7 | Success: True | Epsilon: 0.349
Episode 687 | Reward:  -32.848 | Steps:  1 | Success: False | Epsilon: 0.348
Episode 688 | Reward:  -93.503 | Steps:  6 | Success: False | Epsilon: 0.348
Episode 689 | Reward:   -1.026 | Steps:  4 | Success: True | Epsilon: 0.347
Episode 690 | Reward: -161.893 | Steps: 10 | Success: False | Epsilon: 0.346
Episode 691 | Reward: -128.511 | Steps:  8 | Success: False | Epsilon: 0.345
Episode 692 | Reward:   -1.265 | Steps:  4 | Success: True | Epsilon: 0.345
Episode 693 | Reward:  -29.481 | Steps:  9 | Success: True | Epsilon: 0.344
Episode 694 | Reward: -193.133 | Steps: 12 | Success: False | Epsilon: 0.343
Episode 695 | Reward:  -22.672 | Steps:  1 | Success: False | Epsilon: 0.342
Episode 696 | Reward:  -17.813 | Steps: 10 | Success: True | Epsilon: 0.342
Episode 697 | Reward: -137.103 | Steps: 40 | Success: False | Epsilon: 0.341
Episode 698 | Reward:  -90.288 | Steps:  6 | Success: False | Epsilon: 0.340
Episode 699 | Reward:  -27.589 | Steps:  1 | Success: False | Epsilon: 0.339
Episode 700 | Reward:   -1.012 | Steps:  4 | Success: True | Epsilon: 0.339
Validation | episode=700 success=40.00% recent_reward=-64.299
Episode 701 | Reward:  -91.544 | Steps:  6 | Success: False | Epsilon: 0.338
Episode 702 | Reward:  -17.435 | Steps:  1 | Success: False | Epsilon: 0.337
Episode 703 | Reward: -367.931 | Steps: 40 | Success: True | Epsilon: 0.336
Episode 704 | Reward:  -27.347 | Steps:  1 | Success: False | Epsilon: 0.336
Episode 705 | Reward:  -70.291 | Steps: 13 | Success: True | Epsilon: 0.335
Episode 706 | Reward:   -1.170 | Steps:  4 | Success: True | Epsilon: 0.334
Episode 707 | Reward:   -1.029 | Steps:  4 | Success: True | Epsilon: 0.333
Episode 708 | Reward:  -61.542 | Steps: 12 | Success: True | Epsilon: 0.332
Episode 709 | Reward:  -89.592 | Steps: 16 | Success: True | Epsilon: 0.332
Episode 710 | Reward: -107.325 | Steps:  7 | Success: False | Epsilon: 0.331
Episode 711 | Reward:  -27.380 | Steps:  1 | Success: False | Epsilon: 0.330
Episode 712 | Reward: -328.805 | Steps: 34 | Success: True | Epsilon: 0.329
Episode 713 | Reward: -334.388 | Steps: 33 | Success: True | Epsilon: 0.329
Episode 714 | Reward:  -90.632 | Steps:  6 | Success: False | Epsilon: 0.328
Episode 715 | Reward:   -2.042 | Steps:  4 | Success: True | Epsilon: 0.327
Episode 716 | Reward: -478.859 | Steps: 40 | Success: False | Epsilon: 0.326
Episode 717 | Reward:    3.024 | Steps:  3 | Success: True | Epsilon: 0.326
Episode 718 | Reward: -504.943 | Steps: 40 | Success: False | Epsilon: 0.325
Episode 719 | Reward: -151.019 | Steps: 40 | Success: False | Epsilon: 0.324
Episode 720 | Reward: -493.219 | Steps: 40 | Success: False | Epsilon: 0.323
Episode 721 | Reward:  -26.246 | Steps:  1 | Success: False | Epsilon: 0.323
Episode 722 | Reward:  -47.271 | Steps: 10 | Success: True | Epsilon: 0.322
Episode 723 | Reward: -171.465 | Steps: 29 | Success: True | Epsilon: 0.321
Episode 724 | Reward:  -26.296 | Steps:  1 | Success: False | Epsilon: 0.320
Episode 725 | Reward:  -15.779 | Steps:  6 | Success: True | Epsilon: 0.320
Validation | episode=725 success=18.00% recent_reward=-126.811
Episode 726 | Reward:  -44.972 | Steps: 10 | Success: True | Epsilon: 0.319
Episode 727 | Reward:   -4.230 | Steps:  5 | Success: True | Epsilon: 0.318
Episode 728 | Reward: -463.738 | Steps: 40 | Success: False | Epsilon: 0.317
Episode 729 | Reward: -112.626 | Steps:  7 | Success: False | Epsilon: 0.317
Episode 730 | Reward:  -54.548 | Steps:  3 | Success: False | Epsilon: 0.316
Episode 731 | Reward:  -92.104 | Steps:  6 | Success: False | Epsilon: 0.315
Episode 732 | Reward: -126.935 | Steps: 23 | Success: True | Epsilon: 0.314
Episode 733 | Reward: -429.067 | Steps: 40 | Success: True | Epsilon: 0.314
Episode 734 | Reward: -188.787 | Steps: 12 | Success: False | Epsilon: 0.313
Episode 735 | Reward:  -76.751 | Steps:  5 | Success: False | Epsilon: 0.312
Episode 736 | Reward:  -95.619 | Steps:  6 | Success: False | Epsilon: 0.311
Episode 737 | Reward:  -91.242 | Steps:  6 | Success: False | Epsilon: 0.311
Episode 738 | Reward:   -4.353 | Steps:  4 | Success: True | Epsilon: 0.310
Episode 739 | Reward:  -27.846 | Steps:  1 | Success: False | Epsilon: 0.309
Episode 740 | Reward:  -22.863 | Steps:  1 | Success: False | Epsilon: 0.308
Episode 741 | Reward: -183.285 | Steps: 11 | Success: False | Epsilon: 0.308
Episode 742 | Reward:  -96.713 | Steps:  6 | Success: False | Epsilon: 0.307
Episode 743 | Reward:  -60.372 | Steps: 16 | Success: True | Epsilon: 0.306
Episode 744 | Reward: -346.741 | Steps: 22 | Success: False | Epsilon: 0.305
Episode 745 | Reward:  -22.593 | Steps:  1 | Success: False | Epsilon: 0.305
Episode 746 | Reward: -155.191 | Steps: 10 | Success: False | Epsilon: 0.304
Episode 747 | Reward: -140.484 | Steps:  9 | Success: False | Epsilon: 0.303
Episode 748 | Reward:  -19.799 | Steps:  1 | Success: False | Epsilon: 0.302
Episode 749 | Reward:  -22.445 | Steps:  1 | Success: False | Epsilon: 0.302
Episode 750 | Reward:    2.947 | Steps:  3 | Success: True | Epsilon: 0.301
Validation | episode=750 success=18.00% recent_reward=-105.581
Episode 751 | Reward: -240.874 | Steps: 27 | Success: True | Epsilon: 0.300
Episode 752 | Reward: -115.342 | Steps: 25 | Success: True | Epsilon: 0.299
Episode 753 | Reward:    2.722 | Steps:  3 | Success: True | Epsilon: 0.299
Episode 754 | Reward:   -1.126 | Steps:  4 | Success: True | Epsilon: 0.298
Episode 755 | Reward:  -29.143 | Steps:  1 | Success: False | Epsilon: 0.297
Episode 756 | Reward:  -80.971 | Steps: 12 | Success: True | Epsilon: 0.296
Episode 757 | Reward:  -22.600 | Steps:  1 | Success: False | Epsilon: 0.296
Episode 758 | Reward:  -32.047 | Steps:  1 | Success: False | Epsilon: 0.295
Episode 759 | Reward:  -21.338 | Steps:  7 | Success: True | Epsilon: 0.294
Episode 760 | Reward:  -38.505 | Steps: 10 | Success: True | Epsilon: 0.293
Episode 761 | Reward:  -26.676 | Steps:  1 | Success: False | Epsilon: 0.293
Episode 762 | Reward: -169.744 | Steps: 22 | Success: True | Epsilon: 0.292
Episode 763 | Reward:  -27.645 | Steps:  1 | Success: False | Epsilon: 0.291
Episode 764 | Reward: -514.365 | Steps: 40 | Success: False | Epsilon: 0.291
Episode 765 | Reward: -207.395 | Steps: 23 | Success: True | Epsilon: 0.290
Episode 766 | Reward:  -79.170 | Steps: 25 | Success: True | Epsilon: 0.289
Episode 767 | Reward:    3.331 | Steps:  3 | Success: True | Epsilon: 0.288
Episode 768 | Reward:  -25.171 | Steps:  1 | Success: False | Epsilon: 0.288
Episode 769 | Reward: -225.806 | Steps: 14 | Success: False | Epsilon: 0.287
Episode 770 | Reward:  -34.469 | Steps: 10 | Success: True | Epsilon: 0.286
Episode 771 | Reward:  -24.555 | Steps:  7 | Success: True | Epsilon: 0.285
Episode 772 | Reward:  -61.858 | Steps: 13 | Success: True | Epsilon: 0.285
Episode 773 | Reward:  -23.131 | Steps:  1 | Success: False | Epsilon: 0.284
Episode 774 | Reward:  -53.363 | Steps: 10 | Success: True | Epsilon: 0.283
Episode 775 | Reward: -507.575 | Steps: 40 | Success: False | Epsilon: 0.282
Validation | episode=775 success=16.00% recent_reward=-96.393
Episode 776 | Reward:    3.289 | Steps:  3 | Success: True | Epsilon: 0.282
Episode 777 | Reward: -251.547 | Steps: 28 | Success: True | Epsilon: 0.281
Episode 778 | Reward:   -1.094 | Steps:  4 | Success: True | Epsilon: 0.280
Episode 779 | Reward:  -26.488 | Steps:  1 | Success: False | Epsilon: 0.279
Episode 780 | Reward: -366.980 | Steps: 40 | Success: True | Epsilon: 0.279
Episode 781 | Reward: -128.674 | Steps:  8 | Success: False | Epsilon: 0.278
Episode 782 | Reward: -112.828 | Steps:  7 | Success: False | Epsilon: 0.277
Episode 783 | Reward: -520.507 | Steps: 40 | Success: False | Epsilon: 0.276
Episode 784 | Reward: -158.149 | Steps: 40 | Success: False | Epsilon: 0.276
Episode 785 | Reward:  -93.446 | Steps:  6 | Success: False | Epsilon: 0.275
Episode 786 | Reward:   -9.629 | Steps:  7 | Success: True | Epsilon: 0.274
Episode 787 | Reward:  -79.186 | Steps:  5 | Success: False | Epsilon: 0.273
Episode 788 | Reward:  -99.200 | Steps: 17 | Success: True | Epsilon: 0.273
Episode 789 | Reward:   -6.452 | Steps:  6 | Success: True | Epsilon: 0.272
Episode 790 | Reward:  -93.247 | Steps:  6 | Success: False | Epsilon: 0.271
Episode 791 | Reward:  -27.246 | Steps:  7 | Success: True | Epsilon: 0.270
Episode 792 | Reward:   -0.886 | Steps:  4 | Success: True | Epsilon: 0.270
Episode 793 | Reward:    3.314 | Steps:  3 | Success: True | Epsilon: 0.269
Episode 794 | Reward:  -37.839 | Steps:  2 | Success: False | Epsilon: 0.268
Episode 795 | Reward:  -75.326 | Steps:  5 | Success: False | Epsilon: 0.268
Episode 796 | Reward: -103.896 | Steps: 26 | Success: True | Epsilon: 0.267
Episode 797 | Reward:  -19.029 | Steps:  6 | Success: True | Epsilon: 0.266
Episode 798 | Reward:  -80.820 | Steps: 22 | Success: True | Epsilon: 0.265
Episode 799 | Reward:  -27.780 | Steps:  1 | Success: False | Epsilon: 0.265
Episode 800 | Reward:  -26.440 | Steps:  1 | Success: False | Epsilon: 0.264
Validation | episode=800 success=26.00% recent_reward=-100.352
Episode 801 | Reward:  -96.368 | Steps:  6 | Success: False | Epsilon: 0.263
Episode 802 | Reward:  -68.889 | Steps: 22 | Success: True | Epsilon: 0.262
Episode 803 | Reward:  -26.452 | Steps:  1 | Success: False | Epsilon: 0.262
Episode 804 | Reward:  -26.466 | Steps:  1 | Success: False | Epsilon: 0.261
Episode 805 | Reward:  -61.844 | Steps: 13 | Success: True | Epsilon: 0.260
Episode 806 | Reward: -162.020 | Steps: 23 | Success: True | Epsilon: 0.259
Episode 807 | Reward: -129.801 | Steps: 17 | Success: True | Epsilon: 0.259
Episode 808 | Reward:  -32.813 | Steps:  1 | Success: False | Epsilon: 0.258
Episode 809 | Reward:  -17.316 | Steps:  6 | Success: True | Epsilon: 0.257
Episode 810 | Reward:  -31.073 | Steps:  9 | Success: True | Epsilon: 0.256
Episode 811 | Reward:  -20.440 | Steps:  1 | Success: False | Epsilon: 0.256
Episode 812 | Reward:    2.889 | Steps:  3 | Success: True | Epsilon: 0.255
Episode 813 | Reward:   -0.970 | Steps:  4 | Success: True | Epsilon: 0.254
Episode 814 | Reward:  -72.493 | Steps: 13 | Success: True | Epsilon: 0.254
Episode 815 | Reward: -383.627 | Steps: 28 | Success: False | Epsilon: 0.253
Episode 816 | Reward:  -39.435 | Steps:  2 | Success: False | Epsilon: 0.252
Episode 817 | Reward: -193.918 | Steps: 16 | Success: False | Epsilon: 0.251
Episode 818 | Reward:  -62.528 | Steps: 14 | Success: True | Epsilon: 0.251
Episode 819 | Reward:   -6.095 | Steps:  5 | Success: True | Epsilon: 0.250
Episode 820 | Reward: -159.668 | Steps: 38 | Success: True | Epsilon: 0.249
Episode 821 | Reward:   -0.970 | Steps:  4 | Success: True | Epsilon: 0.248
Episode 822 | Reward: -211.565 | Steps: 27 | Success: True | Epsilon: 0.248
Episode 823 | Reward:   -1.057 | Steps:  4 | Success: True | Epsilon: 0.247
Episode 824 | Reward: -107.924 | Steps:  7 | Success: False | Epsilon: 0.246
Episode 825 | Reward: -133.260 | Steps: 40 | Success: False | Epsilon: 0.245
Validation | episode=825 success=30.00% recent_reward=-76.736
Episode 826 | Reward:  -76.259 | Steps:  5 | Success: False | Epsilon: 0.245
Episode 827 | Reward:  -76.042 | Steps:  5 | Success: False | Epsilon: 0.244
Episode 828 | Reward:  -61.835 | Steps: 14 | Success: True | Epsilon: 0.243
Episode 829 | Reward:   -7.234 | Steps:  5 | Success: True | Epsilon: 0.243
Episode 830 | Reward:  -23.551 | Steps:  1 | Success: False | Epsilon: 0.242
Episode 831 | Reward:  -96.563 | Steps:  6 | Success: False | Epsilon: 0.241
Episode 832 | Reward:  -72.754 | Steps: 24 | Success: True | Epsilon: 0.240
Episode 833 | Reward: -138.527 | Steps: 40 | Success: False | Epsilon: 0.240
Episode 834 | Reward: -362.152 | Steps: 40 | Success: True | Epsilon: 0.239
Episode 835 | Reward: -484.354 | Steps: 40 | Success: False | Epsilon: 0.238
Episode 836 | Reward: -130.035 | Steps:  8 | Success: False | Epsilon: 0.237
Episode 837 | Reward:  -26.502 | Steps:  1 | Success: False | Epsilon: 0.237
Episode 838 | Reward:  -25.287 | Steps:  1 | Success: False | Epsilon: 0.236
Episode 839 | Reward:  -14.377 | Steps:  6 | Success: True | Epsilon: 0.235
Episode 840 | Reward:  -33.300 | Steps:  1 | Success: False | Epsilon: 0.235
Episode 841 | Reward:  -62.609 | Steps: 12 | Success: True | Epsilon: 0.234
Episode 842 | Reward: -130.815 | Steps: 30 | Success: True | Epsilon: 0.233
Episode 843 | Reward: -100.095 | Steps:  6 | Success: False | Epsilon: 0.232
Episode 844 | Reward: -113.713 | Steps: 23 | Success: True | Epsilon: 0.232
Episode 845 | Reward:  -26.443 | Steps:  1 | Success: False | Epsilon: 0.231
Episode 846 | Reward:  -22.581 | Steps:  1 | Success: False | Epsilon: 0.230
Episode 847 | Reward: -119.506 | Steps: 40 | Success: True | Epsilon: 0.229
Episode 848 | Reward:  -99.971 | Steps: 22 | Success: True | Epsilon: 0.229
Episode 849 | Reward:  -26.296 | Steps:  1 | Success: False | Epsilon: 0.228
Episode 850 | Reward:  -22.182 | Steps:  1 | Success: False | Epsilon: 0.227
Validation | episode=850 success=22.00% recent_reward=-93.592
Episode 851 | Reward:  -90.005 | Steps:  6 | Success: False | Epsilon: 0.226
Episode 852 | Reward: -329.199 | Steps: 33 | Success: True | Epsilon: 0.226
Episode 853 | Reward:  -17.328 | Steps:  1 | Success: False | Epsilon: 0.225
Episode 854 | Reward:  -76.205 | Steps:  5 | Success: False | Epsilon: 0.224
Episode 855 | Reward:    2.984 | Steps:  3 | Success: True | Epsilon: 0.224
Episode 856 | Reward:  -26.607 | Steps:  1 | Success: False | Epsilon: 0.223
Episode 857 | Reward:    3.097 | Steps:  3 | Success: True | Epsilon: 0.222
Episode 858 | Reward: -633.983 | Steps: 40 | Success: False | Epsilon: 0.221
Episode 859 | Reward: -109.600 | Steps:  7 | Success: False | Epsilon: 0.221
Episode 860 | Reward:  -73.358 | Steps:  4 | Success: False | Epsilon: 0.220
Episode 861 | Reward: -126.564 | Steps:  8 | Success: False | Epsilon: 0.219
Episode 862 | Reward: -171.921 | Steps: 40 | Success: False | Epsilon: 0.219
Episode 863 | Reward: -125.022 | Steps:  8 | Success: False | Epsilon: 0.218
Episode 864 | Reward:  -25.220 | Steps:  1 | Success: False | Epsilon: 0.217
Episode 865 | Reward:  -27.994 | Steps:  1 | Success: False | Epsilon: 0.216
Episode 866 | Reward: -112.365 | Steps:  7 | Success: False | Epsilon: 0.216
Episode 867 | Reward:  -77.641 | Steps:  5 | Success: False | Epsilon: 0.215
Episode 868 | Reward: -479.534 | Steps: 40 | Success: False | Epsilon: 0.214
Episode 869 | Reward:  -89.727 | Steps: 17 | Success: True | Epsilon: 0.213
Episode 870 | Reward: -119.318 | Steps: 24 | Success: True | Epsilon: 0.213
Episode 871 | Reward:  -18.925 | Steps:  1 | Success: False | Epsilon: 0.212
Episode 872 | Reward:  -74.946 | Steps: 16 | Success: True | Epsilon: 0.211
Episode 873 | Reward:   -0.970 | Steps:  4 | Success: True | Epsilon: 0.211
Episode 874 | Reward:  -26.610 | Steps:  1 | Success: False | Epsilon: 0.210
Episode 875 | Reward:  -79.531 | Steps:  5 | Success: False | Epsilon: 0.209
Validation | episode=875 success=30.00% recent_reward=-106.568
Episode 876 | Reward:  -92.719 | Steps:  6 | Success: False | Epsilon: 0.208
Episode 877 | Reward:  -74.155 | Steps:  5 | Success: False | Epsilon: 0.208
Episode 878 | Reward:    0.058 | Steps:  4 | Success: True | Epsilon: 0.207
Episode 879 | Reward:  -82.812 | Steps:  5 | Success: False | Epsilon: 0.206
Episode 880 | Reward: -551.689 | Steps: 40 | Success: False | Epsilon: 0.205
Episode 881 | Reward: -116.280 | Steps: 40 | Success: False | Epsilon: 0.205
Episode 882 | Reward: -449.073 | Steps: 40 | Success: False | Epsilon: 0.204
Episode 883 | Reward:   -1.007 | Steps:  4 | Success: True | Epsilon: 0.203
Episode 884 | Reward:    3.107 | Steps:  3 | Success: True | Epsilon: 0.203
Episode 885 | Reward: -112.186 | Steps: 36 | Success: True | Epsilon: 0.202
Episode 886 | Reward:  -65.022 | Steps: 11 | Success: True | Epsilon: 0.201
Episode 887 | Reward:   -1.171 | Steps:  4 | Success: True | Epsilon: 0.200
Episode 888 | Reward: -166.260 | Steps: 24 | Success: True | Epsilon: 0.200
Episode 889 | Reward:  -26.440 | Steps:  1 | Success: False | Epsilon: 0.199
Episode 890 | Reward:  -96.837 | Steps:  6 | Success: False | Epsilon: 0.198
Episode 891 | Reward:  -75.313 | Steps:  5 | Success: False | Epsilon: 0.198
Episode 892 | Reward: -269.248 | Steps: 40 | Success: False | Epsilon: 0.197
Episode 893 | Reward:  -74.188 | Steps:  5 | Success: False | Epsilon: 0.196
Episode 894 | Reward:  -94.531 | Steps:  6 | Success: False | Epsilon: 0.195
Episode 895 | Reward: -162.303 | Steps: 10 | Success: False | Epsilon: 0.195
Episode 896 | Reward: -146.212 | Steps: 40 | Success: True | Epsilon: 0.194
Episode 897 | Reward:   -1.045 | Steps:  4 | Success: True | Epsilon: 0.193
Episode 898 | Reward: -127.115 | Steps: 32 | Success: True | Epsilon: 0.192
Episode 899 | Reward:  -75.560 | Steps:  5 | Success: False | Epsilon: 0.192
Episode 900 | Reward:  -76.138 | Steps:  5 | Success: False | Epsilon: 0.191
Validation | episode=900 success=32.00% recent_reward=-104.504
Episode 901 | Reward:  -93.779 | Steps:  6 | Success: False | Epsilon: 0.190
Episode 902 | Reward: -137.142 | Steps: 40 | Success: True | Epsilon: 0.190
Episode 903 | Reward: -115.460 | Steps:  7 | Success: False | Epsilon: 0.189
Episode 904 | Reward:  -75.875 | Steps:  5 | Success: False | Epsilon: 0.188
Episode 905 | Reward:  -91.014 | Steps:  6 | Success: False | Epsilon: 0.187
Episode 906 | Reward: -338.954 | Steps: 36 | Success: True | Epsilon: 0.187
Episode 907 | Reward: -163.798 | Steps: 40 | Success: True | Epsilon: 0.186
Episode 908 | Reward:  -22.552 | Steps:  1 | Success: False | Epsilon: 0.185
Episode 909 | Reward: -215.485 | Steps: 16 | Success: False | Epsilon: 0.185
Episode 910 | Reward:  -76.969 | Steps:  5 | Success: False | Epsilon: 0.184
Episode 911 | Reward: -408.420 | Steps: 31 | Success: False | Epsilon: 0.183
Episode 912 | Reward:  -73.977 | Steps: 20 | Success: True | Epsilon: 0.182
Episode 913 | Reward:  -79.485 | Steps: 12 | Success: True | Epsilon: 0.182
Episode 914 | Reward: -148.424 | Steps:  9 | Success: False | Epsilon: 0.181
Episode 915 | Reward: -168.290 | Steps: 28 | Success: True | Epsilon: 0.180
Episode 916 | Reward: -106.052 | Steps: 20 | Success: True | Epsilon: 0.180
Episode 917 | Reward: -159.021 | Steps: 31 | Success: True | Epsilon: 0.179
Episode 918 | Reward:   -5.269 | Steps:  4 | Success: True | Epsilon: 0.178
Episode 919 | Reward:  -26.453 | Steps:  1 | Success: False | Epsilon: 0.177
Episode 920 | Reward:  -53.821 | Steps: 12 | Success: True | Epsilon: 0.177
Episode 921 | Reward:   -0.864 | Steps:  4 | Success: True | Epsilon: 0.176
Episode 922 | Reward:   -6.221 | Steps:  5 | Success: True | Epsilon: 0.175
Episode 923 | Reward:   -7.248 | Steps:  6 | Success: True | Epsilon: 0.175
Episode 924 | Reward: -136.170 | Steps: 40 | Success: False | Epsilon: 0.174
Episode 925 | Reward:  -75.940 | Steps:  5 | Success: False | Epsilon: 0.173
Validation | episode=925 success=40.00% recent_reward=-107.092
Episode 926 | Reward: -117.234 | Steps: 40 | Success: False | Epsilon: 0.172
Episode 927 | Reward:   -5.240 | Steps:  4 | Success: True | Epsilon: 0.172
Episode 928 | Reward: -431.792 | Steps: 40 | Success: False | Epsilon: 0.171
Episode 929 | Reward: -363.109 | Steps: 35 | Success: True | Epsilon: 0.170
Episode 930 | Reward:  -24.780 | Steps:  1 | Success: False | Epsilon: 0.170
Episode 931 | Reward:   -0.940 | Steps:  4 | Success: True | Epsilon: 0.169
Episode 932 | Reward:  -91.306 | Steps:  6 | Success: False | Epsilon: 0.168
Episode 933 | Reward: -113.034 | Steps:  7 | Success: False | Epsilon: 0.167
Episode 934 | Reward:  -77.333 | Steps: 19 | Success: True | Epsilon: 0.167
Episode 935 | Reward:  -18.089 | Steps:  1 | Success: False | Epsilon: 0.166
Episode 936 | Reward: -134.395 | Steps: 40 | Success: False | Epsilon: 0.165
Episode 937 | Reward:  -25.526 | Steps:  1 | Success: False | Epsilon: 0.165
Episode 938 | Reward:  -22.323 | Steps:  1 | Success: False | Epsilon: 0.164
Episode 939 | Reward:   -0.232 | Steps:  4 | Success: True | Epsilon: 0.163
Episode 940 | Reward: -174.754 | Steps: 11 | Success: False | Epsilon: 0.162
Episode 941 | Reward: -181.885 | Steps: 40 | Success: False | Epsilon: 0.162
Episode 942 | Reward:  -53.096 | Steps: 11 | Success: True | Epsilon: 0.161
Episode 943 | Reward:  -77.301 | Steps:  5 | Success: False | Epsilon: 0.160
Episode 944 | Reward:  -99.038 | Steps: 18 | Success: True | Epsilon: 0.160
Episode 945 | Reward:    2.855 | Steps:  3 | Success: True | Epsilon: 0.159
Episode 946 | Reward: -439.495 | Steps: 40 | Success: False | Epsilon: 0.158
Episode 947 | Reward: -253.913 | Steps: 16 | Success: False | Epsilon: 0.157
Episode 948 | Reward:  -92.688 | Steps:  6 | Success: False | Epsilon: 0.157
Episode 949 | Reward:  -75.785 | Steps:  5 | Success: False | Epsilon: 0.156
Episode 950 | Reward:  -92.275 | Steps:  6 | Success: False | Epsilon: 0.155
Validation | episode=950 success=22.00% recent_reward=-106.305
Episode 951 | Reward:  -25.768 | Steps:  1 | Success: False | Epsilon: 0.155
Episode 952 | Reward: -148.756 | Steps:  9 | Success: False | Epsilon: 0.154
Episode 953 | Reward:  -99.055 | Steps:  6 | Success: False | Epsilon: 0.153
Episode 954 | Reward:    3.042 | Steps:  3 | Success: True | Epsilon: 0.152
Episode 955 | Reward:  -18.712 | Steps:  1 | Success: False | Epsilon: 0.152
Episode 956 | Reward:  -22.566 | Steps:  1 | Success: False | Epsilon: 0.151
Episode 957 | Reward: -245.912 | Steps: 15 | Success: False | Epsilon: 0.150
Episode 958 | Reward: -113.933 | Steps: 18 | Success: True | Epsilon: 0.150
Episode 959 | Reward: -225.985 | Steps: 14 | Success: False | Epsilon: 0.149
Episode 960 | Reward:  -11.050 | Steps:  5 | Success: True | Epsilon: 0.148
Episode 961 | Reward:  -67.581 | Steps: 14 | Success: True | Epsilon: 0.147
Episode 962 | Reward: -111.787 | Steps:  7 | Success: False | Epsilon: 0.147
Episode 963 | Reward: -331.061 | Steps: 36 | Success: True | Epsilon: 0.146
Episode 964 | Reward: -106.028 | Steps:  7 | Success: False | Epsilon: 0.145
Episode 965 | Reward:  -82.349 | Steps:  5 | Success: False | Epsilon: 0.145
Episode 966 | Reward:  -78.779 | Steps:  5 | Success: False | Epsilon: 0.144
Episode 967 | Reward:   -1.397 | Steps:  4 | Success: True | Epsilon: 0.143
Episode 968 | Reward:  -89.231 | Steps:  6 | Success: False | Epsilon: 0.142
Episode 969 | Reward:  -25.252 | Steps:  1 | Success: False | Epsilon: 0.142
Episode 970 | Reward:    3.068 | Steps:  3 | Success: True | Epsilon: 0.141
Episode 971 | Reward:  -77.641 | Steps:  5 | Success: False | Epsilon: 0.140
Episode 972 | Reward:  -75.164 | Steps:  5 | Success: False | Epsilon: 0.140
Episode 973 | Reward: -312.494 | Steps: 36 | Success: True | Epsilon: 0.139
Episode 974 | Reward:    3.092 | Steps:  3 | Success: True | Epsilon: 0.138
Episode 975 | Reward:  -26.560 | Steps:  1 | Success: False | Epsilon: 0.137
Validation | episode=975 success=40.00% recent_reward=-108.067
Episode 976 | Reward:   -0.879 | Steps:  4 | Success: True | Epsilon: 0.137
Episode 977 | Reward: -505.861 | Steps: 34 | Success: False | Epsilon: 0.136
Episode 978 | Reward: -119.538 | Steps: 18 | Success: True | Epsilon: 0.135
Episode 979 | Reward:    2.989 | Steps:  3 | Success: True | Epsilon: 0.135
Episode 980 | Reward:  -20.440 | Steps:  1 | Success: False | Epsilon: 0.134
Episode 981 | Reward:  -17.802 | Steps:  1 | Success: False | Epsilon: 0.133
Episode 982 | Reward: -154.060 | Steps: 10 | Success: False | Epsilon: 0.133
Episode 983 | Reward:   -7.110 | Steps:  5 | Success: True | Epsilon: 0.132
Episode 984 | Reward:  -86.963 | Steps: 17 | Success: True | Epsilon: 0.131
Episode 985 | Reward:  -41.169 | Steps: 10 | Success: True | Epsilon: 0.130
Episode 986 | Reward:  -75.518 | Steps:  5 | Success: False | Epsilon: 0.130
Episode 987 | Reward: -152.215 | Steps: 31 | Success: True | Epsilon: 0.129
Episode 988 | Reward:  -17.675 | Steps:  1 | Success: False | Epsilon: 0.128
Episode 989 | Reward:  -21.080 | Steps:  8 | Success: True | Epsilon: 0.128
Episode 990 | Reward: -491.220 | Steps: 40 | Success: False | Epsilon: 0.127
Episode 991 | Reward: -119.743 | Steps: 29 | Success: True | Epsilon: 0.126
Episode 992 | Reward: -143.616 | Steps:  9 | Success: False | Epsilon: 0.125
Episode 993 | Reward:  -94.386 | Steps: 15 | Success: True | Epsilon: 0.125
Episode 994 | Reward:    2.835 | Steps:  3 | Success: True | Epsilon: 0.124
Episode 995 | Reward: -159.745 | Steps: 32 | Success: True | Epsilon: 0.123
Episode 996 | Reward: -372.261 | Steps: 25 | Success: False | Epsilon: 0.123
Episode 997 | Reward: -147.826 | Steps: 30 | Success: True | Epsilon: 0.122
Episode 998 | Reward: -465.329 | Steps: 40 | Success: False | Epsilon: 0.121
Episode 999 | Reward:  -18.709 | Steps: 10 | Success: True | Epsilon: 0.121
Episode 1000 | Reward: -145.457 | Steps: 20 | Success: True | Epsilon: 0.120
Validation | episode=1000 success=32.00% recent_reward=-128.718
Episode 1001 | Reward: -235.293 | Steps: 40 | Success: False | Epsilon: 0.119
Episode 1002 | Reward: -216.660 | Steps: 27 | Success: True | Epsilon: 0.118
Episode 1003 | Reward:  -94.770 | Steps:  6 | Success: False | Epsilon: 0.118
Episode 1004 | Reward: -143.323 | Steps: 23 | Success: True | Epsilon: 0.117
Episode 1005 | Reward: -203.592 | Steps: 40 | Success: True | Epsilon: 0.116
Episode 1006 | Reward:  -26.244 | Steps: 13 | Success: True | Epsilon: 0.116
Episode 1007 | Reward: -149.798 | Steps: 37 | Success: True | Epsilon: 0.115
Episode 1008 | Reward: -192.514 | Steps: 12 | Success: False | Epsilon: 0.114
Episode 1009 | Reward: -132.467 | Steps: 40 | Success: False | Epsilon: 0.113
Episode 1010 | Reward:  -55.334 | Steps:  3 | Success: False | Epsilon: 0.113
Episode 1011 | Reward:   -6.337 | Steps:  5 | Success: True | Epsilon: 0.112
Episode 1012 | Reward: -102.653 | Steps: 25 | Success: True | Epsilon: 0.111
Episode 1013 | Reward: -175.609 | Steps: 11 | Success: False | Epsilon: 0.111
Episode 1014 | Reward:  -94.022 | Steps:  6 | Success: False | Epsilon: 0.110
Episode 1015 | Reward:  -36.659 | Steps:  8 | Success: True | Epsilon: 0.109
Episode 1016 | Reward: -191.992 | Steps: 12 | Success: False | Epsilon: 0.109
Episode 1017 | Reward: -122.344 | Steps: 20 | Success: True | Epsilon: 0.108
Episode 1018 | Reward: -138.490 | Steps: 33 | Success: True | Epsilon: 0.107
Episode 1019 | Reward: -177.437 | Steps: 40 | Success: True | Epsilon: 0.106
Episode 1020 | Reward:  -22.579 | Steps:  1 | Success: False | Epsilon: 0.106
Episode 1021 | Reward:   -4.174 | Steps:  5 | Success: True | Epsilon: 0.105
Episode 1022 | Reward:   -4.287 | Steps:  5 | Success: True | Epsilon: 0.104
Episode 1023 | Reward:  -66.776 | Steps: 11 | Success: True | Epsilon: 0.104
Episode 1024 | Reward: -176.577 | Steps: 11 | Success: False | Epsilon: 0.103
Episode 1025 | Reward: -462.589 | Steps: 40 | Success: False | Epsilon: 0.102
Validation | episode=1025 success=38.00% recent_reward=-146.070
Episode 1026 | Reward:    2.708 | Steps:  3 | Success: True | Epsilon: 0.102
Episode 1027 | Reward: -134.961 | Steps: 34 | Success: True | Epsilon: 0.101
Episode 1028 | Reward:  -19.899 | Steps:  8 | Success: True | Epsilon: 0.100
Episode 1029 | Reward: -181.346 | Steps: 38 | Success: True | Epsilon: 0.099
Episode 1030 | Reward: -503.666 | Steps: 40 | Success: False | Epsilon: 0.099
Episode 1031 | Reward: -160.112 | Steps: 40 | Success: False | Epsilon: 0.098
Episode 1032 | Reward:   -4.147 | Steps:  5 | Success: True | Epsilon: 0.097
Episode 1033 | Reward:   -9.034 | Steps:  6 | Success: True | Epsilon: 0.097
Episode 1034 | Reward: -158.656 | Steps: 10 | Success: False | Epsilon: 0.096
Episode 1035 | Reward: -339.703 | Steps: 22 | Success: False | Epsilon: 0.095
Episode 1036 | Reward:  -99.307 | Steps: 40 | Success: False | Epsilon: 0.095
Episode 1037 | Reward: -124.480 | Steps: 32 | Success: True | Epsilon: 0.094
Episode 1038 | Reward: -139.578 | Steps:  9 | Success: False | Epsilon: 0.093
Episode 1039 | Reward: -122.617 | Steps:  8 | Success: False | Epsilon: 0.092
Episode 1040 | Reward:   -1.035 | Steps:  4 | Success: True | Epsilon: 0.092
Episode 1041 | Reward: -125.912 | Steps:  8 | Success: False | Epsilon: 0.091
Episode 1042 | Reward:  -26.200 | Steps:  1 | Success: False | Epsilon: 0.090
Episode 1043 | Reward:  -24.851 | Steps:  6 | Success: True | Epsilon: 0.090
Episode 1044 | Reward: -127.170 | Steps: 40 | Success: True | Epsilon: 0.089
Episode 1045 | Reward: -122.139 | Steps:  8 | Success: False | Epsilon: 0.088
Episode 1046 | Reward: -168.077 | Steps: 40 | Success: True | Epsilon: 0.088
Episode 1047 | Reward:  -53.755 | Steps:  9 | Success: True | Epsilon: 0.087
Episode 1048 | Reward:  -84.625 | Steps: 18 | Success: True | Epsilon: 0.086
Episode 1049 | Reward: -125.070 | Steps:  8 | Success: False | Epsilon: 0.085
Episode 1050 | Reward:    2.996 | Steps:  3 | Success: True | Epsilon: 0.085
Validation | episode=1050 success=42.00% recent_reward=-118.835
Episode 1051 | Reward: -146.789 | Steps:  9 | Success: False | Epsilon: 0.084
Episode 1052 | Reward: -110.621 | Steps:  7 | Success: False | Epsilon: 0.083
Episode 1053 | Reward: -199.798 | Steps: 40 | Success: False | Epsilon: 0.083
Episode 1054 | Reward: -121.971 | Steps:  8 | Success: False | Epsilon: 0.082
Episode 1055 | Reward:  -22.623 | Steps:  1 | Success: False | Epsilon: 0.081
Episode 1056 | Reward:  -96.009 | Steps: 14 | Success: True | Epsilon: 0.081
Episode 1057 | Reward:  -99.015 | Steps: 28 | Success: True | Epsilon: 0.080
Episode 1058 | Reward: -340.725 | Steps: 40 | Success: False | Epsilon: 0.079
Episode 1059 | Reward:  -22.672 | Steps:  1 | Success: False | Epsilon: 0.078
Episode 1060 | Reward:    2.971 | Steps:  3 | Success: True | Epsilon: 0.078
Episode 1061 | Reward: -125.103 | Steps:  8 | Success: False | Epsilon: 0.077
Episode 1062 | Reward: -108.997 | Steps:  7 | Success: False | Epsilon: 0.076
Episode 1063 | Reward:  -14.037 | Steps:  6 | Success: True | Epsilon: 0.076
Episode 1064 | Reward:  -22.672 | Steps:  1 | Success: False | Epsilon: 0.075
Episode 1065 | Reward: -240.051 | Steps: 15 | Success: False | Epsilon: 0.074
Episode 1066 | Reward: -130.828 | Steps:  8 | Success: False | Epsilon: 0.074
Episode 1067 | Reward:  -90.129 | Steps:  6 | Success: False | Epsilon: 0.073
Episode 1068 | Reward: -160.889 | Steps: 40 | Success: False | Epsilon: 0.072
Episode 1069 | Reward: -205.717 | Steps: 37 | Success: True | Epsilon: 0.071
Episode 1070 | Reward: -141.611 | Steps:  9 | Success: False | Epsilon: 0.071
Episode 1071 | Reward:  -19.352 | Steps:  1 | Success: False | Epsilon: 0.070
Episode 1072 | Reward:   -4.201 | Steps:  5 | Success: True | Epsilon: 0.069
Episode 1073 | Reward: -124.954 | Steps:  8 | Success: False | Epsilon: 0.069
Episode 1074 | Reward:  -95.382 | Steps: 14 | Success: True | Epsilon: 0.068
Episode 1075 | Reward: -497.870 | Steps: 40 | Success: False | Epsilon: 0.067
Validation | episode=1075 success=30.00% recent_reward=-118.919
Episode 1076 | Reward: -107.662 | Steps:  7 | Success: False | Epsilon: 0.067
Episode 1077 | Reward: -192.011 | Steps: 40 | Success: False | Epsilon: 0.066
Episode 1078 | Reward:    2.899 | Steps:  3 | Success: True | Epsilon: 0.065
Episode 1079 | Reward:   -2.431 | Steps:  4 | Success: True | Epsilon: 0.065
Episode 1080 | Reward: -105.384 | Steps:  7 | Success: False | Epsilon: 0.064
Episode 1081 | Reward: -145.259 | Steps: 31 | Success: True | Epsilon: 0.063
Episode 1082 | Reward:  -26.614 | Steps:  1 | Success: False | Epsilon: 0.062
Episode 1083 | Reward:  -27.918 | Steps:  1 | Success: False | Epsilon: 0.062
Episode 1084 | Reward:  -27.479 | Steps:  1 | Success: False | Epsilon: 0.061
Episode 1085 | Reward: -343.987 | Steps: 40 | Success: False | Epsilon: 0.060
Episode 1086 | Reward: -329.999 | Steps: 40 | Success: False | Epsilon: 0.060
Episode 1087 | Reward: -126.234 | Steps:  8 | Success: False | Epsilon: 0.059
Episode 1088 | Reward: -114.368 | Steps:  7 | Success: False | Epsilon: 0.058
Episode 1089 | Reward:    2.591 | Steps:  3 | Success: True | Epsilon: 0.058
Episode 1090 | Reward: -386.210 | Steps: 40 | Success: False | Epsilon: 0.057
Episode 1091 | Reward: -173.666 | Steps: 27 | Success: True | Epsilon: 0.056
Episode 1092 | Reward:  -29.383 | Steps: 15 | Success: True | Epsilon: 0.056
Episode 1093 | Reward:    2.797 | Steps:  3 | Success: True | Epsilon: 0.055
Episode 1094 | Reward:    2.919 | Steps:  3 | Success: True | Epsilon: 0.054
Episode 1095 | Reward:  -22.522 | Steps:  1 | Success: False | Epsilon: 0.053
Episode 1096 | Reward: -155.533 | Steps: 10 | Success: False | Epsilon: 0.053
Episode 1097 | Reward:    2.982 | Steps:  3 | Success: True | Epsilon: 0.052
Episode 1098 | Reward: -244.051 | Steps: 40 | Success: False | Epsilon: 0.051
Episode 1099 | Reward: -128.142 | Steps: 40 | Success: False | Epsilon: 0.051
Episode 1100 | Reward: -153.305 | Steps: 10 | Success: False | Epsilon: 0.050
Validation | episode=1100 success=26.00% recent_reward=-118.991

Training summary
Average reward (last 20 episodes): -121.169
Total success count: 550
Success rate: 50.00%
Average training loss (last 100): 48.5497
Best validation success: 56.00%
