Episode 001 | Reward:   12.000 | Steps: 13 | Success: True | Epsilon: 1.000
New best model saved. Avg(last 1)=12.000
Episode 002 | Reward:   22.000 | Steps: 30 | Success: True | Epsilon: 0.998
New best model saved. Avg(last 2)=17.000
Episode 003 | Reward:   16.000 | Steps:  3 | Success: True | Epsilon: 0.997
Episode 004 | Reward:   30.000 | Steps: 10 | Success: True | Epsilon: 0.995
New best model saved. Avg(last 4)=20.000
Episode 005 | Reward:   20.000 | Steps:  5 | Success: True | Epsilon: 0.994
Episode 006 | Reward:  -14.000 | Steps:  1 | Success: False | Epsilon: 0.992
Episode 007 | Reward:   20.000 | Steps:  5 | Success: True | Epsilon: 0.990
Episode 008 | Reward:    6.000 | Steps: 16 | Success: True | Epsilon: 0.989
Episode 009 | Reward:   12.000 | Steps:  1 | Success: True | Epsilon: 0.987
Episode 010 | Reward:  -42.000 | Steps: 34 | Success: True | Epsilon: 0.986
Episode 011 | Reward:    0.000 | Steps: 16 | Success: True | Epsilon: 0.984
Episode 012 | Reward:  -14.000 | Steps:  1 | Success: False | Epsilon: 0.983
Episode 013 | Reward:   -2.000 | Steps: 12 | Success: True | Epsilon: 0.981
Episode 014 | Reward:   30.000 | Steps: 10 | Success: True | Epsilon: 0.979
Episode 015 | Reward:  -14.000 | Steps:  1 | Success: False | Epsilon: 0.978
Episode 016 | Reward:  -14.000 | Steps:  1 | Success: False | Epsilon: 0.976
Episode 017 | Reward:  -14.000 | Steps:  1 | Success: False | Epsilon: 0.975
Episode 018 | Reward:    8.000 | Steps:  5 | Success: True | Epsilon: 0.973
Episode 019 | Reward:   12.000 | Steps: 16 | Success: True | Epsilon: 0.971
Episode 020 | Reward:  -38.000 | Steps:  7 | Success: False | Epsilon: 0.970
Episode 021 | Reward:   12.000 | Steps:  1 | Success: True | Epsilon: 0.968
Episode 022 | Reward:  -14.000 | Steps:  1 | Success: False | Epsilon: 0.967
Episode 023 | Reward:   38.000 | Steps: 14 | Success: True | Epsilon: 0.965
Episode 024 | Reward:   14.000 | Steps: 11 | Success: True | Epsilon: 0.964
Episode 025 | Reward:  -38.000 | Steps:  7 | Success: False | Epsilon: 0.962
Episode 026 | Reward:  -14.000 | Steps:  1 | Success: False | Epsilon: 0.960
Episode 027 | Reward:   -2.000 | Steps: 12 | Success: True | Epsilon: 0.959
Episode 028 | Reward:   32.000 | Steps: 11 | Success: True | Epsilon: 0.957
Episode 029 | Reward:   32.000 | Steps: 14 | Success: True | Epsilon: 0.956
Episode 030 | Reward:   34.000 | Steps: 12 | Success: True | Epsilon: 0.954
Episode 031 | Reward:   62.000 | Steps: 26 | Success: True | Epsilon: 0.952
Episode 032 | Reward:   -2.000 | Steps: 18 | Success: True | Epsilon: 0.951
Episode 033 | Reward:   32.000 | Steps: 35 | Success: True | Epsilon: 0.949
Episode 034 | Reward:   12.000 | Steps:  1 | Success: True | Epsilon: 0.948
Episode 035 | Reward:    4.000 | Steps: 12 | Success: True | Epsilon: 0.946
Episode 036 | Reward:   14.000 | Steps: 14 | Success: True | Epsilon: 0.944
Episode 037 | Reward:   12.000 | Steps:  1 | Success: True | Epsilon: 0.943
Episode 038 | Reward:   16.000 | Steps:  3 | Success: True | Epsilon: 0.941
Episode 039 | Reward:   10.000 | Steps: 12 | Success: True | Epsilon: 0.940
Episode 040 | Reward:   32.000 | Steps: 23 | Success: True | Epsilon: 0.938
Episode 041 | Reward:   46.000 | Steps: 18 | Success: True | Epsilon: 0.937
Episode 042 | Reward:  -14.000 | Steps:  1 | Success: False | Epsilon: 0.935
Episode 043 | Reward:   18.000 | Steps: 16 | Success: True | Epsilon: 0.933
Episode 044 | Reward:   14.000 | Steps:  2 | Success: True | Epsilon: 0.932
Episode 045 | Reward:   12.000 | Steps:  1 | Success: True | Epsilon: 0.930
Episode 046 | Reward:   12.000 | Steps:  1 | Success: True | Epsilon: 0.929
Episode 047 | Reward:   30.000 | Steps: 10 | Success: True | Epsilon: 0.927
New best model saved. Avg(last 20)=20.400
Episode 048 | Reward:   28.000 | Steps:  9 | Success: True | Epsilon: 0.925
Episode 049 | Reward:   58.000 | Steps: 24 | Success: True | Epsilon: 0.924
New best model saved. Avg(last 20)=21.500
Episode 050 | Reward:   30.000 | Steps: 10 | Success: True | Epsilon: 0.922
Episode 051 | Reward:   58.000 | Steps: 24 | Success: True | Epsilon: 0.921
Episode 052 | Reward:   26.000 | Steps:  8 | Success: True | Epsilon: 0.919
New best model saved. Avg(last 20)=22.500
Episode 053 | Reward:  -46.000 | Steps:  9 | Success: False | Epsilon: 0.918
Episode 054 | Reward:   24.000 | Steps: 22 | Success: True | Epsilon: 0.916
Episode 055 | Reward:   18.000 | Steps:  4 | Success: True | Epsilon: 0.914
Episode 056 | Reward:   12.000 | Steps:  1 | Success: True | Epsilon: 0.913
Episode 057 | Reward:   12.000 | Steps:  1 | Success: True | Epsilon: 0.911
Episode 058 | Reward:    0.000 | Steps: 34 | Success: True | Epsilon: 0.910
Episode 059 | Reward:   24.000 | Steps:  7 | Success: True | Epsilon: 0.908
Episode 060 | Reward:   14.000 | Steps:  8 | Success: True | Epsilon: 0.906
Episode 061 | Reward:   16.000 | Steps:  3 | Success: True | Epsilon: 0.905
Episode 062 | Reward:   20.000 | Steps: 14 | Success: True | Epsilon: 0.903
Episode 063 | Reward:    8.000 | Steps: 32 | Success: True | Epsilon: 0.902
Episode 064 | Reward:   44.000 | Steps: 17 | Success: True | Epsilon: 0.900
Episode 065 | Reward:    2.000 | Steps: 14 | Success: True | Epsilon: 0.898
Episode 066 | Reward:   30.000 | Steps: 25 | Success: True | Epsilon: 0.897
Episode 067 | Reward:   12.000 | Steps:  1 | Success: True | Epsilon: 0.895
Episode 068 | Reward:    8.000 | Steps: 11 | Success: True | Epsilon: 0.894
Episode 069 | Reward:   36.000 | Steps: 13 | Success: True | Epsilon: 0.892
Episode 070 | Reward:  -14.000 | Steps:  1 | Success: False | Epsilon: 0.891
Episode 071 | Reward:   12.000 | Steps:  1 | Success: True | Epsilon: 0.889
Episode 072 | Reward:   26.000 | Steps: 23 | Success: True | Epsilon: 0.887
Episode 073 | Reward:  -14.000 | Steps:  1 | Success: False | Epsilon: 0.886
Episode 074 | Reward:   44.000 | Steps: 17 | Success: True | Epsilon: 0.884
Episode 075 | Reward:   22.000 | Steps:  6 | Success: True | Epsilon: 0.883
Episode 076 | Reward:   24.000 | Steps:  7 | Success: True | Epsilon: 0.881
Episode 077 | Reward:   30.000 | Steps: 10 | Success: True | Epsilon: 0.879
Episode 078 | Reward:    8.000 | Steps: 23 | Success: True | Epsilon: 0.878
Episode 079 | Reward:    6.000 | Steps: 10 | Success: True | Epsilon: 0.876
Episode 080 | Reward:   18.000 | Steps: 25 | Success: True | Epsilon: 0.875
Episode 081 | Reward:    2.000 | Steps: 14 | Success: True | Epsilon: 0.873
Episode 082 | Reward:   24.000 | Steps: 25 | Success: True | Epsilon: 0.872
Episode 083 | Reward:   16.000 | Steps:  3 | Success: True | Epsilon: 0.870
Episode 084 | Reward:   12.000 | Steps:  1 | Success: True | Epsilon: 0.868
Episode 085 | Reward:   12.000 | Steps:  1 | Success: True | Epsilon: 0.867
Episode 086 | Reward:   28.000 | Steps: 40 | Success: False | Epsilon: 0.865
Episode 087 | Reward:   12.000 | Steps:  1 | Success: True | Epsilon: 0.864
Episode 088 | Reward:   48.000 | Steps: 19 | Success: True | Epsilon: 0.862
Episode 089 | Reward:   28.000 | Steps:  9 | Success: True | Epsilon: 0.860
Episode 090 | Reward:  -14.000 | Steps:  1 | Success: False | Epsilon: 0.859
Episode 091 | Reward:  -32.000 | Steps:  7 | Success: False | Epsilon: 0.857
Episode 092 | Reward:    8.000 | Steps:  8 | Success: True | Epsilon: 0.856
Episode 093 | Reward:   44.000 | Steps: 17 | Success: True | Epsilon: 0.854
Episode 094 | Reward:   -4.000 | Steps: 29 | Success: True | Epsilon: 0.853
Episode 095 | Reward:  -38.000 | Steps:  7 | Success: False | Epsilon: 0.851
Episode 096 | Reward:   22.000 | Steps:  6 | Success: True | Epsilon: 0.849
Episode 097 | Reward:   40.000 | Steps: 15 | Success: True | Epsilon: 0.848
Episode 098 | Reward:   22.000 | Steps:  6 | Success: True | Epsilon: 0.846
Episode 099 | Reward:   12.000 | Steps:  1 | Success: True | Epsilon: 0.845
Episode 100 | Reward:   32.000 | Steps: 17 | Success: True | Epsilon: 0.843
Episode 101 | Reward:   -8.000 | Steps: 21 | Success: True | Epsilon: 0.841
Episode 102 | Reward:   24.000 | Steps: 40 | Success: True | Epsilon: 0.840
Episode 103 | Reward:   24.000 | Steps:  7 | Success: True | Epsilon: 0.838
Episode 104 | Reward:   -6.000 | Steps: 16 | Success: True | Epsilon: 0.837
Episode 105 | Reward:   12.000 | Steps:  1 | Success: True | Epsilon: 0.835
Episode 106 | Reward:   12.000 | Steps:  1 | Success: True | Epsilon: 0.833
Episode 107 | Reward:   12.000 | Steps:  1 | Success: True | Epsilon: 0.832
Episode 108 | Reward:   12.000 | Steps: 16 | Success: True | Epsilon: 0.830
Episode 109 | Reward:   12.000 | Steps:  1 | Success: True | Epsilon: 0.829
Episode 110 | Reward:   -8.000 | Steps: 24 | Success: True | Epsilon: 0.827
Episode 111 | Reward:   16.000 | Steps:  3 | Success: True | Epsilon: 0.826
Episode 112 | Reward:   16.000 | Steps: 21 | Success: True | Epsilon: 0.824
Episode 113 | Reward:  -34.000 | Steps:  6 | Success: False | Epsilon: 0.822
Episode 114 | Reward:   40.000 | Steps: 15 | Success: True | Epsilon: 0.821
Episode 115 | Reward:    8.000 | Steps:  5 | Success: True | Epsilon: 0.819
Episode 116 | Reward:   74.000 | Steps: 38 | Success: True | Epsilon: 0.818
Episode 117 | Reward:  -14.000 | Steps:  1 | Success: False | Epsilon: 0.816
Episode 118 | Reward:   12.000 | Steps:  1 | Success: True | Epsilon: 0.814
Episode 119 | Reward:   12.000 | Steps:  1 | Success: True | Epsilon: 0.813
Episode 120 | Reward:  -32.000 | Steps:  7 | Success: False | Epsilon: 0.811
Episode 121 | Reward:   12.000 | Steps:  1 | Success: True | Epsilon: 0.810
Episode 122 | Reward:   42.000 | Steps: 19 | Success: True | Epsilon: 0.808
Episode 123 | Reward:   66.000 | Steps: 28 | Success: True | Epsilon: 0.807
Episode 124 | Reward:   36.000 | Steps: 13 | Success: True | Epsilon: 0.805
Episode 125 | Reward:   16.000 | Steps:  3 | Success: True | Epsilon: 0.803
Episode 126 | Reward:   24.000 | Steps:  7 | Success: True | Epsilon: 0.802
Episode 127 | Reward:    8.000 | Steps: 20 | Success: True | Epsilon: 0.800
Episode 128 | Reward:   12.000 | Steps:  1 | Success: True | Epsilon: 0.799
Episode 129 | Reward:   24.000 | Steps: 19 | Success: True | Epsilon: 0.797
Episode 130 | Reward:   20.000 | Steps:  5 | Success: True | Epsilon: 0.795
Episode 131 | Reward:   22.000 | Steps: 15 | Success: True | Epsilon: 0.794
Episode 132 | Reward:  -38.000 | Steps:  7 | Success: False | Epsilon: 0.792
Episode 133 | Reward:   16.000 | Steps: 27 | Success: True | Epsilon: 0.791
Episode 134 | Reward:   -4.000 | Steps: 32 | Success: True | Epsilon: 0.789
Episode 135 | Reward:  -30.000 | Steps:  5 | Success: False | Epsilon: 0.787
Episode 136 | Reward:  -14.000 | Steps:  1 | Success: False | Epsilon: 0.786
Episode 137 | Reward:  -42.000 | Steps:  8 | Success: False | Epsilon: 0.784
Episode 138 | Reward:  -14.000 | Steps:  1 | Success: False | Epsilon: 0.783
Episode 139 | Reward:   12.000 | Steps:  1 | Success: True | Epsilon: 0.781
Episode 140 | Reward:  -14.000 | Steps:  1 | Success: False | Epsilon: 0.780
Episode 141 | Reward:   10.000 | Steps:  9 | Success: True | Epsilon: 0.778
Episode 142 | Reward:  -16.000 | Steps: 32 | Success: True | Epsilon: 0.776
Episode 143 | Reward:   12.000 | Steps:  1 | Success: True | Epsilon: 0.775
Episode 144 | Reward:   22.000 | Steps:  6 | Success: True | Epsilon: 0.773
Episode 145 | Reward:   24.000 | Steps: 22 | Success: True | Epsilon: 0.772
Episode 146 | Reward:   12.000 | Steps:  7 | Success: True | Epsilon: 0.770
Episode 147 | Reward:   16.000 | Steps: 18 | Success: True | Epsilon: 0.768
Episode 148 | Reward:  -34.000 | Steps:  6 | Success: False | Epsilon: 0.767
Episode 149 | Reward:   44.000 | Steps: 29 | Success: True | Epsilon: 0.765
Episode 150 | Reward:   12.000 | Steps:  1 | Success: True | Epsilon: 0.764
Episode 151 | Reward:   32.000 | Steps: 26 | Success: True | Epsilon: 0.762
Episode 152 | Reward:   16.000 | Steps:  3 | Success: True | Epsilon: 0.761
Episode 153 | Reward:   12.000 | Steps:  1 | Success: True | Epsilon: 0.759
Episode 154 | Reward:   62.000 | Steps: 26 | Success: True | Epsilon: 0.757
Episode 155 | Reward:  -34.000 | Steps:  6 | Success: False | Epsilon: 0.756
Episode 156 | Reward:   40.000 | Steps: 15 | Success: True | Epsilon: 0.754
Episode 157 | Reward:    0.000 | Steps: 37 | Success: True | Epsilon: 0.753
Episode 158 | Reward:   12.000 | Steps:  1 | Success: True | Epsilon: 0.751
Episode 159 | Reward:   24.000 | Steps:  7 | Success: True | Epsilon: 0.749
Episode 160 | Reward:   58.000 | Steps: 24 | Success: True | Epsilon: 0.748
Episode 161 | Reward:   14.000 | Steps:  5 | Success: True | Epsilon: 0.746
Episode 162 | Reward:   32.000 | Steps: 11 | Success: True | Epsilon: 0.745
Episode 163 | Reward:  -38.000 | Steps:  7 | Success: False | Epsilon: 0.743
Episode 164 | Reward:   -4.000 | Steps: 11 | Success: True | Epsilon: 0.741
Episode 165 | Reward:   28.000 | Steps:  9 | Success: True | Epsilon: 0.740
Episode 166 | Reward:   20.000 | Steps:  5 | Success: True | Epsilon: 0.738
Episode 167 | Reward:  -14.000 | Steps:  1 | Success: False | Epsilon: 0.737
Episode 168 | Reward:    0.000 | Steps: 22 | Success: True | Epsilon: 0.735
Episode 169 | Reward:   12.000 | Steps:  1 | Success: True | Epsilon: 0.734
Episode 170 | Reward:   62.000 | Steps: 29 | Success: True | Epsilon: 0.732
Episode 171 | Reward:   18.000 | Steps:  4 | Success: True | Epsilon: 0.730
Episode 172 | Reward:    6.000 | Steps: 19 | Success: True | Epsilon: 0.729
Episode 173 | Reward:   40.000 | Steps: 30 | Success: True | Epsilon: 0.727
Episode 174 | Reward:    8.000 | Steps: 20 | Success: True | Epsilon: 0.726
Episode 175 | Reward:  -28.000 | Steps:  6 | Success: False | Epsilon: 0.724
Episode 176 | Reward:   62.000 | Steps: 26 | Success: True | Epsilon: 0.722
Episode 177 | Reward:   28.000 | Steps:  9 | Success: True | Epsilon: 0.721
Episode 178 | Reward:  -32.000 | Steps:  7 | Success: False | Epsilon: 0.719
Episode 179 | Reward:  -30.000 | Steps:  5 | Success: False | Epsilon: 0.718
Episode 180 | Reward:   30.000 | Steps: 10 | Success: True | Epsilon: 0.716
Episode 181 | Reward:  -14.000 | Steps:  1 | Success: False | Epsilon: 0.715
Episode 182 | Reward:    8.000 | Steps: 23 | Success: True | Epsilon: 0.713
Episode 183 | Reward:  -14.000 | Steps:  1 | Success: False | Epsilon: 0.711
Episode 184 | Reward:  -16.000 | Steps: 23 | Success: True | Epsilon: 0.710
Episode 185 | Reward:  -30.000 | Steps:  5 | Success: False | Epsilon: 0.708
Episode 186 | Reward:   22.000 | Steps:  6 | Success: True | Epsilon: 0.707
Episode 187 | Reward:   12.000 | Steps:  1 | Success: True | Epsilon: 0.705
Episode 188 | Reward:   30.000 | Steps: 10 | Success: True | Epsilon: 0.703
Episode 189 | Reward:   54.000 | Steps: 22 | Success: True | Epsilon: 0.702
Episode 190 | Reward:  -34.000 | Steps:  6 | Success: False | Epsilon: 0.700
Episode 191 | Reward:   12.000 | Steps:  1 | Success: True | Epsilon: 0.699
Episode 192 | Reward:  -34.000 | Steps:  6 | Success: False | Epsilon: 0.697
Episode 193 | Reward:   18.000 | Steps:  4 | Success: True | Epsilon: 0.695
Episode 194 | Reward:  -30.000 | Steps:  5 | Success: False | Epsilon: 0.694
Episode 195 | Reward:  -30.000 | Steps:  5 | Success: False | Epsilon: 0.692
Episode 196 | Reward:   38.000 | Steps: 29 | Success: True | Epsilon: 0.691
Episode 197 | Reward:  -48.000 | Steps: 11 | Success: False | Epsilon: 0.689
Episode 198 | Reward:   12.000 | Steps:  1 | Success: True | Epsilon: 0.688
Episode 199 | Reward:   -4.000 | Steps: 20 | Success: True | Epsilon: 0.686
Episode 200 | Reward:   32.000 | Steps: 11 | Success: True | Epsilon: 0.684
Episode 201 | Reward:   64.000 | Steps: 27 | Success: True | Epsilon: 0.683
Episode 202 | Reward:    0.000 | Steps: 16 | Success: True | Epsilon: 0.681
Episode 203 | Reward:  -48.000 | Steps: 11 | Success: False | Epsilon: 0.680
Episode 204 | Reward:    8.000 | Steps: 11 | Success: True | Epsilon: 0.678
Episode 205 | Reward:  -14.000 | Steps:  1 | Success: False | Epsilon: 0.676
Episode 206 | Reward:   20.000 | Steps: 32 | Success: True | Epsilon: 0.675
Episode 207 | Reward:  -34.000 | Steps:  6 | Success: False | Epsilon: 0.673
Episode 208 | Reward:   14.000 | Steps:  2 | Success: True | Epsilon: 0.672
Episode 209 | Reward:  -14.000 | Steps:  1 | Success: False | Epsilon: 0.670
Episode 210 | Reward:    4.000 | Steps:  9 | Success: True | Epsilon: 0.669
Episode 211 | Reward:  -34.000 | Steps:  6 | Success: False | Epsilon: 0.667
Episode 212 | Reward:   20.000 | Steps:  5 | Success: True | Epsilon: 0.665
Episode 213 | Reward:   32.000 | Steps: 26 | Success: True | Epsilon: 0.664
Episode 214 | Reward:   36.000 | Steps: 13 | Success: True | Epsilon: 0.662
Episode 215 | Reward:  -32.000 | Steps:  7 | Success: False | Epsilon: 0.661
Episode 216 | Reward:   30.000 | Steps: 16 | Success: True | Epsilon: 0.659
Episode 217 | Reward:  -38.000 | Steps: 40 | Success: False | Epsilon: 0.657
Episode 218 | Reward:  -14.000 | Steps:  1 | Success: False | Epsilon: 0.656
Episode 219 | Reward:   12.000 | Steps: 19 | Success: True | Epsilon: 0.654
Episode 220 | Reward:  -40.000 | Steps:  9 | Success: False | Epsilon: 0.653
Episode 221 | Reward:   70.000 | Steps: 39 | Success: True | Epsilon: 0.651
Episode 222 | Reward:   40.000 | Steps: 24 | Success: True | Epsilon: 0.649
Episode 223 | Reward:  -34.000 | Steps:  6 | Success: False | Epsilon: 0.648
Episode 224 | Reward:   22.000 | Steps: 12 | Success: True | Epsilon: 0.646
Episode 225 | Reward:   12.000 | Steps:  1 | Success: True | Epsilon: 0.645
Episode 226 | Reward:  -34.000 | Steps:  6 | Success: False | Epsilon: 0.643
Episode 227 | Reward:    8.000 | Steps: 14 | Success: True | Epsilon: 0.642
Episode 228 | Reward:   12.000 | Steps:  1 | Success: True | Epsilon: 0.640
Episode 229 | Reward:   -4.000 | Steps: 26 | Success: True | Epsilon: 0.638
Episode 230 | Reward:   14.000 | Steps:  2 | Success: True | Epsilon: 0.637
Episode 231 | Reward:   12.000 | Steps: 19 | Success: True | Epsilon: 0.635
Episode 232 | Reward:   32.000 | Steps: 35 | Success: True | Epsilon: 0.634
Episode 233 | Reward:  -34.000 | Steps:  6 | Success: False | Epsilon: 0.632
Episode 234 | Reward:   12.000 | Steps: 19 | Success: True | Epsilon: 0.630
Episode 235 | Reward:   40.000 | Steps: 15 | Success: True | Epsilon: 0.629
Episode 236 | Reward:  -30.000 | Steps:  5 | Success: False | Epsilon: 0.627
Episode 237 | Reward:    6.000 | Steps: 13 | Success: True | Epsilon: 0.626
Episode 238 | Reward:   24.000 | Steps: 25 | Success: True | Epsilon: 0.624
Episode 239 | Reward:  -34.000 | Steps:  6 | Success: False | Epsilon: 0.623
Episode 240 | Reward:   28.000 | Steps:  9 | Success: True | Epsilon: 0.621
Episode 241 | Reward:  -32.000 | Steps:  7 | Success: False | Epsilon: 0.619
Episode 242 | Reward:   12.000 | Steps:  1 | Success: True | Epsilon: 0.618
Episode 243 | Reward:  -14.000 | Steps:  1 | Success: False | Epsilon: 0.616
Episode 244 | Reward:   24.000 | Steps:  7 | Success: True | Epsilon: 0.615
Episode 245 | Reward:   12.000 | Steps: 13 | Success: True | Epsilon: 0.613
Episode 246 | Reward:   12.000 | Steps:  1 | Success: True | Epsilon: 0.611
Episode 247 | Reward:    8.000 | Steps:  5 | Success: True | Epsilon: 0.610
Episode 248 | Reward:   -2.000 | Steps: 15 | Success: True | Epsilon: 0.608
Episode 249 | Reward:   12.000 | Steps:  1 | Success: True | Epsilon: 0.607
Episode 250 | Reward:   12.000 | Steps:  1 | Success: True | Epsilon: 0.605
Episode 251 | Reward:   32.000 | Steps: 26 | Success: True | Epsilon: 0.604
Episode 252 | Reward:   26.000 | Steps:  8 | Success: True | Epsilon: 0.602
Episode 253 | Reward:   14.000 | Steps:  2 | Success: True | Epsilon: 0.600
Episode 254 | Reward:  -28.000 | Steps:  6 | Success: False | Epsilon: 0.599
Episode 255 | Reward:   -6.000 | Steps: 34 | Success: True | Epsilon: 0.597
Episode 256 | Reward:  -30.000 | Steps:  5 | Success: False | Epsilon: 0.596
Episode 257 | Reward:  -30.000 | Steps:  5 | Success: False | Epsilon: 0.594
Episode 258 | Reward:   12.000 | Steps: 22 | Success: True | Epsilon: 0.592
Episode 259 | Reward:   16.000 | Steps:  3 | Success: True | Epsilon: 0.591
Episode 260 | Reward:   54.000 | Steps: 22 | Success: True | Epsilon: 0.589
Episode 261 | Reward:   16.000 | Steps:  3 | Success: True | Epsilon: 0.588
Episode 262 | Reward:   46.000 | Steps: 18 | Success: True | Epsilon: 0.586
Episode 263 | Reward:  -14.000 | Steps:  1 | Success: False | Epsilon: 0.584
Episode 264 | Reward:  -34.000 | Steps:  6 | Success: False | Epsilon: 0.583
Episode 265 | Reward:   22.000 | Steps:  6 | Success: True | Epsilon: 0.581
Episode 266 | Reward:    4.000 | Steps:  6 | Success: True | Epsilon: 0.580
Episode 267 | Reward:   24.000 | Steps:  7 | Success: True | Epsilon: 0.578
Episode 268 | Reward:  -14.000 | Steps:  1 | Success: False | Epsilon: 0.577
Episode 269 | Reward:   28.000 | Steps: 24 | Success: True | Epsilon: 0.575
Episode 270 | Reward:   42.000 | Steps: 19 | Success: True | Epsilon: 0.573
Episode 271 | Reward:   38.000 | Steps: 14 | Success: True | Epsilon: 0.572
Episode 272 | Reward:   14.000 | Steps:  2 | Success: True | Epsilon: 0.570
Episode 273 | Reward:   -4.000 | Steps: 20 | Success: True | Epsilon: 0.569
Episode 274 | Reward:  -14.000 | Steps:  1 | Success: False | Epsilon: 0.567
Episode 275 | Reward:   34.000 | Steps: 30 | Success: True | Epsilon: 0.565
Episode 276 | Reward:  -30.000 | Steps:  5 | Success: False | Epsilon: 0.564
Episode 277 | Reward:   40.000 | Steps: 15 | Success: True | Epsilon: 0.562
Episode 278 | Reward:   36.000 | Steps: 13 | Success: True | Epsilon: 0.561
Episode 279 | Reward:  -14.000 | Steps:  1 | Success: False | Epsilon: 0.559
Episode 280 | Reward:   46.000 | Steps: 18 | Success: True | Epsilon: 0.558
Episode 281 | Reward:  -34.000 | Steps:  6 | Success: False | Epsilon: 0.556
Episode 282 | Reward:   36.000 | Steps: 13 | Success: True | Epsilon: 0.554
Episode 283 | Reward:  -18.000 | Steps: 22 | Success: True | Epsilon: 0.553
Episode 284 | Reward:  -14.000 | Steps:  1 | Success: False | Epsilon: 0.551
Episode 285 | Reward:  -14.000 | Steps:  1 | Success: False | Epsilon: 0.550
Episode 286 | Reward:   38.000 | Steps: 29 | Success: True | Epsilon: 0.548
Episode 287 | Reward:  -34.000 | Steps:  6 | Success: False | Epsilon: 0.546
Episode 288 | Reward:   12.000 | Steps:  1 | Success: True | Epsilon: 0.545
Episode 289 | Reward:   46.000 | Steps: 18 | Success: True | Epsilon: 0.543
Episode 290 | Reward:  -30.000 | Steps:  5 | Success: False | Epsilon: 0.542
Episode 291 | Reward:   20.000 | Steps:  5 | Success: True | Epsilon: 0.540
Episode 292 | Reward:   14.000 | Steps: 26 | Success: True | Epsilon: 0.538
Episode 293 | Reward:   40.000 | Steps: 27 | Success: True | Epsilon: 0.537
Episode 294 | Reward:   -8.000 | Steps: 30 | Success: True | Epsilon: 0.535
Episode 295 | Reward:   26.000 | Steps: 23 | Success: True | Epsilon: 0.534
Episode 296 | Reward:  -30.000 | Steps:  5 | Success: False | Epsilon: 0.532
Episode 297 | Reward:   10.000 | Steps:  9 | Success: True | Epsilon: 0.531
Episode 298 | Reward:   12.000 | Steps:  1 | Success: True | Epsilon: 0.529
Episode 299 | Reward:  -38.000 | Steps: 40 | Success: False | Epsilon: 0.527
Episode 300 | Reward:   12.000 | Steps:  1 | Success: True | Epsilon: 0.526
Episode 301 | Reward:   26.000 | Steps:  8 | Success: True | Epsilon: 0.524
Episode 302 | Reward:   12.000 | Steps:  1 | Success: True | Epsilon: 0.523
Episode 303 | Reward:  -22.000 | Steps: 29 | Success: True | Epsilon: 0.521
Episode 304 | Reward:   48.000 | Steps: 19 | Success: True | Epsilon: 0.519
Episode 305 | Reward:  -14.000 | Steps:  1 | Success: False | Epsilon: 0.518
Episode 306 | Reward:   28.000 | Steps:  9 | Success: True | Epsilon: 0.516
Episode 307 | Reward:   14.000 | Steps: 20 | Success: True | Epsilon: 0.515
Episode 308 | Reward:   40.000 | Steps: 15 | Success: True | Epsilon: 0.513
Episode 309 | Reward:   10.000 | Steps: 39 | Success: True | Epsilon: 0.512
Episode 310 | Reward:   10.000 | Steps: 40 | Success: False | Epsilon: 0.510
Episode 311 | Reward:   12.000 | Steps:  1 | Success: True | Epsilon: 0.508
Episode 312 | Reward:  -14.000 | Steps:  1 | Success: False | Epsilon: 0.507
Episode 313 | Reward:  -42.000 | Steps:  8 | Success: False | Epsilon: 0.505
Episode 314 | Reward:  -34.000 | Steps:  6 | Success: False | Epsilon: 0.504
Episode 315 | Reward:  -14.000 | Steps:  1 | Success: False | Epsilon: 0.502
Episode 316 | Reward:   12.000 | Steps:  1 | Success: True | Epsilon: 0.500
Episode 317 | Reward:   28.000 | Steps: 40 | Success: False | Epsilon: 0.499
Episode 318 | Reward:   22.000 | Steps: 24 | Success: True | Epsilon: 0.497
Episode 319 | Reward:   16.000 | Steps:  3 | Success: True | Epsilon: 0.496
Episode 320 | Reward:  -34.000 | Steps:  6 | Success: False | Epsilon: 0.494
Episode 321 | Reward:   46.000 | Steps: 18 | Success: True | Epsilon: 0.492
Episode 322 | Reward:   12.000 | Steps:  1 | Success: True | Epsilon: 0.491
Episode 323 | Reward:  -32.000 | Steps:  7 | Success: False | Epsilon: 0.489
Episode 324 | Reward:    4.000 | Steps: 12 | Success: True | Epsilon: 0.488
Episode 325 | Reward:   34.000 | Steps: 12 | Success: True | Epsilon: 0.486
Episode 326 | Reward:  -14.000 | Steps:  1 | Success: False | Epsilon: 0.485
Episode 327 | Reward:    8.000 | Steps: 23 | Success: True | Epsilon: 0.483
Episode 328 | Reward:   12.000 | Steps:  1 | Success: True | Epsilon: 0.481
Episode 329 | Reward:  -30.000 | Steps:  5 | Success: False | Epsilon: 0.480
Episode 330 | Reward:    4.000 | Steps: 12 | Success: True | Epsilon: 0.478
Episode 331 | Reward:    8.000 | Steps:  5 | Success: True | Epsilon: 0.477
Episode 332 | Reward:   12.000 | Steps:  1 | Success: True | Epsilon: 0.475
Episode 333 | Reward:   24.000 | Steps: 22 | Success: True | Epsilon: 0.473
Episode 334 | Reward:    6.000 | Steps: 19 | Success: True | Epsilon: 0.472
Episode 335 | Reward:   18.000 | Steps:  4 | Success: True | Epsilon: 0.470
Episode 336 | Reward:   24.000 | Steps:  7 | Success: True | Epsilon: 0.469
Episode 337 | Reward:  -30.000 | Steps:  5 | Success: False | Epsilon: 0.467
Episode 338 | Reward:   12.000 | Steps:  1 | Success: True | Epsilon: 0.466
Episode 339 | Reward:   22.000 | Steps:  6 | Success: True | Epsilon: 0.464
Episode 340 | Reward:    2.000 | Steps: 20 | Success: True | Epsilon: 0.462
Episode 341 | Reward:   28.000 | Steps: 30 | Success: True | Epsilon: 0.461
Episode 342 | Reward:  -30.000 | Steps:  5 | Success: False | Epsilon: 0.459
Episode 343 | Reward:  -34.000 | Steps:  6 | Success: False | Epsilon: 0.458
Episode 344 | Reward:  -14.000 | Steps:  1 | Success: False | Epsilon: 0.456
Episode 345 | Reward:  -34.000 | Steps:  6 | Success: False | Epsilon: 0.454
Episode 346 | Reward:  -44.000 | Steps: 10 | Success: False | Epsilon: 0.453
Episode 347 | Reward:   12.000 | Steps:  1 | Success: True | Epsilon: 0.451
Episode 348 | Reward:  -14.000 | Steps:  1 | Success: False | Epsilon: 0.450
Episode 349 | Reward:  -38.000 | Steps:  7 | Success: False | Epsilon: 0.448
Episode 350 | Reward:  -14.000 | Steps:  1 | Success: False | Epsilon: 0.446
Episode 351 | Reward:  -30.000 | Steps:  5 | Success: False | Epsilon: 0.445
Episode 352 | Reward:   74.000 | Steps: 32 | Success: True | Epsilon: 0.443
Episode 353 | Reward:  -30.000 | Steps:  5 | Success: False | Epsilon: 0.442
Episode 354 | Reward:   26.000 | Steps: 29 | Success: True | Epsilon: 0.440
Episode 355 | Reward:   12.000 | Steps:  1 | Success: True | Epsilon: 0.439
Episode 356 | Reward:   40.000 | Steps: 15 | Success: True | Epsilon: 0.437
Episode 357 | Reward:  -14.000 | Steps:  1 | Success: False | Epsilon: 0.435
Episode 358 | Reward:  -20.000 | Steps: 40 | Success: False | Epsilon: 0.434
Episode 359 | Reward:  -34.000 | Steps:  6 | Success: False | Epsilon: 0.432
Episode 360 | Reward:  -30.000 | Steps:  5 | Success: False | Epsilon: 0.431
Episode 361 | Reward:    2.000 | Steps: 17 | Success: True | Epsilon: 0.429
Episode 362 | Reward:  -34.000 | Steps:  6 | Success: False | Epsilon: 0.427
Episode 363 | Reward:   46.000 | Steps: 24 | Success: True | Epsilon: 0.426
Episode 364 | Reward:   42.000 | Steps: 16 | Success: True | Epsilon: 0.424
Episode 365 | Reward:  -42.000 | Steps:  8 | Success: False | Epsilon: 0.423
Episode 366 | Reward:   12.000 | Steps:  1 | Success: True | Epsilon: 0.421
Episode 367 | Reward:   22.000 | Steps: 40 | Success: False | Epsilon: 0.420
Episode 368 | Reward:   12.000 | Steps:  1 | Success: True | Epsilon: 0.418
Episode 369 | Reward:   50.000 | Steps: 20 | Success: True | Epsilon: 0.416
Episode 370 | Reward:   18.000 | Steps:  4 | Success: True | Epsilon: 0.415
Episode 371 | Reward:  -14.000 | Steps:  1 | Success: False | Epsilon: 0.413
Episode 372 | Reward:   16.000 | Steps: 30 | Success: True | Epsilon: 0.412
Episode 373 | Reward:   -6.000 | Steps: 22 | Success: True | Epsilon: 0.410
Episode 374 | Reward:  -14.000 | Steps:  1 | Success: False | Epsilon: 0.408
Episode 375 | Reward:  -14.000 | Steps:  1 | Success: False | Epsilon: 0.407
Episode 376 | Reward:  -38.000 | Steps:  7 | Success: False | Epsilon: 0.405
Episode 377 | Reward:   52.000 | Steps: 21 | Success: True | Epsilon: 0.404
Episode 378 | Reward:  -14.000 | Steps:  1 | Success: False | Epsilon: 0.402
Episode 379 | Reward:  -14.000 | Steps:  1 | Success: False | Epsilon: 0.401
Episode 380 | Reward:    0.000 | Steps: 13 | Success: True | Epsilon: 0.399
Episode 381 | Reward:  -34.000 | Steps:  6 | Success: False | Epsilon: 0.397
Episode 382 | Reward:   12.000 | Steps:  1 | Success: True | Epsilon: 0.396
Episode 383 | Reward:   44.000 | Steps: 17 | Success: True | Epsilon: 0.394
Episode 384 | Reward:   12.000 | Steps:  1 | Success: True | Epsilon: 0.393
Episode 385 | Reward:   26.000 | Steps:  8 | Success: True | Epsilon: 0.391
Episode 386 | Reward:    4.000 | Steps: 33 | Success: True | Epsilon: 0.389
Episode 387 | Reward:   12.000 | Steps:  1 | Success: True | Epsilon: 0.388
Episode 388 | Reward:    2.000 | Steps: 32 | Success: True | Epsilon: 0.386
Episode 389 | Reward:  -34.000 | Steps:  6 | Success: False | Epsilon: 0.385
Episode 390 | Reward:  -30.000 | Steps:  5 | Success: False | Epsilon: 0.383
Episode 391 | Reward:  -42.000 | Steps:  8 | Success: False | Epsilon: 0.381
Episode 392 | Reward:  -30.000 | Steps:  5 | Success: False | Epsilon: 0.380
Episode 393 | Reward:   12.000 | Steps:  1 | Success: True | Epsilon: 0.378
Episode 394 | Reward:   12.000 | Steps: 13 | Success: True | Epsilon: 0.377
Episode 395 | Reward:    4.000 | Steps: 24 | Success: True | Epsilon: 0.375
Episode 396 | Reward:   48.000 | Steps: 22 | Success: True | Epsilon: 0.374
Episode 397 | Reward:   20.000 | Steps:  5 | Success: True | Epsilon: 0.372
Episode 398 | Reward:   12.000 | Steps: 16 | Success: True | Epsilon: 0.370
Episode 399 | Reward:   52.000 | Steps: 21 | Success: True | Epsilon: 0.369
Episode 400 | Reward:   12.000 | Steps:  1 | Success: True | Epsilon: 0.367
Episode 401 | Reward:   28.000 | Steps:  9 | Success: True | Epsilon: 0.366
Episode 402 | Reward:  -32.000 | Steps:  7 | Success: False | Epsilon: 0.364
Episode 403 | Reward:   -2.000 | Steps: 18 | Success: True | Epsilon: 0.362
Episode 404 | Reward:   12.000 | Steps:  1 | Success: True | Epsilon: 0.361
Episode 405 | Reward:  -30.000 | Steps:  5 | Success: False | Epsilon: 0.359
Episode 406 | Reward:   52.000 | Steps: 27 | Success: True | Epsilon: 0.358
Episode 407 | Reward:   22.000 | Steps:  6 | Success: True | Epsilon: 0.356
Episode 408 | Reward:   12.000 | Steps:  1 | Success: True | Epsilon: 0.355
Episode 409 | Reward:  -56.000 | Steps: 40 | Success: False | Epsilon: 0.353
Episode 410 | Reward:  -30.000 | Steps:  5 | Success: False | Epsilon: 0.351
Episode 411 | Reward:   12.000 | Steps:  1 | Success: True | Epsilon: 0.350
Episode 412 | Reward:  -50.000 | Steps: 40 | Success: False | Epsilon: 0.348
Episode 413 | Reward:   46.000 | Steps: 18 | Success: True | Epsilon: 0.347
Episode 414 | Reward:  -34.000 | Steps:  6 | Success: False | Epsilon: 0.345
Episode 415 | Reward:   12.000 | Steps:  1 | Success: True | Epsilon: 0.343
Episode 416 | Reward:   36.000 | Steps: 13 | Success: True | Epsilon: 0.342
Episode 417 | Reward:   10.000 | Steps: 40 | Success: False | Epsilon: 0.340
Episode 418 | Reward:  -46.000 | Steps:  9 | Success: False | Epsilon: 0.339
Episode 419 | Reward:  -30.000 | Steps:  5 | Success: False | Epsilon: 0.337
Episode 420 | Reward:   12.000 | Steps:  1 | Success: True | Epsilon: 0.335
Episode 421 | Reward:  -50.000 | Steps: 10 | Success: False | Epsilon: 0.334
Episode 422 | Reward:   26.000 | Steps: 23 | Success: True | Epsilon: 0.332
Episode 423 | Reward:   12.000 | Steps:  1 | Success: True | Epsilon: 0.331
Episode 424 | Reward:   16.000 | Steps: 40 | Success: False | Epsilon: 0.329
Episode 425 | Reward:  -56.000 | Steps: 40 | Success: False | Epsilon: 0.328
Episode 426 | Reward:   12.000 | Steps:  1 | Success: True | Epsilon: 0.326
Episode 427 | Reward:  -38.000 | Steps: 40 | Success: False | Epsilon: 0.324
Episode 428 | Reward:   16.000 | Steps:  3 | Success: True | Epsilon: 0.323
Episode 429 | Reward:   12.000 | Steps:  1 | Success: True | Epsilon: 0.321
Episode 430 | Reward:   28.000 | Steps:  9 | Success: True | Epsilon: 0.320
Episode 431 | Reward:  -34.000 | Steps:  6 | Success: False | Epsilon: 0.318
Episode 432 | Reward:  -32.000 | Steps: 40 | Success: False | Epsilon: 0.316
Episode 433 | Reward:   22.000 | Steps:  6 | Success: True | Epsilon: 0.315
Episode 434 | Reward:    4.000 | Steps: 40 | Success: False | Epsilon: 0.313
Episode 435 | Reward:  -14.000 | Steps:  1 | Success: False | Epsilon: 0.312
Episode 436 | Reward:   12.000 | Steps:  1 | Success: True | Epsilon: 0.310
Episode 437 | Reward:   12.000 | Steps:  1 | Success: True | Epsilon: 0.309
Episode 438 | Reward:  -32.000 | Steps:  7 | Success: False | Epsilon: 0.307
Episode 439 | Reward:   12.000 | Steps:  1 | Success: True | Epsilon: 0.305
Episode 440 | Reward:  -30.000 | Steps:  5 | Success: False | Epsilon: 0.304
Episode 441 | Reward:  -48.000 | Steps: 11 | Success: False | Epsilon: 0.302
Episode 442 | Reward:   18.000 | Steps: 28 | Success: True | Epsilon: 0.301
Episode 443 | Reward:   22.000 | Steps: 40 | Success: False | Epsilon: 0.299
Episode 444 | Reward:  -38.000 | Steps:  7 | Success: False | Epsilon: 0.297
Episode 445 | Reward:  -14.000 | Steps:  1 | Success: False | Epsilon: 0.296
Episode 446 | Reward:   34.000 | Steps: 12 | Success: True | Epsilon: 0.294
Episode 447 | Reward:   12.000 | Steps:  1 | Success: True | Epsilon: 0.293
Episode 448 | Reward:  -30.000 | Steps:  5 | Success: False | Epsilon: 0.291
Episode 449 | Reward:  -54.000 | Steps: 11 | Success: False | Epsilon: 0.289
Episode 450 | Reward:  -50.000 | Steps: 10 | Success: False | Epsilon: 0.288
Episode 451 | Reward:   34.000 | Steps: 40 | Success: False | Epsilon: 0.286
Episode 452 | Reward:  -32.000 | Steps: 40 | Success: False | Epsilon: 0.285
Episode 453 | Reward:  -30.000 | Steps:  5 | Success: False | Epsilon: 0.283
Episode 454 | Reward:  -14.000 | Steps:  1 | Success: False | Epsilon: 0.282
Episode 455 | Reward:  -50.000 | Steps: 10 | Success: False | Epsilon: 0.280
Episode 456 | Reward:   36.000 | Steps: 25 | Success: True | Epsilon: 0.278
Episode 457 | Reward:  -14.000 | Steps:  1 | Success: False | Epsilon: 0.277
Episode 458 | Reward:  -34.000 | Steps:  6 | Success: False | Epsilon: 0.275
Episode 459 | Reward:   12.000 | Steps:  1 | Success: True | Epsilon: 0.274
Episode 460 | Reward:  -30.000 | Steps:  5 | Success: False | Epsilon: 0.272
Episode 461 | Reward:    2.000 | Steps: 14 | Success: True | Epsilon: 0.270
Episode 462 | Reward:  -56.000 | Steps: 40 | Success: False | Epsilon: 0.269
Episode 463 | Reward:   12.000 | Steps:  1 | Success: True | Epsilon: 0.267
Episode 464 | Reward:  -14.000 | Steps:  1 | Success: False | Epsilon: 0.266
Episode 465 | Reward:   28.000 | Steps: 40 | Success: False | Epsilon: 0.264
Episode 466 | Reward:   42.000 | Steps: 16 | Success: True | Epsilon: 0.263
Episode 467 | Reward:   12.000 | Steps: 34 | Success: True | Epsilon: 0.261
Episode 468 | Reward:  -46.000 | Steps:  9 | Success: False | Epsilon: 0.259
Episode 469 | Reward:   30.000 | Steps: 10 | Success: True | Epsilon: 0.258
Episode 470 | Reward:   12.000 | Steps:  1 | Success: True | Epsilon: 0.256
Episode 471 | Reward:  -42.000 | Steps:  8 | Success: False | Epsilon: 0.255
Episode 472 | Reward:   12.000 | Steps:  1 | Success: True | Epsilon: 0.253
Episode 473 | Reward:  -34.000 | Steps:  6 | Success: False | Epsilon: 0.251
Episode 474 | Reward:   12.000 | Steps:  1 | Success: True | Epsilon: 0.250
Episode 475 | Reward:  -20.000 | Steps: 40 | Success: False | Epsilon: 0.248
Episode 476 | Reward:   18.000 | Steps: 25 | Success: True | Epsilon: 0.247
Episode 477 | Reward:  -50.000 | Steps: 10 | Success: False | Epsilon: 0.245
Episode 478 | Reward:   12.000 | Steps:  1 | Success: True | Epsilon: 0.243
Episode 479 | Reward:  -30.000 | Steps:  5 | Success: False | Epsilon: 0.242
Episode 480 | Reward:   60.000 | Steps: 31 | Success: True | Epsilon: 0.240
Episode 481 | Reward:   10.000 | Steps: 40 | Success: False | Epsilon: 0.239
Episode 482 | Reward:   12.000 | Steps:  1 | Success: True | Epsilon: 0.237
Episode 483 | Reward:   12.000 | Steps:  1 | Success: True | Epsilon: 0.236
Episode 484 | Reward:  -52.000 | Steps: 12 | Success: False | Epsilon: 0.234
Episode 485 | Reward:   30.000 | Steps: 34 | Success: True | Epsilon: 0.232
Episode 486 | Reward:   16.000 | Steps: 30 | Success: True | Epsilon: 0.231
Episode 487 | Reward:  -30.000 | Steps:  5 | Success: False | Epsilon: 0.229
Episode 488 | Reward:    0.000 | Steps: 40 | Success: True | Epsilon: 0.228
Episode 489 | Reward:  -30.000 | Steps:  5 | Success: False | Epsilon: 0.226
Episode 490 | Reward:  -34.000 | Steps:  6 | Success: False | Epsilon: 0.224
Episode 491 | Reward:  -30.000 | Steps:  5 | Success: False | Epsilon: 0.223
Episode 492 | Reward:   12.000 | Steps:  1 | Success: True | Epsilon: 0.221
Episode 493 | Reward:  -56.000 | Steps: 40 | Success: False | Epsilon: 0.220
Episode 494 | Reward:   12.000 | Steps: 28 | Success: True | Epsilon: 0.218
Episode 495 | Reward:   12.000 | Steps:  1 | Success: True | Epsilon: 0.217
Episode 496 | Reward:   54.000 | Steps: 25 | Success: True | Epsilon: 0.215
Episode 497 | Reward:  -50.000 | Steps: 40 | Success: False | Epsilon: 0.213
Episode 498 | Reward:  -30.000 | Steps:  5 | Success: False | Epsilon: 0.212
Episode 499 | Reward:   12.000 | Steps:  1 | Success: True | Epsilon: 0.210
Episode 500 | Reward:   20.000 | Steps:  5 | Success: True | Epsilon: 0.209
Episode 501 | Reward:   12.000 | Steps:  1 | Success: True | Epsilon: 0.207
Episode 502 | Reward:  -48.000 | Steps: 11 | Success: False | Epsilon: 0.205
Episode 503 | Reward:   12.000 | Steps:  1 | Success: True | Epsilon: 0.204
Episode 504 | Reward:   16.000 | Steps:  3 | Success: True | Epsilon: 0.202
Episode 505 | Reward:  -30.000 | Steps:  5 | Success: False | Epsilon: 0.201
Episode 506 | Reward:   10.000 | Steps: 30 | Success: True | Epsilon: 0.199
Episode 507 | Reward:   28.000 | Steps: 21 | Success: True | Epsilon: 0.197
Episode 508 | Reward:  -30.000 | Steps:  5 | Success: False | Epsilon: 0.196
Episode 509 | Reward:   12.000 | Steps:  1 | Success: True | Epsilon: 0.194
Episode 510 | Reward:   12.000 | Steps:  1 | Success: True | Epsilon: 0.193
Episode 511 | Reward:   12.000 | Steps:  1 | Success: True | Epsilon: 0.191
Episode 512 | Reward:   12.000 | Steps:  1 | Success: True | Epsilon: 0.190
Episode 513 | Reward:  -50.000 | Steps: 10 | Success: False | Epsilon: 0.188
Episode 514 | Reward:  -30.000 | Steps:  5 | Success: False | Epsilon: 0.186
Episode 515 | Reward:  -30.000 | Steps:  5 | Success: False | Epsilon: 0.185
Episode 516 | Reward:  -34.000 | Steps:  6 | Success: False | Epsilon: 0.183
Episode 517 | Reward:  -30.000 | Steps:  5 | Success: False | Epsilon: 0.182
Episode 518 | Reward:   12.000 | Steps:  1 | Success: True | Epsilon: 0.180
Episode 519 | Reward:   48.000 | Steps: 22 | Success: True | Epsilon: 0.178
Episode 520 | Reward:  -34.000 | Steps:  6 | Success: False | Epsilon: 0.177
Episode 521 | Reward:  -38.000 | Steps:  7 | Success: False | Epsilon: 0.175
Episode 522 | Reward:  -30.000 | Steps:  5 | Success: False | Epsilon: 0.174
Episode 523 | Reward:  -14.000 | Steps: 40 | Success: False | Epsilon: 0.172
Episode 524 | Reward:  -68.000 | Steps: 16 | Success: False | Epsilon: 0.171
Episode 525 | Reward:  -30.000 | Steps:  5 | Success: False | Epsilon: 0.169
Episode 526 | Reward:  -34.000 | Steps:  6 | Success: False | Epsilon: 0.167
Episode 527 | Reward:  -30.000 | Steps:  5 | Success: False | Epsilon: 0.166
Episode 528 | Reward:  -30.000 | Steps:  5 | Success: False | Epsilon: 0.164
Episode 529 | Reward:   18.000 | Steps: 25 | Success: True | Epsilon: 0.163
Episode 530 | Reward:  -34.000 | Steps:  6 | Success: False | Epsilon: 0.161
Episode 531 | Reward:   16.000 | Steps: 40 | Success: False | Epsilon: 0.159
Episode 532 | Reward:  -30.000 | Steps:  5 | Success: False | Epsilon: 0.158
Episode 533 | Reward:  -30.000 | Steps:  5 | Success: False | Epsilon: 0.156
Episode 534 | Reward:   12.000 | Steps:  1 | Success: True | Epsilon: 0.155
Episode 535 | Reward:   42.000 | Steps: 16 | Success: True | Epsilon: 0.153
Episode 536 | Reward:  -14.000 | Steps:  1 | Success: False | Epsilon: 0.152
Episode 537 | Reward:   12.000 | Steps:  1 | Success: True | Epsilon: 0.150
Episode 538 | Reward:  -34.000 | Steps:  6 | Success: False | Epsilon: 0.148
Episode 539 | Reward:  -30.000 | Steps:  5 | Success: False | Epsilon: 0.147
Episode 540 | Reward:   20.000 | Steps:  5 | Success: True | Epsilon: 0.145
Episode 541 | Reward:  -30.000 | Steps:  5 | Success: False | Epsilon: 0.144
Episode 542 | Reward:  -30.000 | Steps:  5 | Success: False | Epsilon: 0.142
Episode 543 | Reward:   14.000 | Steps:  2 | Success: True | Epsilon: 0.140
Episode 544 | Reward:   12.000 | Steps:  1 | Success: True | Epsilon: 0.139
Episode 545 | Reward:  -34.000 | Steps:  6 | Success: False | Epsilon: 0.137
Episode 546 | Reward:  -30.000 | Steps:  5 | Success: False | Epsilon: 0.136
Episode 547 | Reward:  -34.000 | Steps:  6 | Success: False | Epsilon: 0.134
Episode 548 | Reward:  -42.000 | Steps:  8 | Success: False | Epsilon: 0.132
Episode 549 | Reward:   12.000 | Steps:  1 | Success: True | Epsilon: 0.131
Episode 550 | Reward:   12.000 | Steps:  1 | Success: True | Epsilon: 0.129
Episode 551 | Reward:  -62.000 | Steps: 40 | Success: False | Epsilon: 0.128
Episode 552 | Reward:  -30.000 | Steps:  5 | Success: False | Epsilon: 0.126
Episode 553 | Reward:   12.000 | Steps:  1 | Success: True | Epsilon: 0.125
Episode 554 | Reward:   12.000 | Steps:  1 | Success: True | Epsilon: 0.123
Episode 555 | Reward:  -38.000 | Steps: 40 | Success: False | Epsilon: 0.121
Episode 556 | Reward:   12.000 | Steps:  1 | Success: True | Epsilon: 0.120
Episode 557 | Reward:  -50.000 | Steps: 40 | Success: False | Epsilon: 0.118
Episode 558 | Reward:   18.000 | Steps: 25 | Success: True | Epsilon: 0.117
Episode 559 | Reward:  -30.000 | Steps:  5 | Success: False | Epsilon: 0.115
Episode 560 | Reward:  -26.000 | Steps: 40 | Success: False | Epsilon: 0.113
Episode 561 | Reward:  -32.000 | Steps: 40 | Success: False | Epsilon: 0.112
Episode 562 | Reward:   24.000 | Steps:  7 | Success: True | Epsilon: 0.110
Episode 563 | Reward:  -30.000 | Steps:  5 | Success: False | Epsilon: 0.109
Episode 564 | Reward:   12.000 | Steps:  1 | Success: True | Epsilon: 0.107
Episode 565 | Reward:   12.000 | Steps:  1 | Success: True | Epsilon: 0.106
Episode 566 | Reward:   12.000 | Steps:  1 | Success: True | Epsilon: 0.104
Episode 567 | Reward:  -30.000 | Steps:  5 | Success: False | Epsilon: 0.102
Episode 568 | Reward:  -42.000 | Steps:  8 | Success: False | Epsilon: 0.101
Episode 569 | Reward:   12.000 | Steps:  1 | Success: True | Epsilon: 0.099
Episode 570 | Reward:  -30.000 | Steps:  5 | Success: False | Epsilon: 0.098
Episode 571 | Reward:  -50.000 | Steps: 40 | Success: False | Epsilon: 0.096
Episode 572 | Reward:   12.000 | Steps:  1 | Success: True | Epsilon: 0.094
Episode 573 | Reward:  -30.000 | Steps:  5 | Success: False | Epsilon: 0.093
Episode 574 | Reward:  -30.000 | Steps:  5 | Success: False | Epsilon: 0.091
Episode 575 | Reward:   20.000 | Steps: 35 | Success: True | Epsilon: 0.090
Episode 576 | Reward:  -38.000 | Steps: 40 | Success: False | Epsilon: 0.088
Episode 577 | Reward:  -30.000 | Steps:  5 | Success: False | Epsilon: 0.086
Episode 578 | Reward:  -26.000 | Steps: 40 | Success: False | Epsilon: 0.085
Episode 579 | Reward:  -30.000 | Steps:  5 | Success: False | Epsilon: 0.083
Episode 580 | Reward:   16.000 | Steps: 40 | Success: False | Epsilon: 0.082
Episode 581 | Reward:   12.000 | Steps:  1 | Success: True | Epsilon: 0.080
Episode 582 | Reward:  -30.000 | Steps:  5 | Success: False | Epsilon: 0.079
Episode 583 | Reward:  -14.000 | Steps:  1 | Success: False | Epsilon: 0.077
Episode 584 | Reward:   12.000 | Steps:  1 | Success: True | Epsilon: 0.075
Episode 585 | Reward:   14.000 | Steps: 26 | Success: True | Epsilon: 0.074
Episode 586 | Reward:  -34.000 | Steps:  6 | Success: False | Epsilon: 0.072
Episode 587 | Reward:  -50.000 | Steps: 10 | Success: False | Epsilon: 0.071
Episode 588 | Reward:  -50.000 | Steps: 10 | Success: False | Epsilon: 0.069
Episode 589 | Reward:  -68.000 | Steps: 16 | Success: False | Epsilon: 0.067
Episode 590 | Reward:  -54.000 | Steps: 11 | Success: False | Epsilon: 0.066
Episode 591 | Reward:   12.000 | Steps:  1 | Success: True | Epsilon: 0.064
Episode 592 | Reward:   62.000 | Steps: 26 | Success: True | Epsilon: 0.063
Episode 593 | Reward:  -34.000 | Steps:  6 | Success: False | Epsilon: 0.061
Episode 594 | Reward:  -30.000 | Steps:  5 | Success: False | Epsilon: 0.060
Episode 595 | Reward:  -50.000 | Steps: 10 | Success: False | Epsilon: 0.058
Episode 596 | Reward:  -32.000 | Steps: 40 | Success: False | Epsilon: 0.056
Episode 597 | Reward:   12.000 | Steps:  1 | Success: True | Epsilon: 0.055
Episode 598 | Reward:  -56.000 | Steps: 40 | Success: False | Epsilon: 0.053
Episode 599 | Reward:  -30.000 | Steps:  5 | Success: False | Epsilon: 0.052
Episode 600 | Reward:   14.000 | Steps:  8 | Success: True | Epsilon: 0.050

Training summary
Average reward (last 20 episodes): -19.700
Total success count: 373
Success rate: 62.17%
Best average reward (rolling 20): 22.500
