/Users/rohhithg/Desktop/meta_project/.venv/lib/python3.14/site-packages/torch/_subclasses/functional_tensor.py:307: UserWarning: Failed to initialize NumPy: No module named 'numpy' (Triggered internally at /Users/runner/work/pytorch/pytorch/pytorch/torch/csrc/utils/tensor_numpy.cpp:84.)
  cpu = _conversion_method_template(device=torch.device("cpu"))
Episode 001 | Reward:    8.000 | Steps:  2 | Success: True | Epsilon: 1.000
New best model saved. Avg(last 1)=8.000
Episode 002 | Reward:  -14.000 | Steps:  1 | Success: False | Epsilon: 0.999
Episode 003 | Reward:   22.000 | Steps:  9 | Success: True | Epsilon: 0.997
Episode 004 | Reward:    8.000 | Steps:  2 | Success: True | Epsilon: 0.996
Episode 005 | Reward:    8.000 | Steps:  2 | Success: True | Epsilon: 0.995
Episode 006 | Reward:  -14.000 | Steps: 26 | Success: True | Epsilon: 0.993
Episode 007 | Reward:   10.000 | Steps:  3 | Success: True | Epsilon: 0.992
Episode 008 | Reward:   14.000 | Steps: 23 | Success: True | Epsilon: 0.990
Episode 009 | Reward:    8.000 | Steps:  5 | Success: True | Epsilon: 0.989
Episode 010 | Reward:    8.000 | Steps:  2 | Success: True | Epsilon: 0.988
Episode 011 | Reward:   24.000 | Steps: 19 | Success: True | Epsilon: 0.986
Episode 012 | Reward:   11.000 | Steps: 22 | Success: True | Epsilon: 0.985
Episode 013 | Reward:    8.000 | Steps:  2 | Success: True | Epsilon: 0.984
Episode 014 | Reward:   14.000 | Steps:  2 | Success: True | Epsilon: 0.982
New best model saved. Avg(last 14)=8.214
Episode 015 | Reward:   36.000 | Steps: 16 | Success: True | Epsilon: 0.981
New best model saved. Avg(last 15)=10.067
Episode 016 | Reward:  -19.000 | Steps: 22 | Success: True | Epsilon: 0.980
Episode 017 | Reward:  -14.000 | Steps:  1 | Success: False | Epsilon: 0.978
Episode 018 | Reward:  -14.000 | Steps:  1 | Success: False | Epsilon: 0.977
Episode 019 | Reward:   18.000 | Steps:  7 | Success: True | Epsilon: 0.976
Episode 020 | Reward:    8.000 | Steps:  2 | Success: True | Epsilon: 0.974
Episode 021 | Reward:  -24.000 | Steps: 34 | Success: True | Epsilon: 0.973
Episode 022 | Reward:   10.000 | Steps:  3 | Success: True | Epsilon: 0.971
Episode 023 | Reward:  -47.000 | Steps: 39 | Success: True | Epsilon: 0.970
Episode 024 | Reward:   26.000 | Steps: 23 | Success: True | Epsilon: 0.969
Episode 025 | Reward:   21.000 | Steps:  6 | Success: True | Epsilon: 0.967
Episode 026 | Reward:   10.000 | Steps:  3 | Success: True | Epsilon: 0.966
Episode 027 | Reward:   -2.000 | Steps: 30 | Success: True | Epsilon: 0.965
Episode 028 | Reward:  -18.000 | Steps: 25 | Success: True | Epsilon: 0.963
Episode 029 | Reward:   11.000 | Steps: 19 | Success: True | Epsilon: 0.962
Episode 030 | Reward:  -15.000 | Steps:  1 | Success: False | Epsilon: 0.961
Episode 031 | Reward:    8.000 | Steps:  2 | Success: True | Epsilon: 0.959
Episode 032 | Reward:  -37.000 | Steps:  8 | Success: False | Epsilon: 0.958
Episode 033 | Reward:   10.000 | Steps:  3 | Success: True | Epsilon: 0.957
Episode 034 | Reward:   -6.000 | Steps: 23 | Success: True | Epsilon: 0.955
Episode 035 | Reward:   42.000 | Steps: 24 | Success: True | Epsilon: 0.954
Episode 036 | Reward:    9.000 | Steps:  3 | Success: True | Epsilon: 0.952
Episode 037 | Reward:   10.000 | Steps:  3 | Success: True | Epsilon: 0.951
Episode 038 | Reward:   10.000 | Steps:  3 | Success: True | Epsilon: 0.950
Episode 039 | Reward:    8.000 | Steps: 20 | Success: True | Epsilon: 0.948
Episode 040 | Reward:  -14.000 | Steps:  1 | Success: False | Epsilon: 0.947
Episode 041 | Reward:    7.000 | Steps: 17 | Success: True | Epsilon: 0.946
Episode 042 | Reward:   16.000 | Steps:  6 | Success: True | Epsilon: 0.944
Episode 043 | Reward:   10.000 | Steps:  3 | Success: True | Epsilon: 0.943
Episode 044 | Reward:   22.000 | Steps: 12 | Success: True | Epsilon: 0.942
Episode 045 | Reward: -151.000 | Steps: 40 | Success: False | Epsilon: 0.940
Episode 046 | Reward:   26.000 | Steps: 18 | Success: True | Epsilon: 0.939
Episode 047 | Reward:   15.000 | Steps: 18 | Success: True | Epsilon: 0.937
Episode 048 | Reward:  -14.000 | Steps:  1 | Success: False | Epsilon: 0.936
Episode 049 | Reward:    0.000 | Steps: 27 | Success: True | Epsilon: 0.935
Episode 050 | Reward:  -14.000 | Steps:  1 | Success: False | Epsilon: 0.933
Episode 051 | Reward:   10.000 | Steps:  3 | Success: True | Epsilon: 0.932
Episode 052 | Reward:  -98.000 | Steps: 40 | Success: False | Epsilon: 0.931
Episode 053 | Reward:  -70.000 | Steps: 36 | Success: True | Epsilon: 0.929
Episode 054 | Reward:   23.000 | Steps: 13 | Success: True | Epsilon: 0.928
Episode 055 | Reward:  -14.000 | Steps:  1 | Success: False | Epsilon: 0.927
Episode 056 | Reward:   10.000 | Steps:  3 | Success: True | Epsilon: 0.925
Episode 057 | Reward:  -14.000 | Steps:  1 | Success: False | Epsilon: 0.924
Episode 058 | Reward:  -14.000 | Steps:  1 | Success: False | Epsilon: 0.923
Episode 059 | Reward:   14.000 | Steps: 17 | Success: True | Epsilon: 0.921
Episode 060 | Reward:    0.000 | Steps: 15 | Success: True | Epsilon: 0.920
Episode 061 | Reward:    8.000 | Steps:  2 | Success: True | Epsilon: 0.918
Episode 062 | Reward:   14.000 | Steps:  5 | Success: True | Epsilon: 0.917
Episode 063 | Reward:   10.000 | Steps:  3 | Success: True | Epsilon: 0.916
Episode 064 | Reward:   24.000 | Steps: 15 | Success: True | Epsilon: 0.914
Episode 065 | Reward:   21.000 | Steps:  9 | Success: True | Epsilon: 0.913
Episode 066 | Reward:   11.000 | Steps: 25 | Success: True | Epsilon: 0.912
Episode 067 | Reward:   16.000 | Steps: 24 | Success: True | Epsilon: 0.910
Episode 068 | Reward:  -14.000 | Steps:  1 | Success: False | Epsilon: 0.909
Episode 069 | Reward:   -8.000 | Steps:  1 | Success: False | Epsilon: 0.908
Episode 070 | Reward:   10.000 | Steps:  3 | Success: True | Epsilon: 0.906
Episode 071 | Reward:   24.000 | Steps: 28 | Success: True | Epsilon: 0.905
Episode 072 | Reward:   10.000 | Steps:  3 | Success: True | Epsilon: 0.904
Episode 073 | Reward:   24.000 | Steps: 13 | Success: True | Epsilon: 0.902
Episode 074 | Reward:    8.000 | Steps: 27 | Success: True | Epsilon: 0.901
Episode 075 | Reward:   30.000 | Steps: 14 | Success: True | Epsilon: 0.899
Episode 076 | Reward:    8.000 | Steps:  2 | Success: True | Epsilon: 0.898
Episode 077 | Reward:    0.000 | Steps: 34 | Success: True | Epsilon: 0.897
Episode 078 | Reward:   14.000 | Steps: 25 | Success: True | Epsilon: 0.895
New best model saved. Avg(last 20)=11.200
Episode 079 | Reward:   10.000 | Steps:  3 | Success: True | Epsilon: 0.894
Episode 080 | Reward:  -10.000 | Steps: 24 | Success: True | Epsilon: 0.893
Episode 081 | Reward:   -3.000 | Steps: 21 | Success: True | Epsilon: 0.891
Episode 082 | Reward:   14.000 | Steps: 23 | Success: True | Epsilon: 0.890
Episode 083 | Reward:   20.000 | Steps:  8 | Success: True | Epsilon: 0.889
Episode 084 | Reward:   28.000 | Steps: 27 | Success: True | Epsilon: 0.887
Episode 085 | Reward:  -14.000 | Steps:  1 | Success: False | Epsilon: 0.886
Episode 086 | Reward:   10.000 | Steps:  3 | Success: True | Epsilon: 0.884
Episode 087 | Reward:    8.000 | Steps:  2 | Success: True | Epsilon: 0.883
Episode 088 | Reward:    8.000 | Steps:  2 | Success: True | Epsilon: 0.882
Episode 089 | Reward:   -5.000 | Steps: 35 | Success: True | Epsilon: 0.880
Episode 090 | Reward:   37.000 | Steps: 17 | Success: True | Epsilon: 0.879
Episode 091 | Reward:    5.000 | Steps: 25 | Success: True | Epsilon: 0.878
Episode 092 | Reward:   30.000 | Steps: 13 | Success: True | Epsilon: 0.876
Episode 093 | Reward:   20.000 | Steps: 26 | Success: True | Epsilon: 0.875
Episode 094 | Reward:   26.000 | Steps: 12 | Success: True | Epsilon: 0.874
New best model saved. Avg(last 20)=11.800
Episode 095 | Reward:   16.000 | Steps:  6 | Success: True | Epsilon: 0.872
Episode 096 | Reward:  -14.000 | Steps:  1 | Success: False | Epsilon: 0.871
Episode 097 | Reward:  -72.000 | Steps: 40 | Success: True | Epsilon: 0.870
Episode 098 | Reward:    9.000 | Steps:  3 | Success: True | Epsilon: 0.868
Episode 099 | Reward:  -14.000 | Steps:  1 | Success: False | Epsilon: 0.867
Episode 100 | Reward:   22.000 | Steps: 15 | Success: True | Epsilon: 0.865
Episode 101 | Reward:   42.000 | Steps: 19 | Success: True | Epsilon: 0.864
Episode 102 | Reward:   36.000 | Steps: 16 | Success: True | Epsilon: 0.863
Episode 103 | Reward:   17.000 | Steps:  7 | Success: True | Epsilon: 0.861
Episode 104 | Reward:   10.000 | Steps: 15 | Success: True | Epsilon: 0.860
Episode 105 | Reward:  -28.000 | Steps: 32 | Success: True | Epsilon: 0.859
Episode 106 | Reward:   14.000 | Steps: 23 | Success: True | Epsilon: 0.857
Episode 107 | Reward:   21.000 | Steps:  9 | Success: True | Epsilon: 0.856
Episode 108 | Reward:   10.000 | Steps: 16 | Success: True | Epsilon: 0.855
Episode 109 | Reward:    4.000 | Steps: 24 | Success: True | Epsilon: 0.853
Episode 110 | Reward:  -14.000 | Steps:  1 | Success: False | Epsilon: 0.852
Episode 111 | Reward:    3.000 | Steps: 24 | Success: True | Epsilon: 0.851
Episode 112 | Reward:  -35.000 | Steps:  6 | Success: False | Epsilon: 0.849
Episode 113 | Reward:   20.000 | Steps:  5 | Success: True | Epsilon: 0.848
Episode 114 | Reward:  -14.000 | Steps:  1 | Success: False | Epsilon: 0.846
Episode 115 | Reward:   18.000 | Steps:  4 | Success: True | Epsilon: 0.845
Episode 116 | Reward:  -14.000 | Steps:  1 | Success: False | Epsilon: 0.844
Episode 117 | Reward:  -34.000 | Steps:  6 | Success: False | Epsilon: 0.842
Episode 118 | Reward:  -15.000 | Steps:  1 | Success: False | Epsilon: 0.841
Episode 119 | Reward:  -15.000 | Steps:  1 | Success: False | Epsilon: 0.840
Episode 120 | Reward:   18.000 | Steps: 26 | Success: True | Epsilon: 0.838
Episode 121 | Reward:   30.000 | Steps: 22 | Success: True | Epsilon: 0.837
Episode 122 | Reward:   25.000 | Steps: 20 | Success: True | Epsilon: 0.836
Episode 123 | Reward:  -27.000 | Steps: 40 | Success: False | Epsilon: 0.834
Episode 124 | Reward:    2.000 | Steps: 23 | Success: True | Epsilon: 0.833
Episode 125 | Reward:    8.000 | Steps: 14 | Success: True | Epsilon: 0.831
Episode 126 | Reward:  -14.000 | Steps:  1 | Success: False | Epsilon: 0.830
Episode 127 | Reward:    4.000 | Steps: 19 | Success: True | Epsilon: 0.829
Episode 128 | Reward:  -15.000 | Steps:  1 | Success: False | Epsilon: 0.827
Episode 129 | Reward:   24.000 | Steps: 25 | Success: True | Epsilon: 0.826
Episode 130 | Reward:   24.000 | Steps: 10 | Success: True | Epsilon: 0.825
Episode 131 | Reward:   -8.000 | Steps:  1 | Success: False | Epsilon: 0.823
Episode 132 | Reward:   16.000 | Steps: 15 | Success: True | Epsilon: 0.822
Episode 133 | Reward:  -38.000 | Steps:  6 | Success: False | Epsilon: 0.821
Episode 134 | Reward:  -45.000 | Steps:  8 | Success: False | Epsilon: 0.819
Episode 135 | Reward:    8.000 | Steps:  2 | Success: True | Epsilon: 0.818
Episode 136 | Reward:  -38.000 | Steps:  7 | Success: False | Epsilon: 0.817
Episode 137 | Reward:   10.000 | Steps:  3 | Success: True | Epsilon: 0.815
Episode 138 | Reward:    8.000 | Steps:  2 | Success: True | Epsilon: 0.814
Episode 139 | Reward:   40.000 | Steps: 21 | Success: True | Epsilon: 0.812
Episode 140 | Reward:  -32.000 | Steps:  5 | Success: False | Epsilon: 0.811
Episode 141 | Reward:  -14.000 | Steps:  1 | Success: False | Epsilon: 0.810
Episode 142 | Reward:  -14.000 | Steps:  1 | Success: False | Epsilon: 0.808
Episode 143 | Reward:    4.000 | Steps: 27 | Success: True | Epsilon: 0.807
Episode 144 | Reward:    5.000 | Steps: 16 | Success: True | Epsilon: 0.806
Episode 145 | Reward:  -12.000 | Steps: 24 | Success: True | Epsilon: 0.804
Episode 146 | Reward:  -38.000 | Steps:  6 | Success: False | Epsilon: 0.803
Episode 147 | Reward:   -9.000 | Steps:  1 | Success: False | Epsilon: 0.802
Episode 148 | Reward:  -15.000 | Steps:  1 | Success: False | Epsilon: 0.800
Episode 149 | Reward:    3.000 | Steps: 19 | Success: True | Epsilon: 0.799
Episode 150 | Reward:   15.000 | Steps:  9 | Success: True | Epsilon: 0.797
Episode 151 | Reward:   -4.000 | Steps: 17 | Success: True | Epsilon: 0.796
Episode 152 | Reward:   10.000 | Steps:  3 | Success: True | Epsilon: 0.795
Episode 153 | Reward:    8.000 | Steps:  2 | Success: True | Epsilon: 0.793
Episode 154 | Reward:   26.000 | Steps: 14 | Success: True | Epsilon: 0.792
Episode 155 | Reward:    4.000 | Steps: 22 | Success: True | Epsilon: 0.791
Episode 156 | Reward:  -44.000 | Steps:  7 | Success: False | Epsilon: 0.789
Episode 157 | Reward:  -14.000 | Steps:  1 | Success: False | Epsilon: 0.788
Episode 158 | Reward:   10.000 | Steps:  3 | Success: True | Epsilon: 0.787
Episode 159 | Reward:  -15.000 | Steps:  1 | Success: False | Epsilon: 0.785
Episode 160 | Reward:   12.000 | Steps: 16 | Success: True | Epsilon: 0.784
Episode 161 | Reward:   -6.000 | Steps: 25 | Success: True | Epsilon: 0.783
Episode 162 | Reward:    6.000 | Steps: 38 | Success: True | Epsilon: 0.781
Episode 163 | Reward:  -15.000 | Steps:  1 | Success: False | Epsilon: 0.780
Episode 164 | Reward:  -13.000 | Steps: 37 | Success: True | Epsilon: 0.778
Episode 165 | Reward:   -2.000 | Steps: 16 | Success: True | Epsilon: 0.777
Episode 166 | Reward:   35.000 | Steps: 16 | Success: True | Epsilon: 0.776
Episode 167 | Reward:  -15.000 | Steps:  1 | Success: False | Epsilon: 0.774
Episode 168 | Reward:   10.000 | Steps:  3 | Success: True | Epsilon: 0.773
Episode 169 | Reward:  -14.000 | Steps:  1 | Success: False | Epsilon: 0.772
Episode 170 | Reward:    8.000 | Steps:  2 | Success: True | Epsilon: 0.770
Episode 171 | Reward:   -8.000 | Steps:  1 | Success: False | Epsilon: 0.769
Episode 172 | Reward:   26.000 | Steps: 23 | Success: True | Epsilon: 0.768
Episode 173 | Reward:   11.000 | Steps:  4 | Success: True | Epsilon: 0.766
Episode 174 | Reward:  -54.000 | Steps: 28 | Success: True | Epsilon: 0.765
Episode 175 | Reward:  -14.000 | Steps:  1 | Success: False | Epsilon: 0.764
Episode 176 | Reward:   18.000 | Steps:  9 | Success: True | Epsilon: 0.762
Episode 177 | Reward:  -69.000 | Steps: 32 | Success: True | Epsilon: 0.761
Episode 178 | Reward:   25.000 | Steps: 12 | Success: True | Epsilon: 0.759
Episode 179 | Reward:   10.000 | Steps:  3 | Success: True | Epsilon: 0.758
Episode 180 | Reward:  -20.000 | Steps:  5 | Success: False | Epsilon: 0.757
Episode 181 | Reward:    8.000 | Steps:  2 | Success: True | Epsilon: 0.755
Episode 182 | Reward:   16.000 | Steps:  3 | Success: True | Epsilon: 0.754
Episode 183 | Reward:  -14.000 | Steps:  1 | Success: False | Epsilon: 0.753
Episode 184 | Reward:    2.000 | Steps: 21 | Success: True | Epsilon: 0.751
Episode 185 | Reward:   -8.000 | Steps: 28 | Success: True | Epsilon: 0.750
Episode 186 | Reward:   10.000 | Steps:  3 | Success: True | Epsilon: 0.749
Episode 187 | Reward:  -14.000 | Steps:  1 | Success: False | Epsilon: 0.747
Episode 188 | Reward:    8.000 | Steps:  2 | Success: True | Epsilon: 0.746
Episode 189 | Reward:   -8.000 | Steps:  1 | Success: False | Epsilon: 0.744
Episode 190 | Reward:    7.000 | Steps: 26 | Success: True | Epsilon: 0.743
Episode 191 | Reward:   10.000 | Steps:  3 | Success: True | Epsilon: 0.742
Episode 192 | Reward:   10.000 | Steps:  3 | Success: True | Epsilon: 0.740
Episode 193 | Reward:   22.000 | Steps:  6 | Success: True | Epsilon: 0.739
Episode 194 | Reward:    4.000 | Steps: 26 | Success: True | Epsilon: 0.738
Episode 195 | Reward:   10.000 | Steps:  3 | Success: True | Epsilon: 0.736
Episode 196 | Reward:   -8.000 | Steps:  1 | Success: False | Epsilon: 0.735
Episode 197 | Reward:   22.000 | Steps: 10 | Success: True | Epsilon: 0.734
Episode 198 | Reward:    8.000 | Steps:  2 | Success: True | Epsilon: 0.732
Episode 199 | Reward:   10.000 | Steps:  3 | Success: True | Epsilon: 0.731
Episode 200 | Reward:    1.000 | Steps: 10 | Success: True | Epsilon: 0.730
Episode 201 | Reward:   18.000 | Steps: 23 | Success: True | Epsilon: 0.728
Episode 202 | Reward:   18.000 | Steps: 19 | Success: True | Epsilon: 0.727
Episode 203 | Reward:  -38.000 | Steps:  7 | Success: False | Epsilon: 0.725
Episode 204 | Reward:  -14.000 | Steps:  1 | Success: False | Epsilon: 0.724
Episode 205 | Reward:   24.000 | Steps: 16 | Success: True | Epsilon: 0.723
Episode 206 | Reward:    2.000 | Steps: 21 | Success: True | Epsilon: 0.721
Episode 207 | Reward:   20.000 | Steps: 14 | Success: True | Epsilon: 0.720
Episode 208 | Reward:    0.000 | Steps: 25 | Success: True | Epsilon: 0.719
Episode 209 | Reward:    8.000 | Steps:  2 | Success: True | Epsilon: 0.717
Episode 210 | Reward:  -34.000 | Steps:  5 | Success: False | Epsilon: 0.716
Episode 211 | Reward:  -30.000 | Steps:  5 | Success: False | Epsilon: 0.715
Episode 212 | Reward: -116.000 | Steps: 40 | Success: False | Epsilon: 0.713
Episode 213 | Reward:  -14.000 | Steps:  1 | Success: False | Epsilon: 0.712
Episode 214 | Reward:   14.000 | Steps:  5 | Success: True | Epsilon: 0.711
Episode 215 | Reward:  -15.000 | Steps:  1 | Success: False | Epsilon: 0.709
Episode 216 | Reward:   23.000 | Steps: 10 | Success: True | Epsilon: 0.708
Episode 217 | Reward:   15.000 | Steps: 24 | Success: True | Epsilon: 0.706
Episode 218 | Reward:   10.000 | Steps:  3 | Success: True | Epsilon: 0.705
Episode 219 | Reward:   27.000 | Steps: 12 | Success: True | Epsilon: 0.704
Episode 220 | Reward:   10.000 | Steps:  3 | Success: True | Epsilon: 0.702
Episode 221 | Reward:   22.000 | Steps: 18 | Success: True | Epsilon: 0.701
Episode 222 | Reward:   15.000 | Steps: 24 | Success: True | Epsilon: 0.700
Episode 223 | Reward:   10.000 | Steps:  3 | Success: True | Epsilon: 0.698
Episode 224 | Reward:   16.000 | Steps: 12 | Success: True | Epsilon: 0.697
Episode 225 | Reward:    5.000 | Steps: 31 | Success: True | Epsilon: 0.696
Episode 226 | Reward:   10.000 | Steps:  3 | Success: True | Epsilon: 0.694
Episode 227 | Reward: -110.000 | Steps: 40 | Success: False | Epsilon: 0.693
Episode 228 | Reward:  -34.000 | Steps:  5 | Success: False | Epsilon: 0.691
Episode 229 | Reward:    7.000 | Steps: 12 | Success: True | Epsilon: 0.690
Episode 230 | Reward:  -36.000 | Steps:  6 | Success: False | Epsilon: 0.689
Episode 231 | Reward:   10.000 | Steps:  3 | Success: True | Epsilon: 0.687
Episode 232 | Reward:    8.000 | Steps:  2 | Success: True | Epsilon: 0.686
Episode 233 | Reward:   10.000 | Steps:  3 | Success: True | Epsilon: 0.685
Episode 234 | Reward:   10.000 | Steps: 16 | Success: True | Epsilon: 0.683
Episode 235 | Reward:  -14.000 | Steps:  1 | Success: False | Epsilon: 0.682
Episode 236 | Reward:   -8.000 | Steps:  1 | Success: False | Epsilon: 0.681
Episode 237 | Reward:  -32.000 | Steps:  7 | Success: False | Epsilon: 0.679
Episode 238 | Reward:   20.000 | Steps:  8 | Success: True | Epsilon: 0.678
Episode 239 | Reward:   14.000 | Steps:  2 | Success: True | Epsilon: 0.677
Episode 240 | Reward:  -37.000 | Steps:  6 | Success: False | Epsilon: 0.675
Episode 241 | Reward:   11.000 | Steps:  4 | Success: True | Epsilon: 0.674
Episode 242 | Reward:  -43.000 | Steps:  7 | Success: False | Epsilon: 0.672
Episode 243 | Reward:   -7.000 | Steps: 22 | Success: True | Epsilon: 0.671
Episode 244 | Reward:   -8.000 | Steps: 21 | Success: True | Epsilon: 0.670
Episode 245 | Reward:  -14.000 | Steps:  1 | Success: False | Epsilon: 0.668
Episode 246 | Reward:  -14.000 | Steps:  1 | Success: False | Epsilon: 0.667
Episode 247 | Reward:   -8.000 | Steps:  1 | Success: False | Epsilon: 0.666
Episode 248 | Reward:   -1.000 | Steps: 22 | Success: True | Epsilon: 0.664
Episode 249 | Reward:  -12.000 | Steps: 19 | Success: True | Epsilon: 0.663
Episode 250 | Reward:   13.000 | Steps:  5 | Success: True | Epsilon: 0.662
Episode 251 | Reward:   12.000 | Steps:  4 | Success: True | Epsilon: 0.660
Episode 252 | Reward:    8.000 | Steps:  2 | Success: True | Epsilon: 0.659
Episode 253 | Reward:  -14.000 | Steps:  1 | Success: False | Epsilon: 0.658
Episode 254 | Reward:    8.000 | Steps:  2 | Success: True | Epsilon: 0.656
Episode 255 | Reward:  -26.000 | Steps:  5 | Success: False | Epsilon: 0.655
Episode 256 | Reward:   23.000 | Steps: 10 | Success: True | Epsilon: 0.653
Episode 257 | Reward:   21.000 | Steps: 27 | Success: True | Epsilon: 0.652
Episode 258 | Reward:   11.000 | Steps: 17 | Success: True | Epsilon: 0.651
Episode 259 | Reward:   17.000 | Steps: 12 | Success: True | Epsilon: 0.649
Episode 260 | Reward:   17.000 | Steps:  7 | Success: True | Epsilon: 0.648
Episode 261 | Reward:  -93.000 | Steps: 40 | Success: False | Epsilon: 0.647
Episode 262 | Reward:    8.000 | Steps:  2 | Success: True | Epsilon: 0.645
Episode 263 | Reward:  -14.000 | Steps:  1 | Success: False | Epsilon: 0.644
Episode 264 | Reward:   14.000 | Steps: 20 | Success: True | Epsilon: 0.643
Episode 265 | Reward:  -38.000 | Steps:  7 | Success: False | Epsilon: 0.641
Episode 266 | Reward:    7.000 | Steps:  2 | Success: True | Epsilon: 0.640
Episode 267 | Reward:   10.000 | Steps:  3 | Success: True | Epsilon: 0.638
Episode 268 | Reward:   14.000 | Steps:  5 | Success: True | Epsilon: 0.637
Episode 269 | Reward:   21.000 | Steps: 18 | Success: True | Epsilon: 0.636
Episode 270 | Reward: -141.000 | Steps: 40 | Success: False | Epsilon: 0.634
Episode 271 | Reward:   10.000 | Steps:  3 | Success: True | Epsilon: 0.633
Episode 272 | Reward:    8.000 | Steps:  2 | Success: True | Epsilon: 0.632
Episode 273 | Reward:  -42.000 | Steps:  8 | Success: False | Epsilon: 0.630
Episode 274 | Reward:  -37.000 | Steps:  8 | Success: False | Epsilon: 0.629
Episode 275 | Reward:    7.000 | Steps:  2 | Success: True | Epsilon: 0.628
Episode 276 | Reward:    4.000 | Steps: 25 | Success: True | Epsilon: 0.626
Episode 277 | Reward:   12.000 | Steps:  4 | Success: True | Epsilon: 0.625
Episode 278 | Reward:  -14.000 | Steps:  1 | Success: False | Epsilon: 0.624
Episode 279 | Reward:   38.000 | Steps: 17 | Success: True | Epsilon: 0.622
Episode 280 | Reward:   -9.000 | Steps:  1 | Success: False | Epsilon: 0.621
Episode 281 | Reward:  -15.000 | Steps:  1 | Success: False | Epsilon: 0.619
Episode 282 | Reward:  -37.000 | Steps:  6 | Success: False | Epsilon: 0.618
Episode 283 | Reward:  -19.000 | Steps: 24 | Success: True | Epsilon: 0.617
Episode 284 | Reward:    9.000 | Steps:  3 | Success: True | Epsilon: 0.615
Episode 285 | Reward:  -40.000 | Steps:  7 | Success: False | Epsilon: 0.614
Episode 286 | Reward:    8.000 | Steps: 26 | Success: True | Epsilon: 0.613
Episode 287 | Reward:  -15.000 | Steps:  1 | Success: False | Epsilon: 0.611
Episode 288 | Reward:  -14.000 | Steps:  1 | Success: False | Epsilon: 0.610
Episode 289 | Reward:  -32.000 | Steps:  5 | Success: False | Epsilon: 0.609
Episode 290 | Reward:    4.000 | Steps: 22 | Success: True | Epsilon: 0.607
Episode 291 | Reward:   11.000 | Steps: 14 | Success: True | Epsilon: 0.606
Episode 292 | Reward:  -33.000 | Steps:  7 | Success: False | Epsilon: 0.605
Episode 293 | Reward:   15.000 | Steps:  8 | Success: True | Epsilon: 0.603
Episode 294 | Reward:   -8.000 | Steps:  1 | Success: False | Epsilon: 0.602
Episode 295 | Reward:   12.000 | Steps:  5 | Success: True | Epsilon: 0.600
Episode 296 | Reward:   14.000 | Steps: 12 | Success: True | Epsilon: 0.599
Episode 297 | Reward:   24.000 | Steps: 11 | Success: True | Epsilon: 0.598
Episode 298 | Reward:    7.000 | Steps:  2 | Success: True | Epsilon: 0.596
Episode 299 | Reward:   17.000 | Steps:  4 | Success: True | Epsilon: 0.595
Episode 300 | Reward:  -32.000 | Steps:  5 | Success: False | Epsilon: 0.594
Episode 301 | Reward:   13.000 | Steps: 21 | Success: True | Epsilon: 0.592
Episode 302 | Reward:    8.000 | Steps:  2 | Success: True | Epsilon: 0.591
Episode 303 | Reward:   18.000 | Steps: 22 | Success: True | Epsilon: 0.590
Episode 304 | Reward:   14.000 | Steps: 22 | Success: True | Epsilon: 0.588
Episode 305 | Reward:  -34.000 | Steps:  5 | Success: False | Epsilon: 0.587
Episode 306 | Reward:    8.000 | Steps:  2 | Success: True | Epsilon: 0.585
Episode 307 | Reward:   15.000 | Steps: 18 | Success: True | Epsilon: 0.584
Episode 308 | Reward:  -30.000 | Steps:  5 | Success: False | Epsilon: 0.583
Episode 309 | Reward:  -40.000 | Steps:  8 | Success: False | Epsilon: 0.581
Episode 310 | Reward:  -14.000 | Steps:  1 | Success: False | Epsilon: 0.580
Episode 311 | Reward:   11.000 | Steps: 13 | Success: True | Epsilon: 0.579
Episode 312 | Reward:    0.000 | Steps: 23 | Success: True | Epsilon: 0.577
Episode 313 | Reward:  -14.000 | Steps:  1 | Success: False | Epsilon: 0.576
Episode 314 | Reward:   12.000 | Steps:  4 | Success: True | Epsilon: 0.575
Episode 315 | Reward:    8.000 | Steps:  2 | Success: True | Epsilon: 0.573
Episode 316 | Reward:   14.000 | Steps:  5 | Success: True | Epsilon: 0.572
Episode 317 | Reward:   10.000 | Steps:  3 | Success: True | Epsilon: 0.571
Episode 318 | Reward:   12.000 | Steps: 27 | Success: True | Epsilon: 0.569
Episode 319 | Reward:    9.000 | Steps:  3 | Success: True | Epsilon: 0.568
Episode 320 | Reward:  -14.000 | Steps:  1 | Success: False | Epsilon: 0.566
Episode 321 | Reward:  -36.000 | Steps:  6 | Success: False | Epsilon: 0.565
Episode 322 | Reward:   -9.000 | Steps: 13 | Success: True | Epsilon: 0.564
Episode 323 | Reward:   -4.000 | Steps: 14 | Success: True | Epsilon: 0.562
Episode 324 | Reward:  -22.000 | Steps:  3 | Success: False | Epsilon: 0.561
Episode 325 | Reward:   -4.000 | Steps: 32 | Success: True | Epsilon: 0.560
Episode 326 | Reward:    9.000 | Steps:  7 | Success: True | Epsilon: 0.558
Episode 327 | Reward:  -15.000 | Steps:  1 | Success: False | Epsilon: 0.557
Episode 328 | Reward:   11.000 | Steps:  4 | Success: True | Epsilon: 0.556
Episode 329 | Reward:   -8.000 | Steps:  1 | Success: False | Epsilon: 0.554
Episode 330 | Reward:    9.000 | Steps:  3 | Success: True | Epsilon: 0.553
Episode 331 | Reward:   -8.000 | Steps:  1 | Success: False | Epsilon: 0.552
Episode 332 | Reward:  -26.000 | Steps:  4 | Success: False | Epsilon: 0.550
Episode 333 | Reward:    8.000 | Steps:  2 | Success: True | Epsilon: 0.549
Episode 334 | Reward:    9.000 | Steps:  3 | Success: True | Epsilon: 0.547
Episode 335 | Reward:    7.000 | Steps: 12 | Success: True | Epsilon: 0.546
Episode 336 | Reward:    9.000 | Steps:  3 | Success: True | Epsilon: 0.545
Episode 337 | Reward:    8.000 | Steps:  2 | Success: True | Epsilon: 0.543
Episode 338 | Reward:  -30.000 | Steps:  5 | Success: False | Epsilon: 0.542
Episode 339 | Reward:  -14.000 | Steps:  1 | Success: False | Epsilon: 0.541
Episode 340 | Reward:   10.000 | Steps:  3 | Success: True | Epsilon: 0.539
Episode 341 | Reward:    1.000 | Steps: 23 | Success: True | Epsilon: 0.538
Episode 342 | Reward:   14.000 | Steps:  5 | Success: True | Epsilon: 0.537
Episode 343 | Reward:  -20.000 | Steps:  5 | Success: False | Epsilon: 0.535
Episode 344 | Reward:   10.000 | Steps:  3 | Success: True | Epsilon: 0.534
Episode 345 | Reward:  -32.000 | Steps:  6 | Success: False | Epsilon: 0.532
Episode 346 | Reward:  -14.000 | Steps:  1 | Success: False | Epsilon: 0.531
Episode 347 | Reward:  -42.000 | Steps:  8 | Success: False | Epsilon: 0.530
Episode 348 | Reward:    8.000 | Steps: 21 | Success: True | Epsilon: 0.528
Episode 349 | Reward:   10.000 | Steps:  3 | Success: True | Epsilon: 0.527
Episode 350 | Reward:  -15.000 | Steps:  1 | Success: False | Epsilon: 0.526
Episode 351 | Reward:  -38.000 | Steps:  6 | Success: False | Epsilon: 0.524
Episode 352 | Reward:   13.000 | Steps: 21 | Success: True | Epsilon: 0.523
Episode 353 | Reward:   10.000 | Steps:  3 | Success: True | Epsilon: 0.522
Episode 354 | Reward:    7.000 | Steps:  2 | Success: True | Epsilon: 0.520
Episode 355 | Reward:   16.000 | Steps:  3 | Success: True | Epsilon: 0.519
Episode 356 | Reward:   12.000 | Steps:  4 | Success: True | Epsilon: 0.518
Episode 357 | Reward:  -22.000 | Steps: 26 | Success: True | Epsilon: 0.516
Episode 358 | Reward:   12.000 | Steps:  4 | Success: True | Epsilon: 0.515
Episode 359 | Reward:  -64.000 | Steps: 29 | Success: True | Epsilon: 0.513
Episode 360 | Reward:  -12.000 | Steps: 26 | Success: True | Epsilon: 0.512
Episode 361 | Reward:   18.000 | Steps: 29 | Success: True | Epsilon: 0.511
Episode 362 | Reward:  -14.000 | Steps:  1 | Success: False | Epsilon: 0.509
Episode 363 | Reward:  -15.000 | Steps:  1 | Success: False | Epsilon: 0.508
Episode 364 | Reward:   -9.000 | Steps:  1 | Success: False | Epsilon: 0.507
Episode 365 | Reward:   11.000 | Steps:  5 | Success: True | Epsilon: 0.505
Episode 366 | Reward:    9.000 | Steps:  3 | Success: True | Epsilon: 0.504
Episode 367 | Reward:  -27.000 | Steps: 23 | Success: True | Epsilon: 0.503
Episode 368 | Reward:   17.000 | Steps: 25 | Success: True | Epsilon: 0.501
Episode 369 | Reward:   -9.000 | Steps:  1 | Success: False | Epsilon: 0.500
Episode 370 | Reward:   -4.000 | Steps: 22 | Success: True | Epsilon: 0.498
Episode 371 | Reward:   17.000 | Steps: 25 | Success: True | Epsilon: 0.497
Episode 372 | Reward:   20.000 | Steps:  8 | Success: True | Epsilon: 0.496
Episode 373 | Reward:    8.000 | Steps:  2 | Success: True | Epsilon: 0.494
Episode 374 | Reward:   10.000 | Steps:  3 | Success: True | Epsilon: 0.493
Episode 375 | Reward:   10.000 | Steps: 30 | Success: True | Epsilon: 0.492
Episode 376 | Reward:   -4.000 | Steps: 25 | Success: True | Epsilon: 0.490
Episode 377 | Reward:  -34.000 | Steps:  5 | Success: False | Epsilon: 0.489
Episode 378 | Reward:  -22.000 | Steps:  3 | Success: False | Epsilon: 0.488
Episode 379 | Reward:  -32.000 | Steps:  5 | Success: False | Epsilon: 0.486
Episode 380 | Reward:    2.000 | Steps: 23 | Success: True | Epsilon: 0.485
Episode 381 | Reward:  -42.000 | Steps:  8 | Success: False | Epsilon: 0.484
Episode 382 | Reward:  -38.000 | Steps:  8 | Success: False | Epsilon: 0.482
Episode 383 | Reward:   20.000 | Steps: 11 | Success: True | Epsilon: 0.481
Episode 384 | Reward:  -14.000 | Steps:  1 | Success: False | Epsilon: 0.479
Episode 385 | Reward:   10.000 | Steps:  3 | Success: True | Epsilon: 0.478
Episode 386 | Reward:    8.000 | Steps: 19 | Success: True | Epsilon: 0.477
Episode 387 | Reward:   12.000 | Steps:  4 | Success: True | Epsilon: 0.475
Episode 388 | Reward:  -32.000 | Steps:  9 | Success: False | Epsilon: 0.474
Episode 389 | Reward:    9.000 | Steps:  3 | Success: True | Epsilon: 0.473
Episode 390 | Reward:   -8.000 | Steps:  1 | Success: False | Epsilon: 0.471
Episode 391 | Reward:  -34.000 | Steps: 22 | Success: True | Epsilon: 0.470
Episode 392 | Reward:  -30.000 | Steps:  5 | Success: False | Epsilon: 0.469
Episode 393 | Reward:  -54.000 | Steps: 13 | Success: False | Epsilon: 0.467
Episode 394 | Reward:  -30.000 | Steps:  5 | Success: False | Epsilon: 0.466
Episode 395 | Reward:    9.000 | Steps:  3 | Success: True | Epsilon: 0.465
Episode 396 | Reward:   11.000 | Steps:  4 | Success: True | Epsilon: 0.463
Episode 397 | Reward:    7.000 | Steps:  2 | Success: True | Epsilon: 0.462
Episode 398 | Reward:    9.000 | Steps:  3 | Success: True | Epsilon: 0.460
Episode 399 | Reward:   24.000 | Steps: 13 | Success: True | Epsilon: 0.459
Episode 400 | Reward:   24.000 | Steps: 22 | Success: True | Epsilon: 0.458
Episode 401 | Reward:  -14.000 | Steps:  1 | Success: False | Epsilon: 0.456
Episode 402 | Reward:  -40.000 | Steps:  7 | Success: False | Epsilon: 0.455
Episode 403 | Reward:    8.000 | Steps:  2 | Success: True | Epsilon: 0.454
Episode 404 | Reward:  -34.000 | Steps:  6 | Success: False | Epsilon: 0.452
Episode 405 | Reward:  -32.000 | Steps:  5 | Success: False | Epsilon: 0.451
Episode 406 | Reward:   10.000 | Steps:  3 | Success: True | Epsilon: 0.450
Episode 407 | Reward:  -31.000 | Steps:  5 | Success: False | Epsilon: 0.448
Episode 408 | Reward:   -2.000 | Steps: 27 | Success: True | Epsilon: 0.447
Episode 409 | Reward:   16.000 | Steps: 33 | Success: True | Epsilon: 0.445
Episode 410 | Reward:    9.000 | Steps:  3 | Success: True | Epsilon: 0.444
Episode 411 | Reward:   12.000 | Steps:  4 | Success: True | Epsilon: 0.443
Episode 412 | Reward:  -34.000 | Steps:  6 | Success: False | Epsilon: 0.441
Episode 413 | Reward:    6.000 | Steps: 19 | Success: True | Epsilon: 0.440
Episode 414 | Reward: -135.000 | Steps: 40 | Success: False | Epsilon: 0.439
Episode 415 | Reward:    9.000 | Steps:  3 | Success: True | Epsilon: 0.437
Episode 416 | Reward:   29.000 | Steps: 30 | Success: True | Epsilon: 0.436
Episode 417 | Reward:    8.000 | Steps:  2 | Success: True | Epsilon: 0.435
Episode 418 | Reward:   -8.000 | Steps: 24 | Success: True | Epsilon: 0.433
Episode 419 | Reward:  -31.000 | Steps:  5 | Success: False | Epsilon: 0.432
Episode 420 | Reward:  -59.000 | Steps: 15 | Success: False | Epsilon: 0.431
Episode 421 | Reward:    9.000 | Steps:  3 | Success: True | Epsilon: 0.429
Episode 422 | Reward:  -32.000 | Steps:  5 | Success: False | Epsilon: 0.428
Episode 423 | Reward:  -32.000 | Steps:  5 | Success: False | Epsilon: 0.426
Episode 424 | Reward:   24.000 | Steps: 20 | Success: True | Epsilon: 0.425
Episode 425 | Reward:   -6.000 | Steps: 28 | Success: True | Epsilon: 0.424
Episode 426 | Reward:   10.000 | Steps:  3 | Success: True | Epsilon: 0.422
Episode 427 | Reward:  -68.000 | Steps: 14 | Success: False | Epsilon: 0.421
Episode 428 | Reward:  -38.000 | Steps:  8 | Success: False | Epsilon: 0.420
Episode 429 | Reward:    8.000 | Steps:  2 | Success: True | Epsilon: 0.418
Episode 430 | Reward:   12.000 | Steps:  4 | Success: True | Epsilon: 0.417
Episode 431 | Reward:  -14.000 | Steps:  1 | Success: False | Epsilon: 0.416
Episode 432 | Reward: -118.000 | Steps: 40 | Success: False | Epsilon: 0.414
Episode 433 | Reward: -126.000 | Steps: 40 | Success: True | Epsilon: 0.413
Episode 434 | Reward:   10.000 | Steps:  3 | Success: True | Epsilon: 0.412
Episode 435 | Reward:    8.000 | Steps:  2 | Success: True | Epsilon: 0.410
Episode 436 | Reward: -119.000 | Steps: 40 | Success: False | Epsilon: 0.409
Episode 437 | Reward:  -30.000 | Steps:  5 | Success: False | Epsilon: 0.407
Episode 438 | Reward:  -15.000 | Steps:  1 | Success: False | Epsilon: 0.406
Episode 439 | Reward:  -30.000 | Steps:  5 | Success: False | Epsilon: 0.405
Episode 440 | Reward:   10.000 | Steps:  3 | Success: True | Epsilon: 0.403
Episode 441 | Reward:    8.000 | Steps:  2 | Success: True | Epsilon: 0.402
Episode 442 | Reward:   -8.000 | Steps:  1 | Success: False | Epsilon: 0.401
Episode 443 | Reward:  -14.000 | Steps:  1 | Success: False | Epsilon: 0.399
Episode 444 | Reward:    9.000 | Steps:  3 | Success: True | Epsilon: 0.398
Episode 445 | Reward:  -79.000 | Steps: 33 | Success: True | Epsilon: 0.397
Episode 446 | Reward:   -8.000 | Steps:  1 | Success: False | Epsilon: 0.395
Episode 447 | Reward:    8.000 | Steps:  2 | Success: True | Epsilon: 0.394
Episode 448 | Reward:  -34.000 | Steps:  5 | Success: False | Epsilon: 0.392
Episode 449 | Reward:  -14.000 | Steps:  1 | Success: False | Epsilon: 0.391
Episode 450 | Reward:  -35.000 | Steps:  6 | Success: False | Epsilon: 0.390
Episode 451 | Reward:  -15.000 | Steps:  1 | Success: False | Epsilon: 0.388
Episode 452 | Reward:  -32.000 | Steps:  5 | Success: False | Epsilon: 0.387
Episode 453 | Reward:   -4.000 | Steps: 24 | Success: True | Epsilon: 0.386
Episode 454 | Reward:  -30.000 | Steps: 19 | Success: True | Epsilon: 0.384
Episode 455 | Reward:    8.000 | Steps:  2 | Success: True | Epsilon: 0.383
Episode 456 | Reward:    7.000 | Steps:  2 | Success: True | Epsilon: 0.382
Episode 457 | Reward:   18.000 | Steps: 13 | Success: True | Epsilon: 0.380
Episode 458 | Reward:   -6.000 | Steps: 12 | Success: True | Epsilon: 0.379
Episode 459 | Reward:  -14.000 | Steps:  1 | Success: False | Epsilon: 0.378
Episode 460 | Reward:   10.000 | Steps: 18 | Success: True | Epsilon: 0.376
Episode 461 | Reward:    1.000 | Steps: 26 | Success: True | Epsilon: 0.375
Episode 462 | Reward:  -15.000 | Steps:  1 | Success: False | Epsilon: 0.373
Episode 463 | Reward:   13.000 | Steps:  6 | Success: True | Epsilon: 0.372
Episode 464 | Reward:  -47.000 | Steps: 33 | Success: True | Epsilon: 0.371
Episode 465 | Reward:  -49.000 | Steps: 30 | Success: True | Epsilon: 0.369
Episode 466 | Reward:    8.000 | Steps:  3 | Success: True | Epsilon: 0.368
Episode 467 | Reward:  -34.000 | Steps:  7 | Success: False | Epsilon: 0.367
Episode 468 | Reward:    0.000 | Steps: 33 | Success: True | Epsilon: 0.365
Episode 469 | Reward:  -31.000 | Steps: 40 | Success: False | Epsilon: 0.364
Episode 470 | Reward:  -30.000 | Steps:  6 | Success: False | Epsilon: 0.363
Episode 471 | Reward:  -32.000 | Steps:  5 | Success: False | Epsilon: 0.361
Episode 472 | Reward: -115.000 | Steps: 40 | Success: False | Epsilon: 0.360
Episode 473 | Reward: -116.000 | Steps: 40 | Success: False | Epsilon: 0.359
Episode 474 | Reward:  -39.000 | Steps:  7 | Success: False | Epsilon: 0.357
Episode 475 | Reward:   23.000 | Steps:  8 | Success: True | Epsilon: 0.356
Episode 476 | Reward:  -38.000 | Steps:  9 | Success: False | Epsilon: 0.354
Episode 477 | Reward:  -28.000 | Steps: 23 | Success: True | Epsilon: 0.353
Episode 478 | Reward:    9.000 | Steps:  3 | Success: True | Epsilon: 0.352
Episode 479 | Reward:   10.000 | Steps:  3 | Success: True | Epsilon: 0.350
Episode 480 | Reward:  -12.000 | Steps: 19 | Success: True | Epsilon: 0.349
Episode 481 | Reward:    8.000 | Steps:  2 | Success: True | Epsilon: 0.348
Episode 482 | Reward:   -8.000 | Steps: 20 | Success: True | Epsilon: 0.346
Episode 483 | Reward:  -24.000 | Steps:  6 | Success: False | Epsilon: 0.345
Episode 484 | Reward:    8.000 | Steps:  3 | Success: True | Epsilon: 0.344
Episode 485 | Reward:    9.000 | Steps:  3 | Success: True | Epsilon: 0.342
Episode 486 | Reward:    8.000 | Steps:  2 | Success: True | Epsilon: 0.341
Episode 487 | Reward:  -32.000 | Steps:  5 | Success: False | Epsilon: 0.339
Episode 488 | Reward:  -34.000 | Steps: 28 | Success: True | Epsilon: 0.338
Episode 489 | Reward:  -14.000 | Steps: 24 | Success: True | Epsilon: 0.337
Episode 490 | Reward:  -30.000 | Steps:  5 | Success: False | Epsilon: 0.335
Episode 491 | Reward:  -18.000 | Steps:  5 | Success: False | Epsilon: 0.334
Episode 492 | Reward:  -91.000 | Steps: 36 | Success: True | Epsilon: 0.333
Episode 493 | Reward: -138.000 | Steps: 40 | Success: False | Epsilon: 0.331
Episode 494 | Reward:  -34.000 | Steps:  8 | Success: False | Epsilon: 0.330
Episode 495 | Reward:   14.000 | Steps: 35 | Success: True | Epsilon: 0.329
Episode 496 | Reward:  -43.000 | Steps:  7 | Success: False | Epsilon: 0.327
Episode 497 | Reward:  -37.000 | Steps:  6 | Success: False | Epsilon: 0.326
Episode 498 | Reward:    9.000 | Steps:  3 | Success: True | Epsilon: 0.325
Episode 499 | Reward:  -10.000 | Steps: 27 | Success: True | Epsilon: 0.323
Episode 500 | Reward:    7.000 | Steps:  2 | Success: True | Epsilon: 0.322
Episode 501 | Reward:  -32.000 | Steps:  5 | Success: False | Epsilon: 0.320
Episode 502 | Reward:    8.000 | Steps:  2 | Success: True | Epsilon: 0.319
Episode 503 | Reward:  -30.000 | Steps:  5 | Success: False | Epsilon: 0.318
Episode 504 | Reward:   15.000 | Steps: 27 | Success: True | Epsilon: 0.316
Episode 505 | Reward:  -70.000 | Steps: 19 | Success: False | Epsilon: 0.315
Episode 506 | Reward:   10.000 | Steps:  3 | Success: True | Epsilon: 0.314
Episode 507 | Reward:    3.000 | Steps: 18 | Success: True | Epsilon: 0.312
Episode 508 | Reward:  -42.000 | Steps:  7 | Success: False | Epsilon: 0.311
Episode 509 | Reward:  -79.000 | Steps: 40 | Success: False | Epsilon: 0.310
Episode 510 | Reward:  -37.000 | Steps:  6 | Success: False | Epsilon: 0.308
Episode 511 | Reward:    8.000 | Steps:  2 | Success: True | Epsilon: 0.307
Episode 512 | Reward:    8.000 | Steps:  2 | Success: True | Epsilon: 0.306
Episode 513 | Reward:  -32.000 | Steps:  5 | Success: False | Epsilon: 0.304
Episode 514 | Reward:   10.000 | Steps:  3 | Success: True | Epsilon: 0.303
Episode 515 | Reward:   10.000 | Steps: 19 | Success: True | Epsilon: 0.301
Episode 516 | Reward:   23.000 | Steps: 31 | Success: True | Epsilon: 0.300
Episode 517 | Reward:    7.000 | Steps:  2 | Success: True | Epsilon: 0.299
Episode 518 | Reward: -122.000 | Steps: 40 | Success: False | Epsilon: 0.297
Episode 519 | Reward:    8.000 | Steps:  2 | Success: True | Epsilon: 0.296
Episode 520 | Reward: -127.000 | Steps: 40 | Success: False | Epsilon: 0.295
Episode 521 | Reward:  -32.000 | Steps:  5 | Success: False | Epsilon: 0.293
Episode 522 | Reward:    8.000 | Steps:  2 | Success: True | Epsilon: 0.292
Episode 523 | Reward:  -46.000 | Steps:  9 | Success: False | Epsilon: 0.291
Episode 524 | Reward:  -20.000 | Steps:  5 | Success: False | Epsilon: 0.289
Episode 525 | Reward:   10.000 | Steps: 18 | Success: True | Epsilon: 0.288
Episode 526 | Reward:  -30.000 | Steps:  5 | Success: False | Epsilon: 0.286
Episode 527 | Reward:  -14.000 | Steps:  1 | Success: False | Epsilon: 0.285
Episode 528 | Reward:    8.000 | Steps:  2 | Success: True | Epsilon: 0.284
Episode 529 | Reward: -134.000 | Steps: 40 | Success: True | Epsilon: 0.282
Episode 530 | Reward:  -22.000 | Steps: 36 | Success: True | Epsilon: 0.281
Episode 531 | Reward:    4.000 | Steps: 30 | Success: True | Epsilon: 0.280
Episode 532 | Reward:  -32.000 | Steps:  5 | Success: False | Epsilon: 0.278
Episode 533 | Reward:    8.000 | Steps:  3 | Success: True | Epsilon: 0.277
Episode 534 | Reward:    3.000 | Steps: 36 | Success: True | Epsilon: 0.276
Episode 535 | Reward:  -95.000 | Steps: 35 | Success: True | Epsilon: 0.274
Episode 536 | Reward:  -74.000 | Steps: 25 | Success: False | Epsilon: 0.273
Episode 537 | Reward:  -34.000 | Steps:  6 | Success: False | Epsilon: 0.272
Episode 538 | Reward:  -68.000 | Steps: 16 | Success: False | Epsilon: 0.270
Episode 539 | Reward:   14.000 | Steps:  7 | Success: True | Epsilon: 0.269
Episode 540 | Reward:  -19.000 | Steps: 18 | Success: True | Epsilon: 0.267
Episode 541 | Reward:  -34.000 | Steps:  6 | Success: False | Epsilon: 0.266
Episode 542 | Reward:    7.000 | Steps:  2 | Success: True | Epsilon: 0.265
Episode 543 | Reward:   14.000 | Steps:  2 | Success: True | Epsilon: 0.263
Episode 544 | Reward: -140.000 | Steps: 40 | Success: False | Epsilon: 0.262
Episode 545 | Reward:  -15.000 | Steps:  1 | Success: False | Epsilon: 0.261
Episode 546 | Reward:  -32.000 | Steps:  5 | Success: False | Epsilon: 0.259
Episode 547 | Reward:  -32.000 | Steps:  5 | Success: False | Epsilon: 0.258
Episode 548 | Reward:  -14.000 | Steps:  1 | Success: False | Epsilon: 0.257
Episode 549 | Reward:    5.000 | Steps: 26 | Success: True | Epsilon: 0.255
Episode 550 | Reward:    1.000 | Steps: 32 | Success: True | Epsilon: 0.254
Episode 551 | Reward:  -15.000 | Steps:  1 | Success: False | Epsilon: 0.253
Episode 552 | Reward:  -94.000 | Steps: 35 | Success: True | Epsilon: 0.251
Episode 553 | Reward:   10.000 | Steps:  3 | Success: True | Epsilon: 0.250
Episode 554 | Reward:  -28.000 | Steps: 26 | Success: True | Epsilon: 0.248
Episode 555 | Reward:  -29.000 | Steps:  6 | Success: False | Epsilon: 0.247
Episode 556 | Reward:  -21.000 | Steps: 18 | Success: True | Epsilon: 0.246
Episode 557 | Reward: -133.000 | Steps: 40 | Success: False | Epsilon: 0.244
Episode 558 | Reward:    9.000 | Steps:  3 | Success: True | Epsilon: 0.243
Episode 559 | Reward:    8.000 | Steps:  2 | Success: True | Epsilon: 0.242
Episode 560 | Reward:  -31.000 | Steps:  5 | Success: False | Epsilon: 0.240
Episode 561 | Reward:   19.000 | Steps: 11 | Success: True | Epsilon: 0.239
Episode 562 | Reward:  -30.000 | Steps:  5 | Success: False | Epsilon: 0.238
Episode 563 | Reward:  -34.000 | Steps:  6 | Success: False | Epsilon: 0.236
Episode 564 | Reward:  -32.000 | Steps:  5 | Success: False | Epsilon: 0.235
Episode 565 | Reward:  -36.000 | Steps:  6 | Success: False | Epsilon: 0.233
Episode 566 | Reward:  -36.000 | Steps: 22 | Success: True | Epsilon: 0.232
Episode 567 | Reward:    1.000 | Steps: 22 | Success: True | Epsilon: 0.231
Episode 568 | Reward:    8.000 | Steps:  2 | Success: True | Epsilon: 0.229
Episode 569 | Reward:  -68.000 | Steps: 19 | Success: False | Epsilon: 0.228
Episode 570 | Reward:   -8.000 | Steps:  1 | Success: False | Epsilon: 0.227
Episode 571 | Reward:  -34.000 | Steps:  6 | Success: False | Epsilon: 0.225
Episode 572 | Reward:    8.000 | Steps:  2 | Success: True | Epsilon: 0.224
Episode 573 | Reward:  -20.000 | Steps: 19 | Success: True | Epsilon: 0.223
Episode 574 | Reward:  -58.000 | Steps: 29 | Success: True | Epsilon: 0.221
Episode 575 | Reward:  -39.000 | Steps:  7 | Success: False | Epsilon: 0.220
Episode 576 | Reward:  -18.000 | Steps: 24 | Success: True | Epsilon: 0.219
Episode 577 | Reward:    8.000 | Steps:  2 | Success: True | Epsilon: 0.217
Episode 578 | Reward: -107.000 | Steps: 40 | Success: False | Epsilon: 0.216
Episode 579 | Reward:    7.000 | Steps:  2 | Success: True | Epsilon: 0.214
Episode 580 | Reward:  -32.000 | Steps:  7 | Success: False | Epsilon: 0.213
Episode 581 | Reward:   -8.000 | Steps:  1 | Success: False | Epsilon: 0.212
Episode 582 | Reward:   -8.000 | Steps:  1 | Success: False | Epsilon: 0.210
Episode 583 | Reward:  -14.000 | Steps:  1 | Success: False | Epsilon: 0.209
Episode 584 | Reward:    9.000 | Steps:  3 | Success: True | Epsilon: 0.208
Episode 585 | Reward:  -26.000 | Steps: 40 | Success: False | Epsilon: 0.206
Episode 586 | Reward:  -33.000 | Steps:  5 | Success: False | Epsilon: 0.205
Episode 587 | Reward:  -15.000 | Steps:  1 | Success: False | Epsilon: 0.204
Episode 588 | Reward: -136.000 | Steps: 40 | Success: False | Epsilon: 0.202
Episode 589 | Reward:   10.000 | Steps: 31 | Success: True | Epsilon: 0.201
Episode 590 | Reward:   10.000 | Steps:  3 | Success: True | Epsilon: 0.199
Episode 591 | Reward:  -14.000 | Steps:  1 | Success: False | Epsilon: 0.198
Episode 592 | Reward:  -35.000 | Steps:  6 | Success: False | Epsilon: 0.197
Episode 593 | Reward: -140.000 | Steps: 40 | Success: False | Epsilon: 0.195
Episode 594 | Reward:   14.000 | Steps: 11 | Success: True | Epsilon: 0.194
Episode 595 | Reward:    9.000 | Steps:  3 | Success: True | Epsilon: 0.193
Episode 596 | Reward:  -30.000 | Steps:  5 | Success: False | Epsilon: 0.191
Episode 597 | Reward: -147.000 | Steps: 40 | Success: False | Epsilon: 0.190
Episode 598 | Reward:    9.000 | Steps:  4 | Success: True | Epsilon: 0.189
Episode 599 | Reward:    8.000 | Steps:  2 | Success: True | Epsilon: 0.187
Episode 600 | Reward:    7.000 | Steps:  2 | Success: True | Epsilon: 0.186
Episode 601 | Reward:  -14.000 | Steps:  1 | Success: False | Epsilon: 0.185
Episode 602 | Reward: -134.000 | Steps: 40 | Success: False | Epsilon: 0.183
Episode 603 | Reward:  -32.000 | Steps:  5 | Success: False | Epsilon: 0.182
Episode 604 | Reward:  -56.000 | Steps: 27 | Success: True | Epsilon: 0.180
Episode 605 | Reward:   10.000 | Steps:  3 | Success: True | Epsilon: 0.179
Episode 606 | Reward:    8.000 | Steps:  2 | Success: True | Epsilon: 0.178
Episode 607 | Reward:    8.000 | Steps:  3 | Success: True | Epsilon: 0.176
Episode 608 | Reward:   -2.000 | Steps: 40 | Success: False | Epsilon: 0.175
Episode 609 | Reward:  -15.000 | Steps:  1 | Success: False | Epsilon: 0.174
Episode 610 | Reward:  -93.000 | Steps: 33 | Success: True | Epsilon: 0.172
Episode 611 | Reward:  -31.000 | Steps:  5 | Success: False | Epsilon: 0.171
Episode 612 | Reward:  -36.000 | Steps:  6 | Success: False | Epsilon: 0.170
Episode 613 | Reward:  -73.000 | Steps: 31 | Success: True | Epsilon: 0.168
Episode 614 | Reward:  -84.000 | Steps: 31 | Success: True | Epsilon: 0.167
Episode 615 | Reward:  -66.000 | Steps: 37 | Success: True | Epsilon: 0.166
Episode 616 | Reward:  -30.000 | Steps:  5 | Success: False | Epsilon: 0.164
Episode 617 | Reward: -140.000 | Steps: 40 | Success: False | Epsilon: 0.163
Episode 618 | Reward:  -23.000 | Steps:  3 | Success: False | Epsilon: 0.161
Episode 619 | Reward:  -30.000 | Steps:  5 | Success: False | Epsilon: 0.160
Episode 620 | Reward:  -32.000 | Steps:  5 | Success: False | Epsilon: 0.159
Episode 621 | Reward:  -22.000 | Steps:  3 | Success: False | Epsilon: 0.157
Episode 622 | Reward:    8.000 | Steps:  2 | Success: True | Epsilon: 0.156
Episode 623 | Reward:   10.000 | Steps:  3 | Success: True | Epsilon: 0.155
Episode 624 | Reward:    6.000 | Steps: 13 | Success: True | Epsilon: 0.153
Episode 625 | Reward:  -32.000 | Steps:  5 | Success: False | Epsilon: 0.152
Episode 626 | Reward:   -8.000 | Steps:  1 | Success: False | Epsilon: 0.151
Episode 627 | Reward:    4.000 | Steps: 14 | Success: True | Epsilon: 0.149
Episode 628 | Reward:  -66.000 | Steps: 33 | Success: True | Epsilon: 0.148
Episode 629 | Reward:    8.000 | Steps:  2 | Success: True | Epsilon: 0.146
Episode 630 | Reward:  -22.000 | Steps:  3 | Success: False | Epsilon: 0.145
Episode 631 | Reward:    8.000 | Steps:  2 | Success: True | Epsilon: 0.144
Episode 632 | Reward:  -75.000 | Steps: 19 | Success: False | Epsilon: 0.142
Episode 633 | Reward:  -32.000 | Steps:  5 | Success: False | Epsilon: 0.141
Episode 634 | Reward:    8.000 | Steps:  2 | Success: True | Epsilon: 0.140
Episode 635 | Reward:   20.000 | Steps: 12 | Success: True | Epsilon: 0.138
Episode 636 | Reward:  -34.000 | Steps:  5 | Success: False | Epsilon: 0.137
Episode 637 | Reward:  -35.000 | Steps:  6 | Success: False | Epsilon: 0.136
Episode 638 | Reward:  -22.000 | Steps:  3 | Success: False | Epsilon: 0.134
Episode 639 | Reward:   22.000 | Steps: 18 | Success: True | Epsilon: 0.133
Episode 640 | Reward:    7.000 | Steps:  2 | Success: True | Epsilon: 0.132
Episode 641 | Reward:  -20.000 | Steps: 40 | Success: False | Epsilon: 0.130
Episode 642 | Reward:  -34.000 | Steps:  5 | Success: False | Epsilon: 0.129
Episode 643 | Reward:    8.000 | Steps: 35 | Success: True | Epsilon: 0.127
Episode 644 | Reward:  -32.000 | Steps:  5 | Success: False | Epsilon: 0.126
Episode 645 | Reward:  -36.000 | Steps:  6 | Success: False | Epsilon: 0.125
Episode 646 | Reward:    8.000 | Steps:  2 | Success: True | Epsilon: 0.123
Episode 647 | Reward:  -14.000 | Steps:  1 | Success: False | Epsilon: 0.122
Episode 648 | Reward:    8.000 | Steps:  2 | Success: True | Epsilon: 0.121
Episode 649 | Reward:   17.000 | Steps: 22 | Success: True | Epsilon: 0.119
Episode 650 | Reward:  -22.000 | Steps:  3 | Success: False | Epsilon: 0.118
Episode 651 | Reward: -140.000 | Steps: 40 | Success: False | Epsilon: 0.117
Episode 652 | Reward:  -30.000 | Steps:  5 | Success: False | Epsilon: 0.115
Episode 653 | Reward:  -34.000 | Steps:  5 | Success: False | Epsilon: 0.114
Episode 654 | Reward:    8.000 | Steps:  2 | Success: True | Epsilon: 0.113
Episode 655 | Reward:  -70.000 | Steps: 37 | Success: True | Epsilon: 0.111
Episode 656 | Reward:   10.000 | Steps:  3 | Success: True | Epsilon: 0.110
Episode 657 | Reward:   -8.000 | Steps:  1 | Success: False | Epsilon: 0.108
Episode 658 | Reward:  -15.000 | Steps:  1 | Success: False | Epsilon: 0.107
Episode 659 | Reward:   16.000 | Steps: 33 | Success: True | Epsilon: 0.106
Episode 660 | Reward:  -32.000 | Steps: 21 | Success: True | Epsilon: 0.104
Episode 661 | Reward:    9.000 | Steps:  3 | Success: True | Epsilon: 0.103
Episode 662 | Reward: -141.000 | Steps: 40 | Success: False | Epsilon: 0.102
Episode 663 | Reward:  -58.000 | Steps: 15 | Success: False | Epsilon: 0.100
Episode 664 | Reward:  -30.000 | Steps:  8 | Success: False | Epsilon: 0.099
Episode 665 | Reward:    9.000 | Steps:  3 | Success: True | Epsilon: 0.098
Episode 666 | Reward:  -34.000 | Steps:  5 | Success: False | Epsilon: 0.096
Episode 667 | Reward:  -68.000 | Steps: 16 | Success: False | Epsilon: 0.095
Episode 668 | Reward:  -18.000 | Steps:  5 | Success: False | Epsilon: 0.093
Episode 669 | Reward:  -93.000 | Steps: 40 | Success: False | Epsilon: 0.092
Episode 670 | Reward:  -33.000 | Steps:  5 | Success: False | Epsilon: 0.091
Episode 671 | Reward:  -32.000 | Steps: 40 | Success: False | Epsilon: 0.089
Episode 672 | Reward:    7.000 | Steps:  2 | Success: True | Epsilon: 0.088
Episode 673 | Reward:  -69.000 | Steps: 19 | Success: False | Epsilon: 0.087
Episode 674 | Reward: -136.000 | Steps: 40 | Success: False | Epsilon: 0.085
Episode 675 | Reward:    7.000 | Steps:  2 | Success: True | Epsilon: 0.084
Episode 676 | Reward: -115.000 | Steps: 40 | Success: False | Epsilon: 0.083
Episode 677 | Reward:    9.000 | Steps:  3 | Success: True | Epsilon: 0.081
Episode 678 | Reward:    9.000 | Steps:  3 | Success: True | Epsilon: 0.080
Episode 679 | Reward:  -38.000 | Steps:  6 | Success: False | Epsilon: 0.079
Episode 680 | Reward:  -31.000 | Steps:  5 | Success: False | Epsilon: 0.077
Episode 681 | Reward:  -52.000 | Steps: 13 | Success: False | Epsilon: 0.076
Episode 682 | Reward:    7.000 | Steps:  2 | Success: True | Epsilon: 0.074
Episode 683 | Reward:  -49.000 | Steps: 12 | Success: False | Epsilon: 0.073
Episode 684 | Reward:    8.000 | Steps:  2 | Success: True | Epsilon: 0.072
Episode 685 | Reward:  -30.000 | Steps:  5 | Success: False | Epsilon: 0.070
Episode 686 | Reward:  -62.000 | Steps: 16 | Success: False | Epsilon: 0.069
Episode 687 | Reward:  -94.000 | Steps: 40 | Success: False | Epsilon: 0.068
Episode 688 | Reward:  -98.000 | Steps: 40 | Success: False | Epsilon: 0.066
Episode 689 | Reward:    8.000 | Steps:  2 | Success: True | Epsilon: 0.065
Episode 690 | Reward:  -22.000 | Steps:  3 | Success: False | Epsilon: 0.064
Episode 691 | Reward:  -68.000 | Steps: 16 | Success: False | Epsilon: 0.062
Episode 692 | Reward:   10.000 | Steps:  4 | Success: True | Epsilon: 0.061
Episode 693 | Reward:  -30.000 | Steps:  6 | Success: False | Epsilon: 0.060
Episode 694 | Reward:  -74.000 | Steps: 32 | Success: True | Epsilon: 0.058
Episode 695 | Reward:  -32.000 | Steps:  5 | Success: False | Epsilon: 0.057
Episode 696 | Reward:  -38.000 | Steps:  6 | Success: False | Epsilon: 0.055
Episode 697 | Reward:  -15.000 | Steps:  1 | Success: False | Epsilon: 0.054
Episode 698 | Reward:  -34.000 | Steps:  5 | Success: False | Epsilon: 0.053
Episode 699 | Reward:   14.000 | Steps:  2 | Success: True | Epsilon: 0.051
Episode 700 | Reward:  -34.000 | Steps:  5 | Success: False | Epsilon: 0.050

Training summary
Average reward (last 20 episodes): -34.250
Total success count: 422
Success rate: 60.29%
Best average reward (rolling 20): 11.800
